<?xml version="1.0" encoding="UTF-8"?>
<testsuite name="com.example.kakao.cart.CartRestControllerTest" tests="10" skipped="0" failures="0" errors="0" timestamp="2023-08-03T17:16:14" hostname="LAPTOP-KKPNP3F6" time="4.22">
  <properties/>
  <testcase name="장바구니 추가 존재하지 않는 optionId 테스트" classname="com.example.kakao.cart.CartRestControllerTest" time="2.067"/>
  <testcase name="유저 장바구니에 없는 cartId 장바구니 수정하기 에러 테스트" classname="com.example.kakao.cart.CartRestControllerTest" time="0.155"/>
  <testcase name="장바구니 수정하기 테스트" classname="com.example.kakao.cart.CartRestControllerTest" time="0.353"/>
  <testcase name="장바구니 추가 중복된 optionId 테스트" classname="com.example.kakao.cart.CartRestControllerTest" time="0.307"/>
  <testcase name="장바구니 아이디 중복 장바구니 수정하기 에러 테스트" classname="com.example.kakao.cart.CartRestControllerTest" time="0.21"/>
  <testcase name="장바구니 조회 테스트" classname="com.example.kakao.cart.CartRestControllerTest" time="0.386"/>
  <testcase name="장바구니 추가 인증 에러 테스트" classname="com.example.kakao.cart.CartRestControllerTest" time="0.266"/>
  <testcase name="비어있는 장바구니 수정하기 에러 테스트" classname="com.example.kakao.cart.CartRestControllerTest" time="0.159"/>
  <testcase name="장바구니 추가 테스트" classname="com.example.kakao.cart.CartRestControllerTest" time="0.188"/>
  <testcase name="장바구니 조회 인증 에러 테스트" classname="com.example.kakao.cart.CartRestControllerTest" time="0.093"/>
  <system-out><![CDATA[02:16:05.994 [Test worker] DEBUG org.springframework.test.context.BootstrapUtils - Instantiating CacheAwareContextLoaderDelegate from class [org.springframework.test.context.cache.DefaultCacheAwareContextLoaderDelegate]
02:16:06.014 [Test worker] DEBUG org.springframework.test.context.BootstrapUtils - Instantiating BootstrapContext using constructor [public org.springframework.test.context.support.DefaultBootstrapContext(java.lang.Class,org.springframework.test.context.CacheAwareContextLoaderDelegate)]
02:16:06.083 [Test worker] DEBUG org.springframework.test.context.BootstrapUtils - Instantiating TestContextBootstrapper for test class [com.example.kakao.cart.CartRestControllerTest] from class [org.springframework.boot.test.context.SpringBootTestContextBootstrapper]
02:16:06.101 [Test worker] INFO org.springframework.boot.test.context.SpringBootTestContextBootstrapper - Neither @ContextConfiguration nor @ContextHierarchy found for test class [com.example.kakao.cart.CartRestControllerTest], using SpringBootContextLoader
02:16:06.108 [Test worker] DEBUG org.springframework.test.context.support.AbstractContextLoader - Did not detect default resource location for test class [com.example.kakao.cart.CartRestControllerTest]: class path resource [com/example/kakao/cart/CartRestControllerTest-context.xml] does not exist
02:16:06.109 [Test worker] DEBUG org.springframework.test.context.support.AbstractContextLoader - Did not detect default resource location for test class [com.example.kakao.cart.CartRestControllerTest]: class path resource [com/example/kakao/cart/CartRestControllerTestContext.groovy] does not exist
02:16:06.110 [Test worker] INFO org.springframework.test.context.support.AbstractContextLoader - Could not detect default resource locations for test class [com.example.kakao.cart.CartRestControllerTest]: no resource found for suffixes {-context.xml, Context.groovy}.
02:16:06.111 [Test worker] INFO org.springframework.test.context.support.AnnotationConfigContextLoaderUtils - Could not detect default configuration classes for test class [com.example.kakao.cart.CartRestControllerTest]: CartRestControllerTest does not declare any static, non-private, non-final, nested classes annotated with @Configuration.
02:16:06.347 [Test worker] DEBUG org.springframework.context.annotation.ClassPathScanningCandidateComponentProvider - Identified candidate component class: file [C:\Users\82105\Desktop\kakao_2\step2-BE-kakao-shop\6week\kakao-shop-main\build\classes\java\main\com\example\kakao\KakaoApplication.class]
02:16:06.350 [Test worker] INFO org.springframework.boot.test.context.SpringBootTestContextBootstrapper - Found @SpringBootConfiguration com.example.kakao.KakaoApplication for test class com.example.kakao.cart.CartRestControllerTest
02:16:06.493 [Test worker] DEBUG org.springframework.boot.test.context.SpringBootTestContextBootstrapper - @TestExecutionListeners is not present for class [com.example.kakao.cart.CartRestControllerTest]: using defaults.
02:16:06.494 [Test worker] INFO org.springframework.boot.test.context.SpringBootTestContextBootstrapper - Loaded default TestExecutionListener class names from location [META-INF/spring.factories]: [org.springframework.security.test.context.support.WithSecurityContextTestExecutionListener, org.springframework.security.test.context.support.ReactorContextTestExecutionListener, org.springframework.boot.test.autoconfigure.restdocs.RestDocsTestExecutionListener, org.springframework.boot.test.autoconfigure.web.client.MockRestServiceServerResetTestExecutionListener, org.springframework.boot.test.autoconfigure.web.servlet.MockMvcPrintOnlyOnFailureTestExecutionListener, org.springframework.boot.test.autoconfigure.web.servlet.WebDriverTestExecutionListener, org.springframework.boot.test.autoconfigure.webservices.client.MockWebServiceServerTestExecutionListener, org.springframework.boot.test.mock.mockito.MockitoTestExecutionListener, org.springframework.boot.test.mock.mockito.ResetMocksTestExecutionListener, org.springframework.test.context.web.ServletTestExecutionListener, org.springframework.test.context.support.DirtiesContextBeforeModesTestExecutionListener, org.springframework.test.context.event.ApplicationEventsTestExecutionListener, org.springframework.test.context.support.DependencyInjectionTestExecutionListener, org.springframework.test.context.support.DirtiesContextTestExecutionListener, org.springframework.test.context.transaction.TransactionalTestExecutionListener, org.springframework.test.context.jdbc.SqlScriptsTestExecutionListener, org.springframework.test.context.event.EventPublishingTestExecutionListener]
02:16:06.521 [Test worker] INFO org.springframework.boot.test.context.SpringBootTestContextBootstrapper - Using TestExecutionListeners: [org.springframework.test.context.web.ServletTestExecutionListener@1532c619, org.springframework.test.context.support.DirtiesContextBeforeModesTestExecutionListener@46044faa, org.springframework.test.context.event.ApplicationEventsTestExecutionListener@1358b28e, org.springframework.boot.test.mock.mockito.MockitoTestExecutionListener@1a78dacd, org.springframework.boot.test.autoconfigure.SpringBootDependencyInjectionTestExecutionListener@19f9d595, org.springframework.test.context.support.DirtiesContextTestExecutionListener@7de4a01f, org.springframework.test.context.transaction.TransactionalTestExecutionListener@2bfeb1ef, org.springframework.test.context.jdbc.SqlScriptsTestExecutionListener@778ca8ef, org.springframework.security.test.context.support.WithSecurityContextTestExecutionListener@208e9ef6, org.springframework.test.context.event.EventPublishingTestExecutionListener@78b236a0, org.springframework.security.test.context.support.ReactorContextTestExecutionListener@261d8190, org.springframework.boot.test.autoconfigure.restdocs.RestDocsTestExecutionListener@34448e6c, org.springframework.boot.test.autoconfigure.web.client.MockRestServiceServerResetTestExecutionListener@60e9df3c, org.springframework.boot.test.autoconfigure.web.servlet.MockMvcPrintOnlyOnFailureTestExecutionListener@907f2b7, org.springframework.boot.test.autoconfigure.web.servlet.WebDriverTestExecutionListener@435ce306, org.springframework.boot.test.autoconfigure.webservices.client.MockWebServiceServerTestExecutionListener@537b32ef, org.springframework.boot.test.mock.mockito.ResetMocksTestExecutionListener@7dc51783]
02:16:06.527 [Test worker] DEBUG org.springframework.test.context.support.AbstractDirtiesContextTestExecutionListener - Before test class: context [DefaultTestContext@4925f4f5 testClass = CartRestControllerTest, testInstance = [null], testMethod = [null], testException = [null], mergedContextConfiguration = [WebMergedContextConfiguration@1ad926d3 testClass = CartRestControllerTest, locations = '{}', classes = '{class com.example.kakao.KakaoApplication}', contextInitializerClasses = '[]', activeProfiles = '{test}', propertySourceLocations = '{}', propertySourceProperties = '{org.springframework.boot.test.context.SpringBootTestContextBootstrapper=true}', contextCustomizers = set[org.springframework.boot.test.autoconfigure.actuate.metrics.MetricsExportContextCustomizerFactory$DisableMetricExportContextCustomizer@7c7d3c46, org.springframework.boot.test.autoconfigure.properties.PropertyMappingContextCustomizer@63da79bb, org.springframework.boot.test.autoconfigure.web.servlet.WebDriverContextCustomizerFactory$Customizer@741b3bc3, [ImportsContextCustomizer@3a43d133 key = [@org.springframework.context.annotation.Import(value={org.springframework.boot.autoconfigure.ImportAutoConfigurationImportSelector.class}), @org.springframework.test.context.ActiveProfiles(profiles={}, resolver=org.springframework.test.context.ActiveProfilesResolver.class, value={"test"}, inheritProfiles=true), @org.springframework.boot.test.context.SpringBootTest(args={}, webEnvironment=MOCK, value={}, properties={}, classes={}), @org.springframework.boot.test.autoconfigure.web.servlet.AutoConfigureMockMvc(webDriverEnabled=true, print=DEFAULT, webClientEnabled=true, addFilters=true, printOnlyOnFailure=true), @org.springframework.boot.autoconfigure.ImportAutoConfiguration(value={}, exclude={}, classes={}), @org.springframework.boot.test.autoconfigure.properties.PropertyMapping(value="spring.test.mockmvc", skip=NO), @org.springframework.boot.test.autoconfigure.restdocs.AutoConfigureRestDocs(uriScheme="http", outputDir="", uriPort=8080, value="", uriHost="localhost"), @org.springframework.context.annotation.Import(value={org.springframework.boot.test.autoconfigure.restdocs.RestDocumentationContextProviderRegistrar.class}), @org.springframework.test.context.BootstrapWith(value=org.springframework.boot.test.context.SpringBootTestContextBootstrapper.class), @org.springframework.boot.test.autoconfigure.properties.PropertyMapping(value="spring.test.restdocs", skip=NO), @org.springframework.test.context.jdbc.Sql(executionPhase=BEFORE_TEST_METHOD, statements={}, scripts={}, value={"classpath:db/teardown.sql"}, config=@org.springframework.test.context.jdbc.SqlConfig(blockCommentStartDelimiter="", commentPrefix="", blockCommentEndDelimiter="", transactionMode=DEFAULT, commentPrefixes={}, transactionManager="", errorMode=DEFAULT, encoding="", separator="", dataSource=""))]], org.springframework.boot.test.context.filter.ExcludeFilterContextCustomizer@18a3962d, org.springframework.boot.test.json.DuplicateJsonObjectContextCustomizerFactory$DuplicateJsonObjectContextCustomizer@4215838f, org.springframework.boot.test.mock.mockito.MockitoContextCustomizer@0, org.springframework.boot.test.web.client.TestRestTemplateContextCustomizer@60d8c0dc, org.springframework.boot.test.context.SpringBootTestArgs@1, org.springframework.boot.test.context.SpringBootTestWebEnvironment@332729ad], resourceBasePath = 'src/main/webapp', contextLoader = 'org.springframework.boot.test.context.SpringBootContextLoader', parent = [null]], attributes = map['org.springframework.test.context.web.ServletTestExecutionListener.activateListener' -> true]], class annotated with @DirtiesContext [false] with mode [null].

  .   ____          _            __ _ _
 /\\ / ___'_ __ _ _(_)_ __  __ _ \ \ \ \
( ( )\___ | '_ | '_| | '_ \/ _` | \ \ \ \
 \\/  ___)| |_)| | | | | || (_| |  ) ) ) )
  '  |____| .__|_| |_|_| |_\__, | / / / /
 =========|_|==============|___/=/_/_/_/
 :: Spring Boot ::                (v2.7.6)

2023-08-04 02:16:07.096  INFO 19532 --- [    Test worker] c.e.kakao.cart.CartRestControllerTest    : Starting CartRestControllerTest using Java 11.0.11 on LAPTOP-KKPNP3F6 with PID 19532 (started by 82105 in C:\Users\82105\Desktop\kakao_2\step2-BE-kakao-shop\6week\kakao-shop-main)
2023-08-04 02:16:07.097 DEBUG 19532 --- [    Test worker] c.e.kakao.cart.CartRestControllerTest    : Running with Spring Boot v2.7.6, Spring v5.3.24
2023-08-04 02:16:07.098  INFO 19532 --- [    Test worker] c.e.kakao.cart.CartRestControllerTest    : The following 1 profile is active: "test"
2023-08-04 02:16:08.321  INFO 19532 --- [    Test worker] .s.d.r.c.RepositoryConfigurationDelegate : Bootstrapping Spring Data JPA repositories in DEFAULT mode.
2023-08-04 02:16:08.451  INFO 19532 --- [    Test worker] .s.d.r.c.RepositoryConfigurationDelegate : Finished Spring Data repository scanning in 117 ms. Found 7 JPA repository interfaces.
2023-08-04 02:16:09.447  INFO 19532 --- [    Test worker] o.hibernate.jpa.internal.util.LogHelper  : HHH000204: Processing PersistenceUnitInfo [name: default]
2023-08-04 02:16:09.523  INFO 19532 --- [    Test worker] org.hibernate.Version                    : HHH000412: Hibernate ORM core version 5.6.14.Final
2023-08-04 02:16:09.771  INFO 19532 --- [    Test worker] o.hibernate.annotations.common.Version   : HCANN000001: Hibernate Commons Annotations {5.1.2.Final}
2023-08-04 02:16:09.814 DEBUG 19532 --- [    Test worker] org.hibernate.type.BasicTypeRegistry     : Adding type registration boolean -> org.hibernate.type.BooleanType@7bbdb220
2023-08-04 02:16:09.814 DEBUG 19532 --- [    Test worker] org.hibernate.type.BasicTypeRegistry     : Adding type registration boolean -> org.hibernate.type.BooleanType@7bbdb220
2023-08-04 02:16:09.814 DEBUG 19532 --- [    Test worker] org.hibernate.type.BasicTypeRegistry     : Adding type registration java.lang.Boolean -> org.hibernate.type.BooleanType@7bbdb220
2023-08-04 02:16:09.816 DEBUG 19532 --- [    Test worker] org.hibernate.type.BasicTypeRegistry     : Adding type registration numeric_boolean -> org.hibernate.type.NumericBooleanType@485deee1
2023-08-04 02:16:09.817 DEBUG 19532 --- [    Test worker] org.hibernate.type.BasicTypeRegistry     : Adding type registration true_false -> org.hibernate.type.TrueFalseType@7afb9c93
2023-08-04 02:16:09.818 DEBUG 19532 --- [    Test worker] org.hibernate.type.BasicTypeRegistry     : Adding type registration yes_no -> org.hibernate.type.YesNoType@a5e8260
2023-08-04 02:16:09.820 DEBUG 19532 --- [    Test worker] org.hibernate.type.BasicTypeRegistry     : Adding type registration byte -> org.hibernate.type.ByteType@5d08976a
2023-08-04 02:16:09.821 DEBUG 19532 --- [    Test worker] org.hibernate.type.BasicTypeRegistry     : Adding type registration byte -> org.hibernate.type.ByteType@5d08976a
2023-08-04 02:16:09.821 DEBUG 19532 --- [    Test worker] org.hibernate.type.BasicTypeRegistry     : Adding type registration java.lang.Byte -> org.hibernate.type.ByteType@5d08976a
2023-08-04 02:16:09.823 DEBUG 19532 --- [    Test worker] org.hibernate.type.BasicTypeRegistry     : Adding type registration character -> org.hibernate.type.CharacterType@218df7d6
2023-08-04 02:16:09.823 DEBUG 19532 --- [    Test worker] org.hibernate.type.BasicTypeRegistry     : Adding type registration char -> org.hibernate.type.CharacterType@218df7d6
2023-08-04 02:16:09.823 DEBUG 19532 --- [    Test worker] org.hibernate.type.BasicTypeRegistry     : Adding type registration java.lang.Character -> org.hibernate.type.CharacterType@218df7d6
2023-08-04 02:16:09.826 DEBUG 19532 --- [    Test worker] org.hibernate.type.BasicTypeRegistry     : Adding type registration short -> org.hibernate.type.ShortType@3193e21d
2023-08-04 02:16:09.826 DEBUG 19532 --- [    Test worker] org.hibernate.type.BasicTypeRegistry     : Adding type registration short -> org.hibernate.type.ShortType@3193e21d
2023-08-04 02:16:09.826 DEBUG 19532 --- [    Test worker] org.hibernate.type.BasicTypeRegistry     : Adding type registration java.lang.Short -> org.hibernate.type.ShortType@3193e21d
2023-08-04 02:16:09.828 DEBUG 19532 --- [    Test worker] org.hibernate.type.BasicTypeRegistry     : Adding type registration integer -> org.hibernate.type.IntegerType@3e28dc96
2023-08-04 02:16:09.829 DEBUG 19532 --- [    Test worker] org.hibernate.type.BasicTypeRegistry     : Adding type registration int -> org.hibernate.type.IntegerType@3e28dc96
2023-08-04 02:16:09.829 DEBUG 19532 --- [    Test worker] org.hibernate.type.BasicTypeRegistry     : Adding type registration java.lang.Integer -> org.hibernate.type.IntegerType@3e28dc96
2023-08-04 02:16:09.832 DEBUG 19532 --- [    Test worker] org.hibernate.type.BasicTypeRegistry     : Adding type registration long -> org.hibernate.type.LongType@49c83262
2023-08-04 02:16:09.832 DEBUG 19532 --- [    Test worker] org.hibernate.type.BasicTypeRegistry     : Adding type registration long -> org.hibernate.type.LongType@49c83262
2023-08-04 02:16:09.832 DEBUG 19532 --- [    Test worker] org.hibernate.type.BasicTypeRegistry     : Adding type registration java.lang.Long -> org.hibernate.type.LongType@49c83262
2023-08-04 02:16:09.835 DEBUG 19532 --- [    Test worker] org.hibernate.type.BasicTypeRegistry     : Adding type registration float -> org.hibernate.type.FloatType@17c53dfb
2023-08-04 02:16:09.835 DEBUG 19532 --- [    Test worker] org.hibernate.type.BasicTypeRegistry     : Adding type registration float -> org.hibernate.type.FloatType@17c53dfb
2023-08-04 02:16:09.835 DEBUG 19532 --- [    Test worker] org.hibernate.type.BasicTypeRegistry     : Adding type registration java.lang.Float -> org.hibernate.type.FloatType@17c53dfb
2023-08-04 02:16:09.837 DEBUG 19532 --- [    Test worker] org.hibernate.type.BasicTypeRegistry     : Adding type registration double -> org.hibernate.type.DoubleType@4eb63dc8
2023-08-04 02:16:09.838 DEBUG 19532 --- [    Test worker] org.hibernate.type.BasicTypeRegistry     : Adding type registration double -> org.hibernate.type.DoubleType@4eb63dc8
2023-08-04 02:16:09.838 DEBUG 19532 --- [    Test worker] org.hibernate.type.BasicTypeRegistry     : Adding type registration java.lang.Double -> org.hibernate.type.DoubleType@4eb63dc8
2023-08-04 02:16:09.840 DEBUG 19532 --- [    Test worker] org.hibernate.type.BasicTypeRegistry     : Adding type registration big_decimal -> org.hibernate.type.BigDecimalType@69f9b561
2023-08-04 02:16:09.840 DEBUG 19532 --- [    Test worker] org.hibernate.type.BasicTypeRegistry     : Adding type registration java.math.BigDecimal -> org.hibernate.type.BigDecimalType@69f9b561
2023-08-04 02:16:09.842 DEBUG 19532 --- [    Test worker] org.hibernate.type.BasicTypeRegistry     : Adding type registration big_integer -> org.hibernate.type.BigIntegerType@59fea5f5
2023-08-04 02:16:09.842 DEBUG 19532 --- [    Test worker] org.hibernate.type.BasicTypeRegistry     : Adding type registration java.math.BigInteger -> org.hibernate.type.BigIntegerType@59fea5f5
2023-08-04 02:16:09.844 DEBUG 19532 --- [    Test worker] org.hibernate.type.BasicTypeRegistry     : Adding type registration string -> org.hibernate.type.StringType@ae3c140
2023-08-04 02:16:09.844 DEBUG 19532 --- [    Test worker] org.hibernate.type.BasicTypeRegistry     : Adding type registration java.lang.String -> org.hibernate.type.StringType@ae3c140
2023-08-04 02:16:09.845 DEBUG 19532 --- [    Test worker] org.hibernate.type.BasicTypeRegistry     : Adding type registration nstring -> org.hibernate.type.StringNVarcharType@563172d3
2023-08-04 02:16:09.847 DEBUG 19532 --- [    Test worker] org.hibernate.type.BasicTypeRegistry     : Adding type registration ncharacter -> org.hibernate.type.CharacterNCharType@5d84e363
2023-08-04 02:16:09.849 DEBUG 19532 --- [    Test worker] org.hibernate.type.BasicTypeRegistry     : Adding type registration url -> org.hibernate.type.UrlType@6c6379c
2023-08-04 02:16:09.849 DEBUG 19532 --- [    Test worker] org.hibernate.type.BasicTypeRegistry     : Adding type registration java.net.URL -> org.hibernate.type.UrlType@6c6379c
2023-08-04 02:16:09.851 DEBUG 19532 --- [    Test worker] org.hibernate.type.BasicTypeRegistry     : Adding type registration Duration -> org.hibernate.type.DurationType@18989e0
2023-08-04 02:16:09.851 DEBUG 19532 --- [    Test worker] org.hibernate.type.BasicTypeRegistry     : Adding type registration java.time.Duration -> org.hibernate.type.DurationType@18989e0
2023-08-04 02:16:09.854 DEBUG 19532 --- [    Test worker] org.hibernate.type.BasicTypeRegistry     : Adding type registration Instant -> org.hibernate.type.InstantType@4fa0ee7e
2023-08-04 02:16:09.854 DEBUG 19532 --- [    Test worker] org.hibernate.type.BasicTypeRegistry     : Adding type registration java.time.Instant -> org.hibernate.type.InstantType@4fa0ee7e
2023-08-04 02:16:09.856 DEBUG 19532 --- [    Test worker] org.hibernate.type.BasicTypeRegistry     : Adding type registration LocalDateTime -> org.hibernate.type.LocalDateTimeType@1a0d313
2023-08-04 02:16:09.857 DEBUG 19532 --- [    Test worker] org.hibernate.type.BasicTypeRegistry     : Adding type registration java.time.LocalDateTime -> org.hibernate.type.LocalDateTimeType@1a0d313
2023-08-04 02:16:09.859 DEBUG 19532 --- [    Test worker] org.hibernate.type.BasicTypeRegistry     : Adding type registration LocalDate -> org.hibernate.type.LocalDateType@2f60cbf2
2023-08-04 02:16:09.860 DEBUG 19532 --- [    Test worker] org.hibernate.type.BasicTypeRegistry     : Adding type registration java.time.LocalDate -> org.hibernate.type.LocalDateType@2f60cbf2
2023-08-04 02:16:09.861 DEBUG 19532 --- [    Test worker] org.hibernate.type.BasicTypeRegistry     : Adding type registration LocalTime -> org.hibernate.type.LocalTimeType@7686f701
2023-08-04 02:16:09.861 DEBUG 19532 --- [    Test worker] org.hibernate.type.BasicTypeRegistry     : Adding type registration java.time.LocalTime -> org.hibernate.type.LocalTimeType@7686f701
2023-08-04 02:16:09.864 DEBUG 19532 --- [    Test worker] org.hibernate.type.BasicTypeRegistry     : Adding type registration OffsetDateTime -> org.hibernate.type.OffsetDateTimeType@5ad6f98e
2023-08-04 02:16:09.864 DEBUG 19532 --- [    Test worker] org.hibernate.type.BasicTypeRegistry     : Adding type registration java.time.OffsetDateTime -> org.hibernate.type.OffsetDateTimeType@5ad6f98e
2023-08-04 02:16:09.867 DEBUG 19532 --- [    Test worker] org.hibernate.type.BasicTypeRegistry     : Adding type registration OffsetTime -> org.hibernate.type.OffsetTimeType@72324965
2023-08-04 02:16:09.867 DEBUG 19532 --- [    Test worker] org.hibernate.type.BasicTypeRegistry     : Adding type registration java.time.OffsetTime -> org.hibernate.type.OffsetTimeType@72324965
2023-08-04 02:16:09.869 DEBUG 19532 --- [    Test worker] org.hibernate.type.BasicTypeRegistry     : Adding type registration ZonedDateTime -> org.hibernate.type.ZonedDateTimeType@46c662f2
2023-08-04 02:16:09.870 DEBUG 19532 --- [    Test worker] org.hibernate.type.BasicTypeRegistry     : Adding type registration java.time.ZonedDateTime -> org.hibernate.type.ZonedDateTimeType@46c662f2
2023-08-04 02:16:09.873 DEBUG 19532 --- [    Test worker] org.hibernate.type.BasicTypeRegistry     : Adding type registration date -> org.hibernate.type.DateType@40cf6254
2023-08-04 02:16:09.873 DEBUG 19532 --- [    Test worker] org.hibernate.type.BasicTypeRegistry     : Adding type registration java.sql.Date -> org.hibernate.type.DateType@40cf6254
2023-08-04 02:16:09.875 DEBUG 19532 --- [    Test worker] org.hibernate.type.BasicTypeRegistry     : Adding type registration time -> org.hibernate.type.TimeType@f4f843f
2023-08-04 02:16:09.875 DEBUG 19532 --- [    Test worker] org.hibernate.type.BasicTypeRegistry     : Adding type registration java.sql.Time -> org.hibernate.type.TimeType@f4f843f
2023-08-04 02:16:09.877 DEBUG 19532 --- [    Test worker] org.hibernate.type.BasicTypeRegistry     : Adding type registration timestamp -> org.hibernate.type.TimestampType@5350ab17
2023-08-04 02:16:09.878 DEBUG 19532 --- [    Test worker] org.hibernate.type.BasicTypeRegistry     : Adding type registration java.sql.Timestamp -> org.hibernate.type.TimestampType@5350ab17
2023-08-04 02:16:09.878 DEBUG 19532 --- [    Test worker] org.hibernate.type.BasicTypeRegistry     : Adding type registration java.util.Date -> org.hibernate.type.TimestampType@5350ab17
2023-08-04 02:16:09.881 DEBUG 19532 --- [    Test worker] org.hibernate.type.BasicTypeRegistry     : Adding type registration dbtimestamp -> org.hibernate.type.DbTimestampType@2109a691
2023-08-04 02:16:09.883 DEBUG 19532 --- [    Test worker] org.hibernate.type.BasicTypeRegistry     : Adding type registration calendar -> org.hibernate.type.CalendarType@8851ec
2023-08-04 02:16:09.883 DEBUG 19532 --- [    Test worker] org.hibernate.type.BasicTypeRegistry     : Adding type registration java.util.Calendar -> org.hibernate.type.CalendarType@8851ec
2023-08-04 02:16:09.883 DEBUG 19532 --- [    Test worker] org.hibernate.type.BasicTypeRegistry     : Adding type registration java.util.GregorianCalendar -> org.hibernate.type.CalendarType@8851ec
2023-08-04 02:16:09.884 DEBUG 19532 --- [    Test worker] org.hibernate.type.BasicTypeRegistry     : Adding type registration calendar_date -> org.hibernate.type.CalendarDateType@1d637673
2023-08-04 02:16:09.886 DEBUG 19532 --- [    Test worker] org.hibernate.type.BasicTypeRegistry     : Adding type registration calendar_time -> org.hibernate.type.CalendarTimeType@59313495
2023-08-04 02:16:09.888 DEBUG 19532 --- [    Test worker] org.hibernate.type.BasicTypeRegistry     : Adding type registration locale -> org.hibernate.type.LocaleType@6ace919c
2023-08-04 02:16:09.888 DEBUG 19532 --- [    Test worker] org.hibernate.type.BasicTypeRegistry     : Adding type registration java.util.Locale -> org.hibernate.type.LocaleType@6ace919c
2023-08-04 02:16:09.890 DEBUG 19532 --- [    Test worker] org.hibernate.type.BasicTypeRegistry     : Adding type registration currency -> org.hibernate.type.CurrencyType@6e517c9e
2023-08-04 02:16:09.890 DEBUG 19532 --- [    Test worker] org.hibernate.type.BasicTypeRegistry     : Adding type registration java.util.Currency -> org.hibernate.type.CurrencyType@6e517c9e
2023-08-04 02:16:09.892 DEBUG 19532 --- [    Test worker] org.hibernate.type.BasicTypeRegistry     : Adding type registration timezone -> org.hibernate.type.TimeZoneType@74cd798f
2023-08-04 02:16:09.892 DEBUG 19532 --- [    Test worker] org.hibernate.type.BasicTypeRegistry     : Adding type registration java.util.TimeZone -> org.hibernate.type.TimeZoneType@74cd798f
2023-08-04 02:16:09.894 DEBUG 19532 --- [    Test worker] org.hibernate.type.BasicTypeRegistry     : Adding type registration class -> org.hibernate.type.ClassType@502c087e
2023-08-04 02:16:09.894 DEBUG 19532 --- [    Test worker] org.hibernate.type.BasicTypeRegistry     : Adding type registration java.lang.Class -> org.hibernate.type.ClassType@502c087e
2023-08-04 02:16:09.896 DEBUG 19532 --- [    Test worker] org.hibernate.type.BasicTypeRegistry     : Adding type registration uuid-binary -> org.hibernate.type.UUIDBinaryType@7f5e6833
2023-08-04 02:16:09.897 DEBUG 19532 --- [    Test worker] org.hibernate.type.BasicTypeRegistry     : Adding type registration java.util.UUID -> org.hibernate.type.UUIDBinaryType@7f5e6833
2023-08-04 02:16:09.898 DEBUG 19532 --- [    Test worker] org.hibernate.type.BasicTypeRegistry     : Adding type registration uuid-char -> org.hibernate.type.UUIDCharType@382d549a
2023-08-04 02:16:09.901 DEBUG 19532 --- [    Test worker] org.hibernate.type.BasicTypeRegistry     : Adding type registration binary -> org.hibernate.type.BinaryType@1edf71d9
2023-08-04 02:16:09.901 DEBUG 19532 --- [    Test worker] org.hibernate.type.BasicTypeRegistry     : Adding type registration byte[] -> org.hibernate.type.BinaryType@1edf71d9
2023-08-04 02:16:09.901 DEBUG 19532 --- [    Test worker] org.hibernate.type.BasicTypeRegistry     : Adding type registration [B -> org.hibernate.type.BinaryType@1edf71d9
2023-08-04 02:16:09.903 DEBUG 19532 --- [    Test worker] org.hibernate.type.BasicTypeRegistry     : Adding type registration wrapper-binary -> org.hibernate.type.WrapperBinaryType@35e07e19
2023-08-04 02:16:09.903 DEBUG 19532 --- [    Test worker] org.hibernate.type.BasicTypeRegistry     : Adding type registration Byte[] -> org.hibernate.type.WrapperBinaryType@35e07e19
2023-08-04 02:16:09.903 DEBUG 19532 --- [    Test worker] org.hibernate.type.BasicTypeRegistry     : Adding type registration [Ljava.lang.Byte; -> org.hibernate.type.WrapperBinaryType@35e07e19
2023-08-04 02:16:09.905 DEBUG 19532 --- [    Test worker] org.hibernate.type.BasicTypeRegistry     : Adding type registration row_version -> org.hibernate.type.RowVersionType@48fc0211
2023-08-04 02:16:09.906 DEBUG 19532 --- [    Test worker] org.hibernate.type.BasicTypeRegistry     : Adding type registration image -> org.hibernate.type.ImageType@3b0ed98a
2023-08-04 02:16:09.908 DEBUG 19532 --- [    Test worker] org.hibernate.type.BasicTypeRegistry     : Adding type registration characters -> org.hibernate.type.CharArrayType@6e948f1c
2023-08-04 02:16:09.908 DEBUG 19532 --- [    Test worker] org.hibernate.type.BasicTypeRegistry     : Adding type registration char[] -> org.hibernate.type.CharArrayType@6e948f1c
2023-08-04 02:16:09.908 DEBUG 19532 --- [    Test worker] org.hibernate.type.BasicTypeRegistry     : Adding type registration [C -> org.hibernate.type.CharArrayType@6e948f1c
2023-08-04 02:16:09.910 DEBUG 19532 --- [    Test worker] org.hibernate.type.BasicTypeRegistry     : Adding type registration wrapper-characters -> org.hibernate.type.CharacterArrayType@995ad50
2023-08-04 02:16:09.910 DEBUG 19532 --- [    Test worker] org.hibernate.type.BasicTypeRegistry     : Adding type registration [Ljava.lang.Character; -> org.hibernate.type.CharacterArrayType@995ad50
2023-08-04 02:16:09.910 DEBUG 19532 --- [    Test worker] org.hibernate.type.BasicTypeRegistry     : Adding type registration Character[] -> org.hibernate.type.CharacterArrayType@995ad50
2023-08-04 02:16:09.911 DEBUG 19532 --- [    Test worker] org.hibernate.type.BasicTypeRegistry     : Adding type registration text -> org.hibernate.type.TextType@39851c5
2023-08-04 02:16:09.913 DEBUG 19532 --- [    Test worker] org.hibernate.type.BasicTypeRegistry     : Adding type registration ntext -> org.hibernate.type.NTextType@7c0de229
2023-08-04 02:16:09.916 DEBUG 19532 --- [    Test worker] org.hibernate.type.BasicTypeRegistry     : Adding type registration blob -> org.hibernate.type.BlobType@416a4275
2023-08-04 02:16:09.917 DEBUG 19532 --- [    Test worker] org.hibernate.type.BasicTypeRegistry     : Adding type registration java.sql.Blob -> org.hibernate.type.BlobType@416a4275
2023-08-04 02:16:09.918 DEBUG 19532 --- [    Test worker] org.hibernate.type.BasicTypeRegistry     : Adding type registration materialized_blob -> org.hibernate.type.MaterializedBlobType@7c421952
2023-08-04 02:16:09.921 DEBUG 19532 --- [    Test worker] org.hibernate.type.BasicTypeRegistry     : Adding type registration clob -> org.hibernate.type.ClobType@3a2bb026
2023-08-04 02:16:09.922 DEBUG 19532 --- [    Test worker] org.hibernate.type.BasicTypeRegistry     : Adding type registration java.sql.Clob -> org.hibernate.type.ClobType@3a2bb026
2023-08-04 02:16:09.924 DEBUG 19532 --- [    Test worker] org.hibernate.type.BasicTypeRegistry     : Adding type registration nclob -> org.hibernate.type.NClobType@315b5913
2023-08-04 02:16:09.924 DEBUG 19532 --- [    Test worker] org.hibernate.type.BasicTypeRegistry     : Adding type registration java.sql.NClob -> org.hibernate.type.NClobType@315b5913
2023-08-04 02:16:09.925 DEBUG 19532 --- [    Test worker] org.hibernate.type.BasicTypeRegistry     : Adding type registration materialized_clob -> org.hibernate.type.MaterializedClobType@2987d0fa
2023-08-04 02:16:09.925 DEBUG 19532 --- [    Test worker] org.hibernate.type.BasicTypeRegistry     : Adding type registration materialized_nclob -> org.hibernate.type.MaterializedNClobType@2e204155
2023-08-04 02:16:09.928 DEBUG 19532 --- [    Test worker] org.hibernate.type.BasicTypeRegistry     : Adding type registration serializable -> org.hibernate.type.SerializableType@3562e7c7
2023-08-04 02:16:09.933 DEBUG 19532 --- [    Test worker] org.hibernate.type.BasicTypeRegistry     : Adding type registration object -> org.hibernate.type.ObjectType@3eb9c575
2023-08-04 02:16:09.933 DEBUG 19532 --- [    Test worker] org.hibernate.type.BasicTypeRegistry     : Adding type registration java.lang.Object -> org.hibernate.type.ObjectType@3eb9c575
2023-08-04 02:16:09.933 DEBUG 19532 --- [    Test worker] org.hibernate.type.BasicTypeRegistry     : Adding type registration imm_date -> org.hibernate.type.AdaptedImmutableType@1c92a549
2023-08-04 02:16:09.934 DEBUG 19532 --- [    Test worker] org.hibernate.type.BasicTypeRegistry     : Adding type registration imm_time -> org.hibernate.type.AdaptedImmutableType@323e026d
2023-08-04 02:16:09.934 DEBUG 19532 --- [    Test worker] org.hibernate.type.BasicTypeRegistry     : Adding type registration imm_timestamp -> org.hibernate.type.AdaptedImmutableType@1716c037
2023-08-04 02:16:09.934 DEBUG 19532 --- [    Test worker] org.hibernate.type.BasicTypeRegistry     : Adding type registration imm_dbtimestamp -> org.hibernate.type.AdaptedImmutableType@79b63325
2023-08-04 02:16:09.934 DEBUG 19532 --- [    Test worker] org.hibernate.type.BasicTypeRegistry     : Adding type registration imm_calendar -> org.hibernate.type.AdaptedImmutableType@708769b7
2023-08-04 02:16:09.934 DEBUG 19532 --- [    Test worker] org.hibernate.type.BasicTypeRegistry     : Adding type registration imm_calendar_date -> org.hibernate.type.AdaptedImmutableType@32e830a0
2023-08-04 02:16:09.934 DEBUG 19532 --- [    Test worker] org.hibernate.type.BasicTypeRegistry     : Adding type registration imm_binary -> org.hibernate.type.AdaptedImmutableType@135e49b2
2023-08-04 02:16:09.934 DEBUG 19532 --- [    Test worker] org.hibernate.type.BasicTypeRegistry     : Adding type registration imm_serializable -> org.hibernate.type.AdaptedImmutableType@5bb97fe7
2023-08-04 02:16:10.004  INFO 19532 --- [    Test worker] com.zaxxer.hikari.HikariDataSource       : HikariPool-1 - Starting...
2023-08-04 02:16:10.285  INFO 19532 --- [    Test worker] com.zaxxer.hikari.HikariDataSource       : HikariPool-1 - Start completed.
2023-08-04 02:16:10.328  INFO 19532 --- [    Test worker] org.hibernate.dialect.Dialect            : HHH000400: Using dialect: org.hibernate.dialect.H2Dialect
2023-08-04 02:16:10.371 DEBUG 19532 --- [    Test worker] o.h.type.spi.TypeConfiguration$Scope     : Scoping TypeConfiguration [org.hibernate.type.spi.TypeConfiguration@7c47e077] to MetadataBuildingContext [org.hibernate.boot.internal.MetadataBuildingContextRootImpl@41bd6a0f]
2023-08-04 02:16:10.772 DEBUG 19532 --- [    Test worker] o.h.type.spi.TypeConfiguration$Scope     : Scoping TypeConfiguration [org.hibernate.type.spi.TypeConfiguration@7c47e077] to SessionFactoryImpl [org.hibernate.internal.SessionFactoryImpl@60861e5d]
Hibernate: 
    
    drop table if exists cart_tb CASCADE 
Hibernate: 
    
    drop table if exists error_log_tb CASCADE 
Hibernate: 
    
    drop table if exists item_tb CASCADE 
Hibernate: 
    
    drop table if exists option_tb CASCADE 
Hibernate: 
    
    drop table if exists order_tb CASCADE 
Hibernate: 
    
    drop table if exists product_tb CASCADE 
Hibernate: 
    
    drop table if exists user_tb CASCADE 
Hibernate: 
    
    create table cart_tb (
       id integer generated by default as identity,
        price integer not null,
        quantity integer not null,
        option_id integer,
        user_id integer,
        primary key (id)
    )
Hibernate: 
    
    create table error_log_tb (
       id integer generated by default as identity,
        created_at timestamp,
        message varchar(1000) not null,
        user_agent varchar(255) not null,
        user_id integer,
        user_ip varchar(255) not null,
        primary key (id)
    )
Hibernate: 
    
    create table item_tb (
       id integer generated by default as identity,
        price integer not null,
        quantity integer not null,
        option_id integer,
        order_id integer,
        primary key (id)
    )
Hibernate: 
    
    create table option_tb (
       id integer generated by default as identity,
        option_name varchar(100) not null,
        price integer not null,
        product_id integer,
        primary key (id)
    )
Hibernate: 
    
    create table order_tb (
       id integer generated by default as identity,
        user_id integer,
        primary key (id)
    )
Hibernate: 
    
    create table product_tb (
       id integer generated by default as identity,
        description varchar(1000) not null,
        image varchar(500),
        price integer not null,
        product_name varchar(100) not null,
        primary key (id)
    )
Hibernate: 
    
    create table user_tb (
       id integer generated by default as identity,
        email varchar(100) not null,
        password varchar(256) not null,
        roles varchar(30),
        username varchar(45) not null,
        primary key (id)
    )
Hibernate: create index cart_user_id_idx on cart_tb (user_id)
Hibernate: create index cart_option_id_idx on cart_tb (option_id)
Hibernate: 
    
    alter table cart_tb 
       add constraint uk_cart_option_user unique (user_id, option_id)
Hibernate: create index item_option_id_idx on item_tb (option_id)
Hibernate: create index item_order_id_idx on item_tb (order_id)
Hibernate: create index option_product_id_idx on option_tb (product_id)
Hibernate: create index order_user_id_idx on order_tb (user_id)
Hibernate: 
    
    alter table user_tb 
       add constraint UK_2dlfg6wvnxboknkp9d1h75icb unique (email)
Hibernate: 
    
    alter table cart_tb 
       add constraint FKjv34r03v7eauvpfhwsci0deyp 
       foreign key (option_id) 
       references option_tb
Hibernate: 
    
    alter table cart_tb 
       add constraint FKi00yw2m90df70t3igqyjbbf91 
       foreign key (user_id) 
       references user_tb
Hibernate: 
    
    alter table item_tb 
       add constraint FKbgcgxbitac3tct8kqsvyqm85f 
       foreign key (option_id) 
       references option_tb
Hibernate: 
    
    alter table item_tb 
       add constraint FKofe121qxhn816wo07qr9jr0hb 
       foreign key (order_id) 
       references order_tb
Hibernate: 
    
    alter table option_tb 
       add constraint FK6j02px4ow9xxw0o3rc59buyew 
       foreign key (product_id) 
       references product_tb
Hibernate: 
    
    alter table order_tb 
       add constraint FK9wkv8x8yfgaaquhn4vquq4aps 
       foreign key (user_id) 
       references user_tb
2023-08-04 02:16:11.328  INFO 19532 --- [    Test worker] o.h.e.t.j.p.i.JtaPlatformInitiator       : HHH000490: Using JtaPlatform implementation: [org.hibernate.engine.transaction.jta.platform.internal.NoJtaPlatform]
2023-08-04 02:16:11.342 TRACE 19532 --- [    Test worker] o.h.type.spi.TypeConfiguration$Scope     : Handling #sessionFactoryCreated from [org.hibernate.internal.SessionFactoryImpl@60861e5d] for TypeConfiguration
2023-08-04 02:16:11.346  INFO 19532 --- [    Test worker] j.LocalContainerEntityManagerFactoryBean : Initialized JPA EntityManagerFactory for persistence unit 'default'
2023-08-04 02:16:12.943  INFO 19532 --- [    Test worker] o.s.s.web.DefaultSecurityFilterChain     : Will secure any request with [org.springframework.security.web.session.DisableEncodeUrlFilter@25134e01, org.springframework.security.web.context.request.async.WebAsyncManagerIntegrationFilter@12d28106, org.springframework.security.web.context.SecurityContextPersistenceFilter@24bc06dd, org.springframework.security.web.header.HeaderWriterFilter@60e5db1d, org.springframework.web.filter.CorsFilter@6a3c1b56, org.springframework.security.web.authentication.logout.LogoutFilter@4a778943, com.example.kakao._core.security.JwtAuthenticationFilter@3b8ce72, org.springframework.security.web.savedrequest.RequestCacheAwareFilter@26b150cd, org.springframework.security.web.servletapi.SecurityContextHolderAwareRequestFilter@62ff3028, org.springframework.security.web.authentication.AnonymousAuthenticationFilter@3ce4eb42, org.springframework.security.web.session.SessionManagementFilter@4ef0bc5b, org.springframework.security.web.access.ExceptionTranslationFilter@1c149539, org.springframework.security.web.access.intercept.FilterSecurityInterceptor@d8cece4]
2023-08-04 02:16:13.543  INFO 19532 --- [    Test worker] o.s.b.a.h2.H2ConsoleAutoConfiguration    : H2 console available at '/h2-console'. Database available at 'jdbc:h2:mem:test'
2023-08-04 02:16:14.654  INFO 19532 --- [    Test worker] o.s.b.t.m.w.SpringBootMockServletContext : Initializing Spring TestDispatcherServlet ''
2023-08-04 02:16:14.654  INFO 19532 --- [    Test worker] o.s.t.web.servlet.TestDispatcherServlet  : Initializing Servlet ''
2023-08-04 02:16:14.656  INFO 19532 --- [    Test worker] o.s.t.web.servlet.TestDispatcherServlet  : Completed initialization in 2 ms
2023-08-04 02:16:14.702  INFO 19532 --- [    Test worker] c.e.kakao.cart.CartRestControllerTest    : Started CartRestControllerTest in 8.117 seconds (JVM running for 12.634)
Hibernate: 
    select
        user0_.id as id1_6_,
        user0_.email as email2_6_,
        user0_.password as password3_6_,
        user0_.roles as roles4_6_,
        user0_.username as username5_6_ 
    from
        user_tb user0_ 
    where
        user0_.email=?
2023-08-04 02:16:15.325 TRACE 19532 --- [    Test worker] o.h.type.descriptor.sql.BasicBinder      : binding parameter [1] as [VARCHAR] - [ssarmango@nate.com]
2023-08-04 02:16:15.368 TRACE 19532 --- [    Test worker] o.h.type.descriptor.sql.BasicExtractor   : extracted value ([id1_6_] : [INTEGER]) - [1]
2023-08-04 02:16:15.391 TRACE 19532 --- [    Test worker] o.h.type.descriptor.sql.BasicExtractor   : extracted value ([email2_6_] : [VARCHAR]) - [ssarmango@nate.com]
2023-08-04 02:16:15.392 TRACE 19532 --- [    Test worker] o.h.type.descriptor.sql.BasicExtractor   : extracted value ([password3_6_] : [VARCHAR]) - [{bcrypt}$2a$10$8H0OT8wgtALJkig6fmypi.Y7jzI5Y7W9PGgRKqnVeS2cLWGifwHF2]
2023-08-04 02:16:15.392 TRACE 19532 --- [    Test worker] o.h.type.descriptor.sql.BasicExtractor   : extracted value ([roles4_6_] : [VARCHAR]) - [ROLE_USER]
2023-08-04 02:16:15.392 TRACE 19532 --- [    Test worker] o.h.type.descriptor.sql.BasicExtractor   : extracted value ([username5_6_] : [VARCHAR]) - [ssarmango]
2023-08-04 02:16:15.834  INFO 19532 --- [    Test worker] o.s.b.t.m.w.SpringBootMockServletContext : Initializing Spring TestDispatcherServlet ''
2023-08-04 02:16:15.835  INFO 19532 --- [    Test worker] o.s.t.web.servlet.TestDispatcherServlet  : Initializing Servlet ''
2023-08-04 02:16:15.837  INFO 19532 --- [    Test worker] o.s.t.web.servlet.TestDispatcherServlet  : Completed initialization in 2 ms
Hibernate: 
    select
        option0_.id as id1_3_0_,
        option0_.option_name as option_n2_3_0_,
        option0_.price as price3_3_0_,
        option0_.product_id as product_4_3_0_,
        product1_.id as id1_5_1_,
        product1_.description as descript2_5_1_,
        product1_.image as image3_5_1_,
        product1_.price as price4_5_1_,
        product1_.product_name as product_5_5_1_ 
    from
        option_tb option0_ 
    left outer join
        product_tb product1_ 
            on option0_.product_id=product1_.id 
    where
        option0_.id=?
2023-08-04 02:16:16.345 TRACE 19532 --- [    Test worker] o.h.type.descriptor.sql.BasicBinder      : binding parameter [1] as [INTEGER] - [1]
2023-08-04 02:16:16.359 TRACE 19532 --- [    Test worker] o.h.type.descriptor.sql.BasicExtractor   : extracted value ([id1_5_1_] : [INTEGER]) - [1]
2023-08-04 02:16:16.359 TRACE 19532 --- [    Test worker] o.h.type.descriptor.sql.BasicExtractor   : extracted value ([option_n2_3_0_] : [VARCHAR]) - [01. 슬라이딩 지퍼백 크리스마스에디션 4종]
2023-08-04 02:16:16.359 TRACE 19532 --- [    Test worker] o.h.type.descriptor.sql.BasicExtractor   : extracted value ([price3_3_0_] : [INTEGER]) - [10000]
2023-08-04 02:16:16.359 TRACE 19532 --- [    Test worker] o.h.type.descriptor.sql.BasicExtractor   : extracted value ([product_4_3_0_] : [INTEGER]) - [1]
2023-08-04 02:16:16.360 TRACE 19532 --- [    Test worker] o.h.type.descriptor.sql.BasicExtractor   : extracted value ([descript2_5_1_] : [VARCHAR]) - []
2023-08-04 02:16:16.362 TRACE 19532 --- [    Test worker] o.h.type.descriptor.sql.BasicExtractor   : extracted value ([image3_5_1_] : [VARCHAR]) - [/images/1.jpg]
2023-08-04 02:16:16.362 TRACE 19532 --- [    Test worker] o.h.type.descriptor.sql.BasicExtractor   : extracted value ([price4_5_1_] : [INTEGER]) - [1000]
2023-08-04 02:16:16.362 TRACE 19532 --- [    Test worker] o.h.type.descriptor.sql.BasicExtractor   : extracted value ([product_5_5_1_] : [VARCHAR]) - [기본에 슬라이딩 지퍼백 크리스마스/플라워에디션 에디션 외 주방용품 특가전]
Hibernate: 
    select
        cart0_.id as id1_0_,
        cart0_.option_id as option_i4_0_,
        cart0_.price as price2_0_,
        cart0_.quantity as quantity3_0_,
        cart0_.user_id as user_id5_0_ 
    from
        cart_tb cart0_ 
    where
        cart0_.option_id=? 
        and cart0_.user_id=?
2023-08-04 02:16:16.402 TRACE 19532 --- [    Test worker] o.h.type.descriptor.sql.BasicBinder      : binding parameter [1] as [INTEGER] - [1]
2023-08-04 02:16:16.403 TRACE 19532 --- [    Test worker] o.h.type.descriptor.sql.BasicBinder      : binding parameter [2] as [INTEGER] - [1]
2023-08-04 02:16:16.404 TRACE 19532 --- [    Test worker] o.h.type.descriptor.sql.BasicExtractor   : extracted value ([id1_0_] : [INTEGER]) - [1]
2023-08-04 02:16:16.405 TRACE 19532 --- [    Test worker] o.h.type.descriptor.sql.BasicExtractor   : extracted value ([option_i4_0_] : [INTEGER]) - [1]
2023-08-04 02:16:16.405 TRACE 19532 --- [    Test worker] o.h.type.descriptor.sql.BasicExtractor   : extracted value ([price2_0_] : [INTEGER]) - [50000]
2023-08-04 02:16:16.405 TRACE 19532 --- [    Test worker] o.h.type.descriptor.sql.BasicExtractor   : extracted value ([quantity3_0_] : [INTEGER]) - [5]
2023-08-04 02:16:16.405 TRACE 19532 --- [    Test worker] o.h.type.descriptor.sql.BasicExtractor   : extracted value ([user_id5_0_] : [INTEGER]) - [1]
Hibernate: 
    select
        option0_.id as id1_3_0_,
        option0_.option_name as option_n2_3_0_,
        option0_.price as price3_3_0_,
        option0_.product_id as product_4_3_0_,
        product1_.id as id1_5_1_,
        product1_.description as descript2_5_1_,
        product1_.image as image3_5_1_,
        product1_.price as price4_5_1_,
        product1_.product_name as product_5_5_1_ 
    from
        option_tb option0_ 
    left outer join
        product_tb product1_ 
            on option0_.product_id=product1_.id 
    where
        option0_.id=?
2023-08-04 02:16:16.439 TRACE 19532 --- [    Test worker] o.h.type.descriptor.sql.BasicBinder      : binding parameter [1] as [INTEGER] - [999]

MockHttpServletRequest:
      HTTP Method = POST
      Request URI = /carts/add
       Parameters = {}
          Headers = [Content-Type:"application/json;charset=UTF-8", Content-Length:"59"]
             Body = [{"optionId":1,"quantity":5},{"optionId":999,"quantity":3}]
    Session Attrs = {}

Handler:
             Type = com.example.kakao.cart.CartRestController
           Method = com.example.kakao.cart.CartRestController#addCartList(List, Errors, CustomUserDetails)

Async:
    Async started = false
     Async result = null

Resolved Exception:
             Type = com.example.kakao._core.errors.exception.Exception404

ModelAndView:
        View name = null
             View = null
            Model = null

FlashMap:
       Attributes = null

MockHttpServletResponse:
           Status = 404
    Error message = null
          Headers = [Vary:"Origin", "Access-Control-Request-Method", "Access-Control-Request-Headers", Content-Type:"application/json;charset=UTF-8", X-Content-Type-Options:"nosniff", X-XSS-Protection:"1; mode=block", Cache-Control:"no-cache, no-store, max-age=0, must-revalidate", Pragma:"no-cache", Expires:"0", X-Frame-Options:"SAMEORIGIN"]
     Content type = application/json;charset=UTF-8
             Body = {"success":false,"response":null,"error":{"message":"해당 옵션을 찾을 수 없습니다 : 999","status":404}}
    Forwarded URL = null
   Redirected URL = null
          Cookies = []
Hibernate: 
    select
        user0_.id as id1_6_,
        user0_.email as email2_6_,
        user0_.password as password3_6_,
        user0_.roles as roles4_6_,
        user0_.username as username5_6_ 
    from
        user_tb user0_ 
    where
        user0_.email=?
2023-08-04 02:16:16.865 TRACE 19532 --- [    Test worker] o.h.type.descriptor.sql.BasicBinder      : binding parameter [1] as [VARCHAR] - [ssarmango@nate.com]
2023-08-04 02:16:16.866 TRACE 19532 --- [    Test worker] o.h.type.descriptor.sql.BasicExtractor   : extracted value ([id1_6_] : [INTEGER]) - [1]
2023-08-04 02:16:16.867 TRACE 19532 --- [    Test worker] o.h.type.descriptor.sql.BasicExtractor   : extracted value ([email2_6_] : [VARCHAR]) - [ssarmango@nate.com]
2023-08-04 02:16:16.867 TRACE 19532 --- [    Test worker] o.h.type.descriptor.sql.BasicExtractor   : extracted value ([password3_6_] : [VARCHAR]) - [{bcrypt}$2a$10$8H0OT8wgtALJkig6fmypi.Y7jzI5Y7W9PGgRKqnVeS2cLWGifwHF2]
2023-08-04 02:16:16.867 TRACE 19532 --- [    Test worker] o.h.type.descriptor.sql.BasicExtractor   : extracted value ([roles4_6_] : [VARCHAR]) - [ROLE_USER]
2023-08-04 02:16:16.867 TRACE 19532 --- [    Test worker] o.h.type.descriptor.sql.BasicExtractor   : extracted value ([username5_6_] : [VARCHAR]) - [ssarmango]
2023-08-04 02:16:16.871  INFO 19532 --- [    Test worker] o.s.b.t.m.w.SpringBootMockServletContext : Initializing Spring TestDispatcherServlet ''
2023-08-04 02:16:16.871  INFO 19532 --- [    Test worker] o.s.t.web.servlet.TestDispatcherServlet  : Initializing Servlet ''
2023-08-04 02:16:16.872  INFO 19532 --- [    Test worker] o.s.t.web.servlet.TestDispatcherServlet  : Completed initialization in 1 ms
Hibernate: 
    select
        cart0_.id as id1_0_,
        cart0_.option_id as option_i4_0_,
        cart0_.price as price2_0_,
        cart0_.quantity as quantity3_0_,
        cart0_.user_id as user_id5_0_ 
    from
        cart_tb cart0_ 
    where
        cart0_.user_id=?
2023-08-04 02:16:16.885 TRACE 19532 --- [    Test worker] o.h.type.descriptor.sql.BasicBinder      : binding parameter [1] as [INTEGER] - [1]
2023-08-04 02:16:16.886 TRACE 19532 --- [    Test worker] o.h.type.descriptor.sql.BasicExtractor   : extracted value ([id1_0_] : [INTEGER]) - [1]
2023-08-04 02:16:16.887 TRACE 19532 --- [    Test worker] o.h.type.descriptor.sql.BasicExtractor   : extracted value ([option_i4_0_] : [INTEGER]) - [1]
2023-08-04 02:16:16.887 TRACE 19532 --- [    Test worker] o.h.type.descriptor.sql.BasicExtractor   : extracted value ([price2_0_] : [INTEGER]) - [50000]
2023-08-04 02:16:16.887 TRACE 19532 --- [    Test worker] o.h.type.descriptor.sql.BasicExtractor   : extracted value ([quantity3_0_] : [INTEGER]) - [5]
2023-08-04 02:16:16.887 TRACE 19532 --- [    Test worker] o.h.type.descriptor.sql.BasicExtractor   : extracted value ([user_id5_0_] : [INTEGER]) - [1]
2023-08-04 02:16:16.887 TRACE 19532 --- [    Test worker] o.h.type.descriptor.sql.BasicExtractor   : extracted value ([id1_0_] : [INTEGER]) - [2]
2023-08-04 02:16:16.888 TRACE 19532 --- [    Test worker] o.h.type.descriptor.sql.BasicExtractor   : extracted value ([option_i4_0_] : [INTEGER]) - [2]
2023-08-04 02:16:16.888 TRACE 19532 --- [    Test worker] o.h.type.descriptor.sql.BasicExtractor   : extracted value ([price2_0_] : [INTEGER]) - [10900]
2023-08-04 02:16:16.888 TRACE 19532 --- [    Test worker] o.h.type.descriptor.sql.BasicExtractor   : extracted value ([quantity3_0_] : [INTEGER]) - [1]
2023-08-04 02:16:16.888 TRACE 19532 --- [    Test worker] o.h.type.descriptor.sql.BasicExtractor   : extracted value ([user_id5_0_] : [INTEGER]) - [1]
2023-08-04 02:16:16.888 TRACE 19532 --- [    Test worker] o.h.type.descriptor.sql.BasicExtractor   : extracted value ([id1_0_] : [INTEGER]) - [3]
2023-08-04 02:16:16.888 TRACE 19532 --- [    Test worker] o.h.type.descriptor.sql.BasicExtractor   : extracted value ([option_i4_0_] : [INTEGER]) - [16]
2023-08-04 02:16:16.888 TRACE 19532 --- [    Test worker] o.h.type.descriptor.sql.BasicExtractor   : extracted value ([price2_0_] : [INTEGER]) - [250000]
2023-08-04 02:16:16.888 TRACE 19532 --- [    Test worker] o.h.type.descriptor.sql.BasicExtractor   : extracted value ([quantity3_0_] : [INTEGER]) - [5]
2023-08-04 02:16:16.888 TRACE 19532 --- [    Test worker] o.h.type.descriptor.sql.BasicExtractor   : extracted value ([user_id5_0_] : [INTEGER]) - [1]

MockHttpServletRequest:
      HTTP Method = POST
      Request URI = /carts/update
       Parameters = {}
          Headers = [Content-Type:"application/json;charset=UTF-8", Content-Length:"57"]
             Body = [{"cartId":1,"quantity":10},{"cartId":999,"quantity":10}]
    Session Attrs = {}

Handler:
             Type = com.example.kakao.cart.CartRestController
           Method = com.example.kakao.cart.CartRestController#update(List, Errors, CustomUserDetails)

Async:
    Async started = false
     Async result = null

Resolved Exception:
             Type = com.example.kakao._core.errors.exception.Exception400

ModelAndView:
        View name = null
             View = null
            Model = null

FlashMap:
       Attributes = null

MockHttpServletResponse:
           Status = 400
    Error message = null
          Headers = [Vary:"Origin", "Access-Control-Request-Method", "Access-Control-Request-Headers", Content-Type:"application/json;charset=UTF-8", X-Content-Type-Options:"nosniff", X-XSS-Protection:"1; mode=block", Cache-Control:"no-cache, no-store, max-age=0, must-revalidate", Pragma:"no-cache", Expires:"0", X-Frame-Options:"SAMEORIGIN"]
     Content type = application/json;charset=UTF-8
             Body = {"success":false,"response":null,"error":{"message":"유저 장바구니에 없는 아이디입니다 : 999","status":400}}
    Forwarded URL = null
   Redirected URL = null
          Cookies = []
Hibernate: 
    select
        user0_.id as id1_6_,
        user0_.email as email2_6_,
        user0_.password as password3_6_,
        user0_.roles as roles4_6_,
        user0_.username as username5_6_ 
    from
        user_tb user0_ 
    where
        user0_.email=?
2023-08-04 02:16:17.041 TRACE 19532 --- [    Test worker] o.h.type.descriptor.sql.BasicBinder      : binding parameter [1] as [VARCHAR] - [ssarmango@nate.com]
2023-08-04 02:16:17.042 TRACE 19532 --- [    Test worker] o.h.type.descriptor.sql.BasicExtractor   : extracted value ([id1_6_] : [INTEGER]) - [1]
2023-08-04 02:16:17.043 TRACE 19532 --- [    Test worker] o.h.type.descriptor.sql.BasicExtractor   : extracted value ([email2_6_] : [VARCHAR]) - [ssarmango@nate.com]
2023-08-04 02:16:17.043 TRACE 19532 --- [    Test worker] o.h.type.descriptor.sql.BasicExtractor   : extracted value ([password3_6_] : [VARCHAR]) - [{bcrypt}$2a$10$8H0OT8wgtALJkig6fmypi.Y7jzI5Y7W9PGgRKqnVeS2cLWGifwHF2]
2023-08-04 02:16:17.043 TRACE 19532 --- [    Test worker] o.h.type.descriptor.sql.BasicExtractor   : extracted value ([roles4_6_] : [VARCHAR]) - [ROLE_USER]
2023-08-04 02:16:17.043 TRACE 19532 --- [    Test worker] o.h.type.descriptor.sql.BasicExtractor   : extracted value ([username5_6_] : [VARCHAR]) - [ssarmango]
2023-08-04 02:16:17.050  INFO 19532 --- [    Test worker] o.s.b.t.m.w.SpringBootMockServletContext : Initializing Spring TestDispatcherServlet ''
2023-08-04 02:16:17.050  INFO 19532 --- [    Test worker] o.s.t.web.servlet.TestDispatcherServlet  : Initializing Servlet ''
2023-08-04 02:16:17.051  INFO 19532 --- [    Test worker] o.s.t.web.servlet.TestDispatcherServlet  : Completed initialization in 1 ms
Hibernate: 
    select
        cart0_.id as id1_0_,
        cart0_.option_id as option_i4_0_,
        cart0_.price as price2_0_,
        cart0_.quantity as quantity3_0_,
        cart0_.user_id as user_id5_0_ 
    from
        cart_tb cart0_ 
    where
        cart0_.user_id=?
2023-08-04 02:16:17.056 TRACE 19532 --- [    Test worker] o.h.type.descriptor.sql.BasicBinder      : binding parameter [1] as [INTEGER] - [1]
2023-08-04 02:16:17.058 TRACE 19532 --- [    Test worker] o.h.type.descriptor.sql.BasicExtractor   : extracted value ([id1_0_] : [INTEGER]) - [1]
2023-08-04 02:16:17.059 TRACE 19532 --- [    Test worker] o.h.type.descriptor.sql.BasicExtractor   : extracted value ([option_i4_0_] : [INTEGER]) - [1]
2023-08-04 02:16:17.060 TRACE 19532 --- [    Test worker] o.h.type.descriptor.sql.BasicExtractor   : extracted value ([price2_0_] : [INTEGER]) - [50000]
2023-08-04 02:16:17.061 TRACE 19532 --- [    Test worker] o.h.type.descriptor.sql.BasicExtractor   : extracted value ([quantity3_0_] : [INTEGER]) - [5]
2023-08-04 02:16:17.061 TRACE 19532 --- [    Test worker] o.h.type.descriptor.sql.BasicExtractor   : extracted value ([user_id5_0_] : [INTEGER]) - [1]
2023-08-04 02:16:17.061 TRACE 19532 --- [    Test worker] o.h.type.descriptor.sql.BasicExtractor   : extracted value ([id1_0_] : [INTEGER]) - [2]
2023-08-04 02:16:17.061 TRACE 19532 --- [    Test worker] o.h.type.descriptor.sql.BasicExtractor   : extracted value ([option_i4_0_] : [INTEGER]) - [2]
2023-08-04 02:16:17.062 TRACE 19532 --- [    Test worker] o.h.type.descriptor.sql.BasicExtractor   : extracted value ([price2_0_] : [INTEGER]) - [10900]
2023-08-04 02:16:17.062 TRACE 19532 --- [    Test worker] o.h.type.descriptor.sql.BasicExtractor   : extracted value ([quantity3_0_] : [INTEGER]) - [1]
2023-08-04 02:16:17.062 TRACE 19532 --- [    Test worker] o.h.type.descriptor.sql.BasicExtractor   : extracted value ([user_id5_0_] : [INTEGER]) - [1]
2023-08-04 02:16:17.063 TRACE 19532 --- [    Test worker] o.h.type.descriptor.sql.BasicExtractor   : extracted value ([id1_0_] : [INTEGER]) - [3]
2023-08-04 02:16:17.064 TRACE 19532 --- [    Test worker] o.h.type.descriptor.sql.BasicExtractor   : extracted value ([option_i4_0_] : [INTEGER]) - [16]
2023-08-04 02:16:17.064 TRACE 19532 --- [    Test worker] o.h.type.descriptor.sql.BasicExtractor   : extracted value ([price2_0_] : [INTEGER]) - [250000]
2023-08-04 02:16:17.064 TRACE 19532 --- [    Test worker] o.h.type.descriptor.sql.BasicExtractor   : extracted value ([quantity3_0_] : [INTEGER]) - [5]
2023-08-04 02:16:17.064 TRACE 19532 --- [    Test worker] o.h.type.descriptor.sql.BasicExtractor   : extracted value ([user_id5_0_] : [INTEGER]) - [1]
Hibernate: 
    select
        option0_.id as id1_3_0_,
        option0_.option_name as option_n2_3_0_,
        option0_.price as price3_3_0_,
        option0_.product_id as product_4_3_0_,
        product1_.id as id1_5_1_,
        product1_.description as descript2_5_1_,
        product1_.image as image3_5_1_,
        product1_.price as price4_5_1_,
        product1_.product_name as product_5_5_1_ 
    from
        option_tb option0_ 
    left outer join
        product_tb product1_ 
            on option0_.product_id=product1_.id 
    where
        option0_.id=?
2023-08-04 02:16:17.067 TRACE 19532 --- [    Test worker] o.h.type.descriptor.sql.BasicBinder      : binding parameter [1] as [INTEGER] - [1]
2023-08-04 02:16:17.075 TRACE 19532 --- [    Test worker] o.h.type.descriptor.sql.BasicExtractor   : extracted value ([id1_5_1_] : [INTEGER]) - [1]
2023-08-04 02:16:17.075 TRACE 19532 --- [    Test worker] o.h.type.descriptor.sql.BasicExtractor   : extracted value ([option_n2_3_0_] : [VARCHAR]) - [01. 슬라이딩 지퍼백 크리스마스에디션 4종]
2023-08-04 02:16:17.076 TRACE 19532 --- [    Test worker] o.h.type.descriptor.sql.BasicExtractor   : extracted value ([price3_3_0_] : [INTEGER]) - [10000]
2023-08-04 02:16:17.076 TRACE 19532 --- [    Test worker] o.h.type.descriptor.sql.BasicExtractor   : extracted value ([product_4_3_0_] : [INTEGER]) - [1]
2023-08-04 02:16:17.077 TRACE 19532 --- [    Test worker] o.h.type.descriptor.sql.BasicExtractor   : extracted value ([descript2_5_1_] : [VARCHAR]) - []
2023-08-04 02:16:17.078 TRACE 19532 --- [    Test worker] o.h.type.descriptor.sql.BasicExtractor   : extracted value ([image3_5_1_] : [VARCHAR]) - [/images/1.jpg]
2023-08-04 02:16:17.078 TRACE 19532 --- [    Test worker] o.h.type.descriptor.sql.BasicExtractor   : extracted value ([price4_5_1_] : [INTEGER]) - [1000]
2023-08-04 02:16:17.079 TRACE 19532 --- [    Test worker] o.h.type.descriptor.sql.BasicExtractor   : extracted value ([product_5_5_1_] : [VARCHAR]) - [기본에 슬라이딩 지퍼백 크리스마스/플라워에디션 에디션 외 주방용품 특가전]
Hibernate: 
    select
        option0_.id as id1_3_0_,
        option0_.option_name as option_n2_3_0_,
        option0_.price as price3_3_0_,
        option0_.product_id as product_4_3_0_,
        product1_.id as id1_5_1_,
        product1_.description as descript2_5_1_,
        product1_.image as image3_5_1_,
        product1_.price as price4_5_1_,
        product1_.product_name as product_5_5_1_ 
    from
        option_tb option0_ 
    left outer join
        product_tb product1_ 
            on option0_.product_id=product1_.id 
    where
        option0_.id=?
2023-08-04 02:16:17.086 TRACE 19532 --- [    Test worker] o.h.type.descriptor.sql.BasicBinder      : binding parameter [1] as [INTEGER] - [2]
2023-08-04 02:16:17.087 TRACE 19532 --- [    Test worker] o.h.type.descriptor.sql.BasicExtractor   : extracted value ([id1_5_1_] : [INTEGER]) - [1]
2023-08-04 02:16:17.087 TRACE 19532 --- [    Test worker] o.h.type.descriptor.sql.BasicExtractor   : extracted value ([option_n2_3_0_] : [VARCHAR]) - [02. 슬라이딩 지퍼백 플라워에디션 5종]
2023-08-04 02:16:17.087 TRACE 19532 --- [    Test worker] o.h.type.descriptor.sql.BasicExtractor   : extracted value ([price3_3_0_] : [INTEGER]) - [10900]
2023-08-04 02:16:17.087 TRACE 19532 --- [    Test worker] o.h.type.descriptor.sql.BasicExtractor   : extracted value ([product_4_3_0_] : [INTEGER]) - [1]
Hibernate: 
    select
        option0_.id as id1_3_0_,
        option0_.option_name as option_n2_3_0_,
        option0_.price as price3_3_0_,
        option0_.product_id as product_4_3_0_,
        product1_.id as id1_5_1_,
        product1_.description as descript2_5_1_,
        product1_.image as image3_5_1_,
        product1_.price as price4_5_1_,
        product1_.product_name as product_5_5_1_ 
    from
        option_tb option0_ 
    left outer join
        product_tb product1_ 
            on option0_.product_id=product1_.id 
    where
        option0_.id=?
2023-08-04 02:16:17.088 TRACE 19532 --- [    Test worker] o.h.type.descriptor.sql.BasicBinder      : binding parameter [1] as [INTEGER] - [16]
2023-08-04 02:16:17.089 TRACE 19532 --- [    Test worker] o.h.type.descriptor.sql.BasicExtractor   : extracted value ([id1_5_1_] : [INTEGER]) - [4]
2023-08-04 02:16:17.089 TRACE 19532 --- [    Test worker] o.h.type.descriptor.sql.BasicExtractor   : extracted value ([option_n2_3_0_] : [VARCHAR]) - [선택02_바른곡물효소누룽지맛 6박스]
2023-08-04 02:16:17.089 TRACE 19532 --- [    Test worker] o.h.type.descriptor.sql.BasicExtractor   : extracted value ([price3_3_0_] : [INTEGER]) - [50000]
2023-08-04 02:16:17.089 TRACE 19532 --- [    Test worker] o.h.type.descriptor.sql.BasicExtractor   : extracted value ([product_4_3_0_] : [INTEGER]) - [4]
2023-08-04 02:16:17.090 TRACE 19532 --- [    Test worker] o.h.type.descriptor.sql.BasicExtractor   : extracted value ([descript2_5_1_] : [VARCHAR]) - []
2023-08-04 02:16:17.090 TRACE 19532 --- [    Test worker] o.h.type.descriptor.sql.BasicExtractor   : extracted value ([image3_5_1_] : [VARCHAR]) - [/images/4.jpg]
2023-08-04 02:16:17.090 TRACE 19532 --- [    Test worker] o.h.type.descriptor.sql.BasicExtractor   : extracted value ([price4_5_1_] : [INTEGER]) - [4000]
2023-08-04 02:16:17.090 TRACE 19532 --- [    Test worker] o.h.type.descriptor.sql.BasicExtractor   : extracted value ([product_5_5_1_] : [VARCHAR]) - [바른 누룽지맛 발효효소 2박스 역가수치보장 / 외 7종]
Hibernate: 
    update
        cart_tb 
    set
        option_id=?,
        price=?,
        quantity=?,
        user_id=? 
    where
        id=?
2023-08-04 02:16:17.224 TRACE 19532 --- [    Test worker] o.h.type.descriptor.sql.BasicBinder      : binding parameter [1] as [INTEGER] - [1]
2023-08-04 02:16:17.225 TRACE 19532 --- [    Test worker] o.h.type.descriptor.sql.BasicBinder      : binding parameter [2] as [INTEGER] - [100000]
2023-08-04 02:16:17.225 TRACE 19532 --- [    Test worker] o.h.type.descriptor.sql.BasicBinder      : binding parameter [3] as [INTEGER] - [10]
2023-08-04 02:16:17.225 TRACE 19532 --- [    Test worker] o.h.type.descriptor.sql.BasicBinder      : binding parameter [4] as [INTEGER] - [1]
2023-08-04 02:16:17.226 TRACE 19532 --- [    Test worker] o.h.type.descriptor.sql.BasicBinder      : binding parameter [5] as [INTEGER] - [1]

MockHttpServletRequest:
      HTTP Method = POST
      Request URI = /carts/update
       Parameters = {}
          Headers = [Content-Type:"application/json;charset=UTF-8", Content-Length:"28"]
             Body = [{"cartId":1,"quantity":10}]
    Session Attrs = {}

Handler:
             Type = com.example.kakao.cart.CartRestController
           Method = com.example.kakao.cart.CartRestController#update(List, Errors, CustomUserDetails)

Async:
    Async started = false
     Async result = null

Resolved Exception:
             Type = null

ModelAndView:
        View name = null
             View = null
            Model = null

FlashMap:
       Attributes = null

MockHttpServletResponse:
           Status = 200
    Error message = null
          Headers = [Vary:"Origin", "Access-Control-Request-Method", "Access-Control-Request-Headers", Content-Type:"application/json;charset=UTF-8", X-Content-Type-Options:"nosniff", X-XSS-Protection:"1; mode=block", Cache-Control:"no-cache, no-store, max-age=0, must-revalidate", Pragma:"no-cache", Expires:"0", X-Frame-Options:"SAMEORIGIN"]
     Content type = application/json;charset=UTF-8
             Body = {"success":true,"response":{"carts":[{"cartId":1,"optionId":1,"optionName":"01. 슬라이딩 지퍼백 크리스마스에디션 4종","quantity":10,"price":100000},{"cartId":2,"optionId":2,"optionName":"02. 슬라이딩 지퍼백 플라워에디션 5종","quantity":1,"price":10900},{"cartId":3,"optionId":16,"optionName":"선택02_바른곡물효소누룽지맛 6박스","quantity":5,"price":250000}],"totalPrice":360900},"error":null}
    Forwarded URL = null
   Redirected URL = null
          Cookies = []
Hibernate: 
    select
        user0_.id as id1_6_,
        user0_.email as email2_6_,
        user0_.password as password3_6_,
        user0_.roles as roles4_6_,
        user0_.username as username5_6_ 
    from
        user_tb user0_ 
    where
        user0_.email=?
2023-08-04 02:16:17.517 TRACE 19532 --- [    Test worker] o.h.type.descriptor.sql.BasicBinder      : binding parameter [1] as [VARCHAR] - [ssarmango@nate.com]
2023-08-04 02:16:17.518 TRACE 19532 --- [    Test worker] o.h.type.descriptor.sql.BasicExtractor   : extracted value ([id1_6_] : [INTEGER]) - [1]
2023-08-04 02:16:17.518 TRACE 19532 --- [    Test worker] o.h.type.descriptor.sql.BasicExtractor   : extracted value ([email2_6_] : [VARCHAR]) - [ssarmango@nate.com]
2023-08-04 02:16:17.518 TRACE 19532 --- [    Test worker] o.h.type.descriptor.sql.BasicExtractor   : extracted value ([password3_6_] : [VARCHAR]) - [{bcrypt}$2a$10$8H0OT8wgtALJkig6fmypi.Y7jzI5Y7W9PGgRKqnVeS2cLWGifwHF2]
2023-08-04 02:16:17.518 TRACE 19532 --- [    Test worker] o.h.type.descriptor.sql.BasicExtractor   : extracted value ([roles4_6_] : [VARCHAR]) - [ROLE_USER]
2023-08-04 02:16:17.518 TRACE 19532 --- [    Test worker] o.h.type.descriptor.sql.BasicExtractor   : extracted value ([username5_6_] : [VARCHAR]) - [ssarmango]
2023-08-04 02:16:17.533  INFO 19532 --- [    Test worker] o.s.b.t.m.w.SpringBootMockServletContext : Initializing Spring TestDispatcherServlet ''
2023-08-04 02:16:17.533  INFO 19532 --- [    Test worker] o.s.t.web.servlet.TestDispatcherServlet  : Initializing Servlet ''
2023-08-04 02:16:17.534  INFO 19532 --- [    Test worker] o.s.t.web.servlet.TestDispatcherServlet  : Completed initialization in 1 ms

MockHttpServletRequest:
      HTTP Method = POST
      Request URI = /carts/add
       Parameters = {}
          Headers = [Content-Type:"application/json;charset=UTF-8", Content-Length:"57"]
             Body = [{"optionId":1,"quantity":5},{"optionId":1,"quantity":3}]
    Session Attrs = {}

Handler:
             Type = com.example.kakao.cart.CartRestController
           Method = com.example.kakao.cart.CartRestController#addCartList(List, Errors, CustomUserDetails)

Async:
    Async started = false
     Async result = null

Resolved Exception:
             Type = com.example.kakao._core.errors.exception.Exception400

ModelAndView:
        View name = null
             View = null
            Model = null

FlashMap:
       Attributes = null

MockHttpServletResponse:
           Status = 400
    Error message = null
          Headers = [Vary:"Origin", "Access-Control-Request-Method", "Access-Control-Request-Headers", Content-Type:"application/json;charset=UTF-8", X-Content-Type-Options:"nosniff", X-XSS-Protection:"1; mode=block", Cache-Control:"no-cache, no-store, max-age=0, must-revalidate", Pragma:"no-cache", Expires:"0", X-Frame-Options:"SAMEORIGIN"]
     Content type = application/json;charset=UTF-8
             Body = {"success":false,"response":null,"error":{"message":"옵션이 중복되었습니다 : 1","status":400}}
    Forwarded URL = null
   Redirected URL = null
          Cookies = []
Hibernate: 
    select
        user0_.id as id1_6_,
        user0_.email as email2_6_,
        user0_.password as password3_6_,
        user0_.roles as roles4_6_,
        user0_.username as username5_6_ 
    from
        user_tb user0_ 
    where
        user0_.email=?
2023-08-04 02:16:17.742 TRACE 19532 --- [    Test worker] o.h.type.descriptor.sql.BasicBinder      : binding parameter [1] as [VARCHAR] - [ssarmango@nate.com]
2023-08-04 02:16:17.743 TRACE 19532 --- [    Test worker] o.h.type.descriptor.sql.BasicExtractor   : extracted value ([id1_6_] : [INTEGER]) - [1]
2023-08-04 02:16:17.743 TRACE 19532 --- [    Test worker] o.h.type.descriptor.sql.BasicExtractor   : extracted value ([email2_6_] : [VARCHAR]) - [ssarmango@nate.com]
2023-08-04 02:16:17.743 TRACE 19532 --- [    Test worker] o.h.type.descriptor.sql.BasicExtractor   : extracted value ([password3_6_] : [VARCHAR]) - [{bcrypt}$2a$10$8H0OT8wgtALJkig6fmypi.Y7jzI5Y7W9PGgRKqnVeS2cLWGifwHF2]
2023-08-04 02:16:17.744 TRACE 19532 --- [    Test worker] o.h.type.descriptor.sql.BasicExtractor   : extracted value ([roles4_6_] : [VARCHAR]) - [ROLE_USER]
2023-08-04 02:16:17.744 TRACE 19532 --- [    Test worker] o.h.type.descriptor.sql.BasicExtractor   : extracted value ([username5_6_] : [VARCHAR]) - [ssarmango]
2023-08-04 02:16:17.746  INFO 19532 --- [    Test worker] o.s.b.t.m.w.SpringBootMockServletContext : Initializing Spring TestDispatcherServlet ''
2023-08-04 02:16:17.746  INFO 19532 --- [    Test worker] o.s.t.web.servlet.TestDispatcherServlet  : Initializing Servlet ''
2023-08-04 02:16:17.748  INFO 19532 --- [    Test worker] o.s.t.web.servlet.TestDispatcherServlet  : Completed initialization in 2 ms
Hibernate: 
    select
        cart0_.id as id1_0_,
        cart0_.option_id as option_i4_0_,
        cart0_.price as price2_0_,
        cart0_.quantity as quantity3_0_,
        cart0_.user_id as user_id5_0_ 
    from
        cart_tb cart0_ 
    where
        cart0_.user_id=?
2023-08-04 02:16:17.759 TRACE 19532 --- [    Test worker] o.h.type.descriptor.sql.BasicBinder      : binding parameter [1] as [INTEGER] - [1]
2023-08-04 02:16:17.760 TRACE 19532 --- [    Test worker] o.h.type.descriptor.sql.BasicExtractor   : extracted value ([id1_0_] : [INTEGER]) - [1]
2023-08-04 02:16:17.761 TRACE 19532 --- [    Test worker] o.h.type.descriptor.sql.BasicExtractor   : extracted value ([option_i4_0_] : [INTEGER]) - [1]
2023-08-04 02:16:17.761 TRACE 19532 --- [    Test worker] o.h.type.descriptor.sql.BasicExtractor   : extracted value ([price2_0_] : [INTEGER]) - [50000]
2023-08-04 02:16:17.761 TRACE 19532 --- [    Test worker] o.h.type.descriptor.sql.BasicExtractor   : extracted value ([quantity3_0_] : [INTEGER]) - [5]
2023-08-04 02:16:17.761 TRACE 19532 --- [    Test worker] o.h.type.descriptor.sql.BasicExtractor   : extracted value ([user_id5_0_] : [INTEGER]) - [1]
2023-08-04 02:16:17.761 TRACE 19532 --- [    Test worker] o.h.type.descriptor.sql.BasicExtractor   : extracted value ([id1_0_] : [INTEGER]) - [2]
2023-08-04 02:16:17.761 TRACE 19532 --- [    Test worker] o.h.type.descriptor.sql.BasicExtractor   : extracted value ([option_i4_0_] : [INTEGER]) - [2]
2023-08-04 02:16:17.761 TRACE 19532 --- [    Test worker] o.h.type.descriptor.sql.BasicExtractor   : extracted value ([price2_0_] : [INTEGER]) - [10900]
2023-08-04 02:16:17.761 TRACE 19532 --- [    Test worker] o.h.type.descriptor.sql.BasicExtractor   : extracted value ([quantity3_0_] : [INTEGER]) - [1]
2023-08-04 02:16:17.761 TRACE 19532 --- [    Test worker] o.h.type.descriptor.sql.BasicExtractor   : extracted value ([user_id5_0_] : [INTEGER]) - [1]
2023-08-04 02:16:17.761 TRACE 19532 --- [    Test worker] o.h.type.descriptor.sql.BasicExtractor   : extracted value ([id1_0_] : [INTEGER]) - [3]
2023-08-04 02:16:17.762 TRACE 19532 --- [    Test worker] o.h.type.descriptor.sql.BasicExtractor   : extracted value ([option_i4_0_] : [INTEGER]) - [16]
2023-08-04 02:16:17.762 TRACE 19532 --- [    Test worker] o.h.type.descriptor.sql.BasicExtractor   : extracted value ([price2_0_] : [INTEGER]) - [250000]
2023-08-04 02:16:17.762 TRACE 19532 --- [    Test worker] o.h.type.descriptor.sql.BasicExtractor   : extracted value ([quantity3_0_] : [INTEGER]) - [5]
2023-08-04 02:16:17.762 TRACE 19532 --- [    Test worker] o.h.type.descriptor.sql.BasicExtractor   : extracted value ([user_id5_0_] : [INTEGER]) - [1]

MockHttpServletRequest:
      HTTP Method = POST
      Request URI = /carts/update
       Parameters = {}
          Headers = [Content-Type:"application/json;charset=UTF-8", Content-Length:"55"]
             Body = [{"cartId":1,"quantity":10},{"cartId":1,"quantity":10}]
    Session Attrs = {}

Handler:
             Type = com.example.kakao.cart.CartRestController
           Method = com.example.kakao.cart.CartRestController#update(List, Errors, CustomUserDetails)

Async:
    Async started = false
     Async result = null

Resolved Exception:
             Type = com.example.kakao._core.errors.exception.Exception400

ModelAndView:
        View name = null
             View = null
            Model = null

FlashMap:
       Attributes = null

MockHttpServletResponse:
           Status = 400
    Error message = null
          Headers = [Vary:"Origin", "Access-Control-Request-Method", "Access-Control-Request-Headers", Content-Type:"application/json;charset=UTF-8", X-Content-Type-Options:"nosniff", X-XSS-Protection:"1; mode=block", Cache-Control:"no-cache, no-store, max-age=0, must-revalidate", Pragma:"no-cache", Expires:"0", X-Frame-Options:"SAMEORIGIN"]
     Content type = application/json;charset=UTF-8
             Body = {"success":false,"response":null,"error":{"message":"장바구니 아이디가 중복되었습니다 : 1","status":400}}
    Forwarded URL = null
   Redirected URL = null
          Cookies = []
Hibernate: 
    select
        user0_.id as id1_6_,
        user0_.email as email2_6_,
        user0_.password as password3_6_,
        user0_.roles as roles4_6_,
        user0_.username as username5_6_ 
    from
        user_tb user0_ 
    where
        user0_.email=?
2023-08-04 02:16:17.944 TRACE 19532 --- [    Test worker] o.h.type.descriptor.sql.BasicBinder      : binding parameter [1] as [VARCHAR] - [ssarmango@nate.com]
2023-08-04 02:16:17.951 TRACE 19532 --- [    Test worker] o.h.type.descriptor.sql.BasicExtractor   : extracted value ([id1_6_] : [INTEGER]) - [1]
2023-08-04 02:16:17.952 TRACE 19532 --- [    Test worker] o.h.type.descriptor.sql.BasicExtractor   : extracted value ([email2_6_] : [VARCHAR]) - [ssarmango@nate.com]
2023-08-04 02:16:17.952 TRACE 19532 --- [    Test worker] o.h.type.descriptor.sql.BasicExtractor   : extracted value ([password3_6_] : [VARCHAR]) - [{bcrypt}$2a$10$8H0OT8wgtALJkig6fmypi.Y7jzI5Y7W9PGgRKqnVeS2cLWGifwHF2]
2023-08-04 02:16:17.952 TRACE 19532 --- [    Test worker] o.h.type.descriptor.sql.BasicExtractor   : extracted value ([roles4_6_] : [VARCHAR]) - [ROLE_USER]
2023-08-04 02:16:17.952 TRACE 19532 --- [    Test worker] o.h.type.descriptor.sql.BasicExtractor   : extracted value ([username5_6_] : [VARCHAR]) - [ssarmango]
2023-08-04 02:16:17.957  INFO 19532 --- [    Test worker] o.s.b.t.m.w.SpringBootMockServletContext : Initializing Spring TestDispatcherServlet ''
2023-08-04 02:16:17.957  INFO 19532 --- [    Test worker] o.s.t.web.servlet.TestDispatcherServlet  : Initializing Servlet ''
2023-08-04 02:16:17.958  INFO 19532 --- [    Test worker] o.s.t.web.servlet.TestDispatcherServlet  : Completed initialization in 1 ms
Hibernate: 
    select
        cart0_.id as id1_0_0_,
        option1_.id as id1_3_1_,
        product2_.id as id1_5_2_,
        cart0_.option_id as option_i4_0_0_,
        cart0_.price as price2_0_0_,
        cart0_.quantity as quantity3_0_0_,
        cart0_.user_id as user_id5_0_0_,
        option1_.option_name as option_n2_3_1_,
        option1_.price as price3_3_1_,
        option1_.product_id as product_4_3_1_,
        product2_.description as descript2_5_2_,
        product2_.image as image3_5_2_,
        product2_.price as price4_5_2_,
        product2_.product_name as product_5_5_2_ 
    from
        cart_tb cart0_ 
    inner join
        option_tb option1_ 
            on cart0_.option_id=option1_.id 
    inner join
        product_tb product2_ 
            on option1_.product_id=product2_.id 
    where
        cart0_.user_id=? 
    order by
        cart0_.option_id asc
2023-08-04 02:16:17.983 TRACE 19532 --- [    Test worker] o.h.type.descriptor.sql.BasicBinder      : binding parameter [1] as [INTEGER] - [1]
2023-08-04 02:16:17.984 TRACE 19532 --- [    Test worker] o.h.type.descriptor.sql.BasicExtractor   : extracted value ([id1_0_0_] : [INTEGER]) - [1]
2023-08-04 02:16:17.984 TRACE 19532 --- [    Test worker] o.h.type.descriptor.sql.BasicExtractor   : extracted value ([id1_3_1_] : [INTEGER]) - [1]
2023-08-04 02:16:17.984 TRACE 19532 --- [    Test worker] o.h.type.descriptor.sql.BasicExtractor   : extracted value ([id1_5_2_] : [INTEGER]) - [1]
2023-08-04 02:16:17.985 TRACE 19532 --- [    Test worker] o.h.type.descriptor.sql.BasicExtractor   : extracted value ([option_i4_0_0_] : [INTEGER]) - [1]
2023-08-04 02:16:17.985 TRACE 19532 --- [    Test worker] o.h.type.descriptor.sql.BasicExtractor   : extracted value ([price2_0_0_] : [INTEGER]) - [50000]
2023-08-04 02:16:17.985 TRACE 19532 --- [    Test worker] o.h.type.descriptor.sql.BasicExtractor   : extracted value ([quantity3_0_0_] : [INTEGER]) - [5]
2023-08-04 02:16:17.985 TRACE 19532 --- [    Test worker] o.h.type.descriptor.sql.BasicExtractor   : extracted value ([user_id5_0_0_] : [INTEGER]) - [1]
2023-08-04 02:16:17.985 TRACE 19532 --- [    Test worker] o.h.type.descriptor.sql.BasicExtractor   : extracted value ([option_n2_3_1_] : [VARCHAR]) - [01. 슬라이딩 지퍼백 크리스마스에디션 4종]
2023-08-04 02:16:17.986 TRACE 19532 --- [    Test worker] o.h.type.descriptor.sql.BasicExtractor   : extracted value ([price3_3_1_] : [INTEGER]) - [10000]
2023-08-04 02:16:17.986 TRACE 19532 --- [    Test worker] o.h.type.descriptor.sql.BasicExtractor   : extracted value ([product_4_3_1_] : [INTEGER]) - [1]
2023-08-04 02:16:17.994 TRACE 19532 --- [    Test worker] o.h.type.descriptor.sql.BasicExtractor   : extracted value ([descript2_5_2_] : [VARCHAR]) - []
2023-08-04 02:16:17.996 TRACE 19532 --- [    Test worker] o.h.type.descriptor.sql.BasicExtractor   : extracted value ([image3_5_2_] : [VARCHAR]) - [/images/1.jpg]
2023-08-04 02:16:17.998 TRACE 19532 --- [    Test worker] o.h.type.descriptor.sql.BasicExtractor   : extracted value ([price4_5_2_] : [INTEGER]) - [1000]
2023-08-04 02:16:17.998 TRACE 19532 --- [    Test worker] o.h.type.descriptor.sql.BasicExtractor   : extracted value ([product_5_5_2_] : [VARCHAR]) - [기본에 슬라이딩 지퍼백 크리스마스/플라워에디션 에디션 외 주방용품 특가전]
2023-08-04 02:16:17.998 TRACE 19532 --- [    Test worker] o.h.type.descriptor.sql.BasicExtractor   : extracted value ([id1_0_0_] : [INTEGER]) - [2]
2023-08-04 02:16:17.998 TRACE 19532 --- [    Test worker] o.h.type.descriptor.sql.BasicExtractor   : extracted value ([id1_3_1_] : [INTEGER]) - [2]
2023-08-04 02:16:17.998 TRACE 19532 --- [    Test worker] o.h.type.descriptor.sql.BasicExtractor   : extracted value ([id1_5_2_] : [INTEGER]) - [1]
2023-08-04 02:16:17.999 TRACE 19532 --- [    Test worker] o.h.type.descriptor.sql.BasicExtractor   : extracted value ([option_i4_0_0_] : [INTEGER]) - [2]
2023-08-04 02:16:17.999 TRACE 19532 --- [    Test worker] o.h.type.descriptor.sql.BasicExtractor   : extracted value ([price2_0_0_] : [INTEGER]) - [10900]
2023-08-04 02:16:17.999 TRACE 19532 --- [    Test worker] o.h.type.descriptor.sql.BasicExtractor   : extracted value ([quantity3_0_0_] : [INTEGER]) - [1]
2023-08-04 02:16:17.999 TRACE 19532 --- [    Test worker] o.h.type.descriptor.sql.BasicExtractor   : extracted value ([user_id5_0_0_] : [INTEGER]) - [1]
2023-08-04 02:16:18.000 TRACE 19532 --- [    Test worker] o.h.type.descriptor.sql.BasicExtractor   : extracted value ([option_n2_3_1_] : [VARCHAR]) - [02. 슬라이딩 지퍼백 플라워에디션 5종]
2023-08-04 02:16:18.002 TRACE 19532 --- [    Test worker] o.h.type.descriptor.sql.BasicExtractor   : extracted value ([price3_3_1_] : [INTEGER]) - [10900]
2023-08-04 02:16:18.003 TRACE 19532 --- [    Test worker] o.h.type.descriptor.sql.BasicExtractor   : extracted value ([product_4_3_1_] : [INTEGER]) - [1]
2023-08-04 02:16:18.003 TRACE 19532 --- [    Test worker] o.h.type.descriptor.sql.BasicExtractor   : extracted value ([id1_0_0_] : [INTEGER]) - [3]
2023-08-04 02:16:18.003 TRACE 19532 --- [    Test worker] o.h.type.descriptor.sql.BasicExtractor   : extracted value ([id1_3_1_] : [INTEGER]) - [16]
2023-08-04 02:16:18.003 TRACE 19532 --- [    Test worker] o.h.type.descriptor.sql.BasicExtractor   : extracted value ([id1_5_2_] : [INTEGER]) - [4]
2023-08-04 02:16:18.004 TRACE 19532 --- [    Test worker] o.h.type.descriptor.sql.BasicExtractor   : extracted value ([option_i4_0_0_] : [INTEGER]) - [16]
2023-08-04 02:16:18.004 TRACE 19532 --- [    Test worker] o.h.type.descriptor.sql.BasicExtractor   : extracted value ([price2_0_0_] : [INTEGER]) - [250000]
2023-08-04 02:16:18.004 TRACE 19532 --- [    Test worker] o.h.type.descriptor.sql.BasicExtractor   : extracted value ([quantity3_0_0_] : [INTEGER]) - [5]
2023-08-04 02:16:18.004 TRACE 19532 --- [    Test worker] o.h.type.descriptor.sql.BasicExtractor   : extracted value ([user_id5_0_0_] : [INTEGER]) - [1]
2023-08-04 02:16:18.004 TRACE 19532 --- [    Test worker] o.h.type.descriptor.sql.BasicExtractor   : extracted value ([option_n2_3_1_] : [VARCHAR]) - [선택02_바른곡물효소누룽지맛 6박스]
2023-08-04 02:16:18.004 TRACE 19532 --- [    Test worker] o.h.type.descriptor.sql.BasicExtractor   : extracted value ([price3_3_1_] : [INTEGER]) - [50000]
2023-08-04 02:16:18.004 TRACE 19532 --- [    Test worker] o.h.type.descriptor.sql.BasicExtractor   : extracted value ([product_4_3_1_] : [INTEGER]) - [4]
2023-08-04 02:16:18.004 TRACE 19532 --- [    Test worker] o.h.type.descriptor.sql.BasicExtractor   : extracted value ([descript2_5_2_] : [VARCHAR]) - []
2023-08-04 02:16:18.005 TRACE 19532 --- [    Test worker] o.h.type.descriptor.sql.BasicExtractor   : extracted value ([image3_5_2_] : [VARCHAR]) - [/images/4.jpg]
2023-08-04 02:16:18.005 TRACE 19532 --- [    Test worker] o.h.type.descriptor.sql.BasicExtractor   : extracted value ([price4_5_2_] : [INTEGER]) - [4000]
2023-08-04 02:16:18.005 TRACE 19532 --- [    Test worker] o.h.type.descriptor.sql.BasicExtractor   : extracted value ([product_5_5_2_] : [VARCHAR]) - [바른 누룽지맛 발효효소 2박스 역가수치보장 / 외 7종]
테스트 : {"success":true,"response":{"products":[{"id":1,"productName":"기본에 슬라이딩 지퍼백 크리스마스/플라워에디션 에디션 외 주방용품 특가전","carts":[{"id":1,"option":{"id":1,"optionName":"01. 슬라이딩 지퍼백 크리스마스에디션 4종","price":10000},"quantity":5,"price":50000},{"id":2,"option":{"id":2,"optionName":"02. 슬라이딩 지퍼백 플라워에디션 5종","price":10900},"quantity":1,"price":10900}]},{"id":4,"productName":"바른 누룽지맛 발효효소 2박스 역가수치보장 / 외 7종","carts":[{"id":3,"option":{"id":16,"optionName":"선택02_바른곡물효소누룽지맛 6박스","price":50000},"quantity":5,"price":250000}]}],"totalPrice":310900},"error":null}

MockHttpServletRequest:
      HTTP Method = GET
      Request URI = /carts
       Parameters = {}
          Headers = []
             Body = null
    Session Attrs = {}

Handler:
             Type = com.example.kakao.cart.CartRestController
           Method = com.example.kakao.cart.CartRestController#findAll(CustomUserDetails)

Async:
    Async started = false
     Async result = null

Resolved Exception:
             Type = null

ModelAndView:
        View name = null
             View = null
            Model = null

FlashMap:
       Attributes = null

MockHttpServletResponse:
           Status = 200
    Error message = null
          Headers = [Vary:"Origin", "Access-Control-Request-Method", "Access-Control-Request-Headers", Content-Type:"application/json;charset=UTF-8", X-Content-Type-Options:"nosniff", X-XSS-Protection:"1; mode=block", Cache-Control:"no-cache, no-store, max-age=0, must-revalidate", Pragma:"no-cache", Expires:"0", X-Frame-Options:"SAMEORIGIN"]
     Content type = application/json;charset=UTF-8
             Body = {"success":true,"response":{"products":[{"id":1,"productName":"기본에 슬라이딩 지퍼백 크리스마스/플라워에디션 에디션 외 주방용품 특가전","carts":[{"id":1,"option":{"id":1,"optionName":"01. 슬라이딩 지퍼백 크리스마스에디션 4종","price":10000},"quantity":5,"price":50000},{"id":2,"option":{"id":2,"optionName":"02. 슬라이딩 지퍼백 플라워에디션 5종","price":10900},"quantity":1,"price":10900}]},{"id":4,"productName":"바른 누룽지맛 발효효소 2박스 역가수치보장 / 외 7종","carts":[{"id":3,"option":{"id":16,"optionName":"선택02_바른곡물효소누룽지맛 6박스","price":50000},"quantity":5,"price":250000}]}],"totalPrice":310900},"error":null}
    Forwarded URL = null
   Redirected URL = null
          Cookies = []
2023-08-04 02:16:18.330  INFO 19532 --- [    Test worker] o.s.b.t.m.w.SpringBootMockServletContext : Initializing Spring TestDispatcherServlet ''
2023-08-04 02:16:18.330  INFO 19532 --- [    Test worker] o.s.t.web.servlet.TestDispatcherServlet  : Initializing Servlet ''
2023-08-04 02:16:18.348  INFO 19532 --- [    Test worker] o.s.t.web.servlet.TestDispatcherServlet  : Completed initialization in 18 ms

MockHttpServletRequest:
      HTTP Method = POST
      Request URI = /carts/add
       Parameters = {}
          Headers = [Content-Type:"application/json;charset=UTF-8", Content-Length:"57"]
             Body = [{"optionId":1,"quantity":5},{"optionId":2,"quantity":3}]
    Session Attrs = {}

Handler:
             Type = null

Async:
    Async started = false
     Async result = null

Resolved Exception:
             Type = null

ModelAndView:
        View name = null
             View = null
            Model = null

FlashMap:
       Attributes = null

MockHttpServletResponse:
           Status = 401
    Error message = null
          Headers = [Vary:"Origin", "Access-Control-Request-Method", "Access-Control-Request-Headers", Content-Type:"application/json; charset=utf-8", X-Content-Type-Options:"nosniff", X-XSS-Protection:"1; mode=block", Cache-Control:"no-cache, no-store, max-age=0, must-revalidate", Pragma:"no-cache", Expires:"0", X-Frame-Options:"SAMEORIGIN"]
     Content type = application/json; charset=utf-8
             Body = {"success":false,"response":null,"error":{"message":"인증되지 않았습니다","status":401}}

    Forwarded URL = null
   Redirected URL = null
          Cookies = []
Hibernate: 
    select
        user0_.id as id1_6_,
        user0_.email as email2_6_,
        user0_.password as password3_6_,
        user0_.roles as roles4_6_,
        user0_.username as username5_6_ 
    from
        user_tb user0_ 
    where
        user0_.email=?
2023-08-04 02:16:18.570 TRACE 19532 --- [    Test worker] o.h.type.descriptor.sql.BasicBinder      : binding parameter [1] as [VARCHAR] - [error@nate.com]
2023-08-04 02:16:18.570 TRACE 19532 --- [    Test worker] o.h.type.descriptor.sql.BasicExtractor   : extracted value ([id1_6_] : [INTEGER]) - [2]
2023-08-04 02:16:18.570 TRACE 19532 --- [    Test worker] o.h.type.descriptor.sql.BasicExtractor   : extracted value ([email2_6_] : [VARCHAR]) - [error@nate.com]
2023-08-04 02:16:18.570 TRACE 19532 --- [    Test worker] o.h.type.descriptor.sql.BasicExtractor   : extracted value ([password3_6_] : [VARCHAR]) - [{bcrypt}$2a$10$8H0OT8wgtALJkig6fmypi.Y7jzI5Y7W9PGgRKqnVeS2cLWGifwHF2]
2023-08-04 02:16:18.570 TRACE 19532 --- [    Test worker] o.h.type.descriptor.sql.BasicExtractor   : extracted value ([roles4_6_] : [VARCHAR]) - [ROLE_USER]
2023-08-04 02:16:18.570 TRACE 19532 --- [    Test worker] o.h.type.descriptor.sql.BasicExtractor   : extracted value ([username5_6_] : [VARCHAR]) - [error]
2023-08-04 02:16:18.593  INFO 19532 --- [    Test worker] o.s.b.t.m.w.SpringBootMockServletContext : Initializing Spring TestDispatcherServlet ''
2023-08-04 02:16:18.593  INFO 19532 --- [    Test worker] o.s.t.web.servlet.TestDispatcherServlet  : Initializing Servlet ''
2023-08-04 02:16:18.595  INFO 19532 --- [    Test worker] o.s.t.web.servlet.TestDispatcherServlet  : Completed initialization in 2 ms
Hibernate: 
    select
        cart0_.id as id1_0_,
        cart0_.option_id as option_i4_0_,
        cart0_.price as price2_0_,
        cart0_.quantity as quantity3_0_,
        cart0_.user_id as user_id5_0_ 
    from
        cart_tb cart0_ 
    where
        cart0_.user_id=?
2023-08-04 02:16:18.599 TRACE 19532 --- [    Test worker] o.h.type.descriptor.sql.BasicBinder      : binding parameter [1] as [INTEGER] - [2]

MockHttpServletRequest:
      HTTP Method = POST
      Request URI = /carts/update
       Parameters = {}
          Headers = [Content-Type:"application/json;charset=UTF-8", Content-Length:"28"]
             Body = [{"cartId":1,"quantity":10}]
    Session Attrs = {}

Handler:
             Type = com.example.kakao.cart.CartRestController
           Method = com.example.kakao.cart.CartRestController#update(List, Errors, CustomUserDetails)

Async:
    Async started = false
     Async result = null

Resolved Exception:
             Type = com.example.kakao._core.errors.exception.Exception404

ModelAndView:
        View name = null
             View = null
            Model = null

FlashMap:
       Attributes = null

MockHttpServletResponse:
           Status = 404
    Error message = null
          Headers = [Vary:"Origin", "Access-Control-Request-Method", "Access-Control-Request-Headers", Content-Type:"application/json;charset=UTF-8", X-Content-Type-Options:"nosniff", X-XSS-Protection:"1; mode=block", Cache-Control:"no-cache, no-store, max-age=0, must-revalidate", Pragma:"no-cache", Expires:"0", X-Frame-Options:"SAMEORIGIN"]
     Content type = application/json;charset=UTF-8
             Body = {"success":false,"response":null,"error":{"message":"장바구니에 존재하는 상품이 없습니다.","status":404}}
    Forwarded URL = null
   Redirected URL = null
          Cookies = []
Hibernate: 
    select
        user0_.id as id1_6_,
        user0_.email as email2_6_,
        user0_.password as password3_6_,
        user0_.roles as roles4_6_,
        user0_.username as username5_6_ 
    from
        user_tb user0_ 
    where
        user0_.email=?
2023-08-04 02:16:18.767 TRACE 19532 --- [    Test worker] o.h.type.descriptor.sql.BasicBinder      : binding parameter [1] as [VARCHAR] - [ssarmango@nate.com]
2023-08-04 02:16:18.768 TRACE 19532 --- [    Test worker] o.h.type.descriptor.sql.BasicExtractor   : extracted value ([id1_6_] : [INTEGER]) - [1]
2023-08-04 02:16:18.768 TRACE 19532 --- [    Test worker] o.h.type.descriptor.sql.BasicExtractor   : extracted value ([email2_6_] : [VARCHAR]) - [ssarmango@nate.com]
2023-08-04 02:16:18.768 TRACE 19532 --- [    Test worker] o.h.type.descriptor.sql.BasicExtractor   : extracted value ([password3_6_] : [VARCHAR]) - [{bcrypt}$2a$10$8H0OT8wgtALJkig6fmypi.Y7jzI5Y7W9PGgRKqnVeS2cLWGifwHF2]
2023-08-04 02:16:18.768 TRACE 19532 --- [    Test worker] o.h.type.descriptor.sql.BasicExtractor   : extracted value ([roles4_6_] : [VARCHAR]) - [ROLE_USER]
2023-08-04 02:16:18.768 TRACE 19532 --- [    Test worker] o.h.type.descriptor.sql.BasicExtractor   : extracted value ([username5_6_] : [VARCHAR]) - [ssarmango]
2023-08-04 02:16:18.771  INFO 19532 --- [    Test worker] o.s.b.t.m.w.SpringBootMockServletContext : Initializing Spring TestDispatcherServlet ''
2023-08-04 02:16:18.771  INFO 19532 --- [    Test worker] o.s.t.web.servlet.TestDispatcherServlet  : Initializing Servlet ''
2023-08-04 02:16:18.772  INFO 19532 --- [    Test worker] o.s.t.web.servlet.TestDispatcherServlet  : Completed initialization in 1 ms
Hibernate: 
    select
        option0_.id as id1_3_0_,
        option0_.option_name as option_n2_3_0_,
        option0_.price as price3_3_0_,
        option0_.product_id as product_4_3_0_,
        product1_.id as id1_5_1_,
        product1_.description as descript2_5_1_,
        product1_.image as image3_5_1_,
        product1_.price as price4_5_1_,
        product1_.product_name as product_5_5_1_ 
    from
        option_tb option0_ 
    left outer join
        product_tb product1_ 
            on option0_.product_id=product1_.id 
    where
        option0_.id=?
2023-08-04 02:16:18.778 TRACE 19532 --- [    Test worker] o.h.type.descriptor.sql.BasicBinder      : binding parameter [1] as [INTEGER] - [3]
2023-08-04 02:16:18.779 TRACE 19532 --- [    Test worker] o.h.type.descriptor.sql.BasicExtractor   : extracted value ([id1_5_1_] : [INTEGER]) - [1]
2023-08-04 02:16:18.779 TRACE 19532 --- [    Test worker] o.h.type.descriptor.sql.BasicExtractor   : extracted value ([option_n2_3_0_] : [VARCHAR]) - [고무장갑 베이지 S(소형) 6팩]
2023-08-04 02:16:18.779 TRACE 19532 --- [    Test worker] o.h.type.descriptor.sql.BasicExtractor   : extracted value ([price3_3_0_] : [INTEGER]) - [9900]
2023-08-04 02:16:18.779 TRACE 19532 --- [    Test worker] o.h.type.descriptor.sql.BasicExtractor   : extracted value ([product_4_3_0_] : [INTEGER]) - [1]
2023-08-04 02:16:18.779 TRACE 19532 --- [    Test worker] o.h.type.descriptor.sql.BasicExtractor   : extracted value ([descript2_5_1_] : [VARCHAR]) - []
2023-08-04 02:16:18.779 TRACE 19532 --- [    Test worker] o.h.type.descriptor.sql.BasicExtractor   : extracted value ([image3_5_1_] : [VARCHAR]) - [/images/1.jpg]
2023-08-04 02:16:18.779 TRACE 19532 --- [    Test worker] o.h.type.descriptor.sql.BasicExtractor   : extracted value ([price4_5_1_] : [INTEGER]) - [1000]
2023-08-04 02:16:18.779 TRACE 19532 --- [    Test worker] o.h.type.descriptor.sql.BasicExtractor   : extracted value ([product_5_5_1_] : [VARCHAR]) - [기본에 슬라이딩 지퍼백 크리스마스/플라워에디션 에디션 외 주방용품 특가전]
Hibernate: 
    select
        cart0_.id as id1_0_,
        cart0_.option_id as option_i4_0_,
        cart0_.price as price2_0_,
        cart0_.quantity as quantity3_0_,
        cart0_.user_id as user_id5_0_ 
    from
        cart_tb cart0_ 
    where
        cart0_.option_id=? 
        and cart0_.user_id=?
2023-08-04 02:16:18.781 TRACE 19532 --- [    Test worker] o.h.type.descriptor.sql.BasicBinder      : binding parameter [1] as [INTEGER] - [3]
2023-08-04 02:16:18.781 TRACE 19532 --- [    Test worker] o.h.type.descriptor.sql.BasicBinder      : binding parameter [2] as [INTEGER] - [1]
Hibernate: 
    insert 
    into
        cart_tb
        (id, option_id, price, quantity, user_id) 
    values
        (default, ?, ?, ?, ?)
2023-08-04 02:16:18.815 TRACE 19532 --- [    Test worker] o.h.type.descriptor.sql.BasicBinder      : binding parameter [1] as [INTEGER] - [3]
2023-08-04 02:16:18.815 TRACE 19532 --- [    Test worker] o.h.type.descriptor.sql.BasicBinder      : binding parameter [2] as [INTEGER] - [49500]
2023-08-04 02:16:18.815 TRACE 19532 --- [    Test worker] o.h.type.descriptor.sql.BasicBinder      : binding parameter [3] as [INTEGER] - [5]
2023-08-04 02:16:18.815 TRACE 19532 --- [    Test worker] o.h.type.descriptor.sql.BasicBinder      : binding parameter [4] as [INTEGER] - [1]
테스트 : {"success":true,"response":null,"error":null}

MockHttpServletRequest:
      HTTP Method = POST
      Request URI = /carts/add
       Parameters = {}
          Headers = [Content-Type:"application/json;charset=UTF-8", Content-Length:"29"]
             Body = [{"optionId":3,"quantity":5}]
    Session Attrs = {}

Handler:
             Type = com.example.kakao.cart.CartRestController
           Method = com.example.kakao.cart.CartRestController#addCartList(List, Errors, CustomUserDetails)

Async:
    Async started = false
     Async result = null

Resolved Exception:
             Type = null

ModelAndView:
        View name = null
             View = null
            Model = null

FlashMap:
       Attributes = null

MockHttpServletResponse:
           Status = 200
    Error message = null
          Headers = [Vary:"Origin", "Access-Control-Request-Method", "Access-Control-Request-Headers", Content-Type:"application/json;charset=UTF-8", X-Content-Type-Options:"nosniff", X-XSS-Protection:"1; mode=block", Cache-Control:"no-cache, no-store, max-age=0, must-revalidate", Pragma:"no-cache", Expires:"0", X-Frame-Options:"SAMEORIGIN"]
     Content type = application/json;charset=UTF-8
             Body = {"success":true,"response":null,"error":null}
    Forwarded URL = null
   Redirected URL = null
          Cookies = []
2023-08-04 02:16:18.921  INFO 19532 --- [    Test worker] o.s.b.t.m.w.SpringBootMockServletContext : Initializing Spring TestDispatcherServlet ''
2023-08-04 02:16:18.921  INFO 19532 --- [    Test worker] o.s.t.web.servlet.TestDispatcherServlet  : Initializing Servlet ''
2023-08-04 02:16:18.922  INFO 19532 --- [    Test worker] o.s.t.web.servlet.TestDispatcherServlet  : Completed initialization in 1 ms

MockHttpServletRequest:
      HTTP Method = GET
      Request URI = /carts
       Parameters = {}
          Headers = [Content-Type:"application/json;charset=UTF-8"]
             Body = null
    Session Attrs = {}

Handler:
             Type = null

Async:
    Async started = false
     Async result = null

Resolved Exception:
             Type = null

ModelAndView:
        View name = null
             View = null
            Model = null

FlashMap:
       Attributes = null

MockHttpServletResponse:
           Status = 401
    Error message = null
          Headers = [Vary:"Origin", "Access-Control-Request-Method", "Access-Control-Request-Headers", Content-Type:"application/json; charset=utf-8", X-Content-Type-Options:"nosniff", X-XSS-Protection:"1; mode=block", Cache-Control:"no-cache, no-store, max-age=0, must-revalidate", Pragma:"no-cache", Expires:"0", X-Frame-Options:"SAMEORIGIN"]
     Content type = application/json; charset=utf-8
             Body = {"success":false,"response":null,"error":{"message":"인증되지 않았습니다","status":401}}

    Forwarded URL = null
   Redirected URL = null
          Cookies = []
]]></system-out>
  <system-err><![CDATA[]]></system-err>
</testsuite>
