<?xml version="1.0" encoding="UTF-8"?>
<testsuite name="com.example.kakao._core.regex.RegexTest" tests="4" skipped="0" failures="0" errors="0" timestamp="2023-08-03T17:16:05" hostname="LAPTOP-KKPNP3F6" time="0.049">
  <properties/>
  <testcase name="영문숫자특수문자포함_공백안됨_test()" classname="com.example.kakao._core.regex.RegexTest" time="0.038"/>
  <testcase name="정상적인한글만된다_test()" classname="com.example.kakao._core.regex.RegexTest" time="0.002"/>
  <testcase name="이메일형식만된다_test()" classname="com.example.kakao._core.regex.RegexTest" time="0.002"/>
  <testcase name="한글은안된다_test()" classname="com.example.kakao._core.regex.RegexTest" time="0.001"/>
  <system-out><![CDATA[테스트 : true
테스트 : true
테스트 : true
테스트 : true
]]></system-out>
  <system-err><![CDATA[]]></system-err>
</testsuite>
