<?xml version="1.0" encoding="UTF-8"?>
<testsuite name="com.example.kakao.cart.CartRestControllerTest" tests="3" skipped="0" failures="0" errors="0" timestamp="2023-07-21T04:29:01" hostname="MacBook-Pro.local" time="0.212">
  <properties/>
  <testcase name="장바구니 담기" classname="com.example.kakao.cart.CartRestControllerTest" time="0.164"/>
  <testcase name="장바구니 수정" classname="com.example.kakao.cart.CartRestControllerTest" time="0.037"/>
  <testcase name="장바구니 조회" classname="com.example.kakao.cart.CartRestControllerTest" time="0.008"/>
  <system-out><![CDATA[13:28:59.581 [Test worker] DEBUG org.springframework.test.context.BootstrapUtils - Instantiating CacheAwareContextLoaderDelegate from class [org.springframework.test.context.cache.DefaultCacheAwareContextLoaderDelegate]
13:28:59.593 [Test worker] DEBUG org.springframework.test.context.BootstrapUtils - Instantiating BootstrapContext using constructor [public org.springframework.test.context.support.DefaultBootstrapContext(java.lang.Class,org.springframework.test.context.CacheAwareContextLoaderDelegate)]
13:28:59.660 [Test worker] DEBUG org.springframework.test.context.BootstrapUtils - Instantiating TestContextBootstrapper for test class [com.example.kakao.cart.CartRestControllerTest] from class [org.springframework.boot.test.autoconfigure.web.servlet.WebMvcTestContextBootstrapper]
13:28:59.675 [Test worker] INFO org.springframework.boot.test.autoconfigure.web.servlet.WebMvcTestContextBootstrapper - Neither @ContextConfiguration nor @ContextHierarchy found for test class [com.example.kakao.cart.CartRestControllerTest], using SpringBootContextLoader
13:28:59.678 [Test worker] DEBUG org.springframework.test.context.support.AbstractContextLoader - Did not detect default resource location for test class [com.example.kakao.cart.CartRestControllerTest]: class path resource [com/example/kakao/cart/CartRestControllerTest-context.xml] does not exist
13:28:59.678 [Test worker] DEBUG org.springframework.test.context.support.AbstractContextLoader - Did not detect default resource location for test class [com.example.kakao.cart.CartRestControllerTest]: class path resource [com/example/kakao/cart/CartRestControllerTestContext.groovy] does not exist
13:28:59.679 [Test worker] INFO org.springframework.test.context.support.AbstractContextLoader - Could not detect default resource locations for test class [com.example.kakao.cart.CartRestControllerTest]: no resource found for suffixes {-context.xml, Context.groovy}.
13:28:59.679 [Test worker] INFO org.springframework.test.context.support.AnnotationConfigContextLoaderUtils - Could not detect default configuration classes for test class [com.example.kakao.cart.CartRestControllerTest]: CartRestControllerTest does not declare any static, non-private, non-final, nested classes annotated with @Configuration.
13:28:59.741 [Test worker] DEBUG org.springframework.test.context.support.ActiveProfilesUtils - Could not find an 'annotation declaring class' for annotation type [org.springframework.test.context.ActiveProfiles] and class [com.example.kakao.cart.CartRestControllerTest]
13:28:59.782 [Test worker] DEBUG org.springframework.context.annotation.ClassPathScanningCandidateComponentProvider - Identified candidate component class: file [/Users/mae/Desktop/KTC/step2-BE-kakao-shop/week4/build/classes/java/main/com/example/kakao/KakaoApplication.class]
13:28:59.783 [Test worker] INFO org.springframework.boot.test.context.SpringBootTestContextBootstrapper - Found @SpringBootConfiguration com.example.kakao.KakaoApplication for test class com.example.kakao.cart.CartRestControllerTest
13:28:59.785 [Test worker] DEBUG org.springframework.boot.test.autoconfigure.web.servlet.WebMvcTestContextBootstrapper - @TestExecutionListeners is not present for class [com.example.kakao.cart.CartRestControllerTest]: using defaults.
13:28:59.785 [Test worker] INFO org.springframework.boot.test.autoconfigure.web.servlet.WebMvcTestContextBootstrapper - Loaded default TestExecutionListener class names from location [META-INF/spring.factories]: [org.springframework.security.test.context.support.WithSecurityContextTestExecutionListener, org.springframework.security.test.context.support.ReactorContextTestExecutionListener, org.springframework.boot.test.autoconfigure.restdocs.RestDocsTestExecutionListener, org.springframework.boot.test.autoconfigure.web.client.MockRestServiceServerResetTestExecutionListener, org.springframework.boot.test.autoconfigure.web.servlet.MockMvcPrintOnlyOnFailureTestExecutionListener, org.springframework.boot.test.autoconfigure.web.servlet.WebDriverTestExecutionListener, org.springframework.boot.test.autoconfigure.webservices.client.MockWebServiceServerTestExecutionListener, org.springframework.boot.test.mock.mockito.MockitoTestExecutionListener, org.springframework.boot.test.mock.mockito.ResetMocksTestExecutionListener, org.springframework.test.context.web.ServletTestExecutionListener, org.springframework.test.context.support.DirtiesContextBeforeModesTestExecutionListener, org.springframework.test.context.event.ApplicationEventsTestExecutionListener, org.springframework.test.context.support.DependencyInjectionTestExecutionListener, org.springframework.test.context.support.DirtiesContextTestExecutionListener, org.springframework.test.context.transaction.TransactionalTestExecutionListener, org.springframework.test.context.jdbc.SqlScriptsTestExecutionListener, org.springframework.test.context.event.EventPublishingTestExecutionListener]
13:28:59.793 [Test worker] INFO org.springframework.boot.test.autoconfigure.web.servlet.WebMvcTestContextBootstrapper - Using TestExecutionListeners: [org.springframework.test.context.web.ServletTestExecutionListener@cc6460c, org.springframework.test.context.support.DirtiesContextBeforeModesTestExecutionListener@52350abb, org.springframework.test.context.event.ApplicationEventsTestExecutionListener@681aad3b, org.springframework.boot.test.mock.mockito.MockitoTestExecutionListener@1a6f2363, org.springframework.boot.test.autoconfigure.SpringBootDependencyInjectionTestExecutionListener@2427e004, org.springframework.test.context.support.DirtiesContextTestExecutionListener@5ebd56e9, org.springframework.test.context.transaction.TransactionalTestExecutionListener@63f34b70, org.springframework.test.context.jdbc.SqlScriptsTestExecutionListener@641856, org.springframework.security.test.context.support.WithSecurityContextTestExecutionListener@1b58ff9e, org.springframework.test.context.event.EventPublishingTestExecutionListener@2f66e802, org.springframework.security.test.context.support.ReactorContextTestExecutionListener@56b78e55, org.springframework.boot.test.autoconfigure.restdocs.RestDocsTestExecutionListener@76318a7d, org.springframework.boot.test.autoconfigure.web.client.MockRestServiceServerResetTestExecutionListener@2a492f2a, org.springframework.boot.test.autoconfigure.web.servlet.MockMvcPrintOnlyOnFailureTestExecutionListener@3277e499, org.springframework.boot.test.autoconfigure.web.servlet.WebDriverTestExecutionListener@585811a4, org.springframework.boot.test.autoconfigure.webservices.client.MockWebServiceServerTestExecutionListener@22c01ab0, org.springframework.boot.test.mock.mockito.ResetMocksTestExecutionListener@411341bd]
13:28:59.796 [Test worker] DEBUG org.springframework.test.context.support.AbstractDirtiesContextTestExecutionListener - Before test class: context [DefaultTestContext@13006998 testClass = CartRestControllerTest, testInstance = [null], testMethod = [null], testException = [null], mergedContextConfiguration = [WebMergedContextConfiguration@37fbe4a8 testClass = CartRestControllerTest, locations = '{}', classes = '{class com.example.kakao.KakaoApplication}', contextInitializerClasses = '[]', activeProfiles = '{}', propertySourceLocations = '{}', propertySourceProperties = '{org.springframework.boot.test.autoconfigure.web.servlet.WebMvcTestContextBootstrapper=true}', contextCustomizers = set[org.springframework.boot.test.autoconfigure.OverrideAutoConfigurationContextCustomizerFactory$DisableAutoConfigurationContextCustomizer@5b057c8c, org.springframework.boot.test.autoconfigure.actuate.metrics.MetricsExportContextCustomizerFactory$DisableMetricExportContextCustomizer@650eab8, org.springframework.boot.test.autoconfigure.filter.TypeExcludeFiltersContextCustomizer@d229ee8a, org.springframework.boot.test.autoconfigure.properties.PropertyMappingContextCustomizer@3030d11, org.springframework.boot.test.autoconfigure.web.servlet.WebDriverContextCustomizerFactory$Customizer@2b491fee, [ImportsContextCustomizer@352c308 key = [org.springframework.boot.autoconfigure.cache.CacheAutoConfiguration, org.springframework.boot.autoconfigure.context.MessageSourceAutoConfiguration, org.springframework.boot.autoconfigure.data.web.SpringDataWebAutoConfiguration, org.springframework.boot.autoconfigure.freemarker.FreeMarkerAutoConfiguration, org.springframework.boot.autoconfigure.groovy.template.GroovyTemplateAutoConfiguration, org.springframework.boot.autoconfigure.gson.GsonAutoConfiguration, org.springframework.boot.autoconfigure.hateoas.HypermediaAutoConfiguration, org.springframework.boot.autoconfigure.http.HttpMessageConvertersAutoConfiguration, org.springframework.boot.autoconfigure.jackson.JacksonAutoConfiguration, org.springframework.boot.autoconfigure.jsonb.JsonbAutoConfiguration, org.springframework.boot.autoconfigure.mustache.MustacheAutoConfiguration, org.springframework.boot.autoconfigure.task.TaskExecutionAutoConfiguration, org.springframework.boot.autoconfigure.thymeleaf.ThymeleafAutoConfiguration, org.springframework.boot.autoconfigure.validation.ValidationAutoConfiguration, org.springframework.boot.autoconfigure.web.servlet.error.ErrorMvcAutoConfiguration, org.springframework.boot.autoconfigure.web.servlet.HttpEncodingAutoConfiguration, org.springframework.boot.autoconfigure.web.servlet.WebMvcAutoConfiguration, org.springframework.boot.test.autoconfigure.web.servlet.MockMvcAutoConfiguration, org.springframework.boot.test.autoconfigure.web.servlet.MockMvcWebClientAutoConfiguration, org.springframework.boot.test.autoconfigure.web.servlet.MockMvcWebDriverAutoConfiguration, org.springframework.boot.autoconfigure.security.oauth2.client.servlet.OAuth2ClientAutoConfiguration, org.springframework.boot.autoconfigure.security.oauth2.resource.servlet.OAuth2ResourceServerAutoConfiguration, org.springframework.boot.autoconfigure.security.servlet.SecurityAutoConfiguration, org.springframework.boot.autoconfigure.security.servlet.SecurityFilterAutoConfiguration, org.springframework.boot.autoconfigure.security.servlet.UserDetailsServiceAutoConfiguration, org.springframework.boot.test.autoconfigure.web.servlet.MockMvcSecurityConfiguration, org.springframework.boot.test.autoconfigure.web.reactive.WebTestClientAutoConfiguration, com.example.kakao._core.security.SecurityConfig, com.example.kakao._core.errors.GlobalExceptionHandler]], org.springframework.boot.test.context.filter.ExcludeFilterContextCustomizer@34a75079, org.springframework.boot.test.json.DuplicateJsonObjectContextCustomizerFactory$DuplicateJsonObjectContextCustomizer@1643d68f, org.springframework.boot.test.mock.mockito.MockitoContextCustomizer@f05c258e, org.springframework.boot.test.context.SpringBootTestArgs@1, org.springframework.boot.test.context.SpringBootTestWebEnvironment@0], resourceBasePath = 'src/main/webapp', contextLoader = 'org.springframework.boot.test.context.SpringBootContextLoader', parent = [null]], attributes = map[[empty]]], class annotated with @DirtiesContext [false] with mode [null].

  .   ____          _            __ _ _
 /\\ / ___'_ __ _ _(_)_ __  __ _ \ \ \ \
( ( )\___ | '_ | '_| | '_ \/ _` | \ \ \ \
 \\/  ___)| |_)| | | | | || (_| |  ) ) ) )
  '  |____| .__|_| |_|_| |_\__, | / / / /
 =========|_|==============|___/=/_/_/_/
 :: Spring Boot ::                (v2.7.6)

2023-07-21 13:29:00.104  INFO 61269 --- [    Test worker] c.e.kakao.cart.CartRestControllerTest    : Starting CartRestControllerTest using Java 11.0.17 on MacBook-Pro.local with PID 61269 (started by mae in /Users/mae/Desktop/KTC/step2-BE-kakao-shop/week4)
2023-07-21 13:29:00.104 DEBUG 61269 --- [    Test worker] c.e.kakao.cart.CartRestControllerTest    : Running with Spring Boot v2.7.6, Spring v5.3.24
2023-07-21 13:29:00.105  INFO 61269 --- [    Test worker] c.e.kakao.cart.CartRestControllerTest    : The following 1 profile is active: "local"
2023-07-21 13:29:00.887  WARN 61269 --- [    Test worker] .s.s.UserDetailsServiceAutoConfiguration : 

Using generated security password: 1f0405c7-ddd6-4fcb-ac78-ac5abdf16945

This generated password is for development use only. Your security configuration must be updated before running your application in production.

2023-07-21 13:29:00.988  INFO 61269 --- [    Test worker] o.s.s.web.DefaultSecurityFilterChain     : Will secure any request with [org.springframework.security.web.session.DisableEncodeUrlFilter@25470477, org.springframework.security.web.context.request.async.WebAsyncManagerIntegrationFilter@6182ffef, org.springframework.security.web.context.SecurityContextPersistenceFilter@2ae3235e, org.springframework.security.web.header.HeaderWriterFilter@2565a7d0, org.springframework.web.filter.CorsFilter@49e479da, org.springframework.security.web.authentication.logout.LogoutFilter@37a67cf, com.example.kakao._core.security.JwtAuthenticationFilter@2d24cdd9, org.springframework.security.web.savedrequest.RequestCacheAwareFilter@71e2c6d8, org.springframework.security.web.servletapi.SecurityContextHolderAwareRequestFilter@4228f269, org.springframework.security.web.authentication.AnonymousAuthenticationFilter@30dd00b6, org.springframework.security.web.session.SessionManagementFilter@762405bf, org.springframework.security.web.access.ExceptionTranslationFilter@4536a715, org.springframework.security.web.access.intercept.FilterSecurityInterceptor@6736f40f]
2023-07-21 13:29:01.308  INFO 61269 --- [    Test worker] o.s.b.t.m.w.SpringBootMockServletContext : Initializing Spring TestDispatcherServlet ''
2023-07-21 13:29:01.308  INFO 61269 --- [    Test worker] o.s.t.web.servlet.TestDispatcherServlet  : Initializing Servlet ''
2023-07-21 13:29:01.309  INFO 61269 --- [    Test worker] o.s.t.web.servlet.TestDispatcherServlet  : Completed initialization in 1 ms
2023-07-21 13:29:01.326  INFO 61269 --- [    Test worker] c.e.kakao.cart.CartRestControllerTest    : Started CartRestControllerTest in 1.505 seconds (JVM running for 2.327)
테스트 : [{"optionId":1,"quantity":5},{"optionId":2,"quantity":5}]
테스트 : {"success":true,"response":null,"error":null}
테스트 : [{"cartId":1,"quantity":10},{"cartId":2,"quantity":10}]
테스트 : {"success":true,"response":{"carts":[{"cartId":1,"optionId":1,"optionName":"01. 슬라이딩 지퍼백 크리스마스에디션 4종","quantity":5,"price":50000},{"cartId":2,"optionId":2,"optionName":"02. 슬라이딩 지퍼백 플라워에디션 5종","quantity":5,"price":54500}],"totalPrice":104500},"error":null}
findAll 실행
테스트 : {"success":true,"response":{"products":[{"id":1,"productName":"기본에 슬라이딩 지퍼백 크리스마스/플라워에디션 에디션 외 주방용품 특가전","carts":[{"id":1,"option":{"id":1,"optionName":"01. 슬라이딩 지퍼백 크리스마스에디션 4종","price":10000},"quantity":5,"price":50000},{"id":2,"option":{"id":2,"optionName":"02. 슬라이딩 지퍼백 플라워에디션 5종","price":10900},"quantity":5,"price":54500}]}],"totalPrice":104500},"error":null}
]]></system-out>
  <system-err><![CDATA[]]></system-err>
</testsuite>
