<?xml version="1.0" encoding="UTF-8"?>
<testsuite name="com.example.kakao.cart.CartRestControllerTest" tests="3" skipped="0" failures="0" errors="0" timestamp="2023-07-21T09:21:05" hostname="MacBook-Pro.local" time="0.2">
  <properties/>
  <testcase name="장바구니 담기" classname="com.example.kakao.cart.CartRestControllerTest" time="0.175"/>
  <testcase name="장바구니 수정" classname="com.example.kakao.cart.CartRestControllerTest" time="0.015"/>
  <testcase name="장바구니 조회" classname="com.example.kakao.cart.CartRestControllerTest" time="0.008"/>
  <system-out><![CDATA[18:21:03.636 [Test worker] DEBUG org.springframework.test.context.BootstrapUtils - Instantiating CacheAwareContextLoaderDelegate from class [org.springframework.test.context.cache.DefaultCacheAwareContextLoaderDelegate]
18:21:03.645 [Test worker] DEBUG org.springframework.test.context.BootstrapUtils - Instantiating BootstrapContext using constructor [public org.springframework.test.context.support.DefaultBootstrapContext(java.lang.Class,org.springframework.test.context.CacheAwareContextLoaderDelegate)]
18:21:03.677 [Test worker] DEBUG org.springframework.test.context.BootstrapUtils - Instantiating TestContextBootstrapper for test class [com.example.kakao.cart.CartRestControllerTest] from class [org.springframework.boot.test.autoconfigure.web.servlet.WebMvcTestContextBootstrapper]
18:21:03.690 [Test worker] INFO org.springframework.boot.test.autoconfigure.web.servlet.WebMvcTestContextBootstrapper - Neither @ContextConfiguration nor @ContextHierarchy found for test class [com.example.kakao.cart.CartRestControllerTest], using SpringBootContextLoader
18:21:03.694 [Test worker] DEBUG org.springframework.test.context.support.AbstractContextLoader - Did not detect default resource location for test class [com.example.kakao.cart.CartRestControllerTest]: class path resource [com/example/kakao/cart/CartRestControllerTest-context.xml] does not exist
18:21:03.694 [Test worker] DEBUG org.springframework.test.context.support.AbstractContextLoader - Did not detect default resource location for test class [com.example.kakao.cart.CartRestControllerTest]: class path resource [com/example/kakao/cart/CartRestControllerTestContext.groovy] does not exist
18:21:03.694 [Test worker] INFO org.springframework.test.context.support.AbstractContextLoader - Could not detect default resource locations for test class [com.example.kakao.cart.CartRestControllerTest]: no resource found for suffixes {-context.xml, Context.groovy}.
18:21:03.695 [Test worker] INFO org.springframework.test.context.support.AnnotationConfigContextLoaderUtils - Could not detect default configuration classes for test class [com.example.kakao.cart.CartRestControllerTest]: CartRestControllerTest does not declare any static, non-private, non-final, nested classes annotated with @Configuration.
18:21:03.758 [Test worker] DEBUG org.springframework.test.context.support.ActiveProfilesUtils - Could not find an 'annotation declaring class' for annotation type [org.springframework.test.context.ActiveProfiles] and class [com.example.kakao.cart.CartRestControllerTest]
18:21:03.799 [Test worker] DEBUG org.springframework.context.annotation.ClassPathScanningCandidateComponentProvider - Identified candidate component class: file [/Users/mae/Desktop/KTC/step2-BE-kakao-shop/week4/build/classes/java/main/com/example/kakao/KakaoApplication.class]
18:21:03.799 [Test worker] INFO org.springframework.boot.test.context.SpringBootTestContextBootstrapper - Found @SpringBootConfiguration com.example.kakao.KakaoApplication for test class com.example.kakao.cart.CartRestControllerTest
18:21:03.801 [Test worker] DEBUG org.springframework.boot.test.autoconfigure.web.servlet.WebMvcTestContextBootstrapper - @TestExecutionListeners is not present for class [com.example.kakao.cart.CartRestControllerTest]: using defaults.
18:21:03.801 [Test worker] INFO org.springframework.boot.test.autoconfigure.web.servlet.WebMvcTestContextBootstrapper - Loaded default TestExecutionListener class names from location [META-INF/spring.factories]: [org.springframework.security.test.context.support.WithSecurityContextTestExecutionListener, org.springframework.security.test.context.support.ReactorContextTestExecutionListener, org.springframework.boot.test.autoconfigure.restdocs.RestDocsTestExecutionListener, org.springframework.boot.test.autoconfigure.web.client.MockRestServiceServerResetTestExecutionListener, org.springframework.boot.test.autoconfigure.web.servlet.MockMvcPrintOnlyOnFailureTestExecutionListener, org.springframework.boot.test.autoconfigure.web.servlet.WebDriverTestExecutionListener, org.springframework.boot.test.autoconfigure.webservices.client.MockWebServiceServerTestExecutionListener, org.springframework.boot.test.mock.mockito.MockitoTestExecutionListener, org.springframework.boot.test.mock.mockito.ResetMocksTestExecutionListener, org.springframework.test.context.web.ServletTestExecutionListener, org.springframework.test.context.support.DirtiesContextBeforeModesTestExecutionListener, org.springframework.test.context.event.ApplicationEventsTestExecutionListener, org.springframework.test.context.support.DependencyInjectionTestExecutionListener, org.springframework.test.context.support.DirtiesContextTestExecutionListener, org.springframework.test.context.transaction.TransactionalTestExecutionListener, org.springframework.test.context.jdbc.SqlScriptsTestExecutionListener, org.springframework.test.context.event.EventPublishingTestExecutionListener]
18:21:03.811 [Test worker] INFO org.springframework.boot.test.autoconfigure.web.servlet.WebMvcTestContextBootstrapper - Using TestExecutionListeners: [org.springframework.test.context.web.ServletTestExecutionListener@2cd2c8fe, org.springframework.test.context.support.DirtiesContextBeforeModesTestExecutionListener@7d61eccf, org.springframework.test.context.event.ApplicationEventsTestExecutionListener@cc6460c, org.springframework.boot.test.mock.mockito.MockitoTestExecutionListener@52350abb, org.springframework.boot.test.autoconfigure.SpringBootDependencyInjectionTestExecutionListener@681aad3b, org.springframework.test.context.support.DirtiesContextTestExecutionListener@1a6f2363, org.springframework.test.context.transaction.TransactionalTestExecutionListener@2427e004, org.springframework.test.context.jdbc.SqlScriptsTestExecutionListener@5ebd56e9, org.springframework.security.test.context.support.WithSecurityContextTestExecutionListener@63f34b70, org.springframework.test.context.event.EventPublishingTestExecutionListener@641856, org.springframework.security.test.context.support.ReactorContextTestExecutionListener@1b58ff9e, org.springframework.boot.test.autoconfigure.restdocs.RestDocsTestExecutionListener@2f66e802, org.springframework.boot.test.autoconfigure.web.client.MockRestServiceServerResetTestExecutionListener@56b78e55, org.springframework.boot.test.autoconfigure.web.servlet.MockMvcPrintOnlyOnFailureTestExecutionListener@76318a7d, org.springframework.boot.test.autoconfigure.web.servlet.WebDriverTestExecutionListener@2a492f2a, org.springframework.boot.test.autoconfigure.webservices.client.MockWebServiceServerTestExecutionListener@3277e499, org.springframework.boot.test.mock.mockito.ResetMocksTestExecutionListener@585811a4]
18:21:03.813 [Test worker] DEBUG org.springframework.test.context.support.AbstractDirtiesContextTestExecutionListener - Before test class: context [DefaultTestContext@41beb473 testClass = CartRestControllerTest, testInstance = [null], testMethod = [null], testException = [null], mergedContextConfiguration = [WebMergedContextConfiguration@560513ce testClass = CartRestControllerTest, locations = '{}', classes = '{class com.example.kakao.KakaoApplication}', contextInitializerClasses = '[]', activeProfiles = '{}', propertySourceLocations = '{}', propertySourceProperties = '{org.springframework.boot.test.autoconfigure.web.servlet.WebMvcTestContextBootstrapper=true}', contextCustomizers = set[org.springframework.boot.test.autoconfigure.OverrideAutoConfigurationContextCustomizerFactory$DisableAutoConfigurationContextCustomizer@239b0f9d, org.springframework.boot.test.autoconfigure.actuate.metrics.MetricsExportContextCustomizerFactory$DisableMetricExportContextCustomizer@5b7ea70d, org.springframework.boot.test.autoconfigure.filter.TypeExcludeFiltersContextCustomizer@a5eb8f71, org.springframework.boot.test.autoconfigure.properties.PropertyMappingContextCustomizer@3030d11, org.springframework.boot.test.autoconfigure.web.servlet.WebDriverContextCustomizerFactory$Customizer@1bc715b8, [ImportsContextCustomizer@13006998 key = [org.springframework.boot.autoconfigure.cache.CacheAutoConfiguration, org.springframework.boot.autoconfigure.context.MessageSourceAutoConfiguration, org.springframework.boot.autoconfigure.data.web.SpringDataWebAutoConfiguration, org.springframework.boot.autoconfigure.freemarker.FreeMarkerAutoConfiguration, org.springframework.boot.autoconfigure.groovy.template.GroovyTemplateAutoConfiguration, org.springframework.boot.autoconfigure.gson.GsonAutoConfiguration, org.springframework.boot.autoconfigure.hateoas.HypermediaAutoConfiguration, org.springframework.boot.autoconfigure.http.HttpMessageConvertersAutoConfiguration, org.springframework.boot.autoconfigure.jackson.JacksonAutoConfiguration, org.springframework.boot.autoconfigure.jsonb.JsonbAutoConfiguration, org.springframework.boot.autoconfigure.mustache.MustacheAutoConfiguration, org.springframework.boot.autoconfigure.task.TaskExecutionAutoConfiguration, org.springframework.boot.autoconfigure.thymeleaf.ThymeleafAutoConfiguration, org.springframework.boot.autoconfigure.validation.ValidationAutoConfiguration, org.springframework.boot.autoconfigure.web.servlet.error.ErrorMvcAutoConfiguration, org.springframework.boot.autoconfigure.web.servlet.HttpEncodingAutoConfiguration, org.springframework.boot.autoconfigure.web.servlet.WebMvcAutoConfiguration, org.springframework.boot.test.autoconfigure.web.servlet.MockMvcAutoConfiguration, org.springframework.boot.test.autoconfigure.web.servlet.MockMvcWebClientAutoConfiguration, org.springframework.boot.test.autoconfigure.web.servlet.MockMvcWebDriverAutoConfiguration, org.springframework.boot.autoconfigure.security.oauth2.client.servlet.OAuth2ClientAutoConfiguration, org.springframework.boot.autoconfigure.security.oauth2.resource.servlet.OAuth2ResourceServerAutoConfiguration, org.springframework.boot.autoconfigure.security.servlet.SecurityAutoConfiguration, org.springframework.boot.autoconfigure.security.servlet.SecurityFilterAutoConfiguration, org.springframework.boot.autoconfigure.security.servlet.UserDetailsServiceAutoConfiguration, org.springframework.boot.test.autoconfigure.web.servlet.MockMvcSecurityConfiguration, org.springframework.boot.test.autoconfigure.web.reactive.WebTestClientAutoConfiguration, com.example.kakao._core.security.SecurityConfig, com.example.kakao._core.errors.GlobalExceptionHandler]], org.springframework.boot.test.context.filter.ExcludeFilterContextCustomizer@631e06ab, org.springframework.boot.test.json.DuplicateJsonObjectContextCustomizerFactory$DuplicateJsonObjectContextCustomizer@346a361, org.springframework.boot.test.mock.mockito.MockitoContextCustomizer@5f482375, org.springframework.boot.test.context.SpringBootTestArgs@1, org.springframework.boot.test.context.SpringBootTestWebEnvironment@0], resourceBasePath = 'src/main/webapp', contextLoader = 'org.springframework.boot.test.context.SpringBootContextLoader', parent = [null]], attributes = map[[empty]]], class annotated with @DirtiesContext [false] with mode [null].

  .   ____          _            __ _ _
 /\\ / ___'_ __ _ _(_)_ __  __ _ \ \ \ \
( ( )\___ | '_ | '_| | '_ \/ _` | \ \ \ \
 \\/  ___)| |_)| | | | | || (_| |  ) ) ) )
  '  |____| .__|_| |_|_| |_\__, | / / / /
 =========|_|==============|___/=/_/_/_/
 :: Spring Boot ::                (v2.7.6)

2023-07-21 18:21:04.176  INFO 64815 --- [    Test worker] c.e.kakao.cart.CartRestControllerTest    : Starting CartRestControllerTest using Java 11.0.17 on MacBook-Pro.local with PID 64815 (started by mae in /Users/mae/Desktop/KTC/step2-BE-kakao-shop/week4)
2023-07-21 18:21:04.176 DEBUG 64815 --- [    Test worker] c.e.kakao.cart.CartRestControllerTest    : Running with Spring Boot v2.7.6, Spring v5.3.24
2023-07-21 18:21:04.176  INFO 64815 --- [    Test worker] c.e.kakao.cart.CartRestControllerTest    : The following 1 profile is active: "local"
2023-07-21 18:21:04.970  WARN 64815 --- [    Test worker] .s.s.UserDetailsServiceAutoConfiguration : 

Using generated security password: e9d02729-e326-4570-8be3-741e4f514e05

This generated password is for development use only. Your security configuration must be updated before running your application in production.

2023-07-21 18:21:05.063  INFO 64815 --- [    Test worker] o.s.s.web.DefaultSecurityFilterChain     : Will secure any request with [org.springframework.security.web.session.DisableEncodeUrlFilter@4e2cdc51, org.springframework.security.web.context.request.async.WebAsyncManagerIntegrationFilter@2969a9a6, org.springframework.security.web.context.SecurityContextPersistenceFilter@9d99851, org.springframework.security.web.header.HeaderWriterFilter@32dcfeea, org.springframework.web.filter.CorsFilter@25470477, org.springframework.security.web.authentication.logout.LogoutFilter@547aaa32, com.example.kakao._core.security.JwtAuthenticationFilter@6182ffef, org.springframework.security.web.savedrequest.RequestCacheAwareFilter@46b6701e, org.springframework.security.web.servletapi.SecurityContextHolderAwareRequestFilter@3686389, org.springframework.security.web.authentication.AnonymousAuthenticationFilter@49e479da, org.springframework.security.web.session.SessionManagementFilter@4fd7b79, org.springframework.security.web.access.ExceptionTranslationFilter@47f2c722, org.springframework.security.web.access.intercept.FilterSecurityInterceptor@2af9a5ef]
2023-07-21 18:21:05.367  INFO 64815 --- [    Test worker] o.s.b.t.m.w.SpringBootMockServletContext : Initializing Spring TestDispatcherServlet ''
2023-07-21 18:21:05.367  INFO 64815 --- [    Test worker] o.s.t.web.servlet.TestDispatcherServlet  : Initializing Servlet ''
2023-07-21 18:21:05.368  INFO 64815 --- [    Test worker] o.s.t.web.servlet.TestDispatcherServlet  : Completed initialization in 1 ms
2023-07-21 18:21:05.383  INFO 64815 --- [    Test worker] c.e.kakao.cart.CartRestControllerTest    : Started CartRestControllerTest in 1.531 seconds (JVM running for 3.085)
테스트 : [{"optionId":1,"quantity":5},{"optionId":2,"quantity":5}]
테스트 : {"success":true,"response":null,"error":null}
테스트 : [{"cartId":1,"quantity":10},{"cartId":2,"quantity":10}]
테스트 : {"success":true,"response":{"carts":[{"cartId":1,"optionId":1,"optionName":"01. 슬라이딩 지퍼백 크리스마스에디션 4종","quantity":5,"price":50000},{"cartId":2,"optionId":2,"optionName":"02. 슬라이딩 지퍼백 플라워에디션 5종","quantity":5,"price":54500}],"totalPrice":104500},"error":null}
findAll 실행
테스트 : {"success":true,"response":{"products":[{"id":1,"productName":"기본에 슬라이딩 지퍼백 크리스마스/플라워에디션 에디션 외 주방용품 특가전","carts":[{"id":1,"option":{"id":1,"optionName":"01. 슬라이딩 지퍼백 크리스마스에디션 4종","price":10000},"quantity":5,"price":50000},{"id":2,"option":{"id":2,"optionName":"02. 슬라이딩 지퍼백 플라워에디션 5종","price":10900},"quantity":5,"price":54500}]}],"totalPrice":104500},"error":null}
]]></system-out>
  <system-err><![CDATA[]]></system-err>
</testsuite>
