<?xml version="1.0" encoding="UTF-8"?>
<testsuite name="com.example.kakao.order.OrderRestControllerTest" tests="2" skipped="0" failures="0" errors="0" timestamp="2023-07-20T03:12:12" hostname="MacBook-Pro.local" time="0.115">
  <properties/>
  <testcase name="주문 저장하기 테스트" classname="com.example.kakao.order.OrderRestControllerTest" time="0.104"/>
  <testcase name="주문 결과 확인 테스트" classname="com.example.kakao.order.OrderRestControllerTest" time="0.01"/>
  <system-out><![CDATA[12:12:10.573 [Test worker] DEBUG org.springframework.test.context.BootstrapUtils - Instantiating CacheAwareContextLoaderDelegate from class [org.springframework.test.context.cache.DefaultCacheAwareContextLoaderDelegate]
12:12:10.578 [Test worker] DEBUG org.springframework.test.context.BootstrapUtils - Instantiating BootstrapContext using constructor [public org.springframework.test.context.support.DefaultBootstrapContext(java.lang.Class,org.springframework.test.context.CacheAwareContextLoaderDelegate)]
12:12:10.597 [Test worker] DEBUG org.springframework.test.context.BootstrapUtils - Instantiating TestContextBootstrapper for test class [com.example.kakao.order.OrderRestControllerTest] from class [org.springframework.boot.test.autoconfigure.web.servlet.WebMvcTestContextBootstrapper]
12:12:10.604 [Test worker] INFO org.springframework.boot.test.autoconfigure.web.servlet.WebMvcTestContextBootstrapper - Neither @ContextConfiguration nor @ContextHierarchy found for test class [com.example.kakao.order.OrderRestControllerTest], using SpringBootContextLoader
12:12:10.606 [Test worker] DEBUG org.springframework.test.context.support.AbstractContextLoader - Did not detect default resource location for test class [com.example.kakao.order.OrderRestControllerTest]: class path resource [com/example/kakao/order/OrderRestControllerTest-context.xml] does not exist
12:12:10.606 [Test worker] DEBUG org.springframework.test.context.support.AbstractContextLoader - Did not detect default resource location for test class [com.example.kakao.order.OrderRestControllerTest]: class path resource [com/example/kakao/order/OrderRestControllerTestContext.groovy] does not exist
12:12:10.606 [Test worker] INFO org.springframework.test.context.support.AbstractContextLoader - Could not detect default resource locations for test class [com.example.kakao.order.OrderRestControllerTest]: no resource found for suffixes {-context.xml, Context.groovy}.
12:12:10.606 [Test worker] INFO org.springframework.test.context.support.AnnotationConfigContextLoaderUtils - Could not detect default configuration classes for test class [com.example.kakao.order.OrderRestControllerTest]: OrderRestControllerTest does not declare any static, non-private, non-final, nested classes annotated with @Configuration.
12:12:10.643 [Test worker] DEBUG org.springframework.test.context.support.ActiveProfilesUtils - Could not find an 'annotation declaring class' for annotation type [org.springframework.test.context.ActiveProfiles] and class [com.example.kakao.order.OrderRestControllerTest]
12:12:10.676 [Test worker] DEBUG org.springframework.context.annotation.ClassPathScanningCandidateComponentProvider - Identified candidate component class: file [/Users/mae/Desktop/KTC/step2-BE-kakao-shop/week4/build/classes/java/main/com/example/kakao/KakaoApplication.class]
12:12:10.677 [Test worker] INFO org.springframework.boot.test.context.SpringBootTestContextBootstrapper - Found @SpringBootConfiguration com.example.kakao.KakaoApplication for test class com.example.kakao.order.OrderRestControllerTest
12:12:10.678 [Test worker] DEBUG org.springframework.boot.test.autoconfigure.web.servlet.WebMvcTestContextBootstrapper - @TestExecutionListeners is not present for class [com.example.kakao.order.OrderRestControllerTest]: using defaults.
12:12:10.679 [Test worker] INFO org.springframework.boot.test.autoconfigure.web.servlet.WebMvcTestContextBootstrapper - Loaded default TestExecutionListener class names from location [META-INF/spring.factories]: [org.springframework.security.test.context.support.WithSecurityContextTestExecutionListener, org.springframework.security.test.context.support.ReactorContextTestExecutionListener, org.springframework.boot.test.autoconfigure.restdocs.RestDocsTestExecutionListener, org.springframework.boot.test.autoconfigure.web.client.MockRestServiceServerResetTestExecutionListener, org.springframework.boot.test.autoconfigure.web.servlet.MockMvcPrintOnlyOnFailureTestExecutionListener, org.springframework.boot.test.autoconfigure.web.servlet.WebDriverTestExecutionListener, org.springframework.boot.test.autoconfigure.webservices.client.MockWebServiceServerTestExecutionListener, org.springframework.boot.test.mock.mockito.MockitoTestExecutionListener, org.springframework.boot.test.mock.mockito.ResetMocksTestExecutionListener, org.springframework.test.context.web.ServletTestExecutionListener, org.springframework.test.context.support.DirtiesContextBeforeModesTestExecutionListener, org.springframework.test.context.event.ApplicationEventsTestExecutionListener, org.springframework.test.context.support.DependencyInjectionTestExecutionListener, org.springframework.test.context.support.DirtiesContextTestExecutionListener, org.springframework.test.context.transaction.TransactionalTestExecutionListener, org.springframework.test.context.jdbc.SqlScriptsTestExecutionListener, org.springframework.test.context.event.EventPublishingTestExecutionListener]
12:12:10.690 [Test worker] INFO org.springframework.boot.test.autoconfigure.web.servlet.WebMvcTestContextBootstrapper - Using TestExecutionListeners: [org.springframework.test.context.web.ServletTestExecutionListener@7889a1ac, org.springframework.test.context.support.DirtiesContextBeforeModesTestExecutionListener@3aee3976, org.springframework.test.context.event.ApplicationEventsTestExecutionListener@5ef8df1e, org.springframework.boot.test.mock.mockito.MockitoTestExecutionListener@27cf3151, org.springframework.boot.test.autoconfigure.SpringBootDependencyInjectionTestExecutionListener@127e70c5, org.springframework.test.context.support.DirtiesContextTestExecutionListener@5910de75, org.springframework.test.context.transaction.TransactionalTestExecutionListener@4108fa66, org.springframework.test.context.jdbc.SqlScriptsTestExecutionListener@1f130eaf, org.springframework.security.test.context.support.WithSecurityContextTestExecutionListener@7e0aadd0, org.springframework.test.context.event.EventPublishingTestExecutionListener@21362712, org.springframework.security.test.context.support.ReactorContextTestExecutionListener@27eb3298, org.springframework.boot.test.autoconfigure.restdocs.RestDocsTestExecutionListener@200a26bc, org.springframework.boot.test.autoconfigure.web.client.MockRestServiceServerResetTestExecutionListener@bc57b40, org.springframework.boot.test.autoconfigure.web.servlet.MockMvcPrintOnlyOnFailureTestExecutionListener@1b5bc39d, org.springframework.boot.test.autoconfigure.web.servlet.WebDriverTestExecutionListener@655a5d9c, org.springframework.boot.test.autoconfigure.webservices.client.MockWebServiceServerTestExecutionListener@1494b84d, org.springframework.boot.test.mock.mockito.ResetMocksTestExecutionListener@34abdee4]
12:12:10.692 [Test worker] DEBUG org.springframework.test.context.support.AbstractDirtiesContextTestExecutionListener - Before test class: context [DefaultTestContext@4c4d362a testClass = OrderRestControllerTest, testInstance = [null], testMethod = [null], testException = [null], mergedContextConfiguration = [WebMergedContextConfiguration@5400db36 testClass = OrderRestControllerTest, locations = '{}', classes = '{class com.example.kakao.KakaoApplication}', contextInitializerClasses = '[]', activeProfiles = '{}', propertySourceLocations = '{}', propertySourceProperties = '{org.springframework.boot.test.autoconfigure.web.servlet.WebMvcTestContextBootstrapper=true}', contextCustomizers = set[org.springframework.boot.test.autoconfigure.OverrideAutoConfigurationContextCustomizerFactory$DisableAutoConfigurationContextCustomizer@14f5da2c, org.springframework.boot.test.autoconfigure.actuate.metrics.MetricsExportContextCustomizerFactory$DisableMetricExportContextCustomizer@1eb6749b, org.springframework.boot.test.autoconfigure.filter.TypeExcludeFiltersContextCustomizer@6d1afef7, org.springframework.boot.test.autoconfigure.properties.PropertyMappingContextCustomizer@44c48f5d, org.springframework.boot.test.autoconfigure.web.servlet.WebDriverContextCustomizerFactory$Customizer@2364305a, [ImportsContextCustomizer@76b74e9c key = [com.example.kakao._core.security.SecurityConfig, com.example.kakao._core.errors.GlobalExceptionHandler, org.springframework.boot.autoconfigure.cache.CacheAutoConfiguration, org.springframework.boot.autoconfigure.context.MessageSourceAutoConfiguration, org.springframework.boot.autoconfigure.data.web.SpringDataWebAutoConfiguration, org.springframework.boot.autoconfigure.freemarker.FreeMarkerAutoConfiguration, org.springframework.boot.autoconfigure.groovy.template.GroovyTemplateAutoConfiguration, org.springframework.boot.autoconfigure.gson.GsonAutoConfiguration, org.springframework.boot.autoconfigure.hateoas.HypermediaAutoConfiguration, org.springframework.boot.autoconfigure.http.HttpMessageConvertersAutoConfiguration, org.springframework.boot.autoconfigure.jackson.JacksonAutoConfiguration, org.springframework.boot.autoconfigure.jsonb.JsonbAutoConfiguration, org.springframework.boot.autoconfigure.mustache.MustacheAutoConfiguration, org.springframework.boot.autoconfigure.task.TaskExecutionAutoConfiguration, org.springframework.boot.autoconfigure.thymeleaf.ThymeleafAutoConfiguration, org.springframework.boot.autoconfigure.validation.ValidationAutoConfiguration, org.springframework.boot.autoconfigure.web.servlet.error.ErrorMvcAutoConfiguration, org.springframework.boot.autoconfigure.web.servlet.HttpEncodingAutoConfiguration, org.springframework.boot.autoconfigure.web.servlet.WebMvcAutoConfiguration, org.springframework.boot.test.autoconfigure.web.servlet.MockMvcAutoConfiguration, org.springframework.boot.test.autoconfigure.web.servlet.MockMvcWebClientAutoConfiguration, org.springframework.boot.test.autoconfigure.web.servlet.MockMvcWebDriverAutoConfiguration, org.springframework.boot.autoconfigure.security.oauth2.client.servlet.OAuth2ClientAutoConfiguration, org.springframework.boot.autoconfigure.security.oauth2.resource.servlet.OAuth2ResourceServerAutoConfiguration, org.springframework.boot.autoconfigure.security.servlet.SecurityAutoConfiguration, org.springframework.boot.autoconfigure.security.servlet.SecurityFilterAutoConfiguration, org.springframework.boot.autoconfigure.security.servlet.UserDetailsServiceAutoConfiguration, org.springframework.boot.test.autoconfigure.web.servlet.MockMvcSecurityConfiguration, org.springframework.boot.test.autoconfigure.web.reactive.WebTestClientAutoConfiguration]], org.springframework.boot.test.context.filter.ExcludeFilterContextCustomizer@5049d8b2, org.springframework.boot.test.json.DuplicateJsonObjectContextCustomizerFactory$DuplicateJsonObjectContextCustomizer@2a3591c5, org.springframework.boot.test.mock.mockito.MockitoContextCustomizer@f882b214, org.springframework.boot.test.context.SpringBootTestArgs@1, org.springframework.boot.test.context.SpringBootTestWebEnvironment@0], resourceBasePath = 'src/main/webapp', contextLoader = 'org.springframework.boot.test.context.SpringBootContextLoader', parent = [null]], attributes = map[[empty]]], class annotated with @DirtiesContext [false] with mode [null].

  .   ____          _            __ _ _
 /\\ / ___'_ __ _ _(_)_ __  __ _ \ \ \ \
( ( )\___ | '_ | '_| | '_ \/ _` | \ \ \ \
 \\/  ___)| |_)| | | | | || (_| |  ) ) ) )
  '  |____| .__|_| |_|_| |_\__, | / / / /
 =========|_|==============|___/=/_/_/_/
 :: Spring Boot ::                (v2.7.6)

2023-07-20 12:12:10.971  INFO 54230 --- [    Test worker] c.e.kakao.order.OrderRestControllerTest  : Starting OrderRestControllerTest using Java 11.0.17 on MacBook-Pro.local with PID 54230 (started by mae in /Users/mae/Desktop/KTC/step2-BE-kakao-shop/week4)
2023-07-20 12:12:10.972 DEBUG 54230 --- [    Test worker] c.e.kakao.order.OrderRestControllerTest  : Running with Spring Boot v2.7.6, Spring v5.3.24
2023-07-20 12:12:10.972  INFO 54230 --- [    Test worker] c.e.kakao.order.OrderRestControllerTest  : The following 1 profile is active: "local"
2023-07-20 12:12:11.659  WARN 54230 --- [    Test worker] .s.s.UserDetailsServiceAutoConfiguration : 

Using generated security password: aac6dd3d-2bc7-4d02-8486-8fcb60aa73fa

This generated password is for development use only. Your security configuration must be updated before running your application in production.

2023-07-20 12:12:11.742  INFO 54230 --- [    Test worker] o.s.s.web.DefaultSecurityFilterChain     : Will secure any request with [org.springframework.security.web.session.DisableEncodeUrlFilter@16e195cf, org.springframework.security.web.context.request.async.WebAsyncManagerIntegrationFilter@3212d853, org.springframework.security.web.context.SecurityContextPersistenceFilter@22fb9a2c, org.springframework.security.web.header.HeaderWriterFilter@6ef037e4, org.springframework.web.filter.CorsFilter@74c7522c, org.springframework.security.web.authentication.logout.LogoutFilter@7bec8cb0, com.example.kakao._core.security.JwtAuthenticationFilter@77c23d90, org.springframework.security.web.savedrequest.RequestCacheAwareFilter@21527b8, org.springframework.security.web.servletapi.SecurityContextHolderAwareRequestFilter@7cc1f72c, org.springframework.security.web.authentication.AnonymousAuthenticationFilter@6d17914a, org.springframework.security.web.session.SessionManagementFilter@749baa0c, org.springframework.security.web.access.ExceptionTranslationFilter@349f0ca4, org.springframework.security.web.access.intercept.FilterSecurityInterceptor@44864536]
2023-07-20 12:12:12.041  INFO 54230 --- [    Test worker] o.s.b.t.m.w.SpringBootMockServletContext : Initializing Spring TestDispatcherServlet ''
2023-07-20 12:12:12.041  INFO 54230 --- [    Test worker] o.s.t.web.servlet.TestDispatcherServlet  : Initializing Servlet ''
2023-07-20 12:12:12.042  INFO 54230 --- [    Test worker] o.s.t.web.servlet.TestDispatcherServlet  : Completed initialization in 1 ms
2023-07-20 12:12:12.056  INFO 54230 --- [    Test worker] c.e.kakao.order.OrderRestControllerTest  : Started OrderRestControllerTest in 1.343 seconds (JVM running for 1.934)
테스트 : {"success":true,"response":{"id":1,"products":[{"id":1,"productName":"기본에 슬라이딩 지퍼백 크리스마스/플라워에디션 에디션 외 주방용품 특가전","items":[{"id":1,"optionName":"01. 슬라이딩 지퍼백 크리스마스에디션 4종","quantity":5,"price":50000},{"id":2,"optionName":"02. 슬라이딩 지퍼백 플라워에디션 5종","quantity":5,"price":54500}]}],"totalPrice":104500},"error":null}
테스트 : {"success":true,"response":{"id":1,"products":[{"id":1,"productName":"기본에 슬라이딩 지퍼백 크리스마스/플라워에디션 에디션 외 주방용품 특가전","items":[{"id":1,"optionName":"01. 슬라이딩 지퍼백 크리스마스에디션 4종","quantity":5,"price":50000},{"id":2,"optionName":"02. 슬라이딩 지퍼백 플라워에디션 5종","quantity":5,"price":54500}]}],"totalPrice":104500},"error":null}
]]></system-out>
  <system-err><![CDATA[]]></system-err>
</testsuite>
