<?xml version="1.0" encoding="UTF-8"?>
<testsuite name="Cart Repository Test" tests="4" skipped="0" failures="3" errors="0" timestamp="2023-07-14T05:42:55" hostname="mac.local" time="0.576">
  <properties/>
  <testcase name="update cart test" classname="com.example.kakao.cart.CartJPARepositoryTest" time="0.253"/>
  <testcase name="find all cart using user-id" classname="com.example.kakao.cart.CartJPARepositoryTest" time="0.115">
    <failure message="java.lang.AssertionError: &#10;Expected size: 5 but was: 0 in:&#10;[]" type="java.lang.AssertionError">java.lang.AssertionError: 
Expected size: 5 but was: 0 in:
[]
	at com.example.kakao.cart.CartJPARepositoryTest.findAllByUserIdTest(CartJPARepositoryTest.java:95)
	at java.base/jdk.internal.reflect.NativeMethodAccessorImpl.invoke0(Native Method)
	at java.base/jdk.internal.reflect.NativeMethodAccessorImpl.invoke(NativeMethodAccessorImpl.java:77)
	at java.base/jdk.internal.reflect.DelegatingMethodAccessorImpl.invoke(DelegatingMethodAccessorImpl.java:43)
	at java.base/java.lang.reflect.Method.invoke(Method.java:568)
	at org.junit.platform.commons.util.ReflectionUtils.invokeMethod(ReflectionUtils.java:725)
	at org.junit.jupiter.engine.execution.MethodInvocation.proceed(MethodInvocation.java:60)
	at org.junit.jupiter.engine.execution.InvocationInterceptorChain$ValidatingInvocation.proceed(InvocationInterceptorChain.java:131)
	at org.junit.jupiter.engine.extension.TimeoutExtension.intercept(TimeoutExtension.java:149)
	at org.junit.jupiter.engine.extension.TimeoutExtension.interceptTestableMethod(TimeoutExtension.java:140)
	at org.junit.jupiter.engine.extension.TimeoutExtension.interceptTestMethod(TimeoutExtension.java:84)
	at org.junit.jupiter.engine.execution.ExecutableInvoker$ReflectiveInterceptorCall.lambda$ofVoidMethod$0(ExecutableInvoker.java:115)
	at org.junit.jupiter.engine.execution.ExecutableInvoker.lambda$invoke$0(ExecutableInvoker.java:105)
	at org.junit.jupiter.engine.execution.InvocationInterceptorChain$InterceptedInvocation.proceed(InvocationInterceptorChain.java:106)
	at org.junit.jupiter.engine.execution.InvocationInterceptorChain.proceed(InvocationInterceptorChain.java:64)
	at org.junit.jupiter.engine.execution.InvocationInterceptorChain.chainAndInvoke(InvocationInterceptorChain.java:45)
	at org.junit.jupiter.engine.execution.InvocationInterceptorChain.invoke(InvocationInterceptorChain.java:37)
	at org.junit.jupiter.engine.execution.ExecutableInvoker.invoke(ExecutableInvoker.java:104)
	at org.junit.jupiter.engine.execution.ExecutableInvoker.invoke(ExecutableInvoker.java:98)
	at org.junit.jupiter.engine.descriptor.TestMethodTestDescriptor.lambda$invokeTestMethod$7(TestMethodTestDescriptor.java:214)
	at org.junit.platform.engine.support.hierarchical.ThrowableCollector.execute(ThrowableCollector.java:73)
	at org.junit.jupiter.engine.descriptor.TestMethodTestDescriptor.invokeTestMethod(TestMethodTestDescriptor.java:210)
	at org.junit.jupiter.engine.descriptor.TestMethodTestDescriptor.execute(TestMethodTestDescriptor.java:135)
	at org.junit.jupiter.engine.descriptor.TestMethodTestDescriptor.execute(TestMethodTestDescriptor.java:66)
	at org.junit.platform.engine.support.hierarchical.NodeTestTask.lambda$executeRecursively$6(NodeTestTask.java:151)
	at org.junit.platform.engine.support.hierarchical.ThrowableCollector.execute(ThrowableCollector.java:73)
	at org.junit.platform.engine.support.hierarchical.NodeTestTask.lambda$executeRecursively$8(NodeTestTask.java:141)
	at org.junit.platform.engine.support.hierarchical.Node.around(Node.java:137)
	at org.junit.platform.engine.support.hierarchical.NodeTestTask.lambda$executeRecursively$9(NodeTestTask.java:139)
	at org.junit.platform.engine.support.hierarchical.ThrowableCollector.execute(ThrowableCollector.java:73)
	at org.junit.platform.engine.support.hierarchical.NodeTestTask.executeRecursively(NodeTestTask.java:138)
	at org.junit.platform.engine.support.hierarchical.NodeTestTask.execute(NodeTestTask.java:95)
	at java.base/java.util.ArrayList.forEach(ArrayList.java:1511)
	at org.junit.platform.engine.support.hierarchical.SameThreadHierarchicalTestExecutorService.invokeAll(SameThreadHierarchicalTestExecutorService.java:41)
	at org.junit.platform.engine.support.hierarchical.NodeTestTask.lambda$executeRecursively$6(NodeTestTask.java:155)
	at org.junit.platform.engine.support.hierarchical.ThrowableCollector.execute(ThrowableCollector.java:73)
	at org.junit.platform.engine.support.hierarchical.NodeTestTask.lambda$executeRecursively$8(NodeTestTask.java:141)
	at org.junit.platform.engine.support.hierarchical.Node.around(Node.java:137)
	at org.junit.platform.engine.support.hierarchical.NodeTestTask.lambda$executeRecursively$9(NodeTestTask.java:139)
	at org.junit.platform.engine.support.hierarchical.ThrowableCollector.execute(ThrowableCollector.java:73)
	at org.junit.platform.engine.support.hierarchical.NodeTestTask.executeRecursively(NodeTestTask.java:138)
	at org.junit.platform.engine.support.hierarchical.NodeTestTask.execute(NodeTestTask.java:95)
	at java.base/java.util.ArrayList.forEach(ArrayList.java:1511)
	at org.junit.platform.engine.support.hierarchical.SameThreadHierarchicalTestExecutorService.invokeAll(SameThreadHierarchicalTestExecutorService.java:41)
	at org.junit.platform.engine.support.hierarchical.NodeTestTask.lambda$executeRecursively$6(NodeTestTask.java:155)
	at org.junit.platform.engine.support.hierarchical.ThrowableCollector.execute(ThrowableCollector.java:73)
	at org.junit.platform.engine.support.hierarchical.NodeTestTask.lambda$executeRecursively$8(NodeTestTask.java:141)
	at org.junit.platform.engine.support.hierarchical.Node.around(Node.java:137)
	at org.junit.platform.engine.support.hierarchical.NodeTestTask.lambda$executeRecursively$9(NodeTestTask.java:139)
	at org.junit.platform.engine.support.hierarchical.ThrowableCollector.execute(ThrowableCollector.java:73)
	at org.junit.platform.engine.support.hierarchical.NodeTestTask.executeRecursively(NodeTestTask.java:138)
	at org.junit.platform.engine.support.hierarchical.NodeTestTask.execute(NodeTestTask.java:95)
	at org.junit.platform.engine.support.hierarchical.SameThreadHierarchicalTestExecutorService.submit(SameThreadHierarchicalTestExecutorService.java:35)
	at org.junit.platform.engine.support.hierarchical.HierarchicalTestExecutor.execute(HierarchicalTestExecutor.java:57)
	at org.junit.platform.engine.support.hierarchical.HierarchicalTestEngine.execute(HierarchicalTestEngine.java:54)
	at org.junit.platform.launcher.core.EngineExecutionOrchestrator.execute(EngineExecutionOrchestrator.java:107)
	at org.junit.platform.launcher.core.EngineExecutionOrchestrator.execute(EngineExecutionOrchestrator.java:88)
	at org.junit.platform.launcher.core.EngineExecutionOrchestrator.lambda$execute$0(EngineExecutionOrchestrator.java:54)
	at org.junit.platform.launcher.core.EngineExecutionOrchestrator.withInterceptedStreams(EngineExecutionOrchestrator.java:67)
	at org.junit.platform.launcher.core.EngineExecutionOrchestrator.execute(EngineExecutionOrchestrator.java:52)
	at org.junit.platform.launcher.core.DefaultLauncher.execute(DefaultLauncher.java:114)
	at org.junit.platform.launcher.core.DefaultLauncher.execute(DefaultLauncher.java:86)
	at org.junit.platform.launcher.core.DefaultLauncherSession$DelegatingLauncher.execute(DefaultLauncherSession.java:86)
	at org.gradle.api.internal.tasks.testing.junitplatform.JUnitPlatformTestClassProcessor$CollectAllTestClassesExecutor.processAllTestClasses(JUnitPlatformTestClassProcessor.java:110)
	at org.gradle.api.internal.tasks.testing.junitplatform.JUnitPlatformTestClassProcessor$CollectAllTestClassesExecutor.access$000(JUnitPlatformTestClassProcessor.java:90)
	at org.gradle.api.internal.tasks.testing.junitplatform.JUnitPlatformTestClassProcessor.stop(JUnitPlatformTestClassProcessor.java:85)
	at org.gradle.api.internal.tasks.testing.SuiteTestClassProcessor.stop(SuiteTestClassProcessor.java:62)
	at java.base/jdk.internal.reflect.NativeMethodAccessorImpl.invoke0(Native Method)
	at java.base/jdk.internal.reflect.NativeMethodAccessorImpl.invoke(NativeMethodAccessorImpl.java:77)
	at java.base/jdk.internal.reflect.DelegatingMethodAccessorImpl.invoke(DelegatingMethodAccessorImpl.java:43)
	at java.base/java.lang.reflect.Method.invoke(Method.java:568)
	at org.gradle.internal.dispatch.ReflectionDispatch.dispatch(ReflectionDispatch.java:36)
	at org.gradle.internal.dispatch.ReflectionDispatch.dispatch(ReflectionDispatch.java:24)
	at org.gradle.internal.dispatch.ContextClassLoaderDispatch.dispatch(ContextClassLoaderDispatch.java:33)
	at org.gradle.internal.dispatch.ProxyDispatchAdapter$DispatchingInvocationHandler.invoke(ProxyDispatchAdapter.java:94)
	at jdk.proxy1/jdk.proxy1.$Proxy2.stop(Unknown Source)
	at org.gradle.api.internal.tasks.testing.worker.TestWorker$3.run(TestWorker.java:193)
	at org.gradle.api.internal.tasks.testing.worker.TestWorker.executeAndMaintainThreadName(TestWorker.java:129)
	at org.gradle.api.internal.tasks.testing.worker.TestWorker.execute(TestWorker.java:100)
	at org.gradle.api.internal.tasks.testing.worker.TestWorker.execute(TestWorker.java:60)
	at org.gradle.process.internal.worker.child.ActionExecutionWorker.execute(ActionExecutionWorker.java:56)
	at org.gradle.process.internal.worker.child.SystemApplicationClassLoaderWorker.call(SystemApplicationClassLoaderWorker.java:113)
	at org.gradle.process.internal.worker.child.SystemApplicationClassLoaderWorker.call(SystemApplicationClassLoaderWorker.java:65)
	at worker.org.gradle.process.internal.worker.GradleWorkerMain.run(GradleWorkerMain.java:69)
	at worker.org.gradle.process.internal.worker.GradleWorkerMain.main(GradleWorkerMain.java:74)
</failure>
  </testcase>
  <testcase name="insert cart test" classname="com.example.kakao.cart.CartJPARepositoryTest" time="0.1">
    <failure message="java.util.NoSuchElementException: No value present" type="java.util.NoSuchElementException">java.util.NoSuchElementException: No value present
	at java.base/java.util.Optional.orElseThrow(Optional.java:377)
	at com.example.kakao.cart.CartJPARepositoryTest.insertTest(CartJPARepositoryTest.java:67)
	at java.base/jdk.internal.reflect.NativeMethodAccessorImpl.invoke0(Native Method)
	at java.base/jdk.internal.reflect.NativeMethodAccessorImpl.invoke(NativeMethodAccessorImpl.java:77)
	at java.base/jdk.internal.reflect.DelegatingMethodAccessorImpl.invoke(DelegatingMethodAccessorImpl.java:43)
	at java.base/java.lang.reflect.Method.invoke(Method.java:568)
	at org.junit.platform.commons.util.ReflectionUtils.invokeMethod(ReflectionUtils.java:725)
	at org.junit.jupiter.engine.execution.MethodInvocation.proceed(MethodInvocation.java:60)
	at org.junit.jupiter.engine.execution.InvocationInterceptorChain$ValidatingInvocation.proceed(InvocationInterceptorChain.java:131)
	at org.junit.jupiter.engine.extension.TimeoutExtension.intercept(TimeoutExtension.java:149)
	at org.junit.jupiter.engine.extension.TimeoutExtension.interceptTestableMethod(TimeoutExtension.java:140)
	at org.junit.jupiter.engine.extension.TimeoutExtension.interceptTestMethod(TimeoutExtension.java:84)
	at org.junit.jupiter.engine.execution.ExecutableInvoker$ReflectiveInterceptorCall.lambda$ofVoidMethod$0(ExecutableInvoker.java:115)
	at org.junit.jupiter.engine.execution.ExecutableInvoker.lambda$invoke$0(ExecutableInvoker.java:105)
	at org.junit.jupiter.engine.execution.InvocationInterceptorChain$InterceptedInvocation.proceed(InvocationInterceptorChain.java:106)
	at org.junit.jupiter.engine.execution.InvocationInterceptorChain.proceed(InvocationInterceptorChain.java:64)
	at org.junit.jupiter.engine.execution.InvocationInterceptorChain.chainAndInvoke(InvocationInterceptorChain.java:45)
	at org.junit.jupiter.engine.execution.InvocationInterceptorChain.invoke(InvocationInterceptorChain.java:37)
	at org.junit.jupiter.engine.execution.ExecutableInvoker.invoke(ExecutableInvoker.java:104)
	at org.junit.jupiter.engine.execution.ExecutableInvoker.invoke(ExecutableInvoker.java:98)
	at org.junit.jupiter.engine.descriptor.TestMethodTestDescriptor.lambda$invokeTestMethod$7(TestMethodTestDescriptor.java:214)
	at org.junit.platform.engine.support.hierarchical.ThrowableCollector.execute(ThrowableCollector.java:73)
	at org.junit.jupiter.engine.descriptor.TestMethodTestDescriptor.invokeTestMethod(TestMethodTestDescriptor.java:210)
	at org.junit.jupiter.engine.descriptor.TestMethodTestDescriptor.execute(TestMethodTestDescriptor.java:135)
	at org.junit.jupiter.engine.descriptor.TestMethodTestDescriptor.execute(TestMethodTestDescriptor.java:66)
	at org.junit.platform.engine.support.hierarchical.NodeTestTask.lambda$executeRecursively$6(NodeTestTask.java:151)
	at org.junit.platform.engine.support.hierarchical.ThrowableCollector.execute(ThrowableCollector.java:73)
	at org.junit.platform.engine.support.hierarchical.NodeTestTask.lambda$executeRecursively$8(NodeTestTask.java:141)
	at org.junit.platform.engine.support.hierarchical.Node.around(Node.java:137)
	at org.junit.platform.engine.support.hierarchical.NodeTestTask.lambda$executeRecursively$9(NodeTestTask.java:139)
	at org.junit.platform.engine.support.hierarchical.ThrowableCollector.execute(ThrowableCollector.java:73)
	at org.junit.platform.engine.support.hierarchical.NodeTestTask.executeRecursively(NodeTestTask.java:138)
	at org.junit.platform.engine.support.hierarchical.NodeTestTask.execute(NodeTestTask.java:95)
	at java.base/java.util.ArrayList.forEach(ArrayList.java:1511)
	at org.junit.platform.engine.support.hierarchical.SameThreadHierarchicalTestExecutorService.invokeAll(SameThreadHierarchicalTestExecutorService.java:41)
	at org.junit.platform.engine.support.hierarchical.NodeTestTask.lambda$executeRecursively$6(NodeTestTask.java:155)
	at org.junit.platform.engine.support.hierarchical.ThrowableCollector.execute(ThrowableCollector.java:73)
	at org.junit.platform.engine.support.hierarchical.NodeTestTask.lambda$executeRecursively$8(NodeTestTask.java:141)
	at org.junit.platform.engine.support.hierarchical.Node.around(Node.java:137)
	at org.junit.platform.engine.support.hierarchical.NodeTestTask.lambda$executeRecursively$9(NodeTestTask.java:139)
	at org.junit.platform.engine.support.hierarchical.ThrowableCollector.execute(ThrowableCollector.java:73)
	at org.junit.platform.engine.support.hierarchical.NodeTestTask.executeRecursively(NodeTestTask.java:138)
	at org.junit.platform.engine.support.hierarchical.NodeTestTask.execute(NodeTestTask.java:95)
	at java.base/java.util.ArrayList.forEach(ArrayList.java:1511)
	at org.junit.platform.engine.support.hierarchical.SameThreadHierarchicalTestExecutorService.invokeAll(SameThreadHierarchicalTestExecutorService.java:41)
	at org.junit.platform.engine.support.hierarchical.NodeTestTask.lambda$executeRecursively$6(NodeTestTask.java:155)
	at org.junit.platform.engine.support.hierarchical.ThrowableCollector.execute(ThrowableCollector.java:73)
	at org.junit.platform.engine.support.hierarchical.NodeTestTask.lambda$executeRecursively$8(NodeTestTask.java:141)
	at org.junit.platform.engine.support.hierarchical.Node.around(Node.java:137)
	at org.junit.platform.engine.support.hierarchical.NodeTestTask.lambda$executeRecursively$9(NodeTestTask.java:139)
	at org.junit.platform.engine.support.hierarchical.ThrowableCollector.execute(ThrowableCollector.java:73)
	at org.junit.platform.engine.support.hierarchical.NodeTestTask.executeRecursively(NodeTestTask.java:138)
	at org.junit.platform.engine.support.hierarchical.NodeTestTask.execute(NodeTestTask.java:95)
	at org.junit.platform.engine.support.hierarchical.SameThreadHierarchicalTestExecutorService.submit(SameThreadHierarchicalTestExecutorService.java:35)
	at org.junit.platform.engine.support.hierarchical.HierarchicalTestExecutor.execute(HierarchicalTestExecutor.java:57)
	at org.junit.platform.engine.support.hierarchical.HierarchicalTestEngine.execute(HierarchicalTestEngine.java:54)
	at org.junit.platform.launcher.core.EngineExecutionOrchestrator.execute(EngineExecutionOrchestrator.java:107)
	at org.junit.platform.launcher.core.EngineExecutionOrchestrator.execute(EngineExecutionOrchestrator.java:88)
	at org.junit.platform.launcher.core.EngineExecutionOrchestrator.lambda$execute$0(EngineExecutionOrchestrator.java:54)
	at org.junit.platform.launcher.core.EngineExecutionOrchestrator.withInterceptedStreams(EngineExecutionOrchestrator.java:67)
	at org.junit.platform.launcher.core.EngineExecutionOrchestrator.execute(EngineExecutionOrchestrator.java:52)
	at org.junit.platform.launcher.core.DefaultLauncher.execute(DefaultLauncher.java:114)
	at org.junit.platform.launcher.core.DefaultLauncher.execute(DefaultLauncher.java:86)
	at org.junit.platform.launcher.core.DefaultLauncherSession$DelegatingLauncher.execute(DefaultLauncherSession.java:86)
	at org.gradle.api.internal.tasks.testing.junitplatform.JUnitPlatformTestClassProcessor$CollectAllTestClassesExecutor.processAllTestClasses(JUnitPlatformTestClassProcessor.java:110)
	at org.gradle.api.internal.tasks.testing.junitplatform.JUnitPlatformTestClassProcessor$CollectAllTestClassesExecutor.access$000(JUnitPlatformTestClassProcessor.java:90)
	at org.gradle.api.internal.tasks.testing.junitplatform.JUnitPlatformTestClassProcessor.stop(JUnitPlatformTestClassProcessor.java:85)
	at org.gradle.api.internal.tasks.testing.SuiteTestClassProcessor.stop(SuiteTestClassProcessor.java:62)
	at java.base/jdk.internal.reflect.NativeMethodAccessorImpl.invoke0(Native Method)
	at java.base/jdk.internal.reflect.NativeMethodAccessorImpl.invoke(NativeMethodAccessorImpl.java:77)
	at java.base/jdk.internal.reflect.DelegatingMethodAccessorImpl.invoke(DelegatingMethodAccessorImpl.java:43)
	at java.base/java.lang.reflect.Method.invoke(Method.java:568)
	at org.gradle.internal.dispatch.ReflectionDispatch.dispatch(ReflectionDispatch.java:36)
	at org.gradle.internal.dispatch.ReflectionDispatch.dispatch(ReflectionDispatch.java:24)
	at org.gradle.internal.dispatch.ContextClassLoaderDispatch.dispatch(ContextClassLoaderDispatch.java:33)
	at org.gradle.internal.dispatch.ProxyDispatchAdapter$DispatchingInvocationHandler.invoke(ProxyDispatchAdapter.java:94)
	at jdk.proxy1/jdk.proxy1.$Proxy2.stop(Unknown Source)
	at org.gradle.api.internal.tasks.testing.worker.TestWorker$3.run(TestWorker.java:193)
	at org.gradle.api.internal.tasks.testing.worker.TestWorker.executeAndMaintainThreadName(TestWorker.java:129)
	at org.gradle.api.internal.tasks.testing.worker.TestWorker.execute(TestWorker.java:100)
	at org.gradle.api.internal.tasks.testing.worker.TestWorker.execute(TestWorker.java:60)
	at org.gradle.process.internal.worker.child.ActionExecutionWorker.execute(ActionExecutionWorker.java:56)
	at org.gradle.process.internal.worker.child.SystemApplicationClassLoaderWorker.call(SystemApplicationClassLoaderWorker.java:113)
	at org.gradle.process.internal.worker.child.SystemApplicationClassLoaderWorker.call(SystemApplicationClassLoaderWorker.java:65)
	at worker.org.gradle.process.internal.worker.GradleWorkerMain.run(GradleWorkerMain.java:69)
	at worker.org.gradle.process.internal.worker.GradleWorkerMain.main(GradleWorkerMain.java:74)
</failure>
  </testcase>
  <testcase name="delete cart test" classname="com.example.kakao.cart.CartJPARepositoryTest" time="0.103">
    <failure message="org.springframework.dao.EmptyResultDataAccessException: No class com.example.kakao.cart.Cart entity with id 1 exists!" type="org.springframework.dao.EmptyResultDataAccessException">org.springframework.dao.EmptyResultDataAccessException: No class com.example.kakao.cart.Cart entity with id 1 exists!
	at app//org.springframework.data.jpa.repository.support.SimpleJpaRepository.lambda$deleteById$0(SimpleJpaRepository.java:173)
	at java.base@17.0.7/java.util.Optional.orElseThrow(Optional.java:403)
	at app//org.springframework.data.jpa.repository.support.SimpleJpaRepository.deleteById(SimpleJpaRepository.java:172)
	at java.base@17.0.7/jdk.internal.reflect.NativeMethodAccessorImpl.invoke0(Native Method)
	at java.base@17.0.7/jdk.internal.reflect.NativeMethodAccessorImpl.invoke(NativeMethodAccessorImpl.java:77)
	at java.base@17.0.7/jdk.internal.reflect.DelegatingMethodAccessorImpl.invoke(DelegatingMethodAccessorImpl.java:43)
	at java.base@17.0.7/java.lang.reflect.Method.invoke(Method.java:568)
	at app//org.springframework.data.repository.core.support.RepositoryMethodInvoker$RepositoryFragmentMethodInvoker.lambda$new$0(RepositoryMethodInvoker.java:289)
	at app//org.springframework.data.repository.core.support.RepositoryMethodInvoker.doInvoke(RepositoryMethodInvoker.java:137)
	at app//org.springframework.data.repository.core.support.RepositoryMethodInvoker.invoke(RepositoryMethodInvoker.java:121)
	at app//org.springframework.data.repository.core.support.RepositoryComposition$RepositoryFragments.invoke(RepositoryComposition.java:530)
	at app//org.springframework.data.repository.core.support.RepositoryComposition.invoke(RepositoryComposition.java:286)
	at app//org.springframework.data.repository.core.support.RepositoryFactorySupport$ImplementationMethodExecutionInterceptor.invoke(RepositoryFactorySupport.java:640)
	at app//org.springframework.aop.framework.ReflectiveMethodInvocation.proceed(ReflectiveMethodInvocation.java:186)
	at app//org.springframework.data.repository.core.support.QueryExecutorMethodInterceptor.doInvoke(QueryExecutorMethodInterceptor.java:164)
	at app//org.springframework.data.repository.core.support.QueryExecutorMethodInterceptor.invoke(QueryExecutorMethodInterceptor.java:139)
	at app//org.springframework.aop.framework.ReflectiveMethodInvocation.proceed(ReflectiveMethodInvocation.java:186)
	at app//org.springframework.data.projection.DefaultMethodInvokingMethodInterceptor.invoke(DefaultMethodInvokingMethodInterceptor.java:81)
	at app//org.springframework.aop.framework.ReflectiveMethodInvocation.proceed(ReflectiveMethodInvocation.java:186)
	at app//org.springframework.transaction.interceptor.TransactionInterceptor$1.proceedWithInvocation(TransactionInterceptor.java:123)
	at app//org.springframework.transaction.interceptor.TransactionAspectSupport.invokeWithinTransaction(TransactionAspectSupport.java:388)
	at app//org.springframework.transaction.interceptor.TransactionInterceptor.invoke(TransactionInterceptor.java:119)
	at app//org.springframework.aop.framework.ReflectiveMethodInvocation.proceed(ReflectiveMethodInvocation.java:186)
	at app//org.springframework.dao.support.PersistenceExceptionTranslationInterceptor.invoke(PersistenceExceptionTranslationInterceptor.java:137)
	at app//org.springframework.aop.framework.ReflectiveMethodInvocation.proceed(ReflectiveMethodInvocation.java:186)
	at app//org.springframework.data.jpa.repository.support.CrudMethodMetadataPostProcessor$CrudMethodMetadataPopulatingMethodInterceptor.invoke(CrudMethodMetadataPostProcessor.java:174)
	at app//org.springframework.aop.framework.ReflectiveMethodInvocation.proceed(ReflectiveMethodInvocation.java:186)
	at app//org.springframework.aop.interceptor.ExposeInvocationInterceptor.invoke(ExposeInvocationInterceptor.java:97)
	at app//org.springframework.aop.framework.ReflectiveMethodInvocation.proceed(ReflectiveMethodInvocation.java:186)
	at app//org.springframework.aop.framework.JdkDynamicAopProxy.invoke(JdkDynamicAopProxy.java:215)
	at app/jdk.proxy3/jdk.proxy3.$Proxy118.deleteById(Unknown Source)
	at app//com.example.kakao.cart.CartJPARepositoryTest.deleteTest(CartJPARepositoryTest.java:124)
	at java.base@17.0.7/jdk.internal.reflect.NativeMethodAccessorImpl.invoke0(Native Method)
	at java.base@17.0.7/jdk.internal.reflect.NativeMethodAccessorImpl.invoke(NativeMethodAccessorImpl.java:77)
	at java.base@17.0.7/jdk.internal.reflect.DelegatingMethodAccessorImpl.invoke(DelegatingMethodAccessorImpl.java:43)
	at java.base@17.0.7/java.lang.reflect.Method.invoke(Method.java:568)
	at app//org.junit.platform.commons.util.ReflectionUtils.invokeMethod(ReflectionUtils.java:725)
	at app//org.junit.jupiter.engine.execution.MethodInvocation.proceed(MethodInvocation.java:60)
	at app//org.junit.jupiter.engine.execution.InvocationInterceptorChain$ValidatingInvocation.proceed(InvocationInterceptorChain.java:131)
	at app//org.junit.jupiter.engine.extension.TimeoutExtension.intercept(TimeoutExtension.java:149)
	at app//org.junit.jupiter.engine.extension.TimeoutExtension.interceptTestableMethod(TimeoutExtension.java:140)
	at app//org.junit.jupiter.engine.extension.TimeoutExtension.interceptTestMethod(TimeoutExtension.java:84)
	at app//org.junit.jupiter.engine.execution.ExecutableInvoker$ReflectiveInterceptorCall.lambda$ofVoidMethod$0(ExecutableInvoker.java:115)
	at app//org.junit.jupiter.engine.execution.ExecutableInvoker.lambda$invoke$0(ExecutableInvoker.java:105)
	at app//org.junit.jupiter.engine.execution.InvocationInterceptorChain$InterceptedInvocation.proceed(InvocationInterceptorChain.java:106)
	at app//org.junit.jupiter.engine.execution.InvocationInterceptorChain.proceed(InvocationInterceptorChain.java:64)
	at app//org.junit.jupiter.engine.execution.InvocationInterceptorChain.chainAndInvoke(InvocationInterceptorChain.java:45)
	at app//org.junit.jupiter.engine.execution.InvocationInterceptorChain.invoke(InvocationInterceptorChain.java:37)
	at app//org.junit.jupiter.engine.execution.ExecutableInvoker.invoke(ExecutableInvoker.java:104)
	at app//org.junit.jupiter.engine.execution.ExecutableInvoker.invoke(ExecutableInvoker.java:98)
	at app//org.junit.jupiter.engine.descriptor.TestMethodTestDescriptor.lambda$invokeTestMethod$7(TestMethodTestDescriptor.java:214)
	at app//org.junit.platform.engine.support.hierarchical.ThrowableCollector.execute(ThrowableCollector.java:73)
	at app//org.junit.jupiter.engine.descriptor.TestMethodTestDescriptor.invokeTestMethod(TestMethodTestDescriptor.java:210)
	at app//org.junit.jupiter.engine.descriptor.TestMethodTestDescriptor.execute(TestMethodTestDescriptor.java:135)
	at app//org.junit.jupiter.engine.descriptor.TestMethodTestDescriptor.execute(TestMethodTestDescriptor.java:66)
	at app//org.junit.platform.engine.support.hierarchical.NodeTestTask.lambda$executeRecursively$6(NodeTestTask.java:151)
	at app//org.junit.platform.engine.support.hierarchical.ThrowableCollector.execute(ThrowableCollector.java:73)
	at app//org.junit.platform.engine.support.hierarchical.NodeTestTask.lambda$executeRecursively$8(NodeTestTask.java:141)
	at app//org.junit.platform.engine.support.hierarchical.Node.around(Node.java:137)
	at app//org.junit.platform.engine.support.hierarchical.NodeTestTask.lambda$executeRecursively$9(NodeTestTask.java:139)
	at app//org.junit.platform.engine.support.hierarchical.ThrowableCollector.execute(ThrowableCollector.java:73)
	at app//org.junit.platform.engine.support.hierarchical.NodeTestTask.executeRecursively(NodeTestTask.java:138)
	at app//org.junit.platform.engine.support.hierarchical.NodeTestTask.execute(NodeTestTask.java:95)
	at java.base@17.0.7/java.util.ArrayList.forEach(ArrayList.java:1511)
	at app//org.junit.platform.engine.support.hierarchical.SameThreadHierarchicalTestExecutorService.invokeAll(SameThreadHierarchicalTestExecutorService.java:41)
	at app//org.junit.platform.engine.support.hierarchical.NodeTestTask.lambda$executeRecursively$6(NodeTestTask.java:155)
	at app//org.junit.platform.engine.support.hierarchical.ThrowableCollector.execute(ThrowableCollector.java:73)
	at app//org.junit.platform.engine.support.hierarchical.NodeTestTask.lambda$executeRecursively$8(NodeTestTask.java:141)
	at app//org.junit.platform.engine.support.hierarchical.Node.around(Node.java:137)
	at app//org.junit.platform.engine.support.hierarchical.NodeTestTask.lambda$executeRecursively$9(NodeTestTask.java:139)
	at app//org.junit.platform.engine.support.hierarchical.ThrowableCollector.execute(ThrowableCollector.java:73)
	at app//org.junit.platform.engine.support.hierarchical.NodeTestTask.executeRecursively(NodeTestTask.java:138)
	at app//org.junit.platform.engine.support.hierarchical.NodeTestTask.execute(NodeTestTask.java:95)
	at java.base@17.0.7/java.util.ArrayList.forEach(ArrayList.java:1511)
	at app//org.junit.platform.engine.support.hierarchical.SameThreadHierarchicalTestExecutorService.invokeAll(SameThreadHierarchicalTestExecutorService.java:41)
	at app//org.junit.platform.engine.support.hierarchical.NodeTestTask.lambda$executeRecursively$6(NodeTestTask.java:155)
	at app//org.junit.platform.engine.support.hierarchical.ThrowableCollector.execute(ThrowableCollector.java:73)
	at app//org.junit.platform.engine.support.hierarchical.NodeTestTask.lambda$executeRecursively$8(NodeTestTask.java:141)
	at app//org.junit.platform.engine.support.hierarchical.Node.around(Node.java:137)
	at app//org.junit.platform.engine.support.hierarchical.NodeTestTask.lambda$executeRecursively$9(NodeTestTask.java:139)
	at app//org.junit.platform.engine.support.hierarchical.ThrowableCollector.execute(ThrowableCollector.java:73)
	at app//org.junit.platform.engine.support.hierarchical.NodeTestTask.executeRecursively(NodeTestTask.java:138)
	at app//org.junit.platform.engine.support.hierarchical.NodeTestTask.execute(NodeTestTask.java:95)
	at app//org.junit.platform.engine.support.hierarchical.SameThreadHierarchicalTestExecutorService.submit(SameThreadHierarchicalTestExecutorService.java:35)
	at app//org.junit.platform.engine.support.hierarchical.HierarchicalTestExecutor.execute(HierarchicalTestExecutor.java:57)
	at app//org.junit.platform.engine.support.hierarchical.HierarchicalTestEngine.execute(HierarchicalTestEngine.java:54)
	at app//org.junit.platform.launcher.core.EngineExecutionOrchestrator.execute(EngineExecutionOrchestrator.java:107)
	at app//org.junit.platform.launcher.core.EngineExecutionOrchestrator.execute(EngineExecutionOrchestrator.java:88)
	at app//org.junit.platform.launcher.core.EngineExecutionOrchestrator.lambda$execute$0(EngineExecutionOrchestrator.java:54)
	at app//org.junit.platform.launcher.core.EngineExecutionOrchestrator.withInterceptedStreams(EngineExecutionOrchestrator.java:67)
	at app//org.junit.platform.launcher.core.EngineExecutionOrchestrator.execute(EngineExecutionOrchestrator.java:52)
	at app//org.junit.platform.launcher.core.DefaultLauncher.execute(DefaultLauncher.java:114)
	at app//org.junit.platform.launcher.core.DefaultLauncher.execute(DefaultLauncher.java:86)
	at app//org.junit.platform.launcher.core.DefaultLauncherSession$DelegatingLauncher.execute(DefaultLauncherSession.java:86)
	at org.gradle.api.internal.tasks.testing.junitplatform.JUnitPlatformTestClassProcessor$CollectAllTestClassesExecutor.processAllTestClasses(JUnitPlatformTestClassProcessor.java:110)
	at org.gradle.api.internal.tasks.testing.junitplatform.JUnitPlatformTestClassProcessor$CollectAllTestClassesExecutor.access$000(JUnitPlatformTestClassProcessor.java:90)
	at org.gradle.api.internal.tasks.testing.junitplatform.JUnitPlatformTestClassProcessor.stop(JUnitPlatformTestClassProcessor.java:85)
	at org.gradle.api.internal.tasks.testing.SuiteTestClassProcessor.stop(SuiteTestClassProcessor.java:62)
	at java.base@17.0.7/jdk.internal.reflect.NativeMethodAccessorImpl.invoke0(Native Method)
	at java.base@17.0.7/jdk.internal.reflect.NativeMethodAccessorImpl.invoke(NativeMethodAccessorImpl.java:77)
	at java.base@17.0.7/jdk.internal.reflect.DelegatingMethodAccessorImpl.invoke(DelegatingMethodAccessorImpl.java:43)
	at java.base@17.0.7/java.lang.reflect.Method.invoke(Method.java:568)
	at org.gradle.internal.dispatch.ReflectionDispatch.dispatch(ReflectionDispatch.java:36)
	at org.gradle.internal.dispatch.ReflectionDispatch.dispatch(ReflectionDispatch.java:24)
	at org.gradle.internal.dispatch.ContextClassLoaderDispatch.dispatch(ContextClassLoaderDispatch.java:33)
	at org.gradle.internal.dispatch.ProxyDispatchAdapter$DispatchingInvocationHandler.invoke(ProxyDispatchAdapter.java:94)
	at jdk.proxy1/jdk.proxy1.$Proxy2.stop(Unknown Source)
	at org.gradle.api.internal.tasks.testing.worker.TestWorker$3.run(TestWorker.java:193)
	at org.gradle.api.internal.tasks.testing.worker.TestWorker.executeAndMaintainThreadName(TestWorker.java:129)
	at org.gradle.api.internal.tasks.testing.worker.TestWorker.execute(TestWorker.java:100)
	at org.gradle.api.internal.tasks.testing.worker.TestWorker.execute(TestWorker.java:60)
	at org.gradle.process.internal.worker.child.ActionExecutionWorker.execute(ActionExecutionWorker.java:56)
	at org.gradle.process.internal.worker.child.SystemApplicationClassLoaderWorker.call(SystemApplicationClassLoaderWorker.java:113)
	at org.gradle.process.internal.worker.child.SystemApplicationClassLoaderWorker.call(SystemApplicationClassLoaderWorker.java:65)
	at app//worker.org.gradle.process.internal.worker.GradleWorkerMain.run(GradleWorkerMain.java:69)
	at app//worker.org.gradle.process.internal.worker.GradleWorkerMain.main(GradleWorkerMain.java:74)
</failure>
  </testcase>
  <system-out><![CDATA[14:42:54.454 [Test worker] DEBUG org.springframework.test.context.BootstrapUtils - Instantiating CacheAwareContextLoaderDelegate from class [org.springframework.test.context.cache.DefaultCacheAwareContextLoaderDelegate]
14:42:54.459 [Test worker] DEBUG org.springframework.test.context.BootstrapUtils - Instantiating BootstrapContext using constructor [public org.springframework.test.context.support.DefaultBootstrapContext(java.lang.Class,org.springframework.test.context.CacheAwareContextLoaderDelegate)]
14:42:54.474 [Test worker] DEBUG org.springframework.test.context.BootstrapUtils - Instantiating TestContextBootstrapper for test class [com.example.kakao.cart.CartJPARepositoryTest] from class [org.springframework.boot.test.autoconfigure.orm.jpa.DataJpaTestContextBootstrapper]
14:42:54.479 [Test worker] INFO org.springframework.boot.test.autoconfigure.orm.jpa.DataJpaTestContextBootstrapper - Neither @ContextConfiguration nor @ContextHierarchy found for test class [com.example.kakao.cart.CartJPARepositoryTest], using SpringBootContextLoader
14:42:54.481 [Test worker] DEBUG org.springframework.test.context.support.AbstractContextLoader - Did not detect default resource location for test class [com.example.kakao.cart.CartJPARepositoryTest]: class path resource [com/example/kakao/cart/CartJPARepositoryTest-context.xml] does not exist
14:42:54.481 [Test worker] DEBUG org.springframework.test.context.support.AbstractContextLoader - Did not detect default resource location for test class [com.example.kakao.cart.CartJPARepositoryTest]: class path resource [com/example/kakao/cart/CartJPARepositoryTestContext.groovy] does not exist
14:42:54.481 [Test worker] INFO org.springframework.test.context.support.AbstractContextLoader - Could not detect default resource locations for test class [com.example.kakao.cart.CartJPARepositoryTest]: no resource found for suffixes {-context.xml, Context.groovy}.
14:42:54.481 [Test worker] INFO org.springframework.test.context.support.AnnotationConfigContextLoaderUtils - Could not detect default configuration classes for test class [com.example.kakao.cart.CartJPARepositoryTest]: CartJPARepositoryTest does not declare any static, non-private, non-final, nested classes annotated with @Configuration.
14:42:54.507 [Test worker] DEBUG org.springframework.test.context.support.ActiveProfilesUtils - Could not find an 'annotation declaring class' for annotation type [org.springframework.test.context.ActiveProfiles] and class [com.example.kakao.cart.CartJPARepositoryTest]
14:42:54.535 [Test worker] DEBUG org.springframework.context.annotation.ClassPathScanningCandidateComponentProvider - Identified candidate component class: file [/Users/seokjun/Desktop/github/step2-BE-kakao-shop/week3/kakao-jpa/build/classes/java/main/com/example/kakao/KakaoApplication.class]
14:42:54.535 [Test worker] INFO org.springframework.boot.test.context.SpringBootTestContextBootstrapper - Found @SpringBootConfiguration com.example.kakao.KakaoApplication for test class com.example.kakao.cart.CartJPARepositoryTest
14:42:54.536 [Test worker] DEBUG org.springframework.boot.test.autoconfigure.orm.jpa.DataJpaTestContextBootstrapper - @TestExecutionListeners is not present for class [com.example.kakao.cart.CartJPARepositoryTest]: using defaults.
14:42:54.536 [Test worker] INFO org.springframework.boot.test.autoconfigure.orm.jpa.DataJpaTestContextBootstrapper - Loaded default TestExecutionListener class names from location [META-INF/spring.factories]: [org.springframework.security.test.context.support.WithSecurityContextTestExecutionListener, org.springframework.security.test.context.support.ReactorContextTestExecutionListener, org.springframework.boot.test.autoconfigure.restdocs.RestDocsTestExecutionListener, org.springframework.boot.test.autoconfigure.web.client.MockRestServiceServerResetTestExecutionListener, org.springframework.boot.test.autoconfigure.web.servlet.MockMvcPrintOnlyOnFailureTestExecutionListener, org.springframework.boot.test.autoconfigure.web.servlet.WebDriverTestExecutionListener, org.springframework.boot.test.autoconfigure.webservices.client.MockWebServiceServerTestExecutionListener, org.springframework.boot.test.mock.mockito.MockitoTestExecutionListener, org.springframework.boot.test.mock.mockito.ResetMocksTestExecutionListener, org.springframework.test.context.web.ServletTestExecutionListener, org.springframework.test.context.support.DirtiesContextBeforeModesTestExecutionListener, org.springframework.test.context.event.ApplicationEventsTestExecutionListener, org.springframework.test.context.support.DependencyInjectionTestExecutionListener, org.springframework.test.context.support.DirtiesContextTestExecutionListener, org.springframework.test.context.transaction.TransactionalTestExecutionListener, org.springframework.test.context.jdbc.SqlScriptsTestExecutionListener, org.springframework.test.context.event.EventPublishingTestExecutionListener]
14:42:54.544 [Test worker] INFO org.springframework.boot.test.autoconfigure.orm.jpa.DataJpaTestContextBootstrapper - Using TestExecutionListeners: [org.springframework.test.context.web.ServletTestExecutionListener@5e81e5ac, org.springframework.test.context.support.DirtiesContextBeforeModesTestExecutionListener@4189d70b, org.springframework.test.context.event.ApplicationEventsTestExecutionListener@3fa2213, org.springframework.boot.test.mock.mockito.MockitoTestExecutionListener@3e7634b9, org.springframework.boot.test.autoconfigure.SpringBootDependencyInjectionTestExecutionListener@6f0b0a5e, org.springframework.test.context.support.DirtiesContextTestExecutionListener@6035b93b, org.springframework.test.context.transaction.TransactionalTestExecutionListener@320de594, org.springframework.test.context.jdbc.SqlScriptsTestExecutionListener@3dd1dc90, org.springframework.security.test.context.support.WithSecurityContextTestExecutionListener@abf688e, org.springframework.test.context.event.EventPublishingTestExecutionListener@478ee483, org.springframework.security.test.context.support.ReactorContextTestExecutionListener@1a7288a3, org.springframework.boot.test.autoconfigure.restdocs.RestDocsTestExecutionListener@2974f221, org.springframework.boot.test.autoconfigure.web.client.MockRestServiceServerResetTestExecutionListener@58fe0499, org.springframework.boot.test.autoconfigure.web.servlet.MockMvcPrintOnlyOnFailureTestExecutionListener@686449f9, org.springframework.boot.test.autoconfigure.web.servlet.WebDriverTestExecutionListener@665df3c6, org.springframework.boot.test.autoconfigure.webservices.client.MockWebServiceServerTestExecutionListener@68b6f0d6, org.springframework.boot.test.mock.mockito.ResetMocksTestExecutionListener@4044fb95]
14:42:54.545 [Test worker] DEBUG org.springframework.test.context.support.AbstractDirtiesContextTestExecutionListener - Before test class: context [DefaultTestContext@3382f8ae testClass = CartJPARepositoryTest, testInstance = [null], testMethod = [null], testException = [null], mergedContextConfiguration = [MergedContextConfiguration@60641ec8 testClass = CartJPARepositoryTest, locations = '{}', classes = '{class com.example.kakao.KakaoApplication}', contextInitializerClasses = '[]', activeProfiles = '{}', propertySourceLocations = '{}', propertySourceProperties = '{org.springframework.boot.test.autoconfigure.orm.jpa.DataJpaTestContextBootstrapper=true}', contextCustomizers = set[org.springframework.boot.test.autoconfigure.OverrideAutoConfigurationContextCustomizerFactory$DisableAutoConfigurationContextCustomizer@42039326, org.springframework.boot.test.autoconfigure.actuate.metrics.MetricsExportContextCustomizerFactory$DisableMetricExportContextCustomizer@63787180, org.springframework.boot.test.autoconfigure.filter.TypeExcludeFiltersContextCustomizer@351584c0, org.springframework.boot.test.autoconfigure.properties.PropertyMappingContextCustomizer@61a7cd69, org.springframework.boot.test.autoconfigure.web.servlet.WebDriverContextCustomizerFactory$Customizer@5a18cd76, [ImportsContextCustomizer@75f65e45 key = [org.springframework.boot.autoconfigure.cache.CacheAutoConfiguration, org.springframework.boot.autoconfigure.data.jpa.JpaRepositoriesAutoConfiguration, org.springframework.boot.autoconfigure.flyway.FlywayAutoConfiguration, org.springframework.boot.autoconfigure.jdbc.DataSourceAutoConfiguration, org.springframework.boot.autoconfigure.jdbc.DataSourceTransactionManagerAutoConfiguration, org.springframework.boot.autoconfigure.jdbc.JdbcTemplateAutoConfiguration, org.springframework.boot.autoconfigure.liquibase.LiquibaseAutoConfiguration, org.springframework.boot.autoconfigure.orm.jpa.HibernateJpaAutoConfiguration, org.springframework.boot.autoconfigure.sql.init.SqlInitializationAutoConfiguration, org.springframework.boot.autoconfigure.transaction.TransactionAutoConfiguration, org.springframework.boot.test.autoconfigure.jdbc.TestDatabaseAutoConfiguration, org.springframework.boot.test.autoconfigure.orm.jpa.TestEntityManagerAutoConfiguration]], org.springframework.boot.test.context.filter.ExcludeFilterContextCustomizer@16c63f5, org.springframework.boot.test.json.DuplicateJsonObjectContextCustomizerFactory$DuplicateJsonObjectContextCustomizer@b1712f3, org.springframework.boot.test.mock.mockito.MockitoContextCustomizer@0, org.springframework.boot.test.context.SpringBootTestArgs@1, org.springframework.boot.test.context.SpringBootTestWebEnvironment@0], contextLoader = 'org.springframework.boot.test.context.SpringBootContextLoader', parent = [null]], attributes = map[[empty]]], class annotated with @DirtiesContext [false] with mode [null].

  .   ____          _            __ _ _
 /\\ / ___'_ __ _ _(_)_ __  __ _ \ \ \ \
( ( )\___ | '_ | '_| | '_ \/ _` | \ \ \ \
 \\/  ___)| |_)| | | | | || (_| |  ) ) ) )
  '  |____| .__|_| |_|_| |_\__, | / / / /
 =========|_|==============|___/=/_/_/_/
 :: Spring Boot ::                (v2.7.6)

2023-07-14 14:42:54.863  INFO 82809 --- [    Test worker] c.e.kakao.cart.CartJPARepositoryTest     : Starting CartJPARepositoryTest using Java 17.0.7 on mac.local with PID 82809 (started by seokjun in /Users/seokjun/Desktop/github/step2-BE-kakao-shop/week3/kakao-jpa)
2023-07-14 14:42:54.864 DEBUG 82809 --- [    Test worker] c.e.kakao.cart.CartJPARepositoryTest     : Running with Spring Boot v2.7.6, Spring v5.3.24
2023-07-14 14:42:54.864  INFO 82809 --- [    Test worker] c.e.kakao.cart.CartJPARepositoryTest     : The following 1 profile is active: "local"
2023-07-14 14:42:55.008  INFO 82809 --- [    Test worker] .s.d.r.c.RepositoryConfigurationDelegate : Bootstrapping Spring Data JPA repositories in DEFAULT mode.
2023-07-14 14:42:55.038  INFO 82809 --- [    Test worker] .s.d.r.c.RepositoryConfigurationDelegate : Finished Spring Data repository scanning in 27 ms. Found 6 JPA repository interfaces.
2023-07-14 14:42:55.064  INFO 82809 --- [    Test worker] beddedDataSourceBeanFactoryPostProcessor : Replacing 'dataSource' DataSource bean with embedded version
2023-07-14 14:42:55.126  INFO 82809 --- [    Test worker] o.s.j.d.e.EmbeddedDatabaseFactory        : Starting embedded database: url='jdbc:h2:mem:2ba6fbaa-2805-43fe-a334-81e219d76ead;DB_CLOSE_DELAY=-1;DB_CLOSE_ON_EXIT=false', username='sa'
2023-07-14 14:42:55.252  INFO 82809 --- [    Test worker] o.hibernate.jpa.internal.util.LogHelper  : HHH000204: Processing PersistenceUnitInfo [name: default]
2023-07-14 14:42:55.278  INFO 82809 --- [    Test worker] org.hibernate.Version                    : HHH000412: Hibernate ORM core version 5.6.14.Final
2023-07-14 14:42:55.337  INFO 82809 --- [    Test worker] o.hibernate.annotations.common.Version   : HCANN000001: Hibernate Commons Annotations {5.1.2.Final}
2023-07-14 14:42:55.347 DEBUG 82809 --- [    Test worker] org.hibernate.type.BasicTypeRegistry     : Adding type registration boolean -> org.hibernate.type.BooleanType@168142da
2023-07-14 14:42:55.347 DEBUG 82809 --- [    Test worker] org.hibernate.type.BasicTypeRegistry     : Adding type registration boolean -> org.hibernate.type.BooleanType@168142da
2023-07-14 14:42:55.347 DEBUG 82809 --- [    Test worker] org.hibernate.type.BasicTypeRegistry     : Adding type registration java.lang.Boolean -> org.hibernate.type.BooleanType@168142da
2023-07-14 14:42:55.347 DEBUG 82809 --- [    Test worker] org.hibernate.type.BasicTypeRegistry     : Adding type registration numeric_boolean -> org.hibernate.type.NumericBooleanType@2afdf6b7
2023-07-14 14:42:55.348 DEBUG 82809 --- [    Test worker] org.hibernate.type.BasicTypeRegistry     : Adding type registration true_false -> org.hibernate.type.TrueFalseType@1472208d
2023-07-14 14:42:55.348 DEBUG 82809 --- [    Test worker] org.hibernate.type.BasicTypeRegistry     : Adding type registration yes_no -> org.hibernate.type.YesNoType@4026461d
2023-07-14 14:42:55.348 DEBUG 82809 --- [    Test worker] org.hibernate.type.BasicTypeRegistry     : Adding type registration byte -> org.hibernate.type.ByteType@517704
2023-07-14 14:42:55.348 DEBUG 82809 --- [    Test worker] org.hibernate.type.BasicTypeRegistry     : Adding type registration byte -> org.hibernate.type.ByteType@517704
2023-07-14 14:42:55.348 DEBUG 82809 --- [    Test worker] org.hibernate.type.BasicTypeRegistry     : Adding type registration java.lang.Byte -> org.hibernate.type.ByteType@517704
2023-07-14 14:42:55.348 DEBUG 82809 --- [    Test worker] org.hibernate.type.BasicTypeRegistry     : Adding type registration character -> org.hibernate.type.CharacterType@2f9b21d6
2023-07-14 14:42:55.349 DEBUG 82809 --- [    Test worker] org.hibernate.type.BasicTypeRegistry     : Adding type registration char -> org.hibernate.type.CharacterType@2f9b21d6
2023-07-14 14:42:55.349 DEBUG 82809 --- [    Test worker] org.hibernate.type.BasicTypeRegistry     : Adding type registration java.lang.Character -> org.hibernate.type.CharacterType@2f9b21d6
2023-07-14 14:42:55.349 DEBUG 82809 --- [    Test worker] org.hibernate.type.BasicTypeRegistry     : Adding type registration short -> org.hibernate.type.ShortType@740a0d5e
2023-07-14 14:42:55.349 DEBUG 82809 --- [    Test worker] org.hibernate.type.BasicTypeRegistry     : Adding type registration short -> org.hibernate.type.ShortType@740a0d5e
2023-07-14 14:42:55.349 DEBUG 82809 --- [    Test worker] org.hibernate.type.BasicTypeRegistry     : Adding type registration java.lang.Short -> org.hibernate.type.ShortType@740a0d5e
2023-07-14 14:42:55.349 DEBUG 82809 --- [    Test worker] org.hibernate.type.BasicTypeRegistry     : Adding type registration integer -> org.hibernate.type.IntegerType@1e30db85
2023-07-14 14:42:55.349 DEBUG 82809 --- [    Test worker] org.hibernate.type.BasicTypeRegistry     : Adding type registration int -> org.hibernate.type.IntegerType@1e30db85
2023-07-14 14:42:55.349 DEBUG 82809 --- [    Test worker] org.hibernate.type.BasicTypeRegistry     : Adding type registration java.lang.Integer -> org.hibernate.type.IntegerType@1e30db85
2023-07-14 14:42:55.350 DEBUG 82809 --- [    Test worker] org.hibernate.type.BasicTypeRegistry     : Adding type registration long -> org.hibernate.type.LongType@78c262ba
2023-07-14 14:42:55.350 DEBUG 82809 --- [    Test worker] org.hibernate.type.BasicTypeRegistry     : Adding type registration long -> org.hibernate.type.LongType@78c262ba
2023-07-14 14:42:55.350 DEBUG 82809 --- [    Test worker] org.hibernate.type.BasicTypeRegistry     : Adding type registration java.lang.Long -> org.hibernate.type.LongType@78c262ba
2023-07-14 14:42:55.350 DEBUG 82809 --- [    Test worker] org.hibernate.type.BasicTypeRegistry     : Adding type registration float -> org.hibernate.type.FloatType@5db948c9
2023-07-14 14:42:55.350 DEBUG 82809 --- [    Test worker] org.hibernate.type.BasicTypeRegistry     : Adding type registration float -> org.hibernate.type.FloatType@5db948c9
2023-07-14 14:42:55.350 DEBUG 82809 --- [    Test worker] org.hibernate.type.BasicTypeRegistry     : Adding type registration java.lang.Float -> org.hibernate.type.FloatType@5db948c9
2023-07-14 14:42:55.350 DEBUG 82809 --- [    Test worker] org.hibernate.type.BasicTypeRegistry     : Adding type registration double -> org.hibernate.type.DoubleType@4ae2e781
2023-07-14 14:42:55.350 DEBUG 82809 --- [    Test worker] org.hibernate.type.BasicTypeRegistry     : Adding type registration double -> org.hibernate.type.DoubleType@4ae2e781
2023-07-14 14:42:55.350 DEBUG 82809 --- [    Test worker] org.hibernate.type.BasicTypeRegistry     : Adding type registration java.lang.Double -> org.hibernate.type.DoubleType@4ae2e781
2023-07-14 14:42:55.351 DEBUG 82809 --- [    Test worker] org.hibernate.type.BasicTypeRegistry     : Adding type registration big_decimal -> org.hibernate.type.BigDecimalType@1e00bfe2
2023-07-14 14:42:55.351 DEBUG 82809 --- [    Test worker] org.hibernate.type.BasicTypeRegistry     : Adding type registration java.math.BigDecimal -> org.hibernate.type.BigDecimalType@1e00bfe2
2023-07-14 14:42:55.351 DEBUG 82809 --- [    Test worker] org.hibernate.type.BasicTypeRegistry     : Adding type registration big_integer -> org.hibernate.type.BigIntegerType@15214920
2023-07-14 14:42:55.351 DEBUG 82809 --- [    Test worker] org.hibernate.type.BasicTypeRegistry     : Adding type registration java.math.BigInteger -> org.hibernate.type.BigIntegerType@15214920
2023-07-14 14:42:55.351 DEBUG 82809 --- [    Test worker] org.hibernate.type.BasicTypeRegistry     : Adding type registration string -> org.hibernate.type.StringType@58687fb7
2023-07-14 14:42:55.351 DEBUG 82809 --- [    Test worker] org.hibernate.type.BasicTypeRegistry     : Adding type registration java.lang.String -> org.hibernate.type.StringType@58687fb7
2023-07-14 14:42:55.351 DEBUG 82809 --- [    Test worker] org.hibernate.type.BasicTypeRegistry     : Adding type registration nstring -> org.hibernate.type.StringNVarcharType@525647f3
2023-07-14 14:42:55.351 DEBUG 82809 --- [    Test worker] org.hibernate.type.BasicTypeRegistry     : Adding type registration ncharacter -> org.hibernate.type.CharacterNCharType@491f8831
2023-07-14 14:42:55.352 DEBUG 82809 --- [    Test worker] org.hibernate.type.BasicTypeRegistry     : Adding type registration url -> org.hibernate.type.UrlType@11df2829
2023-07-14 14:42:55.352 DEBUG 82809 --- [    Test worker] org.hibernate.type.BasicTypeRegistry     : Adding type registration java.net.URL -> org.hibernate.type.UrlType@11df2829
2023-07-14 14:42:55.352 DEBUG 82809 --- [    Test worker] org.hibernate.type.BasicTypeRegistry     : Adding type registration Duration -> org.hibernate.type.DurationType@4ed18798
2023-07-14 14:42:55.352 DEBUG 82809 --- [    Test worker] org.hibernate.type.BasicTypeRegistry     : Adding type registration java.time.Duration -> org.hibernate.type.DurationType@4ed18798
2023-07-14 14:42:55.352 DEBUG 82809 --- [    Test worker] org.hibernate.type.BasicTypeRegistry     : Adding type registration Instant -> org.hibernate.type.InstantType@8840c98
2023-07-14 14:42:55.352 DEBUG 82809 --- [    Test worker] org.hibernate.type.BasicTypeRegistry     : Adding type registration java.time.Instant -> org.hibernate.type.InstantType@8840c98
2023-07-14 14:42:55.353 DEBUG 82809 --- [    Test worker] org.hibernate.type.BasicTypeRegistry     : Adding type registration LocalDateTime -> org.hibernate.type.LocalDateTimeType@580902cd
2023-07-14 14:42:55.353 DEBUG 82809 --- [    Test worker] org.hibernate.type.BasicTypeRegistry     : Adding type registration java.time.LocalDateTime -> org.hibernate.type.LocalDateTimeType@580902cd
2023-07-14 14:42:55.353 DEBUG 82809 --- [    Test worker] org.hibernate.type.BasicTypeRegistry     : Adding type registration LocalDate -> org.hibernate.type.LocalDateType@47044f7d
2023-07-14 14:42:55.353 DEBUG 82809 --- [    Test worker] org.hibernate.type.BasicTypeRegistry     : Adding type registration java.time.LocalDate -> org.hibernate.type.LocalDateType@47044f7d
2023-07-14 14:42:55.353 DEBUG 82809 --- [    Test worker] org.hibernate.type.BasicTypeRegistry     : Adding type registration LocalTime -> org.hibernate.type.LocalTimeType@4a642e4b
2023-07-14 14:42:55.353 DEBUG 82809 --- [    Test worker] org.hibernate.type.BasicTypeRegistry     : Adding type registration java.time.LocalTime -> org.hibernate.type.LocalTimeType@4a642e4b
2023-07-14 14:42:55.353 DEBUG 82809 --- [    Test worker] org.hibernate.type.BasicTypeRegistry     : Adding type registration OffsetDateTime -> org.hibernate.type.OffsetDateTimeType@5eed6dfb
2023-07-14 14:42:55.353 DEBUG 82809 --- [    Test worker] org.hibernate.type.BasicTypeRegistry     : Adding type registration java.time.OffsetDateTime -> org.hibernate.type.OffsetDateTimeType@5eed6dfb
2023-07-14 14:42:55.354 DEBUG 82809 --- [    Test worker] org.hibernate.type.BasicTypeRegistry     : Adding type registration OffsetTime -> org.hibernate.type.OffsetTimeType@7d3691e1
2023-07-14 14:42:55.354 DEBUG 82809 --- [    Test worker] org.hibernate.type.BasicTypeRegistry     : Adding type registration java.time.OffsetTime -> org.hibernate.type.OffsetTimeType@7d3691e1
2023-07-14 14:42:55.354 DEBUG 82809 --- [    Test worker] org.hibernate.type.BasicTypeRegistry     : Adding type registration ZonedDateTime -> org.hibernate.type.ZonedDateTimeType@646cd766
2023-07-14 14:42:55.354 DEBUG 82809 --- [    Test worker] org.hibernate.type.BasicTypeRegistry     : Adding type registration java.time.ZonedDateTime -> org.hibernate.type.ZonedDateTimeType@646cd766
2023-07-14 14:42:55.354 DEBUG 82809 --- [    Test worker] org.hibernate.type.BasicTypeRegistry     : Adding type registration date -> org.hibernate.type.DateType@53a50b0a
2023-07-14 14:42:55.354 DEBUG 82809 --- [    Test worker] org.hibernate.type.BasicTypeRegistry     : Adding type registration java.sql.Date -> org.hibernate.type.DateType@53a50b0a
2023-07-14 14:42:55.355 DEBUG 82809 --- [    Test worker] org.hibernate.type.BasicTypeRegistry     : Adding type registration time -> org.hibernate.type.TimeType@2bebd114
2023-07-14 14:42:55.355 DEBUG 82809 --- [    Test worker] org.hibernate.type.BasicTypeRegistry     : Adding type registration java.sql.Time -> org.hibernate.type.TimeType@2bebd114
2023-07-14 14:42:55.355 DEBUG 82809 --- [    Test worker] org.hibernate.type.BasicTypeRegistry     : Adding type registration timestamp -> org.hibernate.type.TimestampType@4a50c746
2023-07-14 14:42:55.355 DEBUG 82809 --- [    Test worker] org.hibernate.type.BasicTypeRegistry     : Adding type registration java.sql.Timestamp -> org.hibernate.type.TimestampType@4a50c746
2023-07-14 14:42:55.355 DEBUG 82809 --- [    Test worker] org.hibernate.type.BasicTypeRegistry     : Adding type registration java.util.Date -> org.hibernate.type.TimestampType@4a50c746
2023-07-14 14:42:55.355 DEBUG 82809 --- [    Test worker] org.hibernate.type.BasicTypeRegistry     : Adding type registration dbtimestamp -> org.hibernate.type.DbTimestampType@22d477c2
2023-07-14 14:42:55.356 DEBUG 82809 --- [    Test worker] org.hibernate.type.BasicTypeRegistry     : Adding type registration calendar -> org.hibernate.type.CalendarType@26e8ff8c
2023-07-14 14:42:55.356 DEBUG 82809 --- [    Test worker] org.hibernate.type.BasicTypeRegistry     : Adding type registration java.util.Calendar -> org.hibernate.type.CalendarType@26e8ff8c
2023-07-14 14:42:55.356 DEBUG 82809 --- [    Test worker] org.hibernate.type.BasicTypeRegistry     : Adding type registration java.util.GregorianCalendar -> org.hibernate.type.CalendarType@26e8ff8c
2023-07-14 14:42:55.356 DEBUG 82809 --- [    Test worker] org.hibernate.type.BasicTypeRegistry     : Adding type registration calendar_date -> org.hibernate.type.CalendarDateType@251c8145
2023-07-14 14:42:55.356 DEBUG 82809 --- [    Test worker] org.hibernate.type.BasicTypeRegistry     : Adding type registration calendar_time -> org.hibernate.type.CalendarTimeType@76c86567
2023-07-14 14:42:55.357 DEBUG 82809 --- [    Test worker] org.hibernate.type.BasicTypeRegistry     : Adding type registration locale -> org.hibernate.type.LocaleType@8c43966
2023-07-14 14:42:55.357 DEBUG 82809 --- [    Test worker] org.hibernate.type.BasicTypeRegistry     : Adding type registration java.util.Locale -> org.hibernate.type.LocaleType@8c43966
2023-07-14 14:42:55.357 DEBUG 82809 --- [    Test worker] org.hibernate.type.BasicTypeRegistry     : Adding type registration currency -> org.hibernate.type.CurrencyType@26c8b296
2023-07-14 14:42:55.357 DEBUG 82809 --- [    Test worker] org.hibernate.type.BasicTypeRegistry     : Adding type registration java.util.Currency -> org.hibernate.type.CurrencyType@26c8b296
2023-07-14 14:42:55.357 DEBUG 82809 --- [    Test worker] org.hibernate.type.BasicTypeRegistry     : Adding type registration timezone -> org.hibernate.type.TimeZoneType@3520958b
2023-07-14 14:42:55.357 DEBUG 82809 --- [    Test worker] org.hibernate.type.BasicTypeRegistry     : Adding type registration java.util.TimeZone -> org.hibernate.type.TimeZoneType@3520958b
2023-07-14 14:42:55.357 DEBUG 82809 --- [    Test worker] org.hibernate.type.BasicTypeRegistry     : Adding type registration class -> org.hibernate.type.ClassType@1b37fbec
2023-07-14 14:42:55.357 DEBUG 82809 --- [    Test worker] org.hibernate.type.BasicTypeRegistry     : Adding type registration java.lang.Class -> org.hibernate.type.ClassType@1b37fbec
2023-07-14 14:42:55.358 DEBUG 82809 --- [    Test worker] org.hibernate.type.BasicTypeRegistry     : Adding type registration uuid-binary -> org.hibernate.type.UUIDBinaryType@357f6391
2023-07-14 14:42:55.358 DEBUG 82809 --- [    Test worker] org.hibernate.type.BasicTypeRegistry     : Adding type registration java.util.UUID -> org.hibernate.type.UUIDBinaryType@357f6391
2023-07-14 14:42:55.358 DEBUG 82809 --- [    Test worker] org.hibernate.type.BasicTypeRegistry     : Adding type registration uuid-char -> org.hibernate.type.UUIDCharType@349c4d1c
2023-07-14 14:42:55.358 DEBUG 82809 --- [    Test worker] org.hibernate.type.BasicTypeRegistry     : Adding type registration binary -> org.hibernate.type.BinaryType@26be9a6
2023-07-14 14:42:55.358 DEBUG 82809 --- [    Test worker] org.hibernate.type.BasicTypeRegistry     : Adding type registration byte[] -> org.hibernate.type.BinaryType@26be9a6
2023-07-14 14:42:55.358 DEBUG 82809 --- [    Test worker] org.hibernate.type.BasicTypeRegistry     : Adding type registration [B -> org.hibernate.type.BinaryType@26be9a6
2023-07-14 14:42:55.358 DEBUG 82809 --- [    Test worker] org.hibernate.type.BasicTypeRegistry     : Adding type registration wrapper-binary -> org.hibernate.type.WrapperBinaryType@4b9dbf07
2023-07-14 14:42:55.358 DEBUG 82809 --- [    Test worker] org.hibernate.type.BasicTypeRegistry     : Adding type registration Byte[] -> org.hibernate.type.WrapperBinaryType@4b9dbf07
2023-07-14 14:42:55.358 DEBUG 82809 --- [    Test worker] org.hibernate.type.BasicTypeRegistry     : Adding type registration [Ljava.lang.Byte; -> org.hibernate.type.WrapperBinaryType@4b9dbf07
2023-07-14 14:42:55.359 DEBUG 82809 --- [    Test worker] org.hibernate.type.BasicTypeRegistry     : Adding type registration row_version -> org.hibernate.type.RowVersionType@6b27b2d0
2023-07-14 14:42:55.359 DEBUG 82809 --- [    Test worker] org.hibernate.type.BasicTypeRegistry     : Adding type registration image -> org.hibernate.type.ImageType@5c4cc644
2023-07-14 14:42:55.359 DEBUG 82809 --- [    Test worker] org.hibernate.type.BasicTypeRegistry     : Adding type registration characters -> org.hibernate.type.CharArrayType@706f6d26
2023-07-14 14:42:55.359 DEBUG 82809 --- [    Test worker] org.hibernate.type.BasicTypeRegistry     : Adding type registration char[] -> org.hibernate.type.CharArrayType@706f6d26
2023-07-14 14:42:55.359 DEBUG 82809 --- [    Test worker] org.hibernate.type.BasicTypeRegistry     : Adding type registration [C -> org.hibernate.type.CharArrayType@706f6d26
2023-07-14 14:42:55.359 DEBUG 82809 --- [    Test worker] org.hibernate.type.BasicTypeRegistry     : Adding type registration wrapper-characters -> org.hibernate.type.CharacterArrayType@1a14fdf0
2023-07-14 14:42:55.359 DEBUG 82809 --- [    Test worker] org.hibernate.type.BasicTypeRegistry     : Adding type registration [Ljava.lang.Character; -> org.hibernate.type.CharacterArrayType@1a14fdf0
2023-07-14 14:42:55.359 DEBUG 82809 --- [    Test worker] org.hibernate.type.BasicTypeRegistry     : Adding type registration Character[] -> org.hibernate.type.CharacterArrayType@1a14fdf0
2023-07-14 14:42:55.359 DEBUG 82809 --- [    Test worker] org.hibernate.type.BasicTypeRegistry     : Adding type registration text -> org.hibernate.type.TextType@75eaba95
2023-07-14 14:42:55.359 DEBUG 82809 --- [    Test worker] org.hibernate.type.BasicTypeRegistry     : Adding type registration ntext -> org.hibernate.type.NTextType@4aed311e
2023-07-14 14:42:55.360 DEBUG 82809 --- [    Test worker] org.hibernate.type.BasicTypeRegistry     : Adding type registration blob -> org.hibernate.type.BlobType@20440c6c
2023-07-14 14:42:55.360 DEBUG 82809 --- [    Test worker] org.hibernate.type.BasicTypeRegistry     : Adding type registration java.sql.Blob -> org.hibernate.type.BlobType@20440c6c
2023-07-14 14:42:55.360 DEBUG 82809 --- [    Test worker] org.hibernate.type.BasicTypeRegistry     : Adding type registration materialized_blob -> org.hibernate.type.MaterializedBlobType@41e9f86
2023-07-14 14:42:55.360 DEBUG 82809 --- [    Test worker] org.hibernate.type.BasicTypeRegistry     : Adding type registration clob -> org.hibernate.type.ClobType@39266403
2023-07-14 14:42:55.360 DEBUG 82809 --- [    Test worker] org.hibernate.type.BasicTypeRegistry     : Adding type registration java.sql.Clob -> org.hibernate.type.ClobType@39266403
2023-07-14 14:42:55.361 DEBUG 82809 --- [    Test worker] org.hibernate.type.BasicTypeRegistry     : Adding type registration nclob -> org.hibernate.type.NClobType@6806468e
2023-07-14 14:42:55.361 DEBUG 82809 --- [    Test worker] org.hibernate.type.BasicTypeRegistry     : Adding type registration java.sql.NClob -> org.hibernate.type.NClobType@6806468e
2023-07-14 14:42:55.361 DEBUG 82809 --- [    Test worker] org.hibernate.type.BasicTypeRegistry     : Adding type registration materialized_clob -> org.hibernate.type.MaterializedClobType@a0c5be
2023-07-14 14:42:55.361 DEBUG 82809 --- [    Test worker] org.hibernate.type.BasicTypeRegistry     : Adding type registration materialized_nclob -> org.hibernate.type.MaterializedNClobType@e62319f
2023-07-14 14:42:55.361 DEBUG 82809 --- [    Test worker] org.hibernate.type.BasicTypeRegistry     : Adding type registration serializable -> org.hibernate.type.SerializableType@7ec08115
2023-07-14 14:42:55.362 DEBUG 82809 --- [    Test worker] org.hibernate.type.BasicTypeRegistry     : Adding type registration object -> org.hibernate.type.ObjectType@6c9b44bf
2023-07-14 14:42:55.362 DEBUG 82809 --- [    Test worker] org.hibernate.type.BasicTypeRegistry     : Adding type registration java.lang.Object -> org.hibernate.type.ObjectType@6c9b44bf
2023-07-14 14:42:55.362 DEBUG 82809 --- [    Test worker] org.hibernate.type.BasicTypeRegistry     : Adding type registration imm_date -> org.hibernate.type.AdaptedImmutableType@51ba952e
2023-07-14 14:42:55.362 DEBUG 82809 --- [    Test worker] org.hibernate.type.BasicTypeRegistry     : Adding type registration imm_time -> org.hibernate.type.AdaptedImmutableType@2416c658
2023-07-14 14:42:55.362 DEBUG 82809 --- [    Test worker] org.hibernate.type.BasicTypeRegistry     : Adding type registration imm_timestamp -> org.hibernate.type.AdaptedImmutableType@6d5f4900
2023-07-14 14:42:55.362 DEBUG 82809 --- [    Test worker] org.hibernate.type.BasicTypeRegistry     : Adding type registration imm_dbtimestamp -> org.hibernate.type.AdaptedImmutableType@1e40fbb3
2023-07-14 14:42:55.362 DEBUG 82809 --- [    Test worker] org.hibernate.type.BasicTypeRegistry     : Adding type registration imm_calendar -> org.hibernate.type.AdaptedImmutableType@1b560eb0
2023-07-14 14:42:55.362 DEBUG 82809 --- [    Test worker] org.hibernate.type.BasicTypeRegistry     : Adding type registration imm_calendar_date -> org.hibernate.type.AdaptedImmutableType@9e02f84
2023-07-14 14:42:55.362 DEBUG 82809 --- [    Test worker] org.hibernate.type.BasicTypeRegistry     : Adding type registration imm_binary -> org.hibernate.type.AdaptedImmutableType@1e6060f1
2023-07-14 14:42:55.362 DEBUG 82809 --- [    Test worker] org.hibernate.type.BasicTypeRegistry     : Adding type registration imm_serializable -> org.hibernate.type.AdaptedImmutableType@7e49ded
2023-07-14 14:42:55.389  INFO 82809 --- [    Test worker] org.hibernate.dialect.Dialect            : HHH000400: Using dialect: org.hibernate.dialect.H2Dialect
2023-07-14 14:42:55.403 DEBUG 82809 --- [    Test worker] o.h.type.spi.TypeConfiguration$Scope     : Scoping TypeConfiguration [org.hibernate.type.spi.TypeConfiguration@682e445e] to MetadataBuildingContext [org.hibernate.boot.internal.MetadataBuildingContextRootImpl@79e10fb4]
2023-07-14 14:42:55.493 DEBUG 82809 --- [    Test worker] o.h.type.spi.TypeConfiguration$Scope     : Scoping TypeConfiguration [org.hibernate.type.spi.TypeConfiguration@682e445e] to SessionFactoryImpl [org.hibernate.internal.SessionFactoryImpl@5aab5b31]
Hibernate: 
    
    drop table if exists cart_tb CASCADE 
Hibernate: 
    
    drop table if exists item_tb CASCADE 
Hibernate: 
    
    drop table if exists option_tb CASCADE 
Hibernate: 
    
    drop table if exists order_tb CASCADE 
Hibernate: 
    
    drop table if exists product_tb CASCADE 
Hibernate: 
    
    drop table if exists user_tb CASCADE 
Hibernate: 
    
    create table cart_tb (
       id integer generated by default as identity,
        price integer not null,
        quantity integer not null,
        option_id integer,
        user_id integer,
        primary key (id)
    )
Hibernate: 
    
    create table item_tb (
       id integer generated by default as identity,
        price integer not null,
        quantity integer not null,
        option_id integer,
        order_id integer,
        primary key (id)
    )
Hibernate: 
    
    create table option_tb (
       id integer generated by default as identity,
        option_name varchar(100) not null,
        price integer not null,
        product_id integer,
        primary key (id)
    )
Hibernate: 
    
    create table order_tb (
       id integer generated by default as identity,
        user_id integer,
        primary key (id)
    )
Hibernate: 
    
    create table product_tb (
       id integer generated by default as identity,
        description varchar(1000) not null,
        image varchar(500),
        price integer not null,
        product_name varchar(100) not null,
        primary key (id)
    )
Hibernate: 
    
    create table user_tb (
       id integer generated by default as identity,
        email varchar(100) not null,
        password varchar(256) not null,
        roles varchar(30),
        username varchar(45) not null,
        primary key (id)
    )
Hibernate: create index cart_user_id_idx on cart_tb (user_id)
Hibernate: create index cart_option_id_idx on cart_tb (option_id)
Hibernate: 
    
    alter table cart_tb 
       add constraint uk_cart_option_user unique (user_id, option_id)
Hibernate: create index item_option_id_idx on item_tb (option_id)
Hibernate: create index item_order_id_idx on item_tb (order_id)
Hibernate: create index option_product_id_idx on option_tb (product_id)
Hibernate: create index order_user_id_idx on order_tb (user_id)
Hibernate: 
    
    alter table user_tb 
       add constraint UK_2dlfg6wvnxboknkp9d1h75icb unique (email)
Hibernate: 
    
    alter table cart_tb 
       add constraint FKjv34r03v7eauvpfhwsci0deyp 
       foreign key (option_id) 
       references option_tb
Hibernate: 
    
    alter table cart_tb 
       add constraint FKi00yw2m90df70t3igqyjbbf91 
       foreign key (user_id) 
       references user_tb
Hibernate: 
    
    alter table item_tb 
       add constraint FKbgcgxbitac3tct8kqsvyqm85f 
       foreign key (option_id) 
       references option_tb
Hibernate: 
    
    alter table item_tb 
       add constraint FKofe121qxhn816wo07qr9jr0hb 
       foreign key (order_id) 
       references order_tb
Hibernate: 
    
    alter table option_tb 
       add constraint FK6j02px4ow9xxw0o3rc59buyew 
       foreign key (product_id) 
       references product_tb
Hibernate: 
    
    alter table order_tb 
       add constraint FK9wkv8x8yfgaaquhn4vquq4aps 
       foreign key (user_id) 
       references user_tb
2023-07-14 14:42:55.636  INFO 82809 --- [    Test worker] o.h.e.t.j.p.i.JtaPlatformInitiator       : HHH000490: Using JtaPlatform implementation: [org.hibernate.engine.transaction.jta.platform.internal.NoJtaPlatform]
2023-07-14 14:42:55.638 TRACE 82809 --- [    Test worker] o.h.type.spi.TypeConfiguration$Scope     : Handling #sessionFactoryCreated from [org.hibernate.internal.SessionFactoryImpl@5aab5b31] for TypeConfiguration
2023-07-14 14:42:55.639  INFO 82809 --- [    Test worker] j.LocalContainerEntityManagerFactoryBean : Initialized JPA EntityManagerFactory for persistence unit 'default'
2023-07-14 14:42:55.907  INFO 82809 --- [    Test worker] c.e.kakao.cart.CartJPARepositoryTest     : Started CartJPARepositoryTest in 1.346 seconds (JVM running for 1.758)
2023-07-14 14:42:55.919  INFO 82809 --- [    Test worker] o.s.t.c.transaction.TransactionContext   : Began transaction (1) for test context [DefaultTestContext@3382f8ae testClass = CartJPARepositoryTest, testInstance = com.example.kakao.cart.CartJPARepositoryTest@8e77c5b, testMethod = updateTest@CartJPARepositoryTest, testException = [null], mergedContextConfiguration = [MergedContextConfiguration@60641ec8 testClass = CartJPARepositoryTest, locations = '{}', classes = '{class com.example.kakao.KakaoApplication}', contextInitializerClasses = '[]', activeProfiles = '{}', propertySourceLocations = '{}', propertySourceProperties = '{org.springframework.boot.test.autoconfigure.orm.jpa.DataJpaTestContextBootstrapper=true}', contextCustomizers = set[org.springframework.boot.test.autoconfigure.OverrideAutoConfigurationContextCustomizerFactory$DisableAutoConfigurationContextCustomizer@42039326, org.springframework.boot.test.autoconfigure.actuate.metrics.MetricsExportContextCustomizerFactory$DisableMetricExportContextCustomizer@63787180, org.springframework.boot.test.autoconfigure.filter.TypeExcludeFiltersContextCustomizer@351584c0, org.springframework.boot.test.autoconfigure.properties.PropertyMappingContextCustomizer@61a7cd69, org.springframework.boot.test.autoconfigure.web.servlet.WebDriverContextCustomizerFactory$Customizer@5a18cd76, [ImportsContextCustomizer@75f65e45 key = [org.springframework.boot.autoconfigure.cache.CacheAutoConfiguration, org.springframework.boot.autoconfigure.data.jpa.JpaRepositoriesAutoConfiguration, org.springframework.boot.autoconfigure.flyway.FlywayAutoConfiguration, org.springframework.boot.autoconfigure.jdbc.DataSourceAutoConfiguration, org.springframework.boot.autoconfigure.jdbc.DataSourceTransactionManagerAutoConfiguration, org.springframework.boot.autoconfigure.jdbc.JdbcTemplateAutoConfiguration, org.springframework.boot.autoconfigure.liquibase.LiquibaseAutoConfiguration, org.springframework.boot.autoconfigure.orm.jpa.HibernateJpaAutoConfiguration, org.springframework.boot.autoconfigure.sql.init.SqlInitializationAutoConfiguration, org.springframework.boot.autoconfigure.transaction.TransactionAutoConfiguration, org.springframework.boot.test.autoconfigure.jdbc.TestDatabaseAutoConfiguration, org.springframework.boot.test.autoconfigure.orm.jpa.TestEntityManagerAutoConfiguration]], org.springframework.boot.test.context.filter.ExcludeFilterContextCustomizer@16c63f5, org.springframework.boot.test.json.DuplicateJsonObjectContextCustomizerFactory$DuplicateJsonObjectContextCustomizer@b1712f3, org.springframework.boot.test.mock.mockito.MockitoContextCustomizer@0, org.springframework.boot.test.context.SpringBootTestArgs@1, org.springframework.boot.test.context.SpringBootTestWebEnvironment@0], contextLoader = 'org.springframework.boot.test.context.SpringBootContextLoader', parent = [null]], attributes = map['org.springframework.test.context.event.ApplicationEventsTestExecutionListener.recordApplicationEvents' -> false]]; transaction manager [org.springframework.orm.jpa.JpaTransactionManager@72c704f1]; rollback [true]
Hibernate: 
    insert 
    into
        user_tb
        (id, email, password, roles, username) 
    values
        (default, ?, ?, ?, ?)
2023-07-14 14:42:56.069 TRACE 82809 --- [    Test worker] o.h.type.descriptor.sql.BasicBinder      : binding parameter [1] as [VARCHAR] - [ssar@nate.com]
2023-07-14 14:42:56.069 TRACE 82809 --- [    Test worker] o.h.type.descriptor.sql.BasicBinder      : binding parameter [2] as [VARCHAR] - [$2a$10$pPbtz0/1QQq3fe2P1azmNOCX0mWqw7p3wG4O26fKdwMAAXCWkA9aq]
2023-07-14 14:42:56.069 TRACE 82809 --- [    Test worker] o.h.type.descriptor.sql.BasicBinder      : binding parameter [3] as [VARCHAR] - [ROLE_USER]
2023-07-14 14:42:56.069 TRACE 82809 --- [    Test worker] o.h.type.descriptor.sql.BasicBinder      : binding parameter [4] as [VARCHAR] - [ssar]
Hibernate: 
    insert 
    into
        option_tb
        (id, option_name, price, product_id) 
    values
        (default, ?, ?, ?)
2023-07-14 14:42:56.079 TRACE 82809 --- [    Test worker] o.h.type.descriptor.sql.BasicBinder      : binding parameter [1] as [VARCHAR] - [01. 슬라이딩 지퍼백 크리스마스에디션 4종]
2023-07-14 14:42:56.079 TRACE 82809 --- [    Test worker] o.h.type.descriptor.sql.BasicBinder      : binding parameter [2] as [INTEGER] - [10000]
2023-07-14 14:42:56.079 TRACE 82809 --- [    Test worker] o.h.type.descriptor.sql.BasicBinder      : binding parameter [3] as [INTEGER] - [null]
Hibernate: 
    insert 
    into
        option_tb
        (id, option_name, price, product_id) 
    values
        (default, ?, ?, ?)
2023-07-14 14:42:56.080 TRACE 82809 --- [    Test worker] o.h.type.descriptor.sql.BasicBinder      : binding parameter [1] as [VARCHAR] - [02. 슬라이딩 지퍼백 플라워에디션 5종]
2023-07-14 14:42:56.080 TRACE 82809 --- [    Test worker] o.h.type.descriptor.sql.BasicBinder      : binding parameter [2] as [INTEGER] - [10900]
2023-07-14 14:42:56.080 TRACE 82809 --- [    Test worker] o.h.type.descriptor.sql.BasicBinder      : binding parameter [3] as [INTEGER] - [null]
Hibernate: 
    insert 
    into
        option_tb
        (id, option_name, price, product_id) 
    values
        (default, ?, ?, ?)
2023-07-14 14:42:56.080 TRACE 82809 --- [    Test worker] o.h.type.descriptor.sql.BasicBinder      : binding parameter [1] as [VARCHAR] - [고무장갑 베이지 S(소형) 6팩]
2023-07-14 14:42:56.080 TRACE 82809 --- [    Test worker] o.h.type.descriptor.sql.BasicBinder      : binding parameter [2] as [INTEGER] - [9900]
2023-07-14 14:42:56.080 TRACE 82809 --- [    Test worker] o.h.type.descriptor.sql.BasicBinder      : binding parameter [3] as [INTEGER] - [null]
Hibernate: 
    insert 
    into
        option_tb
        (id, option_name, price, product_id) 
    values
        (default, ?, ?, ?)
2023-07-14 14:42:56.081 TRACE 82809 --- [    Test worker] o.h.type.descriptor.sql.BasicBinder      : binding parameter [1] as [VARCHAR] - [뽑아쓰는 키친타올 130매 12팩]
2023-07-14 14:42:56.081 TRACE 82809 --- [    Test worker] o.h.type.descriptor.sql.BasicBinder      : binding parameter [2] as [INTEGER] - [16900]
2023-07-14 14:42:56.081 TRACE 82809 --- [    Test worker] o.h.type.descriptor.sql.BasicBinder      : binding parameter [3] as [INTEGER] - [null]
Hibernate: 
    insert 
    into
        option_tb
        (id, option_name, price, product_id) 
    values
        (default, ?, ?, ?)
2023-07-14 14:42:56.081 TRACE 82809 --- [    Test worker] o.h.type.descriptor.sql.BasicBinder      : binding parameter [1] as [VARCHAR] - [2겹 식빵수세미 6매]
2023-07-14 14:42:56.081 TRACE 82809 --- [    Test worker] o.h.type.descriptor.sql.BasicBinder      : binding parameter [2] as [INTEGER] - [8900]
2023-07-14 14:42:56.081 TRACE 82809 --- [    Test worker] o.h.type.descriptor.sql.BasicBinder      : binding parameter [3] as [INTEGER] - [null]
Hibernate: 
    insert 
    into
        option_tb
        (id, option_name, price, product_id) 
    values
        (default, ?, ?, ?)
2023-07-14 14:42:56.081 TRACE 82809 --- [    Test worker] o.h.type.descriptor.sql.BasicBinder      : binding parameter [1] as [VARCHAR] - [22년산 햇단밤 700g(한정판매)]
2023-07-14 14:42:56.081 TRACE 82809 --- [    Test worker] o.h.type.descriptor.sql.BasicBinder      : binding parameter [2] as [INTEGER] - [9900]
2023-07-14 14:42:56.081 TRACE 82809 --- [    Test worker] o.h.type.descriptor.sql.BasicBinder      : binding parameter [3] as [INTEGER] - [null]
Hibernate: 
    insert 
    into
        option_tb
        (id, option_name, price, product_id) 
    values
        (default, ?, ?, ?)
2023-07-14 14:42:56.082 TRACE 82809 --- [    Test worker] o.h.type.descriptor.sql.BasicBinder      : binding parameter [1] as [VARCHAR] - [22년산 햇단밤 1kg(한정판매)]
2023-07-14 14:42:56.082 TRACE 82809 --- [    Test worker] o.h.type.descriptor.sql.BasicBinder      : binding parameter [2] as [INTEGER] - [14500]
2023-07-14 14:42:56.082 TRACE 82809 --- [    Test worker] o.h.type.descriptor.sql.BasicBinder      : binding parameter [3] as [INTEGER] - [null]
Hibernate: 
    insert 
    into
        option_tb
        (id, option_name, price, product_id) 
    values
        (default, ?, ?, ?)
2023-07-14 14:42:56.082 TRACE 82809 --- [    Test worker] o.h.type.descriptor.sql.BasicBinder      : binding parameter [1] as [VARCHAR] - [밤깎기+다회용 구이판 세트]
2023-07-14 14:42:56.082 TRACE 82809 --- [    Test worker] o.h.type.descriptor.sql.BasicBinder      : binding parameter [2] as [INTEGER] - [5500]
2023-07-14 14:42:56.082 TRACE 82809 --- [    Test worker] o.h.type.descriptor.sql.BasicBinder      : binding parameter [3] as [INTEGER] - [null]
Hibernate: 
    insert 
    into
        option_tb
        (id, option_name, price, product_id) 
    values
        (default, ?, ?, ?)
2023-07-14 14:42:56.082 TRACE 82809 --- [    Test worker] o.h.type.descriptor.sql.BasicBinder      : binding parameter [1] as [VARCHAR] - [JR310 (유선 전용) - 블루]
2023-07-14 14:42:56.083 TRACE 82809 --- [    Test worker] o.h.type.descriptor.sql.BasicBinder      : binding parameter [2] as [INTEGER] - [29900]
2023-07-14 14:42:56.083 TRACE 82809 --- [    Test worker] o.h.type.descriptor.sql.BasicBinder      : binding parameter [3] as [INTEGER] - [null]
Hibernate: 
    insert 
    into
        option_tb
        (id, option_name, price, product_id) 
    values
        (default, ?, ?, ?)
2023-07-14 14:42:56.084 TRACE 82809 --- [    Test worker] o.h.type.descriptor.sql.BasicBinder      : binding parameter [1] as [VARCHAR] - [JR310BT (무선 전용) - 레드]
2023-07-14 14:42:56.084 TRACE 82809 --- [    Test worker] o.h.type.descriptor.sql.BasicBinder      : binding parameter [2] as [INTEGER] - [49900]
2023-07-14 14:42:56.084 TRACE 82809 --- [    Test worker] o.h.type.descriptor.sql.BasicBinder      : binding parameter [3] as [INTEGER] - [null]
Hibernate: 
    insert 
    into
        option_tb
        (id, option_name, price, product_id) 
    values
        (default, ?, ?, ?)
2023-07-14 14:42:56.084 TRACE 82809 --- [    Test worker] o.h.type.descriptor.sql.BasicBinder      : binding parameter [1] as [VARCHAR] - [JR310BT (무선 전용) - 그린]
2023-07-14 14:42:56.084 TRACE 82809 --- [    Test worker] o.h.type.descriptor.sql.BasicBinder      : binding parameter [2] as [INTEGER] - [49900]
2023-07-14 14:42:56.084 TRACE 82809 --- [    Test worker] o.h.type.descriptor.sql.BasicBinder      : binding parameter [3] as [INTEGER] - [null]
Hibernate: 
    insert 
    into
        option_tb
        (id, option_name, price, product_id) 
    values
        (default, ?, ?, ?)
2023-07-14 14:42:56.084 TRACE 82809 --- [    Test worker] o.h.type.descriptor.sql.BasicBinder      : binding parameter [1] as [VARCHAR] - [JR310BT (무선 전용) - 블루]
2023-07-14 14:42:56.084 TRACE 82809 --- [    Test worker] o.h.type.descriptor.sql.BasicBinder      : binding parameter [2] as [INTEGER] - [49900]
2023-07-14 14:42:56.084 TRACE 82809 --- [    Test worker] o.h.type.descriptor.sql.BasicBinder      : binding parameter [3] as [INTEGER] - [null]
Hibernate: 
    insert 
    into
        option_tb
        (id, option_name, price, product_id) 
    values
        (default, ?, ?, ?)
2023-07-14 14:42:56.085 TRACE 82809 --- [    Test worker] o.h.type.descriptor.sql.BasicBinder      : binding parameter [1] as [VARCHAR] - [T510BT (무선 전용) - 블랙]
2023-07-14 14:42:56.085 TRACE 82809 --- [    Test worker] o.h.type.descriptor.sql.BasicBinder      : binding parameter [2] as [INTEGER] - [52900]
2023-07-14 14:42:56.085 TRACE 82809 --- [    Test worker] o.h.type.descriptor.sql.BasicBinder      : binding parameter [3] as [INTEGER] - [null]
Hibernate: 
    insert 
    into
        option_tb
        (id, option_name, price, product_id) 
    values
        (default, ?, ?, ?)
2023-07-14 14:42:56.085 TRACE 82809 --- [    Test worker] o.h.type.descriptor.sql.BasicBinder      : binding parameter [1] as [VARCHAR] - [T510BT (무선 전용) - 화이트]
2023-07-14 14:42:56.085 TRACE 82809 --- [    Test worker] o.h.type.descriptor.sql.BasicBinder      : binding parameter [2] as [INTEGER] - [52900]
2023-07-14 14:42:56.085 TRACE 82809 --- [    Test worker] o.h.type.descriptor.sql.BasicBinder      : binding parameter [3] as [INTEGER] - [null]
Hibernate: 
    insert 
    into
        option_tb
        (id, option_name, price, product_id) 
    values
        (default, ?, ?, ?)
2023-07-14 14:42:56.086 TRACE 82809 --- [    Test worker] o.h.type.descriptor.sql.BasicBinder      : binding parameter [1] as [VARCHAR] - [선택01_바른곡물효소 누룽지맛 2박스]
2023-07-14 14:42:56.086 TRACE 82809 --- [    Test worker] o.h.type.descriptor.sql.BasicBinder      : binding parameter [2] as [INTEGER] - [17900]
2023-07-14 14:42:56.086 TRACE 82809 --- [    Test worker] o.h.type.descriptor.sql.BasicBinder      : binding parameter [3] as [INTEGER] - [null]
Hibernate: 
    insert 
    into
        option_tb
        (id, option_name, price, product_id) 
    values
        (default, ?, ?, ?)
2023-07-14 14:42:56.086 TRACE 82809 --- [    Test worker] o.h.type.descriptor.sql.BasicBinder      : binding parameter [1] as [VARCHAR] - [선택02_바른곡물효소누룽지맛 6박스]
2023-07-14 14:42:56.086 TRACE 82809 --- [    Test worker] o.h.type.descriptor.sql.BasicBinder      : binding parameter [2] as [INTEGER] - [50000]
2023-07-14 14:42:56.086 TRACE 82809 --- [    Test worker] o.h.type.descriptor.sql.BasicBinder      : binding parameter [3] as [INTEGER] - [null]
Hibernate: 
    insert 
    into
        option_tb
        (id, option_name, price, product_id) 
    values
        (default, ?, ?, ?)
2023-07-14 14:42:56.086 TRACE 82809 --- [    Test worker] o.h.type.descriptor.sql.BasicBinder      : binding parameter [1] as [VARCHAR] - [선택03_바른곡물효소3박스+유산균효소3박스]
2023-07-14 14:42:56.086 TRACE 82809 --- [    Test worker] o.h.type.descriptor.sql.BasicBinder      : binding parameter [2] as [INTEGER] - [50000]
2023-07-14 14:42:56.086 TRACE 82809 --- [    Test worker] o.h.type.descriptor.sql.BasicBinder      : binding parameter [3] as [INTEGER] - [null]
Hibernate: 
    insert 
    into
        option_tb
        (id, option_name, price, product_id) 
    values
        (default, ?, ?, ?)
2023-07-14 14:42:56.087 TRACE 82809 --- [    Test worker] o.h.type.descriptor.sql.BasicBinder      : binding parameter [1] as [VARCHAR] - [선택04_바른곡물효소3박스+19종유산균3박스]
2023-07-14 14:42:56.087 TRACE 82809 --- [    Test worker] o.h.type.descriptor.sql.BasicBinder      : binding parameter [2] as [INTEGER] - [50000]
2023-07-14 14:42:56.087 TRACE 82809 --- [    Test worker] o.h.type.descriptor.sql.BasicBinder      : binding parameter [3] as [INTEGER] - [null]
Hibernate: 
    insert 
    into
        option_tb
        (id, option_name, price, product_id) 
    values
        (default, ?, ?, ?)
2023-07-14 14:42:56.087 TRACE 82809 --- [    Test worker] o.h.type.descriptor.sql.BasicBinder      : binding parameter [1] as [VARCHAR] - [01. 말랑컷팅장족 100g]
2023-07-14 14:42:56.087 TRACE 82809 --- [    Test worker] o.h.type.descriptor.sql.BasicBinder      : binding parameter [2] as [INTEGER] - [4900]
2023-07-14 14:42:56.087 TRACE 82809 --- [    Test worker] o.h.type.descriptor.sql.BasicBinder      : binding parameter [3] as [INTEGER] - [null]
Hibernate: 
    insert 
    into
        option_tb
        (id, option_name, price, product_id) 
    values
        (default, ?, ?, ?)
2023-07-14 14:42:56.087 TRACE 82809 --- [    Test worker] o.h.type.descriptor.sql.BasicBinder      : binding parameter [1] as [VARCHAR] - [02. 말랑컷팅장족 300g]
2023-07-14 14:42:56.088 TRACE 82809 --- [    Test worker] o.h.type.descriptor.sql.BasicBinder      : binding parameter [2] as [INTEGER] - [12800]
2023-07-14 14:42:56.088 TRACE 82809 --- [    Test worker] o.h.type.descriptor.sql.BasicBinder      : binding parameter [3] as [INTEGER] - [null]
Hibernate: 
    insert 
    into
        option_tb
        (id, option_name, price, product_id) 
    values
        (default, ?, ?, ?)
2023-07-14 14:42:56.088 TRACE 82809 --- [    Test worker] o.h.type.descriptor.sql.BasicBinder      : binding parameter [1] as [VARCHAR] - [03. 눌린장족 100g]
2023-07-14 14:42:56.088 TRACE 82809 --- [    Test worker] o.h.type.descriptor.sql.BasicBinder      : binding parameter [2] as [INTEGER] - [4900]
2023-07-14 14:42:56.088 TRACE 82809 --- [    Test worker] o.h.type.descriptor.sql.BasicBinder      : binding parameter [3] as [INTEGER] - [null]
Hibernate: 
    insert 
    into
        option_tb
        (id, option_name, price, product_id) 
    values
        (default, ?, ?, ?)
2023-07-14 14:42:56.088 TRACE 82809 --- [    Test worker] o.h.type.descriptor.sql.BasicBinder      : binding parameter [1] as [VARCHAR] - [굳지않는 쑥 앙금 절편 1050g]
2023-07-14 14:42:56.088 TRACE 82809 --- [    Test worker] o.h.type.descriptor.sql.BasicBinder      : binding parameter [2] as [INTEGER] - [15900]
2023-07-14 14:42:56.088 TRACE 82809 --- [    Test worker] o.h.type.descriptor.sql.BasicBinder      : binding parameter [3] as [INTEGER] - [null]
Hibernate: 
    insert 
    into
        option_tb
        (id, option_name, price, product_id) 
    values
        (default, ?, ?, ?)
2023-07-14 14:42:56.089 TRACE 82809 --- [    Test worker] o.h.type.descriptor.sql.BasicBinder      : binding parameter [1] as [VARCHAR] - [굳지않는 흑미 앙금 절편 1050g]
2023-07-14 14:42:56.089 TRACE 82809 --- [    Test worker] o.h.type.descriptor.sql.BasicBinder      : binding parameter [2] as [INTEGER] - [15900]
2023-07-14 14:42:56.089 TRACE 82809 --- [    Test worker] o.h.type.descriptor.sql.BasicBinder      : binding parameter [3] as [INTEGER] - [null]
Hibernate: 
    insert 
    into
        option_tb
        (id, option_name, price, product_id) 
    values
        (default, ?, ?, ?)
2023-07-14 14:42:56.089 TRACE 82809 --- [    Test worker] o.h.type.descriptor.sql.BasicBinder      : binding parameter [1] as [VARCHAR] - [굳지않는 흰 가래떡 1050g]
2023-07-14 14:42:56.089 TRACE 82809 --- [    Test worker] o.h.type.descriptor.sql.BasicBinder      : binding parameter [2] as [INTEGER] - [15900]
2023-07-14 14:42:56.089 TRACE 82809 --- [    Test worker] o.h.type.descriptor.sql.BasicBinder      : binding parameter [3] as [INTEGER] - [null]
Hibernate: 
    insert 
    into
        option_tb
        (id, option_name, price, product_id) 
    values
        (default, ?, ?, ?)
2023-07-14 14:42:56.089 TRACE 82809 --- [    Test worker] o.h.type.descriptor.sql.BasicBinder      : binding parameter [1] as [VARCHAR] - [이너딜리티 1박스]
2023-07-14 14:42:56.089 TRACE 82809 --- [    Test worker] o.h.type.descriptor.sql.BasicBinder      : binding parameter [2] as [INTEGER] - [26800]
2023-07-14 14:42:56.089 TRACE 82809 --- [    Test worker] o.h.type.descriptor.sql.BasicBinder      : binding parameter [3] as [INTEGER] - [null]
Hibernate: 
    insert 
    into
        option_tb
        (id, option_name, price, product_id) 
    values
        (default, ?, ?, ?)
2023-07-14 14:42:56.090 TRACE 82809 --- [    Test worker] o.h.type.descriptor.sql.BasicBinder      : binding parameter [1] as [VARCHAR] - [이너딜리티 2박스+사은품 2종]
2023-07-14 14:42:56.090 TRACE 82809 --- [    Test worker] o.h.type.descriptor.sql.BasicBinder      : binding parameter [2] as [INTEGER] - [49800]
2023-07-14 14:42:56.090 TRACE 82809 --- [    Test worker] o.h.type.descriptor.sql.BasicBinder      : binding parameter [3] as [INTEGER] - [null]
Hibernate: 
    insert 
    into
        option_tb
        (id, option_name, price, product_id) 
    values
        (default, ?, ?, ?)
2023-07-14 14:42:56.090 TRACE 82809 --- [    Test worker] o.h.type.descriptor.sql.BasicBinder      : binding parameter [1] as [VARCHAR] - [제나벨 PDRN 자생크림 1+1]
2023-07-14 14:42:56.090 TRACE 82809 --- [    Test worker] o.h.type.descriptor.sql.BasicBinder      : binding parameter [2] as [INTEGER] - [25900]
2023-07-14 14:42:56.090 TRACE 82809 --- [    Test worker] o.h.type.descriptor.sql.BasicBinder      : binding parameter [3] as [INTEGER] - [null]
Hibernate: 
    insert 
    into
        option_tb
        (id, option_name, price, product_id) 
    values
        (default, ?, ?, ?)
2023-07-14 14:42:56.090 TRACE 82809 --- [    Test worker] o.h.type.descriptor.sql.BasicBinder      : binding parameter [1] as [VARCHAR] - [플레이스테이션 VR2 호라이즌 번들]
2023-07-14 14:42:56.090 TRACE 82809 --- [    Test worker] o.h.type.descriptor.sql.BasicBinder      : binding parameter [2] as [INTEGER] - [839000]
2023-07-14 14:42:56.090 TRACE 82809 --- [    Test worker] o.h.type.descriptor.sql.BasicBinder      : binding parameter [3] as [INTEGER] - [null]
Hibernate: 
    insert 
    into
        option_tb
        (id, option_name, price, product_id) 
    values
        (default, ?, ?, ?)
2023-07-14 14:42:56.091 TRACE 82809 --- [    Test worker] o.h.type.descriptor.sql.BasicBinder      : binding parameter [1] as [VARCHAR] - [플레이스테이션 VR2]
2023-07-14 14:42:56.091 TRACE 82809 --- [    Test worker] o.h.type.descriptor.sql.BasicBinder      : binding parameter [2] as [INTEGER] - [797000]
2023-07-14 14:42:56.091 TRACE 82809 --- [    Test worker] o.h.type.descriptor.sql.BasicBinder      : binding parameter [3] as [INTEGER] - [null]
Hibernate: 
    insert 
    into
        option_tb
        (id, option_name, price, product_id) 
    values
        (default, ?, ?, ?)
2023-07-14 14:42:56.091 TRACE 82809 --- [    Test worker] o.h.type.descriptor.sql.BasicBinder      : binding parameter [1] as [VARCHAR] - [홍가리비2kg(50미이내)]
2023-07-14 14:42:56.091 TRACE 82809 --- [    Test worker] o.h.type.descriptor.sql.BasicBinder      : binding parameter [2] as [INTEGER] - [8900]
2023-07-14 14:42:56.091 TRACE 82809 --- [    Test worker] o.h.type.descriptor.sql.BasicBinder      : binding parameter [3] as [INTEGER] - [null]
Hibernate: 
    insert 
    into
        option_tb
        (id, option_name, price, product_id) 
    values
        (default, ?, ?, ?)
2023-07-14 14:42:56.091 TRACE 82809 --- [    Test worker] o.h.type.descriptor.sql.BasicBinder      : binding parameter [1] as [VARCHAR] - [궁채 절임 1kg]
2023-07-14 14:42:56.091 TRACE 82809 --- [    Test worker] o.h.type.descriptor.sql.BasicBinder      : binding parameter [2] as [INTEGER] - [6900]
2023-07-14 14:42:56.091 TRACE 82809 --- [    Test worker] o.h.type.descriptor.sql.BasicBinder      : binding parameter [3] as [INTEGER] - [null]
Hibernate: 
    insert 
    into
        option_tb
        (id, option_name, price, product_id) 
    values
        (default, ?, ?, ?)
2023-07-14 14:42:56.091 TRACE 82809 --- [    Test worker] o.h.type.descriptor.sql.BasicBinder      : binding parameter [1] as [VARCHAR] - [양념 깻잎 1kg]
2023-07-14 14:42:56.092 TRACE 82809 --- [    Test worker] o.h.type.descriptor.sql.BasicBinder      : binding parameter [2] as [INTEGER] - [8900]
2023-07-14 14:42:56.092 TRACE 82809 --- [    Test worker] o.h.type.descriptor.sql.BasicBinder      : binding parameter [3] as [INTEGER] - [null]
Hibernate: 
    insert 
    into
        option_tb
        (id, option_name, price, product_id) 
    values
        (default, ?, ?, ?)
2023-07-14 14:42:56.092 TRACE 82809 --- [    Test worker] o.h.type.descriptor.sql.BasicBinder      : binding parameter [1] as [VARCHAR] - [된장 깻잎 1kg]
2023-07-14 14:42:56.092 TRACE 82809 --- [    Test worker] o.h.type.descriptor.sql.BasicBinder      : binding parameter [2] as [INTEGER] - [8900]
2023-07-14 14:42:56.092 TRACE 82809 --- [    Test worker] o.h.type.descriptor.sql.BasicBinder      : binding parameter [3] as [INTEGER] - [null]
Hibernate: 
    insert 
    into
        option_tb
        (id, option_name, price, product_id) 
    values
        (default, ?, ?, ?)
2023-07-14 14:42:56.092 TRACE 82809 --- [    Test worker] o.h.type.descriptor.sql.BasicBinder      : binding parameter [1] as [VARCHAR] - [간장 깻잎 1kg]
2023-07-14 14:42:56.092 TRACE 82809 --- [    Test worker] o.h.type.descriptor.sql.BasicBinder      : binding parameter [2] as [INTEGER] - [7900]
2023-07-14 14:42:56.092 TRACE 82809 --- [    Test worker] o.h.type.descriptor.sql.BasicBinder      : binding parameter [3] as [INTEGER] - [null]
Hibernate: 
    insert 
    into
        option_tb
        (id, option_name, price, product_id) 
    values
        (default, ?, ?, ?)
2023-07-14 14:42:56.093 TRACE 82809 --- [    Test worker] o.h.type.descriptor.sql.BasicBinder      : binding parameter [1] as [VARCHAR] - [고추 무침 1kg]
2023-07-14 14:42:56.093 TRACE 82809 --- [    Test worker] o.h.type.descriptor.sql.BasicBinder      : binding parameter [2] as [INTEGER] - [8900]
2023-07-14 14:42:56.093 TRACE 82809 --- [    Test worker] o.h.type.descriptor.sql.BasicBinder      : binding parameter [3] as [INTEGER] - [null]
Hibernate: 
    insert 
    into
        option_tb
        (id, option_name, price, product_id) 
    values
        (default, ?, ?, ?)
2023-07-14 14:42:56.093 TRACE 82809 --- [    Test worker] o.h.type.descriptor.sql.BasicBinder      : binding parameter [1] as [VARCHAR] - [파래 무침 1kg]
2023-07-14 14:42:56.093 TRACE 82809 --- [    Test worker] o.h.type.descriptor.sql.BasicBinder      : binding parameter [2] as [INTEGER] - [9900]
2023-07-14 14:42:56.093 TRACE 82809 --- [    Test worker] o.h.type.descriptor.sql.BasicBinder      : binding parameter [3] as [INTEGER] - [null]
Hibernate: 
    insert 
    into
        option_tb
        (id, option_name, price, product_id) 
    values
        (default, ?, ?, ?)
2023-07-14 14:42:56.093 TRACE 82809 --- [    Test worker] o.h.type.descriptor.sql.BasicBinder      : binding parameter [1] as [VARCHAR] - [01_순수소프트 27m 30롤 2팩]
2023-07-14 14:42:56.093 TRACE 82809 --- [    Test worker] o.h.type.descriptor.sql.BasicBinder      : binding parameter [2] as [INTEGER] - [28900]
2023-07-14 14:42:56.093 TRACE 82809 --- [    Test worker] o.h.type.descriptor.sql.BasicBinder      : binding parameter [3] as [INTEGER] - [null]
Hibernate: 
    insert 
    into
        option_tb
        (id, option_name, price, product_id) 
    values
        (default, ?, ?, ?)
2023-07-14 14:42:56.094 TRACE 82809 --- [    Test worker] o.h.type.descriptor.sql.BasicBinder      : binding parameter [1] as [VARCHAR] - [02_벚꽃 프리미엄 27m 30롤 2팩]
2023-07-14 14:42:56.094 TRACE 82809 --- [    Test worker] o.h.type.descriptor.sql.BasicBinder      : binding parameter [2] as [INTEGER] - [32900]
2023-07-14 14:42:56.094 TRACE 82809 --- [    Test worker] o.h.type.descriptor.sql.BasicBinder      : binding parameter [3] as [INTEGER] - [null]
Hibernate: 
    insert 
    into
        option_tb
        (id, option_name, price, product_id) 
    values
        (default, ?, ?, ?)
2023-07-14 14:42:56.094 TRACE 82809 --- [    Test worker] o.h.type.descriptor.sql.BasicBinder      : binding parameter [1] as [VARCHAR] - [(증정) 초미세모 칫솔 12개 x 2개]
2023-07-14 14:42:56.094 TRACE 82809 --- [    Test worker] o.h.type.descriptor.sql.BasicBinder      : binding parameter [2] as [INTEGER] - [11900]
2023-07-14 14:42:56.094 TRACE 82809 --- [    Test worker] o.h.type.descriptor.sql.BasicBinder      : binding parameter [3] as [INTEGER] - [null]
Hibernate: 
    insert 
    into
        option_tb
        (id, option_name, price, product_id) 
    values
        (default, ?, ?, ?)
2023-07-14 14:42:56.095 TRACE 82809 --- [    Test worker] o.h.type.descriptor.sql.BasicBinder      : binding parameter [1] as [VARCHAR] - [(증정) 잇몸케어 치약 100G 3개 x 2개]
2023-07-14 14:42:56.095 TRACE 82809 --- [    Test worker] o.h.type.descriptor.sql.BasicBinder      : binding parameter [2] as [INTEGER] - [16900]
2023-07-14 14:42:56.095 TRACE 82809 --- [    Test worker] o.h.type.descriptor.sql.BasicBinder      : binding parameter [3] as [INTEGER] - [null]
Hibernate: 
    insert 
    into
        option_tb
        (id, option_name, price, product_id) 
    values
        (default, ?, ?, ?)
2023-07-14 14:42:56.095 TRACE 82809 --- [    Test worker] o.h.type.descriptor.sql.BasicBinder      : binding parameter [1] as [VARCHAR] - [(증정) 구취케어 치약 100G 3개 x 2개]
2023-07-14 14:42:56.095 TRACE 82809 --- [    Test worker] o.h.type.descriptor.sql.BasicBinder      : binding parameter [2] as [INTEGER] - [16900]
2023-07-14 14:42:56.095 TRACE 82809 --- [    Test worker] o.h.type.descriptor.sql.BasicBinder      : binding parameter [3] as [INTEGER] - [null]
Hibernate: 
    insert 
    into
        option_tb
        (id, option_name, price, product_id) 
    values
        (default, ?, ?, ?)
2023-07-14 14:42:56.095 TRACE 82809 --- [    Test worker] o.h.type.descriptor.sql.BasicBinder      : binding parameter [1] as [VARCHAR] - [(증정)화이트케어 치약 100G 3개 x 2개]
2023-07-14 14:42:56.095 TRACE 82809 --- [    Test worker] o.h.type.descriptor.sql.BasicBinder      : binding parameter [2] as [INTEGER] - [19900]
2023-07-14 14:42:56.095 TRACE 82809 --- [    Test worker] o.h.type.descriptor.sql.BasicBinder      : binding parameter [3] as [INTEGER] - [null]
Hibernate: 
    insert 
    into
        option_tb
        (id, option_name, price, product_id) 
    values
        (default, ?, ?, ?)
2023-07-14 14:42:56.095 TRACE 82809 --- [    Test worker] o.h.type.descriptor.sql.BasicBinder      : binding parameter [1] as [VARCHAR] - [(증정) 어린이 칫솔 12EA]
2023-07-14 14:42:56.095 TRACE 82809 --- [    Test worker] o.h.type.descriptor.sql.BasicBinder      : binding parameter [2] as [INTEGER] - [9900]
2023-07-14 14:42:56.095 TRACE 82809 --- [    Test worker] o.h.type.descriptor.sql.BasicBinder      : binding parameter [3] as [INTEGER] - [null]
Hibernate: 
    insert 
    into
        option_tb
        (id, option_name, price, product_id) 
    values
        (default, ?, ?, ?)
2023-07-14 14:42:56.096 TRACE 82809 --- [    Test worker] o.h.type.descriptor.sql.BasicBinder      : binding parameter [1] as [VARCHAR] - [[가정용] 샤인머스켓 1kg 2수내외]
2023-07-14 14:42:56.096 TRACE 82809 --- [    Test worker] o.h.type.descriptor.sql.BasicBinder      : binding parameter [2] as [INTEGER] - [9900]
2023-07-14 14:42:56.096 TRACE 82809 --- [    Test worker] o.h.type.descriptor.sql.BasicBinder      : binding parameter [3] as [INTEGER] - [null]
Hibernate: 
    insert 
    into
        option_tb
        (id, option_name, price, product_id) 
    values
        (default, ?, ?, ?)
2023-07-14 14:42:56.096 TRACE 82809 --- [    Test worker] o.h.type.descriptor.sql.BasicBinder      : binding parameter [1] as [VARCHAR] - [[특품] 샤인머스켓 1kg 1-2수]
2023-07-14 14:42:56.096 TRACE 82809 --- [    Test worker] o.h.type.descriptor.sql.BasicBinder      : binding parameter [2] as [INTEGER] - [12900]
2023-07-14 14:42:56.096 TRACE 82809 --- [    Test worker] o.h.type.descriptor.sql.BasicBinder      : binding parameter [3] as [INTEGER] - [null]
Hibernate: 
    insert 
    into
        option_tb
        (id, option_name, price, product_id) 
    values
        (default, ?, ?, ?)
2023-07-14 14:42:56.096 TRACE 82809 --- [    Test worker] o.h.type.descriptor.sql.BasicBinder      : binding parameter [1] as [VARCHAR] - [[특품] 샤인머스켓 2kg 2-3수]
2023-07-14 14:42:56.096 TRACE 82809 --- [    Test worker] o.h.type.descriptor.sql.BasicBinder      : binding parameter [2] as [INTEGER] - [23900]
2023-07-14 14:42:56.096 TRACE 82809 --- [    Test worker] o.h.type.descriptor.sql.BasicBinder      : binding parameter [3] as [INTEGER] - [null]
Hibernate: 
    insert 
    into
        option_tb
        (id, option_name, price, product_id) 
    values
        (default, ?, ?, ?)
2023-07-14 14:42:56.097 TRACE 82809 --- [    Test worker] o.h.type.descriptor.sql.BasicBinder      : binding parameter [1] as [VARCHAR] - [화이트]
2023-07-14 14:42:56.097 TRACE 82809 --- [    Test worker] o.h.type.descriptor.sql.BasicBinder      : binding parameter [2] as [INTEGER] - [148000]
2023-07-14 14:42:56.097 TRACE 82809 --- [    Test worker] o.h.type.descriptor.sql.BasicBinder      : binding parameter [3] as [INTEGER] - [null]
Hibernate: 
    insert 
    into
        option_tb
        (id, option_name, price, product_id) 
    values
        (default, ?, ?, ?)
2023-07-14 14:42:56.098 TRACE 82809 --- [    Test worker] o.h.type.descriptor.sql.BasicBinder      : binding parameter [1] as [VARCHAR] - [블랙]
2023-07-14 14:42:56.098 TRACE 82809 --- [    Test worker] o.h.type.descriptor.sql.BasicBinder      : binding parameter [2] as [INTEGER] - [148000]
2023-07-14 14:42:56.098 TRACE 82809 --- [    Test worker] o.h.type.descriptor.sql.BasicBinder      : binding parameter [3] as [INTEGER] - [null]
Hibernate: 
    insert 
    into
        cart_tb
        (id, option_id, price, quantity, user_id) 
    values
        (default, ?, ?, ?, ?)
2023-07-14 14:42:56.101 TRACE 82809 --- [    Test worker] o.h.type.descriptor.sql.BasicBinder      : binding parameter [1] as [INTEGER] - [1]
2023-07-14 14:42:56.101 TRACE 82809 --- [    Test worker] o.h.type.descriptor.sql.BasicBinder      : binding parameter [2] as [INTEGER] - [50000]
2023-07-14 14:42:56.101 TRACE 82809 --- [    Test worker] o.h.type.descriptor.sql.BasicBinder      : binding parameter [3] as [INTEGER] - [5]
2023-07-14 14:42:56.101 TRACE 82809 --- [    Test worker] o.h.type.descriptor.sql.BasicBinder      : binding parameter [4] as [INTEGER] - [1]
Hibernate: 
    insert 
    into
        cart_tb
        (id, option_id, price, quantity, user_id) 
    values
        (default, ?, ?, ?, ?)
2023-07-14 14:42:56.102 TRACE 82809 --- [    Test worker] o.h.type.descriptor.sql.BasicBinder      : binding parameter [1] as [INTEGER] - [3]
2023-07-14 14:42:56.102 TRACE 82809 --- [    Test worker] o.h.type.descriptor.sql.BasicBinder      : binding parameter [2] as [INTEGER] - [29700]
2023-07-14 14:42:56.102 TRACE 82809 --- [    Test worker] o.h.type.descriptor.sql.BasicBinder      : binding parameter [3] as [INTEGER] - [3]
2023-07-14 14:42:56.102 TRACE 82809 --- [    Test worker] o.h.type.descriptor.sql.BasicBinder      : binding parameter [4] as [INTEGER] - [1]
Hibernate: 
    insert 
    into
        cart_tb
        (id, option_id, price, quantity, user_id) 
    values
        (default, ?, ?, ?, ?)
2023-07-14 14:42:56.102 TRACE 82809 --- [    Test worker] o.h.type.descriptor.sql.BasicBinder      : binding parameter [1] as [INTEGER] - [8]
2023-07-14 14:42:56.102 TRACE 82809 --- [    Test worker] o.h.type.descriptor.sql.BasicBinder      : binding parameter [2] as [INTEGER] - [11000]
2023-07-14 14:42:56.102 TRACE 82809 --- [    Test worker] o.h.type.descriptor.sql.BasicBinder      : binding parameter [3] as [INTEGER] - [2]
2023-07-14 14:42:56.102 TRACE 82809 --- [    Test worker] o.h.type.descriptor.sql.BasicBinder      : binding parameter [4] as [INTEGER] - [1]
Hibernate: 
    insert 
    into
        cart_tb
        (id, option_id, price, quantity, user_id) 
    values
        (default, ?, ?, ?, ?)
2023-07-14 14:42:56.102 TRACE 82809 --- [    Test worker] o.h.type.descriptor.sql.BasicBinder      : binding parameter [1] as [INTEGER] - [14]
2023-07-14 14:42:56.102 TRACE 82809 --- [    Test worker] o.h.type.descriptor.sql.BasicBinder      : binding parameter [2] as [INTEGER] - [264500]
2023-07-14 14:42:56.102 TRACE 82809 --- [    Test worker] o.h.type.descriptor.sql.BasicBinder      : binding parameter [3] as [INTEGER] - [5]
2023-07-14 14:42:56.102 TRACE 82809 --- [    Test worker] o.h.type.descriptor.sql.BasicBinder      : binding parameter [4] as [INTEGER] - [1]
Hibernate: 
    insert 
    into
        cart_tb
        (id, option_id, price, quantity, user_id) 
    values
        (default, ?, ?, ?, ?)
2023-07-14 14:42:56.103 TRACE 82809 --- [    Test worker] o.h.type.descriptor.sql.BasicBinder      : binding parameter [1] as [INTEGER] - [16]
2023-07-14 14:42:56.103 TRACE 82809 --- [    Test worker] o.h.type.descriptor.sql.BasicBinder      : binding parameter [2] as [INTEGER] - [50000]
2023-07-14 14:42:56.103 TRACE 82809 --- [    Test worker] o.h.type.descriptor.sql.BasicBinder      : binding parameter [3] as [INTEGER] - [1]
2023-07-14 14:42:56.103 TRACE 82809 --- [    Test worker] o.h.type.descriptor.sql.BasicBinder      : binding parameter [4] as [INTEGER] - [1]
Hibernate: 
    select
        cart0_.id as id1_0_0_,
        user1_.id as id1_5_1_,
        option2_.id as id1_2_2_,
        cart0_.option_id as option_i4_0_0_,
        cart0_.price as price2_0_0_,
        cart0_.quantity as quantity3_0_0_,
        cart0_.user_id as user_id5_0_0_,
        user1_.email as email2_5_1_,
        user1_.password as password3_5_1_,
        user1_.roles as roles4_5_1_,
        user1_.username as username5_5_1_,
        option2_.option_name as option_n2_2_2_,
        option2_.price as price3_2_2_,
        option2_.product_id as product_4_2_2_ 
    from
        cart_tb cart0_ 
    inner join
        user_tb user1_ 
            on cart0_.user_id=user1_.id 
    inner join
        option_tb option2_ 
            on cart0_.option_id=option2_.id 
    where
        cart0_.id=?
2023-07-14 14:42:56.110 TRACE 82809 --- [    Test worker] o.h.type.descriptor.sql.BasicBinder      : binding parameter [1] as [INTEGER] - [1]
2023-07-14 14:42:56.111 TRACE 82809 --- [    Test worker] o.h.type.descriptor.sql.BasicExtractor   : extracted value ([id1_0_0_] : [INTEGER]) - [1]
2023-07-14 14:42:56.111 TRACE 82809 --- [    Test worker] o.h.type.descriptor.sql.BasicExtractor   : extracted value ([id1_5_1_] : [INTEGER]) - [1]
2023-07-14 14:42:56.111 TRACE 82809 --- [    Test worker] o.h.type.descriptor.sql.BasicExtractor   : extracted value ([id1_2_2_] : [INTEGER]) - [1]
2023-07-14 14:42:56.111 TRACE 82809 --- [    Test worker] o.h.type.descriptor.sql.BasicExtractor   : extracted value ([option_i4_0_0_] : [INTEGER]) - [1]
2023-07-14 14:42:56.111 TRACE 82809 --- [    Test worker] o.h.type.descriptor.sql.BasicExtractor   : extracted value ([price2_0_0_] : [INTEGER]) - [50000]
2023-07-14 14:42:56.111 TRACE 82809 --- [    Test worker] o.h.type.descriptor.sql.BasicExtractor   : extracted value ([quantity3_0_0_] : [INTEGER]) - [5]
2023-07-14 14:42:56.111 TRACE 82809 --- [    Test worker] o.h.type.descriptor.sql.BasicExtractor   : extracted value ([user_id5_0_0_] : [INTEGER]) - [1]
2023-07-14 14:42:56.112 TRACE 82809 --- [    Test worker] o.h.type.descriptor.sql.BasicExtractor   : extracted value ([email2_5_1_] : [VARCHAR]) - [ssar@nate.com]
2023-07-14 14:42:56.112 TRACE 82809 --- [    Test worker] o.h.type.descriptor.sql.BasicExtractor   : extracted value ([password3_5_1_] : [VARCHAR]) - [$2a$10$pPbtz0/1QQq3fe2P1azmNOCX0mWqw7p3wG4O26fKdwMAAXCWkA9aq]
2023-07-14 14:42:56.112 TRACE 82809 --- [    Test worker] o.h.type.descriptor.sql.BasicExtractor   : extracted value ([roles4_5_1_] : [VARCHAR]) - [ROLE_USER]
2023-07-14 14:42:56.112 TRACE 82809 --- [    Test worker] o.h.type.descriptor.sql.BasicExtractor   : extracted value ([username5_5_1_] : [VARCHAR]) - [ssar]
2023-07-14 14:42:56.112 TRACE 82809 --- [    Test worker] o.h.type.descriptor.sql.BasicExtractor   : extracted value ([option_n2_2_2_] : [VARCHAR]) - [01. 슬라이딩 지퍼백 크리스마스에디션 4종]
2023-07-14 14:42:56.112 TRACE 82809 --- [    Test worker] o.h.type.descriptor.sql.BasicExtractor   : extracted value ([price3_2_2_] : [INTEGER]) - [10000]
2023-07-14 14:42:56.112 TRACE 82809 --- [    Test worker] o.h.type.descriptor.sql.BasicExtractor   : extracted value ([product_4_2_2_] : [INTEGER]) - [null]
Hibernate: 
    update
        cart_tb 
    set
        option_id=?,
        price=?,
        quantity=?,
        user_id=? 
    where
        id=?
2023-07-14 14:42:56.144 TRACE 82809 --- [    Test worker] o.h.type.descriptor.sql.BasicBinder      : binding parameter [1] as [INTEGER] - [1]
2023-07-14 14:42:56.144 TRACE 82809 --- [    Test worker] o.h.type.descriptor.sql.BasicBinder      : binding parameter [2] as [INTEGER] - [500000]
2023-07-14 14:42:56.144 TRACE 82809 --- [    Test worker] o.h.type.descriptor.sql.BasicBinder      : binding parameter [3] as [INTEGER] - [50]
2023-07-14 14:42:56.144 TRACE 82809 --- [    Test worker] o.h.type.descriptor.sql.BasicBinder      : binding parameter [4] as [INTEGER] - [1]
2023-07-14 14:42:56.144 TRACE 82809 --- [    Test worker] o.h.type.descriptor.sql.BasicBinder      : binding parameter [5] as [INTEGER] - [1]
Hibernate: 
    select
        cart0_.id as id1_0_,
        cart0_.option_id as option_i4_0_,
        cart0_.price as price2_0_,
        cart0_.quantity as quantity3_0_,
        cart0_.user_id as user_id5_0_ 
    from
        cart_tb cart0_
2023-07-14 14:42:56.146 TRACE 82809 --- [    Test worker] o.h.type.descriptor.sql.BasicExtractor   : extracted value ([id1_0_] : [INTEGER]) - [1]
2023-07-14 14:42:56.146 TRACE 82809 --- [    Test worker] o.h.type.descriptor.sql.BasicExtractor   : extracted value ([id1_0_] : [INTEGER]) - [2]
2023-07-14 14:42:56.146 TRACE 82809 --- [    Test worker] o.h.type.descriptor.sql.BasicExtractor   : extracted value ([option_i4_0_] : [INTEGER]) - [3]
2023-07-14 14:42:56.146 TRACE 82809 --- [    Test worker] o.h.type.descriptor.sql.BasicExtractor   : extracted value ([price2_0_] : [INTEGER]) - [29700]
2023-07-14 14:42:56.146 TRACE 82809 --- [    Test worker] o.h.type.descriptor.sql.BasicExtractor   : extracted value ([quantity3_0_] : [INTEGER]) - [3]
2023-07-14 14:42:56.146 TRACE 82809 --- [    Test worker] o.h.type.descriptor.sql.BasicExtractor   : extracted value ([user_id5_0_] : [INTEGER]) - [1]
2023-07-14 14:42:56.146 TRACE 82809 --- [    Test worker] o.h.type.descriptor.sql.BasicExtractor   : extracted value ([id1_0_] : [INTEGER]) - [3]
2023-07-14 14:42:56.146 TRACE 82809 --- [    Test worker] o.h.type.descriptor.sql.BasicExtractor   : extracted value ([option_i4_0_] : [INTEGER]) - [8]
2023-07-14 14:42:56.146 TRACE 82809 --- [    Test worker] o.h.type.descriptor.sql.BasicExtractor   : extracted value ([price2_0_] : [INTEGER]) - [11000]
2023-07-14 14:42:56.146 TRACE 82809 --- [    Test worker] o.h.type.descriptor.sql.BasicExtractor   : extracted value ([quantity3_0_] : [INTEGER]) - [2]
2023-07-14 14:42:56.146 TRACE 82809 --- [    Test worker] o.h.type.descriptor.sql.BasicExtractor   : extracted value ([user_id5_0_] : [INTEGER]) - [1]
2023-07-14 14:42:56.146 TRACE 82809 --- [    Test worker] o.h.type.descriptor.sql.BasicExtractor   : extracted value ([id1_0_] : [INTEGER]) - [4]
2023-07-14 14:42:56.146 TRACE 82809 --- [    Test worker] o.h.type.descriptor.sql.BasicExtractor   : extracted value ([option_i4_0_] : [INTEGER]) - [14]
2023-07-14 14:42:56.146 TRACE 82809 --- [    Test worker] o.h.type.descriptor.sql.BasicExtractor   : extracted value ([price2_0_] : [INTEGER]) - [264500]
2023-07-14 14:42:56.146 TRACE 82809 --- [    Test worker] o.h.type.descriptor.sql.BasicExtractor   : extracted value ([quantity3_0_] : [INTEGER]) - [5]
2023-07-14 14:42:56.146 TRACE 82809 --- [    Test worker] o.h.type.descriptor.sql.BasicExtractor   : extracted value ([user_id5_0_] : [INTEGER]) - [1]
2023-07-14 14:42:56.146 TRACE 82809 --- [    Test worker] o.h.type.descriptor.sql.BasicExtractor   : extracted value ([id1_0_] : [INTEGER]) - [5]
2023-07-14 14:42:56.146 TRACE 82809 --- [    Test worker] o.h.type.descriptor.sql.BasicExtractor   : extracted value ([option_i4_0_] : [INTEGER]) - [16]
2023-07-14 14:42:56.146 TRACE 82809 --- [    Test worker] o.h.type.descriptor.sql.BasicExtractor   : extracted value ([price2_0_] : [INTEGER]) - [50000]
2023-07-14 14:42:56.146 TRACE 82809 --- [    Test worker] o.h.type.descriptor.sql.BasicExtractor   : extracted value ([quantity3_0_] : [INTEGER]) - [1]
2023-07-14 14:42:56.146 TRACE 82809 --- [    Test worker] o.h.type.descriptor.sql.BasicExtractor   : extracted value ([user_id5_0_] : [INTEGER]) - [1]
Hibernate: 
    select
        user0_.id as id1_5_,
        user0_.email as email2_5_,
        user0_.password as password3_5_,
        user0_.roles as roles4_5_,
        user0_.username as username5_5_ 
    from
        user_tb user0_
2023-07-14 14:42:56.152 TRACE 82809 --- [    Test worker] o.h.type.descriptor.sql.BasicExtractor   : extracted value ([id1_5_] : [INTEGER]) - [1]
Hibernate: 
    select
        option0_.id as id1_2_,
        option0_.option_name as option_n2_2_,
        option0_.price as price3_2_,
        option0_.product_id as product_4_2_ 
    from
        option_tb option0_
2023-07-14 14:42:56.153 TRACE 82809 --- [    Test worker] o.h.type.descriptor.sql.BasicExtractor   : extracted value ([id1_2_] : [INTEGER]) - [1]
2023-07-14 14:42:56.153 TRACE 82809 --- [    Test worker] o.h.type.descriptor.sql.BasicExtractor   : extracted value ([id1_2_] : [INTEGER]) - [2]
2023-07-14 14:42:56.153 TRACE 82809 --- [    Test worker] o.h.type.descriptor.sql.BasicExtractor   : extracted value ([option_n2_2_] : [VARCHAR]) - [02. 슬라이딩 지퍼백 플라워에디션 5종]
2023-07-14 14:42:56.153 TRACE 82809 --- [    Test worker] o.h.type.descriptor.sql.BasicExtractor   : extracted value ([price3_2_] : [INTEGER]) - [10900]
2023-07-14 14:42:56.153 TRACE 82809 --- [    Test worker] o.h.type.descriptor.sql.BasicExtractor   : extracted value ([product_4_2_] : [INTEGER]) - [null]
2023-07-14 14:42:56.153 TRACE 82809 --- [    Test worker] o.h.type.descriptor.sql.BasicExtractor   : extracted value ([id1_2_] : [INTEGER]) - [3]
2023-07-14 14:42:56.153 TRACE 82809 --- [    Test worker] o.h.type.descriptor.sql.BasicExtractor   : extracted value ([option_n2_2_] : [VARCHAR]) - [고무장갑 베이지 S(소형) 6팩]
2023-07-14 14:42:56.153 TRACE 82809 --- [    Test worker] o.h.type.descriptor.sql.BasicExtractor   : extracted value ([price3_2_] : [INTEGER]) - [9900]
2023-07-14 14:42:56.153 TRACE 82809 --- [    Test worker] o.h.type.descriptor.sql.BasicExtractor   : extracted value ([product_4_2_] : [INTEGER]) - [null]
2023-07-14 14:42:56.153 TRACE 82809 --- [    Test worker] o.h.type.descriptor.sql.BasicExtractor   : extracted value ([id1_2_] : [INTEGER]) - [4]
2023-07-14 14:42:56.153 TRACE 82809 --- [    Test worker] o.h.type.descriptor.sql.BasicExtractor   : extracted value ([option_n2_2_] : [VARCHAR]) - [뽑아쓰는 키친타올 130매 12팩]
2023-07-14 14:42:56.153 TRACE 82809 --- [    Test worker] o.h.type.descriptor.sql.BasicExtractor   : extracted value ([price3_2_] : [INTEGER]) - [16900]
2023-07-14 14:42:56.153 TRACE 82809 --- [    Test worker] o.h.type.descriptor.sql.BasicExtractor   : extracted value ([product_4_2_] : [INTEGER]) - [null]
2023-07-14 14:42:56.153 TRACE 82809 --- [    Test worker] o.h.type.descriptor.sql.BasicExtractor   : extracted value ([id1_2_] : [INTEGER]) - [5]
2023-07-14 14:42:56.153 TRACE 82809 --- [    Test worker] o.h.type.descriptor.sql.BasicExtractor   : extracted value ([option_n2_2_] : [VARCHAR]) - [2겹 식빵수세미 6매]
2023-07-14 14:42:56.153 TRACE 82809 --- [    Test worker] o.h.type.descriptor.sql.BasicExtractor   : extracted value ([price3_2_] : [INTEGER]) - [8900]
2023-07-14 14:42:56.153 TRACE 82809 --- [    Test worker] o.h.type.descriptor.sql.BasicExtractor   : extracted value ([product_4_2_] : [INTEGER]) - [null]
2023-07-14 14:42:56.153 TRACE 82809 --- [    Test worker] o.h.type.descriptor.sql.BasicExtractor   : extracted value ([id1_2_] : [INTEGER]) - [6]
2023-07-14 14:42:56.153 TRACE 82809 --- [    Test worker] o.h.type.descriptor.sql.BasicExtractor   : extracted value ([option_n2_2_] : [VARCHAR]) - [22년산 햇단밤 700g(한정판매)]
2023-07-14 14:42:56.153 TRACE 82809 --- [    Test worker] o.h.type.descriptor.sql.BasicExtractor   : extracted value ([price3_2_] : [INTEGER]) - [9900]
2023-07-14 14:42:56.153 TRACE 82809 --- [    Test worker] o.h.type.descriptor.sql.BasicExtractor   : extracted value ([product_4_2_] : [INTEGER]) - [null]
2023-07-14 14:42:56.153 TRACE 82809 --- [    Test worker] o.h.type.descriptor.sql.BasicExtractor   : extracted value ([id1_2_] : [INTEGER]) - [7]
2023-07-14 14:42:56.153 TRACE 82809 --- [    Test worker] o.h.type.descriptor.sql.BasicExtractor   : extracted value ([option_n2_2_] : [VARCHAR]) - [22년산 햇단밤 1kg(한정판매)]
2023-07-14 14:42:56.154 TRACE 82809 --- [    Test worker] o.h.type.descriptor.sql.BasicExtractor   : extracted value ([price3_2_] : [INTEGER]) - [14500]
2023-07-14 14:42:56.154 TRACE 82809 --- [    Test worker] o.h.type.descriptor.sql.BasicExtractor   : extracted value ([product_4_2_] : [INTEGER]) - [null]
2023-07-14 14:42:56.154 TRACE 82809 --- [    Test worker] o.h.type.descriptor.sql.BasicExtractor   : extracted value ([id1_2_] : [INTEGER]) - [8]
2023-07-14 14:42:56.154 TRACE 82809 --- [    Test worker] o.h.type.descriptor.sql.BasicExtractor   : extracted value ([option_n2_2_] : [VARCHAR]) - [밤깎기+다회용 구이판 세트]
2023-07-14 14:42:56.154 TRACE 82809 --- [    Test worker] o.h.type.descriptor.sql.BasicExtractor   : extracted value ([price3_2_] : [INTEGER]) - [5500]
2023-07-14 14:42:56.154 TRACE 82809 --- [    Test worker] o.h.type.descriptor.sql.BasicExtractor   : extracted value ([product_4_2_] : [INTEGER]) - [null]
2023-07-14 14:42:56.154 TRACE 82809 --- [    Test worker] o.h.type.descriptor.sql.BasicExtractor   : extracted value ([id1_2_] : [INTEGER]) - [9]
2023-07-14 14:42:56.154 TRACE 82809 --- [    Test worker] o.h.type.descriptor.sql.BasicExtractor   : extracted value ([option_n2_2_] : [VARCHAR]) - [JR310 (유선 전용) - 블루]
2023-07-14 14:42:56.154 TRACE 82809 --- [    Test worker] o.h.type.descriptor.sql.BasicExtractor   : extracted value ([price3_2_] : [INTEGER]) - [29900]
2023-07-14 14:42:56.154 TRACE 82809 --- [    Test worker] o.h.type.descriptor.sql.BasicExtractor   : extracted value ([product_4_2_] : [INTEGER]) - [null]
2023-07-14 14:42:56.154 TRACE 82809 --- [    Test worker] o.h.type.descriptor.sql.BasicExtractor   : extracted value ([id1_2_] : [INTEGER]) - [10]
2023-07-14 14:42:56.154 TRACE 82809 --- [    Test worker] o.h.type.descriptor.sql.BasicExtractor   : extracted value ([option_n2_2_] : [VARCHAR]) - [JR310BT (무선 전용) - 레드]
2023-07-14 14:42:56.154 TRACE 82809 --- [    Test worker] o.h.type.descriptor.sql.BasicExtractor   : extracted value ([price3_2_] : [INTEGER]) - [49900]
2023-07-14 14:42:56.154 TRACE 82809 --- [    Test worker] o.h.type.descriptor.sql.BasicExtractor   : extracted value ([product_4_2_] : [INTEGER]) - [null]
2023-07-14 14:42:56.154 TRACE 82809 --- [    Test worker] o.h.type.descriptor.sql.BasicExtractor   : extracted value ([id1_2_] : [INTEGER]) - [11]
2023-07-14 14:42:56.154 TRACE 82809 --- [    Test worker] o.h.type.descriptor.sql.BasicExtractor   : extracted value ([option_n2_2_] : [VARCHAR]) - [JR310BT (무선 전용) - 그린]
2023-07-14 14:42:56.154 TRACE 82809 --- [    Test worker] o.h.type.descriptor.sql.BasicExtractor   : extracted value ([price3_2_] : [INTEGER]) - [49900]
2023-07-14 14:42:56.154 TRACE 82809 --- [    Test worker] o.h.type.descriptor.sql.BasicExtractor   : extracted value ([product_4_2_] : [INTEGER]) - [null]
2023-07-14 14:42:56.154 TRACE 82809 --- [    Test worker] o.h.type.descriptor.sql.BasicExtractor   : extracted value ([id1_2_] : [INTEGER]) - [12]
2023-07-14 14:42:56.154 TRACE 82809 --- [    Test worker] o.h.type.descriptor.sql.BasicExtractor   : extracted value ([option_n2_2_] : [VARCHAR]) - [JR310BT (무선 전용) - 블루]
2023-07-14 14:42:56.154 TRACE 82809 --- [    Test worker] o.h.type.descriptor.sql.BasicExtractor   : extracted value ([price3_2_] : [INTEGER]) - [49900]
2023-07-14 14:42:56.154 TRACE 82809 --- [    Test worker] o.h.type.descriptor.sql.BasicExtractor   : extracted value ([product_4_2_] : [INTEGER]) - [null]
2023-07-14 14:42:56.154 TRACE 82809 --- [    Test worker] o.h.type.descriptor.sql.BasicExtractor   : extracted value ([id1_2_] : [INTEGER]) - [13]
2023-07-14 14:42:56.154 TRACE 82809 --- [    Test worker] o.h.type.descriptor.sql.BasicExtractor   : extracted value ([option_n2_2_] : [VARCHAR]) - [T510BT (무선 전용) - 블랙]
2023-07-14 14:42:56.154 TRACE 82809 --- [    Test worker] o.h.type.descriptor.sql.BasicExtractor   : extracted value ([price3_2_] : [INTEGER]) - [52900]
2023-07-14 14:42:56.154 TRACE 82809 --- [    Test worker] o.h.type.descriptor.sql.BasicExtractor   : extracted value ([product_4_2_] : [INTEGER]) - [null]
2023-07-14 14:42:56.154 TRACE 82809 --- [    Test worker] o.h.type.descriptor.sql.BasicExtractor   : extracted value ([id1_2_] : [INTEGER]) - [14]
2023-07-14 14:42:56.154 TRACE 82809 --- [    Test worker] o.h.type.descriptor.sql.BasicExtractor   : extracted value ([option_n2_2_] : [VARCHAR]) - [T510BT (무선 전용) - 화이트]
2023-07-14 14:42:56.154 TRACE 82809 --- [    Test worker] o.h.type.descriptor.sql.BasicExtractor   : extracted value ([price3_2_] : [INTEGER]) - [52900]
2023-07-14 14:42:56.154 TRACE 82809 --- [    Test worker] o.h.type.descriptor.sql.BasicExtractor   : extracted value ([product_4_2_] : [INTEGER]) - [null]
2023-07-14 14:42:56.154 TRACE 82809 --- [    Test worker] o.h.type.descriptor.sql.BasicExtractor   : extracted value ([id1_2_] : [INTEGER]) - [15]
2023-07-14 14:42:56.155 TRACE 82809 --- [    Test worker] o.h.type.descriptor.sql.BasicExtractor   : extracted value ([option_n2_2_] : [VARCHAR]) - [선택01_바른곡물효소 누룽지맛 2박스]
2023-07-14 14:42:56.155 TRACE 82809 --- [    Test worker] o.h.type.descriptor.sql.BasicExtractor   : extracted value ([price3_2_] : [INTEGER]) - [17900]
2023-07-14 14:42:56.155 TRACE 82809 --- [    Test worker] o.h.type.descriptor.sql.BasicExtractor   : extracted value ([product_4_2_] : [INTEGER]) - [null]
2023-07-14 14:42:56.155 TRACE 82809 --- [    Test worker] o.h.type.descriptor.sql.BasicExtractor   : extracted value ([id1_2_] : [INTEGER]) - [16]
2023-07-14 14:42:56.155 TRACE 82809 --- [    Test worker] o.h.type.descriptor.sql.BasicExtractor   : extracted value ([option_n2_2_] : [VARCHAR]) - [선택02_바른곡물효소누룽지맛 6박스]
2023-07-14 14:42:56.155 TRACE 82809 --- [    Test worker] o.h.type.descriptor.sql.BasicExtractor   : extracted value ([price3_2_] : [INTEGER]) - [50000]
2023-07-14 14:42:56.155 TRACE 82809 --- [    Test worker] o.h.type.descriptor.sql.BasicExtractor   : extracted value ([product_4_2_] : [INTEGER]) - [null]
2023-07-14 14:42:56.155 TRACE 82809 --- [    Test worker] o.h.type.descriptor.sql.BasicExtractor   : extracted value ([id1_2_] : [INTEGER]) - [17]
2023-07-14 14:42:56.155 TRACE 82809 --- [    Test worker] o.h.type.descriptor.sql.BasicExtractor   : extracted value ([option_n2_2_] : [VARCHAR]) - [선택03_바른곡물효소3박스+유산균효소3박스]
2023-07-14 14:42:56.155 TRACE 82809 --- [    Test worker] o.h.type.descriptor.sql.BasicExtractor   : extracted value ([price3_2_] : [INTEGER]) - [50000]
2023-07-14 14:42:56.155 TRACE 82809 --- [    Test worker] o.h.type.descriptor.sql.BasicExtractor   : extracted value ([product_4_2_] : [INTEGER]) - [null]
2023-07-14 14:42:56.155 TRACE 82809 --- [    Test worker] o.h.type.descriptor.sql.BasicExtractor   : extracted value ([id1_2_] : [INTEGER]) - [18]
2023-07-14 14:42:56.155 TRACE 82809 --- [    Test worker] o.h.type.descriptor.sql.BasicExtractor   : extracted value ([option_n2_2_] : [VARCHAR]) - [선택04_바른곡물효소3박스+19종유산균3박스]
2023-07-14 14:42:56.155 TRACE 82809 --- [    Test worker] o.h.type.descriptor.sql.BasicExtractor   : extracted value ([price3_2_] : [INTEGER]) - [50000]
2023-07-14 14:42:56.155 TRACE 82809 --- [    Test worker] o.h.type.descriptor.sql.BasicExtractor   : extracted value ([product_4_2_] : [INTEGER]) - [null]
2023-07-14 14:42:56.155 TRACE 82809 --- [    Test worker] o.h.type.descriptor.sql.BasicExtractor   : extracted value ([id1_2_] : [INTEGER]) - [19]
2023-07-14 14:42:56.155 TRACE 82809 --- [    Test worker] o.h.type.descriptor.sql.BasicExtractor   : extracted value ([option_n2_2_] : [VARCHAR]) - [01. 말랑컷팅장족 100g]
2023-07-14 14:42:56.155 TRACE 82809 --- [    Test worker] o.h.type.descriptor.sql.BasicExtractor   : extracted value ([price3_2_] : [INTEGER]) - [4900]
2023-07-14 14:42:56.155 TRACE 82809 --- [    Test worker] o.h.type.descriptor.sql.BasicExtractor   : extracted value ([product_4_2_] : [INTEGER]) - [null]
2023-07-14 14:42:56.155 TRACE 82809 --- [    Test worker] o.h.type.descriptor.sql.BasicExtractor   : extracted value ([id1_2_] : [INTEGER]) - [20]
2023-07-14 14:42:56.155 TRACE 82809 --- [    Test worker] o.h.type.descriptor.sql.BasicExtractor   : extracted value ([option_n2_2_] : [VARCHAR]) - [02. 말랑컷팅장족 300g]
2023-07-14 14:42:56.155 TRACE 82809 --- [    Test worker] o.h.type.descriptor.sql.BasicExtractor   : extracted value ([price3_2_] : [INTEGER]) - [12800]
2023-07-14 14:42:56.155 TRACE 82809 --- [    Test worker] o.h.type.descriptor.sql.BasicExtractor   : extracted value ([product_4_2_] : [INTEGER]) - [null]
2023-07-14 14:42:56.155 TRACE 82809 --- [    Test worker] o.h.type.descriptor.sql.BasicExtractor   : extracted value ([id1_2_] : [INTEGER]) - [21]
2023-07-14 14:42:56.155 TRACE 82809 --- [    Test worker] o.h.type.descriptor.sql.BasicExtractor   : extracted value ([option_n2_2_] : [VARCHAR]) - [03. 눌린장족 100g]
2023-07-14 14:42:56.156 TRACE 82809 --- [    Test worker] o.h.type.descriptor.sql.BasicExtractor   : extracted value ([price3_2_] : [INTEGER]) - [4900]
2023-07-14 14:42:56.156 TRACE 82809 --- [    Test worker] o.h.type.descriptor.sql.BasicExtractor   : extracted value ([product_4_2_] : [INTEGER]) - [null]
2023-07-14 14:42:56.156 TRACE 82809 --- [    Test worker] o.h.type.descriptor.sql.BasicExtractor   : extracted value ([id1_2_] : [INTEGER]) - [22]
2023-07-14 14:42:56.156 TRACE 82809 --- [    Test worker] o.h.type.descriptor.sql.BasicExtractor   : extracted value ([option_n2_2_] : [VARCHAR]) - [굳지않는 쑥 앙금 절편 1050g]
2023-07-14 14:42:56.156 TRACE 82809 --- [    Test worker] o.h.type.descriptor.sql.BasicExtractor   : extracted value ([price3_2_] : [INTEGER]) - [15900]
2023-07-14 14:42:56.156 TRACE 82809 --- [    Test worker] o.h.type.descriptor.sql.BasicExtractor   : extracted value ([product_4_2_] : [INTEGER]) - [null]
2023-07-14 14:42:56.156 TRACE 82809 --- [    Test worker] o.h.type.descriptor.sql.BasicExtractor   : extracted value ([id1_2_] : [INTEGER]) - [23]
2023-07-14 14:42:56.156 TRACE 82809 --- [    Test worker] o.h.type.descriptor.sql.BasicExtractor   : extracted value ([option_n2_2_] : [VARCHAR]) - [굳지않는 흑미 앙금 절편 1050g]
2023-07-14 14:42:56.156 TRACE 82809 --- [    Test worker] o.h.type.descriptor.sql.BasicExtractor   : extracted value ([price3_2_] : [INTEGER]) - [15900]
2023-07-14 14:42:56.156 TRACE 82809 --- [    Test worker] o.h.type.descriptor.sql.BasicExtractor   : extracted value ([product_4_2_] : [INTEGER]) - [null]
2023-07-14 14:42:56.156 TRACE 82809 --- [    Test worker] o.h.type.descriptor.sql.BasicExtractor   : extracted value ([id1_2_] : [INTEGER]) - [24]
2023-07-14 14:42:56.156 TRACE 82809 --- [    Test worker] o.h.type.descriptor.sql.BasicExtractor   : extracted value ([option_n2_2_] : [VARCHAR]) - [굳지않는 흰 가래떡 1050g]
2023-07-14 14:42:56.156 TRACE 82809 --- [    Test worker] o.h.type.descriptor.sql.BasicExtractor   : extracted value ([price3_2_] : [INTEGER]) - [15900]
2023-07-14 14:42:56.156 TRACE 82809 --- [    Test worker] o.h.type.descriptor.sql.BasicExtractor   : extracted value ([product_4_2_] : [INTEGER]) - [null]
2023-07-14 14:42:56.156 TRACE 82809 --- [    Test worker] o.h.type.descriptor.sql.BasicExtractor   : extracted value ([id1_2_] : [INTEGER]) - [25]
2023-07-14 14:42:56.156 TRACE 82809 --- [    Test worker] o.h.type.descriptor.sql.BasicExtractor   : extracted value ([option_n2_2_] : [VARCHAR]) - [이너딜리티 1박스]
2023-07-14 14:42:56.156 TRACE 82809 --- [    Test worker] o.h.type.descriptor.sql.BasicExtractor   : extracted value ([price3_2_] : [INTEGER]) - [26800]
2023-07-14 14:42:56.156 TRACE 82809 --- [    Test worker] o.h.type.descriptor.sql.BasicExtractor   : extracted value ([product_4_2_] : [INTEGER]) - [null]
2023-07-14 14:42:56.156 TRACE 82809 --- [    Test worker] o.h.type.descriptor.sql.BasicExtractor   : extracted value ([id1_2_] : [INTEGER]) - [26]
2023-07-14 14:42:56.156 TRACE 82809 --- [    Test worker] o.h.type.descriptor.sql.BasicExtractor   : extracted value ([option_n2_2_] : [VARCHAR]) - [이너딜리티 2박스+사은품 2종]
2023-07-14 14:42:56.156 TRACE 82809 --- [    Test worker] o.h.type.descriptor.sql.BasicExtractor   : extracted value ([price3_2_] : [INTEGER]) - [49800]
2023-07-14 14:42:56.156 TRACE 82809 --- [    Test worker] o.h.type.descriptor.sql.BasicExtractor   : extracted value ([product_4_2_] : [INTEGER]) - [null]
2023-07-14 14:42:56.156 TRACE 82809 --- [    Test worker] o.h.type.descriptor.sql.BasicExtractor   : extracted value ([id1_2_] : [INTEGER]) - [27]
2023-07-14 14:42:56.156 TRACE 82809 --- [    Test worker] o.h.type.descriptor.sql.BasicExtractor   : extracted value ([option_n2_2_] : [VARCHAR]) - [제나벨 PDRN 자생크림 1+1]
2023-07-14 14:42:56.156 TRACE 82809 --- [    Test worker] o.h.type.descriptor.sql.BasicExtractor   : extracted value ([price3_2_] : [INTEGER]) - [25900]
2023-07-14 14:42:56.156 TRACE 82809 --- [    Test worker] o.h.type.descriptor.sql.BasicExtractor   : extracted value ([product_4_2_] : [INTEGER]) - [null]
2023-07-14 14:42:56.156 TRACE 82809 --- [    Test worker] o.h.type.descriptor.sql.BasicExtractor   : extracted value ([id1_2_] : [INTEGER]) - [28]
2023-07-14 14:42:56.156 TRACE 82809 --- [    Test worker] o.h.type.descriptor.sql.BasicExtractor   : extracted value ([option_n2_2_] : [VARCHAR]) - [플레이스테이션 VR2 호라이즌 번들]
2023-07-14 14:42:56.156 TRACE 82809 --- [    Test worker] o.h.type.descriptor.sql.BasicExtractor   : extracted value ([price3_2_] : [INTEGER]) - [839000]
2023-07-14 14:42:56.156 TRACE 82809 --- [    Test worker] o.h.type.descriptor.sql.BasicExtractor   : extracted value ([product_4_2_] : [INTEGER]) - [null]
2023-07-14 14:42:56.156 TRACE 82809 --- [    Test worker] o.h.type.descriptor.sql.BasicExtractor   : extracted value ([id1_2_] : [INTEGER]) - [29]
2023-07-14 14:42:56.156 TRACE 82809 --- [    Test worker] o.h.type.descriptor.sql.BasicExtractor   : extracted value ([option_n2_2_] : [VARCHAR]) - [플레이스테이션 VR2]
2023-07-14 14:42:56.156 TRACE 82809 --- [    Test worker] o.h.type.descriptor.sql.BasicExtractor   : extracted value ([price3_2_] : [INTEGER]) - [797000]
2023-07-14 14:42:56.156 TRACE 82809 --- [    Test worker] o.h.type.descriptor.sql.BasicExtractor   : extracted value ([product_4_2_] : [INTEGER]) - [null]
2023-07-14 14:42:56.156 TRACE 82809 --- [    Test worker] o.h.type.descriptor.sql.BasicExtractor   : extracted value ([id1_2_] : [INTEGER]) - [30]
2023-07-14 14:42:56.156 TRACE 82809 --- [    Test worker] o.h.type.descriptor.sql.BasicExtractor   : extracted value ([option_n2_2_] : [VARCHAR]) - [홍가리비2kg(50미이내)]
2023-07-14 14:42:56.157 TRACE 82809 --- [    Test worker] o.h.type.descriptor.sql.BasicExtractor   : extracted value ([price3_2_] : [INTEGER]) - [8900]
2023-07-14 14:42:56.157 TRACE 82809 --- [    Test worker] o.h.type.descriptor.sql.BasicExtractor   : extracted value ([product_4_2_] : [INTEGER]) - [null]
2023-07-14 14:42:56.157 TRACE 82809 --- [    Test worker] o.h.type.descriptor.sql.BasicExtractor   : extracted value ([id1_2_] : [INTEGER]) - [31]
2023-07-14 14:42:56.157 TRACE 82809 --- [    Test worker] o.h.type.descriptor.sql.BasicExtractor   : extracted value ([option_n2_2_] : [VARCHAR]) - [궁채 절임 1kg]
2023-07-14 14:42:56.157 TRACE 82809 --- [    Test worker] o.h.type.descriptor.sql.BasicExtractor   : extracted value ([price3_2_] : [INTEGER]) - [6900]
2023-07-14 14:42:56.157 TRACE 82809 --- [    Test worker] o.h.type.descriptor.sql.BasicExtractor   : extracted value ([product_4_2_] : [INTEGER]) - [null]
2023-07-14 14:42:56.157 TRACE 82809 --- [    Test worker] o.h.type.descriptor.sql.BasicExtractor   : extracted value ([id1_2_] : [INTEGER]) - [32]
2023-07-14 14:42:56.157 TRACE 82809 --- [    Test worker] o.h.type.descriptor.sql.BasicExtractor   : extracted value ([option_n2_2_] : [VARCHAR]) - [양념 깻잎 1kg]
2023-07-14 14:42:56.157 TRACE 82809 --- [    Test worker] o.h.type.descriptor.sql.BasicExtractor   : extracted value ([price3_2_] : [INTEGER]) - [8900]
2023-07-14 14:42:56.157 TRACE 82809 --- [    Test worker] o.h.type.descriptor.sql.BasicExtractor   : extracted value ([product_4_2_] : [INTEGER]) - [null]
2023-07-14 14:42:56.157 TRACE 82809 --- [    Test worker] o.h.type.descriptor.sql.BasicExtractor   : extracted value ([id1_2_] : [INTEGER]) - [33]
2023-07-14 14:42:56.157 TRACE 82809 --- [    Test worker] o.h.type.descriptor.sql.BasicExtractor   : extracted value ([option_n2_2_] : [VARCHAR]) - [된장 깻잎 1kg]
2023-07-14 14:42:56.157 TRACE 82809 --- [    Test worker] o.h.type.descriptor.sql.BasicExtractor   : extracted value ([price3_2_] : [INTEGER]) - [8900]
2023-07-14 14:42:56.157 TRACE 82809 --- [    Test worker] o.h.type.descriptor.sql.BasicExtractor   : extracted value ([product_4_2_] : [INTEGER]) - [null]
2023-07-14 14:42:56.157 TRACE 82809 --- [    Test worker] o.h.type.descriptor.sql.BasicExtractor   : extracted value ([id1_2_] : [INTEGER]) - [34]
2023-07-14 14:42:56.157 TRACE 82809 --- [    Test worker] o.h.type.descriptor.sql.BasicExtractor   : extracted value ([option_n2_2_] : [VARCHAR]) - [간장 깻잎 1kg]
2023-07-14 14:42:56.157 TRACE 82809 --- [    Test worker] o.h.type.descriptor.sql.BasicExtractor   : extracted value ([price3_2_] : [INTEGER]) - [7900]
2023-07-14 14:42:56.157 TRACE 82809 --- [    Test worker] o.h.type.descriptor.sql.BasicExtractor   : extracted value ([product_4_2_] : [INTEGER]) - [null]
2023-07-14 14:42:56.157 TRACE 82809 --- [    Test worker] o.h.type.descriptor.sql.BasicExtractor   : extracted value ([id1_2_] : [INTEGER]) - [35]
2023-07-14 14:42:56.157 TRACE 82809 --- [    Test worker] o.h.type.descriptor.sql.BasicExtractor   : extracted value ([option_n2_2_] : [VARCHAR]) - [고추 무침 1kg]
2023-07-14 14:42:56.157 TRACE 82809 --- [    Test worker] o.h.type.descriptor.sql.BasicExtractor   : extracted value ([price3_2_] : [INTEGER]) - [8900]
2023-07-14 14:42:56.157 TRACE 82809 --- [    Test worker] o.h.type.descriptor.sql.BasicExtractor   : extracted value ([product_4_2_] : [INTEGER]) - [null]
2023-07-14 14:42:56.157 TRACE 82809 --- [    Test worker] o.h.type.descriptor.sql.BasicExtractor   : extracted value ([id1_2_] : [INTEGER]) - [36]
2023-07-14 14:42:56.157 TRACE 82809 --- [    Test worker] o.h.type.descriptor.sql.BasicExtractor   : extracted value ([option_n2_2_] : [VARCHAR]) - [파래 무침 1kg]
2023-07-14 14:42:56.157 TRACE 82809 --- [    Test worker] o.h.type.descriptor.sql.BasicExtractor   : extracted value ([price3_2_] : [INTEGER]) - [9900]
2023-07-14 14:42:56.157 TRACE 82809 --- [    Test worker] o.h.type.descriptor.sql.BasicExtractor   : extracted value ([product_4_2_] : [INTEGER]) - [null]
2023-07-14 14:42:56.157 TRACE 82809 --- [    Test worker] o.h.type.descriptor.sql.BasicExtractor   : extracted value ([id1_2_] : [INTEGER]) - [37]
2023-07-14 14:42:56.157 TRACE 82809 --- [    Test worker] o.h.type.descriptor.sql.BasicExtractor   : extracted value ([option_n2_2_] : [VARCHAR]) - [01_순수소프트 27m 30롤 2팩]
2023-07-14 14:42:56.157 TRACE 82809 --- [    Test worker] o.h.type.descriptor.sql.BasicExtractor   : extracted value ([price3_2_] : [INTEGER]) - [28900]
2023-07-14 14:42:56.157 TRACE 82809 --- [    Test worker] o.h.type.descriptor.sql.BasicExtractor   : extracted value ([product_4_2_] : [INTEGER]) - [null]
2023-07-14 14:42:56.157 TRACE 82809 --- [    Test worker] o.h.type.descriptor.sql.BasicExtractor   : extracted value ([id1_2_] : [INTEGER]) - [38]
2023-07-14 14:42:56.157 TRACE 82809 --- [    Test worker] o.h.type.descriptor.sql.BasicExtractor   : extracted value ([option_n2_2_] : [VARCHAR]) - [02_벚꽃 프리미엄 27m 30롤 2팩]
2023-07-14 14:42:56.157 TRACE 82809 --- [    Test worker] o.h.type.descriptor.sql.BasicExtractor   : extracted value ([price3_2_] : [INTEGER]) - [32900]
2023-07-14 14:42:56.157 TRACE 82809 --- [    Test worker] o.h.type.descriptor.sql.BasicExtractor   : extracted value ([product_4_2_] : [INTEGER]) - [null]
2023-07-14 14:42:56.157 TRACE 82809 --- [    Test worker] o.h.type.descriptor.sql.BasicExtractor   : extracted value ([id1_2_] : [INTEGER]) - [39]
2023-07-14 14:42:56.157 TRACE 82809 --- [    Test worker] o.h.type.descriptor.sql.BasicExtractor   : extracted value ([option_n2_2_] : [VARCHAR]) - [(증정) 초미세모 칫솔 12개 x 2개]
2023-07-14 14:42:56.157 TRACE 82809 --- [    Test worker] o.h.type.descriptor.sql.BasicExtractor   : extracted value ([price3_2_] : [INTEGER]) - [11900]
2023-07-14 14:42:56.157 TRACE 82809 --- [    Test worker] o.h.type.descriptor.sql.BasicExtractor   : extracted value ([product_4_2_] : [INTEGER]) - [null]
2023-07-14 14:42:56.157 TRACE 82809 --- [    Test worker] o.h.type.descriptor.sql.BasicExtractor   : extracted value ([id1_2_] : [INTEGER]) - [40]
2023-07-14 14:42:56.157 TRACE 82809 --- [    Test worker] o.h.type.descriptor.sql.BasicExtractor   : extracted value ([option_n2_2_] : [VARCHAR]) - [(증정) 잇몸케어 치약 100G 3개 x 2개]
2023-07-14 14:42:56.158 TRACE 82809 --- [    Test worker] o.h.type.descriptor.sql.BasicExtractor   : extracted value ([price3_2_] : [INTEGER]) - [16900]
2023-07-14 14:42:56.158 TRACE 82809 --- [    Test worker] o.h.type.descriptor.sql.BasicExtractor   : extracted value ([product_4_2_] : [INTEGER]) - [null]
2023-07-14 14:42:56.158 TRACE 82809 --- [    Test worker] o.h.type.descriptor.sql.BasicExtractor   : extracted value ([id1_2_] : [INTEGER]) - [41]
2023-07-14 14:42:56.158 TRACE 82809 --- [    Test worker] o.h.type.descriptor.sql.BasicExtractor   : extracted value ([option_n2_2_] : [VARCHAR]) - [(증정) 구취케어 치약 100G 3개 x 2개]
2023-07-14 14:42:56.158 TRACE 82809 --- [    Test worker] o.h.type.descriptor.sql.BasicExtractor   : extracted value ([price3_2_] : [INTEGER]) - [16900]
2023-07-14 14:42:56.158 TRACE 82809 --- [    Test worker] o.h.type.descriptor.sql.BasicExtractor   : extracted value ([product_4_2_] : [INTEGER]) - [null]
2023-07-14 14:42:56.158 TRACE 82809 --- [    Test worker] o.h.type.descriptor.sql.BasicExtractor   : extracted value ([id1_2_] : [INTEGER]) - [42]
2023-07-14 14:42:56.158 TRACE 82809 --- [    Test worker] o.h.type.descriptor.sql.BasicExtractor   : extracted value ([option_n2_2_] : [VARCHAR]) - [(증정)화이트케어 치약 100G 3개 x 2개]
2023-07-14 14:42:56.158 TRACE 82809 --- [    Test worker] o.h.type.descriptor.sql.BasicExtractor   : extracted value ([price3_2_] : [INTEGER]) - [19900]
2023-07-14 14:42:56.158 TRACE 82809 --- [    Test worker] o.h.type.descriptor.sql.BasicExtractor   : extracted value ([product_4_2_] : [INTEGER]) - [null]
2023-07-14 14:42:56.158 TRACE 82809 --- [    Test worker] o.h.type.descriptor.sql.BasicExtractor   : extracted value ([id1_2_] : [INTEGER]) - [43]
2023-07-14 14:42:56.158 TRACE 82809 --- [    Test worker] o.h.type.descriptor.sql.BasicExtractor   : extracted value ([option_n2_2_] : [VARCHAR]) - [(증정) 어린이 칫솔 12EA]
2023-07-14 14:42:56.158 TRACE 82809 --- [    Test worker] o.h.type.descriptor.sql.BasicExtractor   : extracted value ([price3_2_] : [INTEGER]) - [9900]
2023-07-14 14:42:56.158 TRACE 82809 --- [    Test worker] o.h.type.descriptor.sql.BasicExtractor   : extracted value ([product_4_2_] : [INTEGER]) - [null]
2023-07-14 14:42:56.158 TRACE 82809 --- [    Test worker] o.h.type.descriptor.sql.BasicExtractor   : extracted value ([id1_2_] : [INTEGER]) - [44]
2023-07-14 14:42:56.158 TRACE 82809 --- [    Test worker] o.h.type.descriptor.sql.BasicExtractor   : extracted value ([option_n2_2_] : [VARCHAR]) - [[가정용] 샤인머스켓 1kg 2수내외]
2023-07-14 14:42:56.158 TRACE 82809 --- [    Test worker] o.h.type.descriptor.sql.BasicExtractor   : extracted value ([price3_2_] : [INTEGER]) - [9900]
2023-07-14 14:42:56.158 TRACE 82809 --- [    Test worker] o.h.type.descriptor.sql.BasicExtractor   : extracted value ([product_4_2_] : [INTEGER]) - [null]
2023-07-14 14:42:56.158 TRACE 82809 --- [    Test worker] o.h.type.descriptor.sql.BasicExtractor   : extracted value ([id1_2_] : [INTEGER]) - [45]
2023-07-14 14:42:56.158 TRACE 82809 --- [    Test worker] o.h.type.descriptor.sql.BasicExtractor   : extracted value ([option_n2_2_] : [VARCHAR]) - [[특품] 샤인머스켓 1kg 1-2수]
2023-07-14 14:42:56.158 TRACE 82809 --- [    Test worker] o.h.type.descriptor.sql.BasicExtractor   : extracted value ([price3_2_] : [INTEGER]) - [12900]
2023-07-14 14:42:56.158 TRACE 82809 --- [    Test worker] o.h.type.descriptor.sql.BasicExtractor   : extracted value ([product_4_2_] : [INTEGER]) - [null]
2023-07-14 14:42:56.158 TRACE 82809 --- [    Test worker] o.h.type.descriptor.sql.BasicExtractor   : extracted value ([id1_2_] : [INTEGER]) - [46]
2023-07-14 14:42:56.158 TRACE 82809 --- [    Test worker] o.h.type.descriptor.sql.BasicExtractor   : extracted value ([option_n2_2_] : [VARCHAR]) - [[특품] 샤인머스켓 2kg 2-3수]
2023-07-14 14:42:56.158 TRACE 82809 --- [    Test worker] o.h.type.descriptor.sql.BasicExtractor   : extracted value ([price3_2_] : [INTEGER]) - [23900]
2023-07-14 14:42:56.158 TRACE 82809 --- [    Test worker] o.h.type.descriptor.sql.BasicExtractor   : extracted value ([product_4_2_] : [INTEGER]) - [null]
2023-07-14 14:42:56.158 TRACE 82809 --- [    Test worker] o.h.type.descriptor.sql.BasicExtractor   : extracted value ([id1_2_] : [INTEGER]) - [47]
2023-07-14 14:42:56.158 TRACE 82809 --- [    Test worker] o.h.type.descriptor.sql.BasicExtractor   : extracted value ([option_n2_2_] : [VARCHAR]) - [화이트]
2023-07-14 14:42:56.158 TRACE 82809 --- [    Test worker] o.h.type.descriptor.sql.BasicExtractor   : extracted value ([price3_2_] : [INTEGER]) - [148000]
2023-07-14 14:42:56.158 TRACE 82809 --- [    Test worker] o.h.type.descriptor.sql.BasicExtractor   : extracted value ([product_4_2_] : [INTEGER]) - [null]
2023-07-14 14:42:56.158 TRACE 82809 --- [    Test worker] o.h.type.descriptor.sql.BasicExtractor   : extracted value ([id1_2_] : [INTEGER]) - [48]
2023-07-14 14:42:56.158 TRACE 82809 --- [    Test worker] o.h.type.descriptor.sql.BasicExtractor   : extracted value ([option_n2_2_] : [VARCHAR]) - [블랙]
2023-07-14 14:42:56.158 TRACE 82809 --- [    Test worker] o.h.type.descriptor.sql.BasicExtractor   : extracted value ([price3_2_] : [INTEGER]) - [148000]
2023-07-14 14:42:56.158 TRACE 82809 --- [    Test worker] o.h.type.descriptor.sql.BasicExtractor   : extracted value ([product_4_2_] : [INTEGER]) - [null]
2023-07-14 14:42:56.166  INFO 82809 --- [    Test worker] o.s.t.c.transaction.TransactionContext   : Rolled back transaction for test: [DefaultTestContext@3382f8ae testClass = CartJPARepositoryTest, testInstance = com.example.kakao.cart.CartJPARepositoryTest@8e77c5b, testMethod = updateTest@CartJPARepositoryTest, testException = [null], mergedContextConfiguration = [MergedContextConfiguration@60641ec8 testClass = CartJPARepositoryTest, locations = '{}', classes = '{class com.example.kakao.KakaoApplication}', contextInitializerClasses = '[]', activeProfiles = '{}', propertySourceLocations = '{}', propertySourceProperties = '{org.springframework.boot.test.autoconfigure.orm.jpa.DataJpaTestContextBootstrapper=true}', contextCustomizers = set[org.springframework.boot.test.autoconfigure.OverrideAutoConfigurationContextCustomizerFactory$DisableAutoConfigurationContextCustomizer@42039326, org.springframework.boot.test.autoconfigure.actuate.metrics.MetricsExportContextCustomizerFactory$DisableMetricExportContextCustomizer@63787180, org.springframework.boot.test.autoconfigure.filter.TypeExcludeFiltersContextCustomizer@351584c0, org.springframework.boot.test.autoconfigure.properties.PropertyMappingContextCustomizer@61a7cd69, org.springframework.boot.test.autoconfigure.web.servlet.WebDriverContextCustomizerFactory$Customizer@5a18cd76, [ImportsContextCustomizer@75f65e45 key = [org.springframework.boot.autoconfigure.cache.CacheAutoConfiguration, org.springframework.boot.autoconfigure.data.jpa.JpaRepositoriesAutoConfiguration, org.springframework.boot.autoconfigure.flyway.FlywayAutoConfiguration, org.springframework.boot.autoconfigure.jdbc.DataSourceAutoConfiguration, org.springframework.boot.autoconfigure.jdbc.DataSourceTransactionManagerAutoConfiguration, org.springframework.boot.autoconfigure.jdbc.JdbcTemplateAutoConfiguration, org.springframework.boot.autoconfigure.liquibase.LiquibaseAutoConfiguration, org.springframework.boot.autoconfigure.orm.jpa.HibernateJpaAutoConfiguration, org.springframework.boot.autoconfigure.sql.init.SqlInitializationAutoConfiguration, org.springframework.boot.autoconfigure.transaction.TransactionAutoConfiguration, org.springframework.boot.test.autoconfigure.jdbc.TestDatabaseAutoConfiguration, org.springframework.boot.test.autoconfigure.orm.jpa.TestEntityManagerAutoConfiguration]], org.springframework.boot.test.context.filter.ExcludeFilterContextCustomizer@16c63f5, org.springframework.boot.test.json.DuplicateJsonObjectContextCustomizerFactory$DuplicateJsonObjectContextCustomizer@b1712f3, org.springframework.boot.test.mock.mockito.MockitoContextCustomizer@0, org.springframework.boot.test.context.SpringBootTestArgs@1, org.springframework.boot.test.context.SpringBootTestWebEnvironment@0], contextLoader = 'org.springframework.boot.test.context.SpringBootContextLoader', parent = [null]], attributes = map['org.springframework.test.context.event.ApplicationEventsTestExecutionListener.recordApplicationEvents' -> false]]
2023-07-14 14:42:56.170  INFO 82809 --- [    Test worker] o.s.t.c.transaction.TransactionContext   : Began transaction (1) for test context [DefaultTestContext@3382f8ae testClass = CartJPARepositoryTest, testInstance = com.example.kakao.cart.CartJPARepositoryTest@5a5c2889, testMethod = findAllByUserIdTest@CartJPARepositoryTest, testException = [null], mergedContextConfiguration = [MergedContextConfiguration@60641ec8 testClass = CartJPARepositoryTest, locations = '{}', classes = '{class com.example.kakao.KakaoApplication}', contextInitializerClasses = '[]', activeProfiles = '{}', propertySourceLocations = '{}', propertySourceProperties = '{org.springframework.boot.test.autoconfigure.orm.jpa.DataJpaTestContextBootstrapper=true}', contextCustomizers = set[org.springframework.boot.test.autoconfigure.OverrideAutoConfigurationContextCustomizerFactory$DisableAutoConfigurationContextCustomizer@42039326, org.springframework.boot.test.autoconfigure.actuate.metrics.MetricsExportContextCustomizerFactory$DisableMetricExportContextCustomizer@63787180, org.springframework.boot.test.autoconfigure.filter.TypeExcludeFiltersContextCustomizer@351584c0, org.springframework.boot.test.autoconfigure.properties.PropertyMappingContextCustomizer@61a7cd69, org.springframework.boot.test.autoconfigure.web.servlet.WebDriverContextCustomizerFactory$Customizer@5a18cd76, [ImportsContextCustomizer@75f65e45 key = [org.springframework.boot.autoconfigure.cache.CacheAutoConfiguration, org.springframework.boot.autoconfigure.data.jpa.JpaRepositoriesAutoConfiguration, org.springframework.boot.autoconfigure.flyway.FlywayAutoConfiguration, org.springframework.boot.autoconfigure.jdbc.DataSourceAutoConfiguration, org.springframework.boot.autoconfigure.jdbc.DataSourceTransactionManagerAutoConfiguration, org.springframework.boot.autoconfigure.jdbc.JdbcTemplateAutoConfiguration, org.springframework.boot.autoconfigure.liquibase.LiquibaseAutoConfiguration, org.springframework.boot.autoconfigure.orm.jpa.HibernateJpaAutoConfiguration, org.springframework.boot.autoconfigure.sql.init.SqlInitializationAutoConfiguration, org.springframework.boot.autoconfigure.transaction.TransactionAutoConfiguration, org.springframework.boot.test.autoconfigure.jdbc.TestDatabaseAutoConfiguration, org.springframework.boot.test.autoconfigure.orm.jpa.TestEntityManagerAutoConfiguration]], org.springframework.boot.test.context.filter.ExcludeFilterContextCustomizer@16c63f5, org.springframework.boot.test.json.DuplicateJsonObjectContextCustomizerFactory$DuplicateJsonObjectContextCustomizer@b1712f3, org.springframework.boot.test.mock.mockito.MockitoContextCustomizer@0, org.springframework.boot.test.context.SpringBootTestArgs@1, org.springframework.boot.test.context.SpringBootTestWebEnvironment@0], contextLoader = 'org.springframework.boot.test.context.SpringBootContextLoader', parent = [null]], attributes = map['org.springframework.test.context.event.ApplicationEventsTestExecutionListener.recordApplicationEvents' -> false]]; transaction manager [org.springframework.orm.jpa.JpaTransactionManager@72c704f1]; rollback [true]
Hibernate: 
    insert 
    into
        user_tb
        (id, email, password, roles, username) 
    values
        (default, ?, ?, ?, ?)
2023-07-14 14:42:56.250 TRACE 82809 --- [    Test worker] o.h.type.descriptor.sql.BasicBinder      : binding parameter [1] as [VARCHAR] - [ssar@nate.com]
2023-07-14 14:42:56.250 TRACE 82809 --- [    Test worker] o.h.type.descriptor.sql.BasicBinder      : binding parameter [2] as [VARCHAR] - [$2a$10$qATk4N9mtkkS9s36Dpw.UumPMmAZ5FRlKX14O6aYIK5q12QPO6Gy.]
2023-07-14 14:42:56.250 TRACE 82809 --- [    Test worker] o.h.type.descriptor.sql.BasicBinder      : binding parameter [3] as [VARCHAR] - [ROLE_USER]
2023-07-14 14:42:56.251 TRACE 82809 --- [    Test worker] o.h.type.descriptor.sql.BasicBinder      : binding parameter [4] as [VARCHAR] - [ssar]
Hibernate: 
    insert 
    into
        option_tb
        (id, option_name, price, product_id) 
    values
        (default, ?, ?, ?)
2023-07-14 14:42:56.252 TRACE 82809 --- [    Test worker] o.h.type.descriptor.sql.BasicBinder      : binding parameter [1] as [VARCHAR] - [01. 슬라이딩 지퍼백 크리스마스에디션 4종]
2023-07-14 14:42:56.252 TRACE 82809 --- [    Test worker] o.h.type.descriptor.sql.BasicBinder      : binding parameter [2] as [INTEGER] - [10000]
2023-07-14 14:42:56.252 TRACE 82809 --- [    Test worker] o.h.type.descriptor.sql.BasicBinder      : binding parameter [3] as [INTEGER] - [null]
Hibernate: 
    insert 
    into
        option_tb
        (id, option_name, price, product_id) 
    values
        (default, ?, ?, ?)
2023-07-14 14:42:56.252 TRACE 82809 --- [    Test worker] o.h.type.descriptor.sql.BasicBinder      : binding parameter [1] as [VARCHAR] - [02. 슬라이딩 지퍼백 플라워에디션 5종]
2023-07-14 14:42:56.252 TRACE 82809 --- [    Test worker] o.h.type.descriptor.sql.BasicBinder      : binding parameter [2] as [INTEGER] - [10900]
2023-07-14 14:42:56.252 TRACE 82809 --- [    Test worker] o.h.type.descriptor.sql.BasicBinder      : binding parameter [3] as [INTEGER] - [null]
Hibernate: 
    insert 
    into
        option_tb
        (id, option_name, price, product_id) 
    values
        (default, ?, ?, ?)
2023-07-14 14:42:56.252 TRACE 82809 --- [    Test worker] o.h.type.descriptor.sql.BasicBinder      : binding parameter [1] as [VARCHAR] - [고무장갑 베이지 S(소형) 6팩]
2023-07-14 14:42:56.252 TRACE 82809 --- [    Test worker] o.h.type.descriptor.sql.BasicBinder      : binding parameter [2] as [INTEGER] - [9900]
2023-07-14 14:42:56.252 TRACE 82809 --- [    Test worker] o.h.type.descriptor.sql.BasicBinder      : binding parameter [3] as [INTEGER] - [null]
Hibernate: 
    insert 
    into
        option_tb
        (id, option_name, price, product_id) 
    values
        (default, ?, ?, ?)
2023-07-14 14:42:56.252 TRACE 82809 --- [    Test worker] o.h.type.descriptor.sql.BasicBinder      : binding parameter [1] as [VARCHAR] - [뽑아쓰는 키친타올 130매 12팩]
2023-07-14 14:42:56.252 TRACE 82809 --- [    Test worker] o.h.type.descriptor.sql.BasicBinder      : binding parameter [2] as [INTEGER] - [16900]
2023-07-14 14:42:56.252 TRACE 82809 --- [    Test worker] o.h.type.descriptor.sql.BasicBinder      : binding parameter [3] as [INTEGER] - [null]
Hibernate: 
    insert 
    into
        option_tb
        (id, option_name, price, product_id) 
    values
        (default, ?, ?, ?)
2023-07-14 14:42:56.253 TRACE 82809 --- [    Test worker] o.h.type.descriptor.sql.BasicBinder      : binding parameter [1] as [VARCHAR] - [2겹 식빵수세미 6매]
2023-07-14 14:42:56.253 TRACE 82809 --- [    Test worker] o.h.type.descriptor.sql.BasicBinder      : binding parameter [2] as [INTEGER] - [8900]
2023-07-14 14:42:56.253 TRACE 82809 --- [    Test worker] o.h.type.descriptor.sql.BasicBinder      : binding parameter [3] as [INTEGER] - [null]
Hibernate: 
    insert 
    into
        option_tb
        (id, option_name, price, product_id) 
    values
        (default, ?, ?, ?)
2023-07-14 14:42:56.253 TRACE 82809 --- [    Test worker] o.h.type.descriptor.sql.BasicBinder      : binding parameter [1] as [VARCHAR] - [22년산 햇단밤 700g(한정판매)]
2023-07-14 14:42:56.253 TRACE 82809 --- [    Test worker] o.h.type.descriptor.sql.BasicBinder      : binding parameter [2] as [INTEGER] - [9900]
2023-07-14 14:42:56.253 TRACE 82809 --- [    Test worker] o.h.type.descriptor.sql.BasicBinder      : binding parameter [3] as [INTEGER] - [null]
Hibernate: 
    insert 
    into
        option_tb
        (id, option_name, price, product_id) 
    values
        (default, ?, ?, ?)
2023-07-14 14:42:56.253 TRACE 82809 --- [    Test worker] o.h.type.descriptor.sql.BasicBinder      : binding parameter [1] as [VARCHAR] - [22년산 햇단밤 1kg(한정판매)]
2023-07-14 14:42:56.253 TRACE 82809 --- [    Test worker] o.h.type.descriptor.sql.BasicBinder      : binding parameter [2] as [INTEGER] - [14500]
2023-07-14 14:42:56.253 TRACE 82809 --- [    Test worker] o.h.type.descriptor.sql.BasicBinder      : binding parameter [3] as [INTEGER] - [null]
Hibernate: 
    insert 
    into
        option_tb
        (id, option_name, price, product_id) 
    values
        (default, ?, ?, ?)
2023-07-14 14:42:56.253 TRACE 82809 --- [    Test worker] o.h.type.descriptor.sql.BasicBinder      : binding parameter [1] as [VARCHAR] - [밤깎기+다회용 구이판 세트]
2023-07-14 14:42:56.253 TRACE 82809 --- [    Test worker] o.h.type.descriptor.sql.BasicBinder      : binding parameter [2] as [INTEGER] - [5500]
2023-07-14 14:42:56.253 TRACE 82809 --- [    Test worker] o.h.type.descriptor.sql.BasicBinder      : binding parameter [3] as [INTEGER] - [null]
Hibernate: 
    insert 
    into
        option_tb
        (id, option_name, price, product_id) 
    values
        (default, ?, ?, ?)
2023-07-14 14:42:56.254 TRACE 82809 --- [    Test worker] o.h.type.descriptor.sql.BasicBinder      : binding parameter [1] as [VARCHAR] - [JR310 (유선 전용) - 블루]
2023-07-14 14:42:56.254 TRACE 82809 --- [    Test worker] o.h.type.descriptor.sql.BasicBinder      : binding parameter [2] as [INTEGER] - [29900]
2023-07-14 14:42:56.254 TRACE 82809 --- [    Test worker] o.h.type.descriptor.sql.BasicBinder      : binding parameter [3] as [INTEGER] - [null]
Hibernate: 
    insert 
    into
        option_tb
        (id, option_name, price, product_id) 
    values
        (default, ?, ?, ?)
2023-07-14 14:42:56.254 TRACE 82809 --- [    Test worker] o.h.type.descriptor.sql.BasicBinder      : binding parameter [1] as [VARCHAR] - [JR310BT (무선 전용) - 레드]
2023-07-14 14:42:56.254 TRACE 82809 --- [    Test worker] o.h.type.descriptor.sql.BasicBinder      : binding parameter [2] as [INTEGER] - [49900]
2023-07-14 14:42:56.254 TRACE 82809 --- [    Test worker] o.h.type.descriptor.sql.BasicBinder      : binding parameter [3] as [INTEGER] - [null]
Hibernate: 
    insert 
    into
        option_tb
        (id, option_name, price, product_id) 
    values
        (default, ?, ?, ?)
2023-07-14 14:42:56.254 TRACE 82809 --- [    Test worker] o.h.type.descriptor.sql.BasicBinder      : binding parameter [1] as [VARCHAR] - [JR310BT (무선 전용) - 그린]
2023-07-14 14:42:56.254 TRACE 82809 --- [    Test worker] o.h.type.descriptor.sql.BasicBinder      : binding parameter [2] as [INTEGER] - [49900]
2023-07-14 14:42:56.254 TRACE 82809 --- [    Test worker] o.h.type.descriptor.sql.BasicBinder      : binding parameter [3] as [INTEGER] - [null]
Hibernate: 
    insert 
    into
        option_tb
        (id, option_name, price, product_id) 
    values
        (default, ?, ?, ?)
2023-07-14 14:42:56.254 TRACE 82809 --- [    Test worker] o.h.type.descriptor.sql.BasicBinder      : binding parameter [1] as [VARCHAR] - [JR310BT (무선 전용) - 블루]
2023-07-14 14:42:56.254 TRACE 82809 --- [    Test worker] o.h.type.descriptor.sql.BasicBinder      : binding parameter [2] as [INTEGER] - [49900]
2023-07-14 14:42:56.254 TRACE 82809 --- [    Test worker] o.h.type.descriptor.sql.BasicBinder      : binding parameter [3] as [INTEGER] - [null]
Hibernate: 
    insert 
    into
        option_tb
        (id, option_name, price, product_id) 
    values
        (default, ?, ?, ?)
2023-07-14 14:42:56.255 TRACE 82809 --- [    Test worker] o.h.type.descriptor.sql.BasicBinder      : binding parameter [1] as [VARCHAR] - [T510BT (무선 전용) - 블랙]
2023-07-14 14:42:56.255 TRACE 82809 --- [    Test worker] o.h.type.descriptor.sql.BasicBinder      : binding parameter [2] as [INTEGER] - [52900]
2023-07-14 14:42:56.255 TRACE 82809 --- [    Test worker] o.h.type.descriptor.sql.BasicBinder      : binding parameter [3] as [INTEGER] - [null]
Hibernate: 
    insert 
    into
        option_tb
        (id, option_name, price, product_id) 
    values
        (default, ?, ?, ?)
2023-07-14 14:42:56.255 TRACE 82809 --- [    Test worker] o.h.type.descriptor.sql.BasicBinder      : binding parameter [1] as [VARCHAR] - [T510BT (무선 전용) - 화이트]
2023-07-14 14:42:56.255 TRACE 82809 --- [    Test worker] o.h.type.descriptor.sql.BasicBinder      : binding parameter [2] as [INTEGER] - [52900]
2023-07-14 14:42:56.255 TRACE 82809 --- [    Test worker] o.h.type.descriptor.sql.BasicBinder      : binding parameter [3] as [INTEGER] - [null]
Hibernate: 
    insert 
    into
        option_tb
        (id, option_name, price, product_id) 
    values
        (default, ?, ?, ?)
2023-07-14 14:42:56.255 TRACE 82809 --- [    Test worker] o.h.type.descriptor.sql.BasicBinder      : binding parameter [1] as [VARCHAR] - [선택01_바른곡물효소 누룽지맛 2박스]
2023-07-14 14:42:56.255 TRACE 82809 --- [    Test worker] o.h.type.descriptor.sql.BasicBinder      : binding parameter [2] as [INTEGER] - [17900]
2023-07-14 14:42:56.255 TRACE 82809 --- [    Test worker] o.h.type.descriptor.sql.BasicBinder      : binding parameter [3] as [INTEGER] - [null]
Hibernate: 
    insert 
    into
        option_tb
        (id, option_name, price, product_id) 
    values
        (default, ?, ?, ?)
2023-07-14 14:42:56.256 TRACE 82809 --- [    Test worker] o.h.type.descriptor.sql.BasicBinder      : binding parameter [1] as [VARCHAR] - [선택02_바른곡물효소누룽지맛 6박스]
2023-07-14 14:42:56.256 TRACE 82809 --- [    Test worker] o.h.type.descriptor.sql.BasicBinder      : binding parameter [2] as [INTEGER] - [50000]
2023-07-14 14:42:56.256 TRACE 82809 --- [    Test worker] o.h.type.descriptor.sql.BasicBinder      : binding parameter [3] as [INTEGER] - [null]
Hibernate: 
    insert 
    into
        option_tb
        (id, option_name, price, product_id) 
    values
        (default, ?, ?, ?)
2023-07-14 14:42:56.256 TRACE 82809 --- [    Test worker] o.h.type.descriptor.sql.BasicBinder      : binding parameter [1] as [VARCHAR] - [선택03_바른곡물효소3박스+유산균효소3박스]
2023-07-14 14:42:56.256 TRACE 82809 --- [    Test worker] o.h.type.descriptor.sql.BasicBinder      : binding parameter [2] as [INTEGER] - [50000]
2023-07-14 14:42:56.256 TRACE 82809 --- [    Test worker] o.h.type.descriptor.sql.BasicBinder      : binding parameter [3] as [INTEGER] - [null]
Hibernate: 
    insert 
    into
        option_tb
        (id, option_name, price, product_id) 
    values
        (default, ?, ?, ?)
2023-07-14 14:42:56.256 TRACE 82809 --- [    Test worker] o.h.type.descriptor.sql.BasicBinder      : binding parameter [1] as [VARCHAR] - [선택04_바른곡물효소3박스+19종유산균3박스]
2023-07-14 14:42:56.256 TRACE 82809 --- [    Test worker] o.h.type.descriptor.sql.BasicBinder      : binding parameter [2] as [INTEGER] - [50000]
2023-07-14 14:42:56.256 TRACE 82809 --- [    Test worker] o.h.type.descriptor.sql.BasicBinder      : binding parameter [3] as [INTEGER] - [null]
Hibernate: 
    insert 
    into
        option_tb
        (id, option_name, price, product_id) 
    values
        (default, ?, ?, ?)
2023-07-14 14:42:56.256 TRACE 82809 --- [    Test worker] o.h.type.descriptor.sql.BasicBinder      : binding parameter [1] as [VARCHAR] - [01. 말랑컷팅장족 100g]
2023-07-14 14:42:56.256 TRACE 82809 --- [    Test worker] o.h.type.descriptor.sql.BasicBinder      : binding parameter [2] as [INTEGER] - [4900]
2023-07-14 14:42:56.257 TRACE 82809 --- [    Test worker] o.h.type.descriptor.sql.BasicBinder      : binding parameter [3] as [INTEGER] - [null]
Hibernate: 
    insert 
    into
        option_tb
        (id, option_name, price, product_id) 
    values
        (default, ?, ?, ?)
2023-07-14 14:42:56.257 TRACE 82809 --- [    Test worker] o.h.type.descriptor.sql.BasicBinder      : binding parameter [1] as [VARCHAR] - [02. 말랑컷팅장족 300g]
2023-07-14 14:42:56.257 TRACE 82809 --- [    Test worker] o.h.type.descriptor.sql.BasicBinder      : binding parameter [2] as [INTEGER] - [12800]
2023-07-14 14:42:56.257 TRACE 82809 --- [    Test worker] o.h.type.descriptor.sql.BasicBinder      : binding parameter [3] as [INTEGER] - [null]
Hibernate: 
    insert 
    into
        option_tb
        (id, option_name, price, product_id) 
    values
        (default, ?, ?, ?)
2023-07-14 14:42:56.257 TRACE 82809 --- [    Test worker] o.h.type.descriptor.sql.BasicBinder      : binding parameter [1] as [VARCHAR] - [03. 눌린장족 100g]
2023-07-14 14:42:56.257 TRACE 82809 --- [    Test worker] o.h.type.descriptor.sql.BasicBinder      : binding parameter [2] as [INTEGER] - [4900]
2023-07-14 14:42:56.257 TRACE 82809 --- [    Test worker] o.h.type.descriptor.sql.BasicBinder      : binding parameter [3] as [INTEGER] - [null]
Hibernate: 
    insert 
    into
        option_tb
        (id, option_name, price, product_id) 
    values
        (default, ?, ?, ?)
2023-07-14 14:42:56.257 TRACE 82809 --- [    Test worker] o.h.type.descriptor.sql.BasicBinder      : binding parameter [1] as [VARCHAR] - [굳지않는 쑥 앙금 절편 1050g]
2023-07-14 14:42:56.257 TRACE 82809 --- [    Test worker] o.h.type.descriptor.sql.BasicBinder      : binding parameter [2] as [INTEGER] - [15900]
2023-07-14 14:42:56.257 TRACE 82809 --- [    Test worker] o.h.type.descriptor.sql.BasicBinder      : binding parameter [3] as [INTEGER] - [null]
Hibernate: 
    insert 
    into
        option_tb
        (id, option_name, price, product_id) 
    values
        (default, ?, ?, ?)
2023-07-14 14:42:56.257 TRACE 82809 --- [    Test worker] o.h.type.descriptor.sql.BasicBinder      : binding parameter [1] as [VARCHAR] - [굳지않는 흑미 앙금 절편 1050g]
2023-07-14 14:42:56.257 TRACE 82809 --- [    Test worker] o.h.type.descriptor.sql.BasicBinder      : binding parameter [2] as [INTEGER] - [15900]
2023-07-14 14:42:56.257 TRACE 82809 --- [    Test worker] o.h.type.descriptor.sql.BasicBinder      : binding parameter [3] as [INTEGER] - [null]
Hibernate: 
    insert 
    into
        option_tb
        (id, option_name, price, product_id) 
    values
        (default, ?, ?, ?)
2023-07-14 14:42:56.258 TRACE 82809 --- [    Test worker] o.h.type.descriptor.sql.BasicBinder      : binding parameter [1] as [VARCHAR] - [굳지않는 흰 가래떡 1050g]
2023-07-14 14:42:56.258 TRACE 82809 --- [    Test worker] o.h.type.descriptor.sql.BasicBinder      : binding parameter [2] as [INTEGER] - [15900]
2023-07-14 14:42:56.258 TRACE 82809 --- [    Test worker] o.h.type.descriptor.sql.BasicBinder      : binding parameter [3] as [INTEGER] - [null]
Hibernate: 
    insert 
    into
        option_tb
        (id, option_name, price, product_id) 
    values
        (default, ?, ?, ?)
2023-07-14 14:42:56.258 TRACE 82809 --- [    Test worker] o.h.type.descriptor.sql.BasicBinder      : binding parameter [1] as [VARCHAR] - [이너딜리티 1박스]
2023-07-14 14:42:56.258 TRACE 82809 --- [    Test worker] o.h.type.descriptor.sql.BasicBinder      : binding parameter [2] as [INTEGER] - [26800]
2023-07-14 14:42:56.258 TRACE 82809 --- [    Test worker] o.h.type.descriptor.sql.BasicBinder      : binding parameter [3] as [INTEGER] - [null]
Hibernate: 
    insert 
    into
        option_tb
        (id, option_name, price, product_id) 
    values
        (default, ?, ?, ?)
2023-07-14 14:42:56.258 TRACE 82809 --- [    Test worker] o.h.type.descriptor.sql.BasicBinder      : binding parameter [1] as [VARCHAR] - [이너딜리티 2박스+사은품 2종]
2023-07-14 14:42:56.258 TRACE 82809 --- [    Test worker] o.h.type.descriptor.sql.BasicBinder      : binding parameter [2] as [INTEGER] - [49800]
2023-07-14 14:42:56.258 TRACE 82809 --- [    Test worker] o.h.type.descriptor.sql.BasicBinder      : binding parameter [3] as [INTEGER] - [null]
Hibernate: 
    insert 
    into
        option_tb
        (id, option_name, price, product_id) 
    values
        (default, ?, ?, ?)
2023-07-14 14:42:56.258 TRACE 82809 --- [    Test worker] o.h.type.descriptor.sql.BasicBinder      : binding parameter [1] as [VARCHAR] - [제나벨 PDRN 자생크림 1+1]
2023-07-14 14:42:56.259 TRACE 82809 --- [    Test worker] o.h.type.descriptor.sql.BasicBinder      : binding parameter [2] as [INTEGER] - [25900]
2023-07-14 14:42:56.259 TRACE 82809 --- [    Test worker] o.h.type.descriptor.sql.BasicBinder      : binding parameter [3] as [INTEGER] - [null]
Hibernate: 
    insert 
    into
        option_tb
        (id, option_name, price, product_id) 
    values
        (default, ?, ?, ?)
2023-07-14 14:42:56.259 TRACE 82809 --- [    Test worker] o.h.type.descriptor.sql.BasicBinder      : binding parameter [1] as [VARCHAR] - [플레이스테이션 VR2 호라이즌 번들]
2023-07-14 14:42:56.259 TRACE 82809 --- [    Test worker] o.h.type.descriptor.sql.BasicBinder      : binding parameter [2] as [INTEGER] - [839000]
2023-07-14 14:42:56.259 TRACE 82809 --- [    Test worker] o.h.type.descriptor.sql.BasicBinder      : binding parameter [3] as [INTEGER] - [null]
Hibernate: 
    insert 
    into
        option_tb
        (id, option_name, price, product_id) 
    values
        (default, ?, ?, ?)
2023-07-14 14:42:56.259 TRACE 82809 --- [    Test worker] o.h.type.descriptor.sql.BasicBinder      : binding parameter [1] as [VARCHAR] - [플레이스테이션 VR2]
2023-07-14 14:42:56.259 TRACE 82809 --- [    Test worker] o.h.type.descriptor.sql.BasicBinder      : binding parameter [2] as [INTEGER] - [797000]
2023-07-14 14:42:56.259 TRACE 82809 --- [    Test worker] o.h.type.descriptor.sql.BasicBinder      : binding parameter [3] as [INTEGER] - [null]
Hibernate: 
    insert 
    into
        option_tb
        (id, option_name, price, product_id) 
    values
        (default, ?, ?, ?)
2023-07-14 14:42:56.259 TRACE 82809 --- [    Test worker] o.h.type.descriptor.sql.BasicBinder      : binding parameter [1] as [VARCHAR] - [홍가리비2kg(50미이내)]
2023-07-14 14:42:56.259 TRACE 82809 --- [    Test worker] o.h.type.descriptor.sql.BasicBinder      : binding parameter [2] as [INTEGER] - [8900]
2023-07-14 14:42:56.259 TRACE 82809 --- [    Test worker] o.h.type.descriptor.sql.BasicBinder      : binding parameter [3] as [INTEGER] - [null]
Hibernate: 
    insert 
    into
        option_tb
        (id, option_name, price, product_id) 
    values
        (default, ?, ?, ?)
2023-07-14 14:42:56.260 TRACE 82809 --- [    Test worker] o.h.type.descriptor.sql.BasicBinder      : binding parameter [1] as [VARCHAR] - [궁채 절임 1kg]
2023-07-14 14:42:56.260 TRACE 82809 --- [    Test worker] o.h.type.descriptor.sql.BasicBinder      : binding parameter [2] as [INTEGER] - [6900]
2023-07-14 14:42:56.260 TRACE 82809 --- [    Test worker] o.h.type.descriptor.sql.BasicBinder      : binding parameter [3] as [INTEGER] - [null]
Hibernate: 
    insert 
    into
        option_tb
        (id, option_name, price, product_id) 
    values
        (default, ?, ?, ?)
2023-07-14 14:42:56.260 TRACE 82809 --- [    Test worker] o.h.type.descriptor.sql.BasicBinder      : binding parameter [1] as [VARCHAR] - [양념 깻잎 1kg]
2023-07-14 14:42:56.260 TRACE 82809 --- [    Test worker] o.h.type.descriptor.sql.BasicBinder      : binding parameter [2] as [INTEGER] - [8900]
2023-07-14 14:42:56.260 TRACE 82809 --- [    Test worker] o.h.type.descriptor.sql.BasicBinder      : binding parameter [3] as [INTEGER] - [null]
Hibernate: 
    insert 
    into
        option_tb
        (id, option_name, price, product_id) 
    values
        (default, ?, ?, ?)
2023-07-14 14:42:56.260 TRACE 82809 --- [    Test worker] o.h.type.descriptor.sql.BasicBinder      : binding parameter [1] as [VARCHAR] - [된장 깻잎 1kg]
2023-07-14 14:42:56.260 TRACE 82809 --- [    Test worker] o.h.type.descriptor.sql.BasicBinder      : binding parameter [2] as [INTEGER] - [8900]
2023-07-14 14:42:56.260 TRACE 82809 --- [    Test worker] o.h.type.descriptor.sql.BasicBinder      : binding parameter [3] as [INTEGER] - [null]
Hibernate: 
    insert 
    into
        option_tb
        (id, option_name, price, product_id) 
    values
        (default, ?, ?, ?)
2023-07-14 14:42:56.260 TRACE 82809 --- [    Test worker] o.h.type.descriptor.sql.BasicBinder      : binding parameter [1] as [VARCHAR] - [간장 깻잎 1kg]
2023-07-14 14:42:56.260 TRACE 82809 --- [    Test worker] o.h.type.descriptor.sql.BasicBinder      : binding parameter [2] as [INTEGER] - [7900]
2023-07-14 14:42:56.260 TRACE 82809 --- [    Test worker] o.h.type.descriptor.sql.BasicBinder      : binding parameter [3] as [INTEGER] - [null]
Hibernate: 
    insert 
    into
        option_tb
        (id, option_name, price, product_id) 
    values
        (default, ?, ?, ?)
2023-07-14 14:42:56.261 TRACE 82809 --- [    Test worker] o.h.type.descriptor.sql.BasicBinder      : binding parameter [1] as [VARCHAR] - [고추 무침 1kg]
2023-07-14 14:42:56.261 TRACE 82809 --- [    Test worker] o.h.type.descriptor.sql.BasicBinder      : binding parameter [2] as [INTEGER] - [8900]
2023-07-14 14:42:56.261 TRACE 82809 --- [    Test worker] o.h.type.descriptor.sql.BasicBinder      : binding parameter [3] as [INTEGER] - [null]
Hibernate: 
    insert 
    into
        option_tb
        (id, option_name, price, product_id) 
    values
        (default, ?, ?, ?)
2023-07-14 14:42:56.261 TRACE 82809 --- [    Test worker] o.h.type.descriptor.sql.BasicBinder      : binding parameter [1] as [VARCHAR] - [파래 무침 1kg]
2023-07-14 14:42:56.261 TRACE 82809 --- [    Test worker] o.h.type.descriptor.sql.BasicBinder      : binding parameter [2] as [INTEGER] - [9900]
2023-07-14 14:42:56.261 TRACE 82809 --- [    Test worker] o.h.type.descriptor.sql.BasicBinder      : binding parameter [3] as [INTEGER] - [null]
Hibernate: 
    insert 
    into
        option_tb
        (id, option_name, price, product_id) 
    values
        (default, ?, ?, ?)
2023-07-14 14:42:56.261 TRACE 82809 --- [    Test worker] o.h.type.descriptor.sql.BasicBinder      : binding parameter [1] as [VARCHAR] - [01_순수소프트 27m 30롤 2팩]
2023-07-14 14:42:56.261 TRACE 82809 --- [    Test worker] o.h.type.descriptor.sql.BasicBinder      : binding parameter [2] as [INTEGER] - [28900]
2023-07-14 14:42:56.261 TRACE 82809 --- [    Test worker] o.h.type.descriptor.sql.BasicBinder      : binding parameter [3] as [INTEGER] - [null]
Hibernate: 
    insert 
    into
        option_tb
        (id, option_name, price, product_id) 
    values
        (default, ?, ?, ?)
2023-07-14 14:42:56.261 TRACE 82809 --- [    Test worker] o.h.type.descriptor.sql.BasicBinder      : binding parameter [1] as [VARCHAR] - [02_벚꽃 프리미엄 27m 30롤 2팩]
2023-07-14 14:42:56.261 TRACE 82809 --- [    Test worker] o.h.type.descriptor.sql.BasicBinder      : binding parameter [2] as [INTEGER] - [32900]
2023-07-14 14:42:56.261 TRACE 82809 --- [    Test worker] o.h.type.descriptor.sql.BasicBinder      : binding parameter [3] as [INTEGER] - [null]
Hibernate: 
    insert 
    into
        option_tb
        (id, option_name, price, product_id) 
    values
        (default, ?, ?, ?)
2023-07-14 14:42:56.262 TRACE 82809 --- [    Test worker] o.h.type.descriptor.sql.BasicBinder      : binding parameter [1] as [VARCHAR] - [(증정) 초미세모 칫솔 12개 x 2개]
2023-07-14 14:42:56.262 TRACE 82809 --- [    Test worker] o.h.type.descriptor.sql.BasicBinder      : binding parameter [2] as [INTEGER] - [11900]
2023-07-14 14:42:56.262 TRACE 82809 --- [    Test worker] o.h.type.descriptor.sql.BasicBinder      : binding parameter [3] as [INTEGER] - [null]
Hibernate: 
    insert 
    into
        option_tb
        (id, option_name, price, product_id) 
    values
        (default, ?, ?, ?)
2023-07-14 14:42:56.262 TRACE 82809 --- [    Test worker] o.h.type.descriptor.sql.BasicBinder      : binding parameter [1] as [VARCHAR] - [(증정) 잇몸케어 치약 100G 3개 x 2개]
2023-07-14 14:42:56.262 TRACE 82809 --- [    Test worker] o.h.type.descriptor.sql.BasicBinder      : binding parameter [2] as [INTEGER] - [16900]
2023-07-14 14:42:56.262 TRACE 82809 --- [    Test worker] o.h.type.descriptor.sql.BasicBinder      : binding parameter [3] as [INTEGER] - [null]
Hibernate: 
    insert 
    into
        option_tb
        (id, option_name, price, product_id) 
    values
        (default, ?, ?, ?)
2023-07-14 14:42:56.262 TRACE 82809 --- [    Test worker] o.h.type.descriptor.sql.BasicBinder      : binding parameter [1] as [VARCHAR] - [(증정) 구취케어 치약 100G 3개 x 2개]
2023-07-14 14:42:56.262 TRACE 82809 --- [    Test worker] o.h.type.descriptor.sql.BasicBinder      : binding parameter [2] as [INTEGER] - [16900]
2023-07-14 14:42:56.262 TRACE 82809 --- [    Test worker] o.h.type.descriptor.sql.BasicBinder      : binding parameter [3] as [INTEGER] - [null]
Hibernate: 
    insert 
    into
        option_tb
        (id, option_name, price, product_id) 
    values
        (default, ?, ?, ?)
2023-07-14 14:42:56.262 TRACE 82809 --- [    Test worker] o.h.type.descriptor.sql.BasicBinder      : binding parameter [1] as [VARCHAR] - [(증정)화이트케어 치약 100G 3개 x 2개]
2023-07-14 14:42:56.262 TRACE 82809 --- [    Test worker] o.h.type.descriptor.sql.BasicBinder      : binding parameter [2] as [INTEGER] - [19900]
2023-07-14 14:42:56.262 TRACE 82809 --- [    Test worker] o.h.type.descriptor.sql.BasicBinder      : binding parameter [3] as [INTEGER] - [null]
Hibernate: 
    insert 
    into
        option_tb
        (id, option_name, price, product_id) 
    values
        (default, ?, ?, ?)
2023-07-14 14:42:56.263 TRACE 82809 --- [    Test worker] o.h.type.descriptor.sql.BasicBinder      : binding parameter [1] as [VARCHAR] - [(증정) 어린이 칫솔 12EA]
2023-07-14 14:42:56.263 TRACE 82809 --- [    Test worker] o.h.type.descriptor.sql.BasicBinder      : binding parameter [2] as [INTEGER] - [9900]
2023-07-14 14:42:56.263 TRACE 82809 --- [    Test worker] o.h.type.descriptor.sql.BasicBinder      : binding parameter [3] as [INTEGER] - [null]
Hibernate: 
    insert 
    into
        option_tb
        (id, option_name, price, product_id) 
    values
        (default, ?, ?, ?)
2023-07-14 14:42:56.263 TRACE 82809 --- [    Test worker] o.h.type.descriptor.sql.BasicBinder      : binding parameter [1] as [VARCHAR] - [[가정용] 샤인머스켓 1kg 2수내외]
2023-07-14 14:42:56.263 TRACE 82809 --- [    Test worker] o.h.type.descriptor.sql.BasicBinder      : binding parameter [2] as [INTEGER] - [9900]
2023-07-14 14:42:56.263 TRACE 82809 --- [    Test worker] o.h.type.descriptor.sql.BasicBinder      : binding parameter [3] as [INTEGER] - [null]
Hibernate: 
    insert 
    into
        option_tb
        (id, option_name, price, product_id) 
    values
        (default, ?, ?, ?)
2023-07-14 14:42:56.263 TRACE 82809 --- [    Test worker] o.h.type.descriptor.sql.BasicBinder      : binding parameter [1] as [VARCHAR] - [[특품] 샤인머스켓 1kg 1-2수]
2023-07-14 14:42:56.263 TRACE 82809 --- [    Test worker] o.h.type.descriptor.sql.BasicBinder      : binding parameter [2] as [INTEGER] - [12900]
2023-07-14 14:42:56.263 TRACE 82809 --- [    Test worker] o.h.type.descriptor.sql.BasicBinder      : binding parameter [3] as [INTEGER] - [null]
Hibernate: 
    insert 
    into
        option_tb
        (id, option_name, price, product_id) 
    values
        (default, ?, ?, ?)
2023-07-14 14:42:56.263 TRACE 82809 --- [    Test worker] o.h.type.descriptor.sql.BasicBinder      : binding parameter [1] as [VARCHAR] - [[특품] 샤인머스켓 2kg 2-3수]
2023-07-14 14:42:56.263 TRACE 82809 --- [    Test worker] o.h.type.descriptor.sql.BasicBinder      : binding parameter [2] as [INTEGER] - [23900]
2023-07-14 14:42:56.263 TRACE 82809 --- [    Test worker] o.h.type.descriptor.sql.BasicBinder      : binding parameter [3] as [INTEGER] - [null]
Hibernate: 
    insert 
    into
        option_tb
        (id, option_name, price, product_id) 
    values
        (default, ?, ?, ?)
2023-07-14 14:42:56.263 TRACE 82809 --- [    Test worker] o.h.type.descriptor.sql.BasicBinder      : binding parameter [1] as [VARCHAR] - [화이트]
2023-07-14 14:42:56.263 TRACE 82809 --- [    Test worker] o.h.type.descriptor.sql.BasicBinder      : binding parameter [2] as [INTEGER] - [148000]
2023-07-14 14:42:56.263 TRACE 82809 --- [    Test worker] o.h.type.descriptor.sql.BasicBinder      : binding parameter [3] as [INTEGER] - [null]
Hibernate: 
    insert 
    into
        option_tb
        (id, option_name, price, product_id) 
    values
        (default, ?, ?, ?)
2023-07-14 14:42:56.264 TRACE 82809 --- [    Test worker] o.h.type.descriptor.sql.BasicBinder      : binding parameter [1] as [VARCHAR] - [블랙]
2023-07-14 14:42:56.264 TRACE 82809 --- [    Test worker] o.h.type.descriptor.sql.BasicBinder      : binding parameter [2] as [INTEGER] - [148000]
2023-07-14 14:42:56.264 TRACE 82809 --- [    Test worker] o.h.type.descriptor.sql.BasicBinder      : binding parameter [3] as [INTEGER] - [null]
Hibernate: 
    insert 
    into
        cart_tb
        (id, option_id, price, quantity, user_id) 
    values
        (default, ?, ?, ?, ?)
2023-07-14 14:42:56.264 TRACE 82809 --- [    Test worker] o.h.type.descriptor.sql.BasicBinder      : binding parameter [1] as [INTEGER] - [49]
2023-07-14 14:42:56.264 TRACE 82809 --- [    Test worker] o.h.type.descriptor.sql.BasicBinder      : binding parameter [2] as [INTEGER] - [50000]
2023-07-14 14:42:56.264 TRACE 82809 --- [    Test worker] o.h.type.descriptor.sql.BasicBinder      : binding parameter [3] as [INTEGER] - [5]
2023-07-14 14:42:56.264 TRACE 82809 --- [    Test worker] o.h.type.descriptor.sql.BasicBinder      : binding parameter [4] as [INTEGER] - [2]
Hibernate: 
    insert 
    into
        cart_tb
        (id, option_id, price, quantity, user_id) 
    values
        (default, ?, ?, ?, ?)
2023-07-14 14:42:56.264 TRACE 82809 --- [    Test worker] o.h.type.descriptor.sql.BasicBinder      : binding parameter [1] as [INTEGER] - [51]
2023-07-14 14:42:56.264 TRACE 82809 --- [    Test worker] o.h.type.descriptor.sql.BasicBinder      : binding parameter [2] as [INTEGER] - [29700]
2023-07-14 14:42:56.264 TRACE 82809 --- [    Test worker] o.h.type.descriptor.sql.BasicBinder      : binding parameter [3] as [INTEGER] - [3]
2023-07-14 14:42:56.264 TRACE 82809 --- [    Test worker] o.h.type.descriptor.sql.BasicBinder      : binding parameter [4] as [INTEGER] - [2]
Hibernate: 
    insert 
    into
        cart_tb
        (id, option_id, price, quantity, user_id) 
    values
        (default, ?, ?, ?, ?)
2023-07-14 14:42:56.265 TRACE 82809 --- [    Test worker] o.h.type.descriptor.sql.BasicBinder      : binding parameter [1] as [INTEGER] - [56]
2023-07-14 14:42:56.265 TRACE 82809 --- [    Test worker] o.h.type.descriptor.sql.BasicBinder      : binding parameter [2] as [INTEGER] - [11000]
2023-07-14 14:42:56.265 TRACE 82809 --- [    Test worker] o.h.type.descriptor.sql.BasicBinder      : binding parameter [3] as [INTEGER] - [2]
2023-07-14 14:42:56.265 TRACE 82809 --- [    Test worker] o.h.type.descriptor.sql.BasicBinder      : binding parameter [4] as [INTEGER] - [2]
Hibernate: 
    insert 
    into
        cart_tb
        (id, option_id, price, quantity, user_id) 
    values
        (default, ?, ?, ?, ?)
2023-07-14 14:42:56.265 TRACE 82809 --- [    Test worker] o.h.type.descriptor.sql.BasicBinder      : binding parameter [1] as [INTEGER] - [62]
2023-07-14 14:42:56.265 TRACE 82809 --- [    Test worker] o.h.type.descriptor.sql.BasicBinder      : binding parameter [2] as [INTEGER] - [264500]
2023-07-14 14:42:56.265 TRACE 82809 --- [    Test worker] o.h.type.descriptor.sql.BasicBinder      : binding parameter [3] as [INTEGER] - [5]
2023-07-14 14:42:56.265 TRACE 82809 --- [    Test worker] o.h.type.descriptor.sql.BasicBinder      : binding parameter [4] as [INTEGER] - [2]
Hibernate: 
    insert 
    into
        cart_tb
        (id, option_id, price, quantity, user_id) 
    values
        (default, ?, ?, ?, ?)
2023-07-14 14:42:56.265 TRACE 82809 --- [    Test worker] o.h.type.descriptor.sql.BasicBinder      : binding parameter [1] as [INTEGER] - [64]
2023-07-14 14:42:56.265 TRACE 82809 --- [    Test worker] o.h.type.descriptor.sql.BasicBinder      : binding parameter [2] as [INTEGER] - [50000]
2023-07-14 14:42:56.265 TRACE 82809 --- [    Test worker] o.h.type.descriptor.sql.BasicBinder      : binding parameter [3] as [INTEGER] - [1]
2023-07-14 14:42:56.265 TRACE 82809 --- [    Test worker] o.h.type.descriptor.sql.BasicBinder      : binding parameter [4] as [INTEGER] - [2]
Hibernate: 
    select
        cart0_.id as id1_0_0_,
        user1_.id as id1_5_1_,
        option2_.id as id1_2_2_,
        cart0_.option_id as option_i4_0_0_,
        cart0_.price as price2_0_0_,
        cart0_.quantity as quantity3_0_0_,
        cart0_.user_id as user_id5_0_0_,
        user1_.email as email2_5_1_,
        user1_.password as password3_5_1_,
        user1_.roles as roles4_5_1_,
        user1_.username as username5_5_1_,
        option2_.option_name as option_n2_2_2_,
        option2_.price as price3_2_2_,
        option2_.product_id as product_4_2_2_ 
    from
        cart_tb cart0_ 
    inner join
        user_tb user1_ 
            on cart0_.user_id=user1_.id 
    inner join
        option_tb option2_ 
            on cart0_.option_id=option2_.id 
    where
        cart0_.user_id=?
2023-07-14 14:42:56.267 TRACE 82809 --- [    Test worker] o.h.type.descriptor.sql.BasicBinder      : binding parameter [1] as [INTEGER] - [1]
Hibernate: 
    select
        cart0_.id as id1_0_,
        cart0_.option_id as option_i4_0_,
        cart0_.price as price2_0_,
        cart0_.quantity as quantity3_0_,
        cart0_.user_id as user_id5_0_ 
    from
        cart_tb cart0_
2023-07-14 14:42:56.274 TRACE 82809 --- [    Test worker] o.h.type.descriptor.sql.BasicExtractor   : extracted value ([id1_0_] : [INTEGER]) - [6]
2023-07-14 14:42:56.274 TRACE 82809 --- [    Test worker] o.h.type.descriptor.sql.BasicExtractor   : extracted value ([option_i4_0_] : [INTEGER]) - [49]
2023-07-14 14:42:56.274 TRACE 82809 --- [    Test worker] o.h.type.descriptor.sql.BasicExtractor   : extracted value ([price2_0_] : [INTEGER]) - [50000]
2023-07-14 14:42:56.274 TRACE 82809 --- [    Test worker] o.h.type.descriptor.sql.BasicExtractor   : extracted value ([quantity3_0_] : [INTEGER]) - [5]
2023-07-14 14:42:56.274 TRACE 82809 --- [    Test worker] o.h.type.descriptor.sql.BasicExtractor   : extracted value ([user_id5_0_] : [INTEGER]) - [2]
2023-07-14 14:42:56.274 TRACE 82809 --- [    Test worker] o.h.type.descriptor.sql.BasicExtractor   : extracted value ([id1_0_] : [INTEGER]) - [7]
2023-07-14 14:42:56.274 TRACE 82809 --- [    Test worker] o.h.type.descriptor.sql.BasicExtractor   : extracted value ([option_i4_0_] : [INTEGER]) - [51]
2023-07-14 14:42:56.274 TRACE 82809 --- [    Test worker] o.h.type.descriptor.sql.BasicExtractor   : extracted value ([price2_0_] : [INTEGER]) - [29700]
2023-07-14 14:42:56.274 TRACE 82809 --- [    Test worker] o.h.type.descriptor.sql.BasicExtractor   : extracted value ([quantity3_0_] : [INTEGER]) - [3]
2023-07-14 14:42:56.274 TRACE 82809 --- [    Test worker] o.h.type.descriptor.sql.BasicExtractor   : extracted value ([user_id5_0_] : [INTEGER]) - [2]
2023-07-14 14:42:56.274 TRACE 82809 --- [    Test worker] o.h.type.descriptor.sql.BasicExtractor   : extracted value ([id1_0_] : [INTEGER]) - [8]
2023-07-14 14:42:56.274 TRACE 82809 --- [    Test worker] o.h.type.descriptor.sql.BasicExtractor   : extracted value ([option_i4_0_] : [INTEGER]) - [56]
2023-07-14 14:42:56.274 TRACE 82809 --- [    Test worker] o.h.type.descriptor.sql.BasicExtractor   : extracted value ([price2_0_] : [INTEGER]) - [11000]
2023-07-14 14:42:56.274 TRACE 82809 --- [    Test worker] o.h.type.descriptor.sql.BasicExtractor   : extracted value ([quantity3_0_] : [INTEGER]) - [2]
2023-07-14 14:42:56.274 TRACE 82809 --- [    Test worker] o.h.type.descriptor.sql.BasicExtractor   : extracted value ([user_id5_0_] : [INTEGER]) - [2]
2023-07-14 14:42:56.274 TRACE 82809 --- [    Test worker] o.h.type.descriptor.sql.BasicExtractor   : extracted value ([id1_0_] : [INTEGER]) - [9]
2023-07-14 14:42:56.274 TRACE 82809 --- [    Test worker] o.h.type.descriptor.sql.BasicExtractor   : extracted value ([option_i4_0_] : [INTEGER]) - [62]
2023-07-14 14:42:56.274 TRACE 82809 --- [    Test worker] o.h.type.descriptor.sql.BasicExtractor   : extracted value ([price2_0_] : [INTEGER]) - [264500]
2023-07-14 14:42:56.274 TRACE 82809 --- [    Test worker] o.h.type.descriptor.sql.BasicExtractor   : extracted value ([quantity3_0_] : [INTEGER]) - [5]
2023-07-14 14:42:56.274 TRACE 82809 --- [    Test worker] o.h.type.descriptor.sql.BasicExtractor   : extracted value ([user_id5_0_] : [INTEGER]) - [2]
2023-07-14 14:42:56.274 TRACE 82809 --- [    Test worker] o.h.type.descriptor.sql.BasicExtractor   : extracted value ([id1_0_] : [INTEGER]) - [10]
2023-07-14 14:42:56.274 TRACE 82809 --- [    Test worker] o.h.type.descriptor.sql.BasicExtractor   : extracted value ([option_i4_0_] : [INTEGER]) - [64]
2023-07-14 14:42:56.274 TRACE 82809 --- [    Test worker] o.h.type.descriptor.sql.BasicExtractor   : extracted value ([price2_0_] : [INTEGER]) - [50000]
2023-07-14 14:42:56.274 TRACE 82809 --- [    Test worker] o.h.type.descriptor.sql.BasicExtractor   : extracted value ([quantity3_0_] : [INTEGER]) - [1]
2023-07-14 14:42:56.274 TRACE 82809 --- [    Test worker] o.h.type.descriptor.sql.BasicExtractor   : extracted value ([user_id5_0_] : [INTEGER]) - [2]
Hibernate: 
    select
        user0_.id as id1_5_,
        user0_.email as email2_5_,
        user0_.password as password3_5_,
        user0_.roles as roles4_5_,
        user0_.username as username5_5_ 
    from
        user_tb user0_
2023-07-14 14:42:56.275 TRACE 82809 --- [    Test worker] o.h.type.descriptor.sql.BasicExtractor   : extracted value ([id1_5_] : [INTEGER]) - [2]
2023-07-14 14:42:56.275 TRACE 82809 --- [    Test worker] o.h.type.descriptor.sql.BasicExtractor   : extracted value ([email2_5_] : [VARCHAR]) - [ssar@nate.com]
2023-07-14 14:42:56.275 TRACE 82809 --- [    Test worker] o.h.type.descriptor.sql.BasicExtractor   : extracted value ([password3_5_] : [VARCHAR]) - [$2a$10$qATk4N9mtkkS9s36Dpw.UumPMmAZ5FRlKX14O6aYIK5q12QPO6Gy.]
2023-07-14 14:42:56.275 TRACE 82809 --- [    Test worker] o.h.type.descriptor.sql.BasicExtractor   : extracted value ([roles4_5_] : [VARCHAR]) - [ROLE_USER]
2023-07-14 14:42:56.275 TRACE 82809 --- [    Test worker] o.h.type.descriptor.sql.BasicExtractor   : extracted value ([username5_5_] : [VARCHAR]) - [ssar]
Hibernate: 
    select
        option0_.id as id1_2_,
        option0_.option_name as option_n2_2_,
        option0_.price as price3_2_,
        option0_.product_id as product_4_2_ 
    from
        option_tb option0_
2023-07-14 14:42:56.276 TRACE 82809 --- [    Test worker] o.h.type.descriptor.sql.BasicExtractor   : extracted value ([id1_2_] : [INTEGER]) - [49]
2023-07-14 14:42:56.276 TRACE 82809 --- [    Test worker] o.h.type.descriptor.sql.BasicExtractor   : extracted value ([option_n2_2_] : [VARCHAR]) - [01. 슬라이딩 지퍼백 크리스마스에디션 4종]
2023-07-14 14:42:56.276 TRACE 82809 --- [    Test worker] o.h.type.descriptor.sql.BasicExtractor   : extracted value ([price3_2_] : [INTEGER]) - [10000]
2023-07-14 14:42:56.276 TRACE 82809 --- [    Test worker] o.h.type.descriptor.sql.BasicExtractor   : extracted value ([product_4_2_] : [INTEGER]) - [null]
2023-07-14 14:42:56.276 TRACE 82809 --- [    Test worker] o.h.type.descriptor.sql.BasicExtractor   : extracted value ([id1_2_] : [INTEGER]) - [50]
2023-07-14 14:42:56.276 TRACE 82809 --- [    Test worker] o.h.type.descriptor.sql.BasicExtractor   : extracted value ([option_n2_2_] : [VARCHAR]) - [02. 슬라이딩 지퍼백 플라워에디션 5종]
2023-07-14 14:42:56.276 TRACE 82809 --- [    Test worker] o.h.type.descriptor.sql.BasicExtractor   : extracted value ([price3_2_] : [INTEGER]) - [10900]
2023-07-14 14:42:56.276 TRACE 82809 --- [    Test worker] o.h.type.descriptor.sql.BasicExtractor   : extracted value ([product_4_2_] : [INTEGER]) - [null]
2023-07-14 14:42:56.276 TRACE 82809 --- [    Test worker] o.h.type.descriptor.sql.BasicExtractor   : extracted value ([id1_2_] : [INTEGER]) - [51]
2023-07-14 14:42:56.276 TRACE 82809 --- [    Test worker] o.h.type.descriptor.sql.BasicExtractor   : extracted value ([option_n2_2_] : [VARCHAR]) - [고무장갑 베이지 S(소형) 6팩]
2023-07-14 14:42:56.276 TRACE 82809 --- [    Test worker] o.h.type.descriptor.sql.BasicExtractor   : extracted value ([price3_2_] : [INTEGER]) - [9900]
2023-07-14 14:42:56.276 TRACE 82809 --- [    Test worker] o.h.type.descriptor.sql.BasicExtractor   : extracted value ([product_4_2_] : [INTEGER]) - [null]
2023-07-14 14:42:56.276 TRACE 82809 --- [    Test worker] o.h.type.descriptor.sql.BasicExtractor   : extracted value ([id1_2_] : [INTEGER]) - [52]
2023-07-14 14:42:56.276 TRACE 82809 --- [    Test worker] o.h.type.descriptor.sql.BasicExtractor   : extracted value ([option_n2_2_] : [VARCHAR]) - [뽑아쓰는 키친타올 130매 12팩]
2023-07-14 14:42:56.276 TRACE 82809 --- [    Test worker] o.h.type.descriptor.sql.BasicExtractor   : extracted value ([price3_2_] : [INTEGER]) - [16900]
2023-07-14 14:42:56.276 TRACE 82809 --- [    Test worker] o.h.type.descriptor.sql.BasicExtractor   : extracted value ([product_4_2_] : [INTEGER]) - [null]
2023-07-14 14:42:56.276 TRACE 82809 --- [    Test worker] o.h.type.descriptor.sql.BasicExtractor   : extracted value ([id1_2_] : [INTEGER]) - [53]
2023-07-14 14:42:56.276 TRACE 82809 --- [    Test worker] o.h.type.descriptor.sql.BasicExtractor   : extracted value ([option_n2_2_] : [VARCHAR]) - [2겹 식빵수세미 6매]
2023-07-14 14:42:56.276 TRACE 82809 --- [    Test worker] o.h.type.descriptor.sql.BasicExtractor   : extracted value ([price3_2_] : [INTEGER]) - [8900]
2023-07-14 14:42:56.276 TRACE 82809 --- [    Test worker] o.h.type.descriptor.sql.BasicExtractor   : extracted value ([product_4_2_] : [INTEGER]) - [null]
2023-07-14 14:42:56.276 TRACE 82809 --- [    Test worker] o.h.type.descriptor.sql.BasicExtractor   : extracted value ([id1_2_] : [INTEGER]) - [54]
2023-07-14 14:42:56.276 TRACE 82809 --- [    Test worker] o.h.type.descriptor.sql.BasicExtractor   : extracted value ([option_n2_2_] : [VARCHAR]) - [22년산 햇단밤 700g(한정판매)]
2023-07-14 14:42:56.276 TRACE 82809 --- [    Test worker] o.h.type.descriptor.sql.BasicExtractor   : extracted value ([price3_2_] : [INTEGER]) - [9900]
2023-07-14 14:42:56.276 TRACE 82809 --- [    Test worker] o.h.type.descriptor.sql.BasicExtractor   : extracted value ([product_4_2_] : [INTEGER]) - [null]
2023-07-14 14:42:56.276 TRACE 82809 --- [    Test worker] o.h.type.descriptor.sql.BasicExtractor   : extracted value ([id1_2_] : [INTEGER]) - [55]
2023-07-14 14:42:56.276 TRACE 82809 --- [    Test worker] o.h.type.descriptor.sql.BasicExtractor   : extracted value ([option_n2_2_] : [VARCHAR]) - [22년산 햇단밤 1kg(한정판매)]
2023-07-14 14:42:56.276 TRACE 82809 --- [    Test worker] o.h.type.descriptor.sql.BasicExtractor   : extracted value ([price3_2_] : [INTEGER]) - [14500]
2023-07-14 14:42:56.276 TRACE 82809 --- [    Test worker] o.h.type.descriptor.sql.BasicExtractor   : extracted value ([product_4_2_] : [INTEGER]) - [null]
2023-07-14 14:42:56.276 TRACE 82809 --- [    Test worker] o.h.type.descriptor.sql.BasicExtractor   : extracted value ([id1_2_] : [INTEGER]) - [56]
2023-07-14 14:42:56.276 TRACE 82809 --- [    Test worker] o.h.type.descriptor.sql.BasicExtractor   : extracted value ([option_n2_2_] : [VARCHAR]) - [밤깎기+다회용 구이판 세트]
2023-07-14 14:42:56.276 TRACE 82809 --- [    Test worker] o.h.type.descriptor.sql.BasicExtractor   : extracted value ([price3_2_] : [INTEGER]) - [5500]
2023-07-14 14:42:56.276 TRACE 82809 --- [    Test worker] o.h.type.descriptor.sql.BasicExtractor   : extracted value ([product_4_2_] : [INTEGER]) - [null]
2023-07-14 14:42:56.276 TRACE 82809 --- [    Test worker] o.h.type.descriptor.sql.BasicExtractor   : extracted value ([id1_2_] : [INTEGER]) - [57]
2023-07-14 14:42:56.276 TRACE 82809 --- [    Test worker] o.h.type.descriptor.sql.BasicExtractor   : extracted value ([option_n2_2_] : [VARCHAR]) - [JR310 (유선 전용) - 블루]
2023-07-14 14:42:56.276 TRACE 82809 --- [    Test worker] o.h.type.descriptor.sql.BasicExtractor   : extracted value ([price3_2_] : [INTEGER]) - [29900]
2023-07-14 14:42:56.276 TRACE 82809 --- [    Test worker] o.h.type.descriptor.sql.BasicExtractor   : extracted value ([product_4_2_] : [INTEGER]) - [null]
2023-07-14 14:42:56.276 TRACE 82809 --- [    Test worker] o.h.type.descriptor.sql.BasicExtractor   : extracted value ([id1_2_] : [INTEGER]) - [58]
2023-07-14 14:42:56.276 TRACE 82809 --- [    Test worker] o.h.type.descriptor.sql.BasicExtractor   : extracted value ([option_n2_2_] : [VARCHAR]) - [JR310BT (무선 전용) - 레드]
2023-07-14 14:42:56.277 TRACE 82809 --- [    Test worker] o.h.type.descriptor.sql.BasicExtractor   : extracted value ([price3_2_] : [INTEGER]) - [49900]
2023-07-14 14:42:56.277 TRACE 82809 --- [    Test worker] o.h.type.descriptor.sql.BasicExtractor   : extracted value ([product_4_2_] : [INTEGER]) - [null]
2023-07-14 14:42:56.277 TRACE 82809 --- [    Test worker] o.h.type.descriptor.sql.BasicExtractor   : extracted value ([id1_2_] : [INTEGER]) - [59]
2023-07-14 14:42:56.277 TRACE 82809 --- [    Test worker] o.h.type.descriptor.sql.BasicExtractor   : extracted value ([option_n2_2_] : [VARCHAR]) - [JR310BT (무선 전용) - 그린]
2023-07-14 14:42:56.277 TRACE 82809 --- [    Test worker] o.h.type.descriptor.sql.BasicExtractor   : extracted value ([price3_2_] : [INTEGER]) - [49900]
2023-07-14 14:42:56.277 TRACE 82809 --- [    Test worker] o.h.type.descriptor.sql.BasicExtractor   : extracted value ([product_4_2_] : [INTEGER]) - [null]
2023-07-14 14:42:56.277 TRACE 82809 --- [    Test worker] o.h.type.descriptor.sql.BasicExtractor   : extracted value ([id1_2_] : [INTEGER]) - [60]
2023-07-14 14:42:56.277 TRACE 82809 --- [    Test worker] o.h.type.descriptor.sql.BasicExtractor   : extracted value ([option_n2_2_] : [VARCHAR]) - [JR310BT (무선 전용) - 블루]
2023-07-14 14:42:56.277 TRACE 82809 --- [    Test worker] o.h.type.descriptor.sql.BasicExtractor   : extracted value ([price3_2_] : [INTEGER]) - [49900]
2023-07-14 14:42:56.277 TRACE 82809 --- [    Test worker] o.h.type.descriptor.sql.BasicExtractor   : extracted value ([product_4_2_] : [INTEGER]) - [null]
2023-07-14 14:42:56.277 TRACE 82809 --- [    Test worker] o.h.type.descriptor.sql.BasicExtractor   : extracted value ([id1_2_] : [INTEGER]) - [61]
2023-07-14 14:42:56.277 TRACE 82809 --- [    Test worker] o.h.type.descriptor.sql.BasicExtractor   : extracted value ([option_n2_2_] : [VARCHAR]) - [T510BT (무선 전용) - 블랙]
2023-07-14 14:42:56.277 TRACE 82809 --- [    Test worker] o.h.type.descriptor.sql.BasicExtractor   : extracted value ([price3_2_] : [INTEGER]) - [52900]
2023-07-14 14:42:56.277 TRACE 82809 --- [    Test worker] o.h.type.descriptor.sql.BasicExtractor   : extracted value ([product_4_2_] : [INTEGER]) - [null]
2023-07-14 14:42:56.277 TRACE 82809 --- [    Test worker] o.h.type.descriptor.sql.BasicExtractor   : extracted value ([id1_2_] : [INTEGER]) - [62]
2023-07-14 14:42:56.277 TRACE 82809 --- [    Test worker] o.h.type.descriptor.sql.BasicExtractor   : extracted value ([option_n2_2_] : [VARCHAR]) - [T510BT (무선 전용) - 화이트]
2023-07-14 14:42:56.277 TRACE 82809 --- [    Test worker] o.h.type.descriptor.sql.BasicExtractor   : extracted value ([price3_2_] : [INTEGER]) - [52900]
2023-07-14 14:42:56.277 TRACE 82809 --- [    Test worker] o.h.type.descriptor.sql.BasicExtractor   : extracted value ([product_4_2_] : [INTEGER]) - [null]
2023-07-14 14:42:56.277 TRACE 82809 --- [    Test worker] o.h.type.descriptor.sql.BasicExtractor   : extracted value ([id1_2_] : [INTEGER]) - [63]
2023-07-14 14:42:56.277 TRACE 82809 --- [    Test worker] o.h.type.descriptor.sql.BasicExtractor   : extracted value ([option_n2_2_] : [VARCHAR]) - [선택01_바른곡물효소 누룽지맛 2박스]
2023-07-14 14:42:56.277 TRACE 82809 --- [    Test worker] o.h.type.descriptor.sql.BasicExtractor   : extracted value ([price3_2_] : [INTEGER]) - [17900]
2023-07-14 14:42:56.277 TRACE 82809 --- [    Test worker] o.h.type.descriptor.sql.BasicExtractor   : extracted value ([product_4_2_] : [INTEGER]) - [null]
2023-07-14 14:42:56.277 TRACE 82809 --- [    Test worker] o.h.type.descriptor.sql.BasicExtractor   : extracted value ([id1_2_] : [INTEGER]) - [64]
2023-07-14 14:42:56.277 TRACE 82809 --- [    Test worker] o.h.type.descriptor.sql.BasicExtractor   : extracted value ([option_n2_2_] : [VARCHAR]) - [선택02_바른곡물효소누룽지맛 6박스]
2023-07-14 14:42:56.277 TRACE 82809 --- [    Test worker] o.h.type.descriptor.sql.BasicExtractor   : extracted value ([price3_2_] : [INTEGER]) - [50000]
2023-07-14 14:42:56.277 TRACE 82809 --- [    Test worker] o.h.type.descriptor.sql.BasicExtractor   : extracted value ([product_4_2_] : [INTEGER]) - [null]
2023-07-14 14:42:56.277 TRACE 82809 --- [    Test worker] o.h.type.descriptor.sql.BasicExtractor   : extracted value ([id1_2_] : [INTEGER]) - [65]
2023-07-14 14:42:56.277 TRACE 82809 --- [    Test worker] o.h.type.descriptor.sql.BasicExtractor   : extracted value ([option_n2_2_] : [VARCHAR]) - [선택03_바른곡물효소3박스+유산균효소3박스]
2023-07-14 14:42:56.277 TRACE 82809 --- [    Test worker] o.h.type.descriptor.sql.BasicExtractor   : extracted value ([price3_2_] : [INTEGER]) - [50000]
2023-07-14 14:42:56.277 TRACE 82809 --- [    Test worker] o.h.type.descriptor.sql.BasicExtractor   : extracted value ([product_4_2_] : [INTEGER]) - [null]
2023-07-14 14:42:56.277 TRACE 82809 --- [    Test worker] o.h.type.descriptor.sql.BasicExtractor   : extracted value ([id1_2_] : [INTEGER]) - [66]
2023-07-14 14:42:56.277 TRACE 82809 --- [    Test worker] o.h.type.descriptor.sql.BasicExtractor   : extracted value ([option_n2_2_] : [VARCHAR]) - [선택04_바른곡물효소3박스+19종유산균3박스]
2023-07-14 14:42:56.277 TRACE 82809 --- [    Test worker] o.h.type.descriptor.sql.BasicExtractor   : extracted value ([price3_2_] : [INTEGER]) - [50000]
2023-07-14 14:42:56.277 TRACE 82809 --- [    Test worker] o.h.type.descriptor.sql.BasicExtractor   : extracted value ([product_4_2_] : [INTEGER]) - [null]
2023-07-14 14:42:56.277 TRACE 82809 --- [    Test worker] o.h.type.descriptor.sql.BasicExtractor   : extracted value ([id1_2_] : [INTEGER]) - [67]
2023-07-14 14:42:56.277 TRACE 82809 --- [    Test worker] o.h.type.descriptor.sql.BasicExtractor   : extracted value ([option_n2_2_] : [VARCHAR]) - [01. 말랑컷팅장족 100g]
2023-07-14 14:42:56.277 TRACE 82809 --- [    Test worker] o.h.type.descriptor.sql.BasicExtractor   : extracted value ([price3_2_] : [INTEGER]) - [4900]
2023-07-14 14:42:56.277 TRACE 82809 --- [    Test worker] o.h.type.descriptor.sql.BasicExtractor   : extracted value ([product_4_2_] : [INTEGER]) - [null]
2023-07-14 14:42:56.277 TRACE 82809 --- [    Test worker] o.h.type.descriptor.sql.BasicExtractor   : extracted value ([id1_2_] : [INTEGER]) - [68]
2023-07-14 14:42:56.277 TRACE 82809 --- [    Test worker] o.h.type.descriptor.sql.BasicExtractor   : extracted value ([option_n2_2_] : [VARCHAR]) - [02. 말랑컷팅장족 300g]
2023-07-14 14:42:56.277 TRACE 82809 --- [    Test worker] o.h.type.descriptor.sql.BasicExtractor   : extracted value ([price3_2_] : [INTEGER]) - [12800]
2023-07-14 14:42:56.277 TRACE 82809 --- [    Test worker] o.h.type.descriptor.sql.BasicExtractor   : extracted value ([product_4_2_] : [INTEGER]) - [null]
2023-07-14 14:42:56.277 TRACE 82809 --- [    Test worker] o.h.type.descriptor.sql.BasicExtractor   : extracted value ([id1_2_] : [INTEGER]) - [69]
2023-07-14 14:42:56.277 TRACE 82809 --- [    Test worker] o.h.type.descriptor.sql.BasicExtractor   : extracted value ([option_n2_2_] : [VARCHAR]) - [03. 눌린장족 100g]
2023-07-14 14:42:56.277 TRACE 82809 --- [    Test worker] o.h.type.descriptor.sql.BasicExtractor   : extracted value ([price3_2_] : [INTEGER]) - [4900]
2023-07-14 14:42:56.277 TRACE 82809 --- [    Test worker] o.h.type.descriptor.sql.BasicExtractor   : extracted value ([product_4_2_] : [INTEGER]) - [null]
2023-07-14 14:42:56.278 TRACE 82809 --- [    Test worker] o.h.type.descriptor.sql.BasicExtractor   : extracted value ([id1_2_] : [INTEGER]) - [70]
2023-07-14 14:42:56.278 TRACE 82809 --- [    Test worker] o.h.type.descriptor.sql.BasicExtractor   : extracted value ([option_n2_2_] : [VARCHAR]) - [굳지않는 쑥 앙금 절편 1050g]
2023-07-14 14:42:56.278 TRACE 82809 --- [    Test worker] o.h.type.descriptor.sql.BasicExtractor   : extracted value ([price3_2_] : [INTEGER]) - [15900]
2023-07-14 14:42:56.278 TRACE 82809 --- [    Test worker] o.h.type.descriptor.sql.BasicExtractor   : extracted value ([product_4_2_] : [INTEGER]) - [null]
2023-07-14 14:42:56.278 TRACE 82809 --- [    Test worker] o.h.type.descriptor.sql.BasicExtractor   : extracted value ([id1_2_] : [INTEGER]) - [71]
2023-07-14 14:42:56.278 TRACE 82809 --- [    Test worker] o.h.type.descriptor.sql.BasicExtractor   : extracted value ([option_n2_2_] : [VARCHAR]) - [굳지않는 흑미 앙금 절편 1050g]
2023-07-14 14:42:56.278 TRACE 82809 --- [    Test worker] o.h.type.descriptor.sql.BasicExtractor   : extracted value ([price3_2_] : [INTEGER]) - [15900]
2023-07-14 14:42:56.278 TRACE 82809 --- [    Test worker] o.h.type.descriptor.sql.BasicExtractor   : extracted value ([product_4_2_] : [INTEGER]) - [null]
2023-07-14 14:42:56.278 TRACE 82809 --- [    Test worker] o.h.type.descriptor.sql.BasicExtractor   : extracted value ([id1_2_] : [INTEGER]) - [72]
2023-07-14 14:42:56.278 TRACE 82809 --- [    Test worker] o.h.type.descriptor.sql.BasicExtractor   : extracted value ([option_n2_2_] : [VARCHAR]) - [굳지않는 흰 가래떡 1050g]
2023-07-14 14:42:56.278 TRACE 82809 --- [    Test worker] o.h.type.descriptor.sql.BasicExtractor   : extracted value ([price3_2_] : [INTEGER]) - [15900]
2023-07-14 14:42:56.278 TRACE 82809 --- [    Test worker] o.h.type.descriptor.sql.BasicExtractor   : extracted value ([product_4_2_] : [INTEGER]) - [null]
2023-07-14 14:42:56.278 TRACE 82809 --- [    Test worker] o.h.type.descriptor.sql.BasicExtractor   : extracted value ([id1_2_] : [INTEGER]) - [73]
2023-07-14 14:42:56.278 TRACE 82809 --- [    Test worker] o.h.type.descriptor.sql.BasicExtractor   : extracted value ([option_n2_2_] : [VARCHAR]) - [이너딜리티 1박스]
2023-07-14 14:42:56.278 TRACE 82809 --- [    Test worker] o.h.type.descriptor.sql.BasicExtractor   : extracted value ([price3_2_] : [INTEGER]) - [26800]
2023-07-14 14:42:56.278 TRACE 82809 --- [    Test worker] o.h.type.descriptor.sql.BasicExtractor   : extracted value ([product_4_2_] : [INTEGER]) - [null]
2023-07-14 14:42:56.278 TRACE 82809 --- [    Test worker] o.h.type.descriptor.sql.BasicExtractor   : extracted value ([id1_2_] : [INTEGER]) - [74]
2023-07-14 14:42:56.278 TRACE 82809 --- [    Test worker] o.h.type.descriptor.sql.BasicExtractor   : extracted value ([option_n2_2_] : [VARCHAR]) - [이너딜리티 2박스+사은품 2종]
2023-07-14 14:42:56.278 TRACE 82809 --- [    Test worker] o.h.type.descriptor.sql.BasicExtractor   : extracted value ([price3_2_] : [INTEGER]) - [49800]
2023-07-14 14:42:56.278 TRACE 82809 --- [    Test worker] o.h.type.descriptor.sql.BasicExtractor   : extracted value ([product_4_2_] : [INTEGER]) - [null]
2023-07-14 14:42:56.278 TRACE 82809 --- [    Test worker] o.h.type.descriptor.sql.BasicExtractor   : extracted value ([id1_2_] : [INTEGER]) - [75]
2023-07-14 14:42:56.278 TRACE 82809 --- [    Test worker] o.h.type.descriptor.sql.BasicExtractor   : extracted value ([option_n2_2_] : [VARCHAR]) - [제나벨 PDRN 자생크림 1+1]
2023-07-14 14:42:56.278 TRACE 82809 --- [    Test worker] o.h.type.descriptor.sql.BasicExtractor   : extracted value ([price3_2_] : [INTEGER]) - [25900]
2023-07-14 14:42:56.278 TRACE 82809 --- [    Test worker] o.h.type.descriptor.sql.BasicExtractor   : extracted value ([product_4_2_] : [INTEGER]) - [null]
2023-07-14 14:42:56.278 TRACE 82809 --- [    Test worker] o.h.type.descriptor.sql.BasicExtractor   : extracted value ([id1_2_] : [INTEGER]) - [76]
2023-07-14 14:42:56.278 TRACE 82809 --- [    Test worker] o.h.type.descriptor.sql.BasicExtractor   : extracted value ([option_n2_2_] : [VARCHAR]) - [플레이스테이션 VR2 호라이즌 번들]
2023-07-14 14:42:56.278 TRACE 82809 --- [    Test worker] o.h.type.descriptor.sql.BasicExtractor   : extracted value ([price3_2_] : [INTEGER]) - [839000]
2023-07-14 14:42:56.278 TRACE 82809 --- [    Test worker] o.h.type.descriptor.sql.BasicExtractor   : extracted value ([product_4_2_] : [INTEGER]) - [null]
2023-07-14 14:42:56.278 TRACE 82809 --- [    Test worker] o.h.type.descriptor.sql.BasicExtractor   : extracted value ([id1_2_] : [INTEGER]) - [77]
2023-07-14 14:42:56.278 TRACE 82809 --- [    Test worker] o.h.type.descriptor.sql.BasicExtractor   : extracted value ([option_n2_2_] : [VARCHAR]) - [플레이스테이션 VR2]
2023-07-14 14:42:56.278 TRACE 82809 --- [    Test worker] o.h.type.descriptor.sql.BasicExtractor   : extracted value ([price3_2_] : [INTEGER]) - [797000]
2023-07-14 14:42:56.278 TRACE 82809 --- [    Test worker] o.h.type.descriptor.sql.BasicExtractor   : extracted value ([product_4_2_] : [INTEGER]) - [null]
2023-07-14 14:42:56.278 TRACE 82809 --- [    Test worker] o.h.type.descriptor.sql.BasicExtractor   : extracted value ([id1_2_] : [INTEGER]) - [78]
2023-07-14 14:42:56.278 TRACE 82809 --- [    Test worker] o.h.type.descriptor.sql.BasicExtractor   : extracted value ([option_n2_2_] : [VARCHAR]) - [홍가리비2kg(50미이내)]
2023-07-14 14:42:56.278 TRACE 82809 --- [    Test worker] o.h.type.descriptor.sql.BasicExtractor   : extracted value ([price3_2_] : [INTEGER]) - [8900]
2023-07-14 14:42:56.278 TRACE 82809 --- [    Test worker] o.h.type.descriptor.sql.BasicExtractor   : extracted value ([product_4_2_] : [INTEGER]) - [null]
2023-07-14 14:42:56.278 TRACE 82809 --- [    Test worker] o.h.type.descriptor.sql.BasicExtractor   : extracted value ([id1_2_] : [INTEGER]) - [79]
2023-07-14 14:42:56.278 TRACE 82809 --- [    Test worker] o.h.type.descriptor.sql.BasicExtractor   : extracted value ([option_n2_2_] : [VARCHAR]) - [궁채 절임 1kg]
2023-07-14 14:42:56.278 TRACE 82809 --- [    Test worker] o.h.type.descriptor.sql.BasicExtractor   : extracted value ([price3_2_] : [INTEGER]) - [6900]
2023-07-14 14:42:56.278 TRACE 82809 --- [    Test worker] o.h.type.descriptor.sql.BasicExtractor   : extracted value ([product_4_2_] : [INTEGER]) - [null]
2023-07-14 14:42:56.278 TRACE 82809 --- [    Test worker] o.h.type.descriptor.sql.BasicExtractor   : extracted value ([id1_2_] : [INTEGER]) - [80]
2023-07-14 14:42:56.278 TRACE 82809 --- [    Test worker] o.h.type.descriptor.sql.BasicExtractor   : extracted value ([option_n2_2_] : [VARCHAR]) - [양념 깻잎 1kg]
2023-07-14 14:42:56.278 TRACE 82809 --- [    Test worker] o.h.type.descriptor.sql.BasicExtractor   : extracted value ([price3_2_] : [INTEGER]) - [8900]
2023-07-14 14:42:56.278 TRACE 82809 --- [    Test worker] o.h.type.descriptor.sql.BasicExtractor   : extracted value ([product_4_2_] : [INTEGER]) - [null]
2023-07-14 14:42:56.278 TRACE 82809 --- [    Test worker] o.h.type.descriptor.sql.BasicExtractor   : extracted value ([id1_2_] : [INTEGER]) - [81]
2023-07-14 14:42:56.278 TRACE 82809 --- [    Test worker] o.h.type.descriptor.sql.BasicExtractor   : extracted value ([option_n2_2_] : [VARCHAR]) - [된장 깻잎 1kg]
2023-07-14 14:42:56.278 TRACE 82809 --- [    Test worker] o.h.type.descriptor.sql.BasicExtractor   : extracted value ([price3_2_] : [INTEGER]) - [8900]
2023-07-14 14:42:56.278 TRACE 82809 --- [    Test worker] o.h.type.descriptor.sql.BasicExtractor   : extracted value ([product_4_2_] : [INTEGER]) - [null]
2023-07-14 14:42:56.278 TRACE 82809 --- [    Test worker] o.h.type.descriptor.sql.BasicExtractor   : extracted value ([id1_2_] : [INTEGER]) - [82]
2023-07-14 14:42:56.278 TRACE 82809 --- [    Test worker] o.h.type.descriptor.sql.BasicExtractor   : extracted value ([option_n2_2_] : [VARCHAR]) - [간장 깻잎 1kg]
2023-07-14 14:42:56.278 TRACE 82809 --- [    Test worker] o.h.type.descriptor.sql.BasicExtractor   : extracted value ([price3_2_] : [INTEGER]) - [7900]
2023-07-14 14:42:56.278 TRACE 82809 --- [    Test worker] o.h.type.descriptor.sql.BasicExtractor   : extracted value ([product_4_2_] : [INTEGER]) - [null]
2023-07-14 14:42:56.278 TRACE 82809 --- [    Test worker] o.h.type.descriptor.sql.BasicExtractor   : extracted value ([id1_2_] : [INTEGER]) - [83]
2023-07-14 14:42:56.278 TRACE 82809 --- [    Test worker] o.h.type.descriptor.sql.BasicExtractor   : extracted value ([option_n2_2_] : [VARCHAR]) - [고추 무침 1kg]
2023-07-14 14:42:56.278 TRACE 82809 --- [    Test worker] o.h.type.descriptor.sql.BasicExtractor   : extracted value ([price3_2_] : [INTEGER]) - [8900]
2023-07-14 14:42:56.278 TRACE 82809 --- [    Test worker] o.h.type.descriptor.sql.BasicExtractor   : extracted value ([product_4_2_] : [INTEGER]) - [null]
2023-07-14 14:42:56.279 TRACE 82809 --- [    Test worker] o.h.type.descriptor.sql.BasicExtractor   : extracted value ([id1_2_] : [INTEGER]) - [84]
2023-07-14 14:42:56.279 TRACE 82809 --- [    Test worker] o.h.type.descriptor.sql.BasicExtractor   : extracted value ([option_n2_2_] : [VARCHAR]) - [파래 무침 1kg]
2023-07-14 14:42:56.279 TRACE 82809 --- [    Test worker] o.h.type.descriptor.sql.BasicExtractor   : extracted value ([price3_2_] : [INTEGER]) - [9900]
2023-07-14 14:42:56.279 TRACE 82809 --- [    Test worker] o.h.type.descriptor.sql.BasicExtractor   : extracted value ([product_4_2_] : [INTEGER]) - [null]
2023-07-14 14:42:56.279 TRACE 82809 --- [    Test worker] o.h.type.descriptor.sql.BasicExtractor   : extracted value ([id1_2_] : [INTEGER]) - [85]
2023-07-14 14:42:56.279 TRACE 82809 --- [    Test worker] o.h.type.descriptor.sql.BasicExtractor   : extracted value ([option_n2_2_] : [VARCHAR]) - [01_순수소프트 27m 30롤 2팩]
2023-07-14 14:42:56.279 TRACE 82809 --- [    Test worker] o.h.type.descriptor.sql.BasicExtractor   : extracted value ([price3_2_] : [INTEGER]) - [28900]
2023-07-14 14:42:56.279 TRACE 82809 --- [    Test worker] o.h.type.descriptor.sql.BasicExtractor   : extracted value ([product_4_2_] : [INTEGER]) - [null]
2023-07-14 14:42:56.279 TRACE 82809 --- [    Test worker] o.h.type.descriptor.sql.BasicExtractor   : extracted value ([id1_2_] : [INTEGER]) - [86]
2023-07-14 14:42:56.279 TRACE 82809 --- [    Test worker] o.h.type.descriptor.sql.BasicExtractor   : extracted value ([option_n2_2_] : [VARCHAR]) - [02_벚꽃 프리미엄 27m 30롤 2팩]
2023-07-14 14:42:56.279 TRACE 82809 --- [    Test worker] o.h.type.descriptor.sql.BasicExtractor   : extracted value ([price3_2_] : [INTEGER]) - [32900]
2023-07-14 14:42:56.279 TRACE 82809 --- [    Test worker] o.h.type.descriptor.sql.BasicExtractor   : extracted value ([product_4_2_] : [INTEGER]) - [null]
2023-07-14 14:42:56.279 TRACE 82809 --- [    Test worker] o.h.type.descriptor.sql.BasicExtractor   : extracted value ([id1_2_] : [INTEGER]) - [87]
2023-07-14 14:42:56.279 TRACE 82809 --- [    Test worker] o.h.type.descriptor.sql.BasicExtractor   : extracted value ([option_n2_2_] : [VARCHAR]) - [(증정) 초미세모 칫솔 12개 x 2개]
2023-07-14 14:42:56.279 TRACE 82809 --- [    Test worker] o.h.type.descriptor.sql.BasicExtractor   : extracted value ([price3_2_] : [INTEGER]) - [11900]
2023-07-14 14:42:56.279 TRACE 82809 --- [    Test worker] o.h.type.descriptor.sql.BasicExtractor   : extracted value ([product_4_2_] : [INTEGER]) - [null]
2023-07-14 14:42:56.279 TRACE 82809 --- [    Test worker] o.h.type.descriptor.sql.BasicExtractor   : extracted value ([id1_2_] : [INTEGER]) - [88]
2023-07-14 14:42:56.279 TRACE 82809 --- [    Test worker] o.h.type.descriptor.sql.BasicExtractor   : extracted value ([option_n2_2_] : [VARCHAR]) - [(증정) 잇몸케어 치약 100G 3개 x 2개]
2023-07-14 14:42:56.279 TRACE 82809 --- [    Test worker] o.h.type.descriptor.sql.BasicExtractor   : extracted value ([price3_2_] : [INTEGER]) - [16900]
2023-07-14 14:42:56.279 TRACE 82809 --- [    Test worker] o.h.type.descriptor.sql.BasicExtractor   : extracted value ([product_4_2_] : [INTEGER]) - [null]
2023-07-14 14:42:56.279 TRACE 82809 --- [    Test worker] o.h.type.descriptor.sql.BasicExtractor   : extracted value ([id1_2_] : [INTEGER]) - [89]
2023-07-14 14:42:56.279 TRACE 82809 --- [    Test worker] o.h.type.descriptor.sql.BasicExtractor   : extracted value ([option_n2_2_] : [VARCHAR]) - [(증정) 구취케어 치약 100G 3개 x 2개]
2023-07-14 14:42:56.279 TRACE 82809 --- [    Test worker] o.h.type.descriptor.sql.BasicExtractor   : extracted value ([price3_2_] : [INTEGER]) - [16900]
2023-07-14 14:42:56.279 TRACE 82809 --- [    Test worker] o.h.type.descriptor.sql.BasicExtractor   : extracted value ([product_4_2_] : [INTEGER]) - [null]
2023-07-14 14:42:56.279 TRACE 82809 --- [    Test worker] o.h.type.descriptor.sql.BasicExtractor   : extracted value ([id1_2_] : [INTEGER]) - [90]
2023-07-14 14:42:56.279 TRACE 82809 --- [    Test worker] o.h.type.descriptor.sql.BasicExtractor   : extracted value ([option_n2_2_] : [VARCHAR]) - [(증정)화이트케어 치약 100G 3개 x 2개]
2023-07-14 14:42:56.279 TRACE 82809 --- [    Test worker] o.h.type.descriptor.sql.BasicExtractor   : extracted value ([price3_2_] : [INTEGER]) - [19900]
2023-07-14 14:42:56.279 TRACE 82809 --- [    Test worker] o.h.type.descriptor.sql.BasicExtractor   : extracted value ([product_4_2_] : [INTEGER]) - [null]
2023-07-14 14:42:56.279 TRACE 82809 --- [    Test worker] o.h.type.descriptor.sql.BasicExtractor   : extracted value ([id1_2_] : [INTEGER]) - [91]
2023-07-14 14:42:56.279 TRACE 82809 --- [    Test worker] o.h.type.descriptor.sql.BasicExtractor   : extracted value ([option_n2_2_] : [VARCHAR]) - [(증정) 어린이 칫솔 12EA]
2023-07-14 14:42:56.279 TRACE 82809 --- [    Test worker] o.h.type.descriptor.sql.BasicExtractor   : extracted value ([price3_2_] : [INTEGER]) - [9900]
2023-07-14 14:42:56.279 TRACE 82809 --- [    Test worker] o.h.type.descriptor.sql.BasicExtractor   : extracted value ([product_4_2_] : [INTEGER]) - [null]
2023-07-14 14:42:56.279 TRACE 82809 --- [    Test worker] o.h.type.descriptor.sql.BasicExtractor   : extracted value ([id1_2_] : [INTEGER]) - [92]
2023-07-14 14:42:56.279 TRACE 82809 --- [    Test worker] o.h.type.descriptor.sql.BasicExtractor   : extracted value ([option_n2_2_] : [VARCHAR]) - [[가정용] 샤인머스켓 1kg 2수내외]
2023-07-14 14:42:56.279 TRACE 82809 --- [    Test worker] o.h.type.descriptor.sql.BasicExtractor   : extracted value ([price3_2_] : [INTEGER]) - [9900]
2023-07-14 14:42:56.279 TRACE 82809 --- [    Test worker] o.h.type.descriptor.sql.BasicExtractor   : extracted value ([product_4_2_] : [INTEGER]) - [null]
2023-07-14 14:42:56.279 TRACE 82809 --- [    Test worker] o.h.type.descriptor.sql.BasicExtractor   : extracted value ([id1_2_] : [INTEGER]) - [93]
2023-07-14 14:42:56.279 TRACE 82809 --- [    Test worker] o.h.type.descriptor.sql.BasicExtractor   : extracted value ([option_n2_2_] : [VARCHAR]) - [[특품] 샤인머스켓 1kg 1-2수]
2023-07-14 14:42:56.279 TRACE 82809 --- [    Test worker] o.h.type.descriptor.sql.BasicExtractor   : extracted value ([price3_2_] : [INTEGER]) - [12900]
2023-07-14 14:42:56.279 TRACE 82809 --- [    Test worker] o.h.type.descriptor.sql.BasicExtractor   : extracted value ([product_4_2_] : [INTEGER]) - [null]
2023-07-14 14:42:56.279 TRACE 82809 --- [    Test worker] o.h.type.descriptor.sql.BasicExtractor   : extracted value ([id1_2_] : [INTEGER]) - [94]
2023-07-14 14:42:56.279 TRACE 82809 --- [    Test worker] o.h.type.descriptor.sql.BasicExtractor   : extracted value ([option_n2_2_] : [VARCHAR]) - [[특품] 샤인머스켓 2kg 2-3수]
2023-07-14 14:42:56.279 TRACE 82809 --- [    Test worker] o.h.type.descriptor.sql.BasicExtractor   : extracted value ([price3_2_] : [INTEGER]) - [23900]
2023-07-14 14:42:56.279 TRACE 82809 --- [    Test worker] o.h.type.descriptor.sql.BasicExtractor   : extracted value ([product_4_2_] : [INTEGER]) - [null]
2023-07-14 14:42:56.279 TRACE 82809 --- [    Test worker] o.h.type.descriptor.sql.BasicExtractor   : extracted value ([id1_2_] : [INTEGER]) - [95]
2023-07-14 14:42:56.279 TRACE 82809 --- [    Test worker] o.h.type.descriptor.sql.BasicExtractor   : extracted value ([option_n2_2_] : [VARCHAR]) - [화이트]
2023-07-14 14:42:56.279 TRACE 82809 --- [    Test worker] o.h.type.descriptor.sql.BasicExtractor   : extracted value ([price3_2_] : [INTEGER]) - [148000]
2023-07-14 14:42:56.279 TRACE 82809 --- [    Test worker] o.h.type.descriptor.sql.BasicExtractor   : extracted value ([product_4_2_] : [INTEGER]) - [null]
2023-07-14 14:42:56.279 TRACE 82809 --- [    Test worker] o.h.type.descriptor.sql.BasicExtractor   : extracted value ([id1_2_] : [INTEGER]) - [96]
2023-07-14 14:42:56.279 TRACE 82809 --- [    Test worker] o.h.type.descriptor.sql.BasicExtractor   : extracted value ([option_n2_2_] : [VARCHAR]) - [블랙]
2023-07-14 14:42:56.279 TRACE 82809 --- [    Test worker] o.h.type.descriptor.sql.BasicExtractor   : extracted value ([price3_2_] : [INTEGER]) - [148000]
2023-07-14 14:42:56.279 TRACE 82809 --- [    Test worker] o.h.type.descriptor.sql.BasicExtractor   : extracted value ([product_4_2_] : [INTEGER]) - [null]
2023-07-14 14:42:56.283  INFO 82809 --- [    Test worker] o.s.t.c.transaction.TransactionContext   : Rolled back transaction for test: [DefaultTestContext@3382f8ae testClass = CartJPARepositoryTest, testInstance = com.example.kakao.cart.CartJPARepositoryTest@5a5c2889, testMethod = findAllByUserIdTest@CartJPARepositoryTest, testException = java.lang.AssertionError: 
Expected size: 5 but was: 0 in:
[], mergedContextConfiguration = [MergedContextConfiguration@60641ec8 testClass = CartJPARepositoryTest, locations = '{}', classes = '{class com.example.kakao.KakaoApplication}', contextInitializerClasses = '[]', activeProfiles = '{}', propertySourceLocations = '{}', propertySourceProperties = '{org.springframework.boot.test.autoconfigure.orm.jpa.DataJpaTestContextBootstrapper=true}', contextCustomizers = set[org.springframework.boot.test.autoconfigure.OverrideAutoConfigurationContextCustomizerFactory$DisableAutoConfigurationContextCustomizer@42039326, org.springframework.boot.test.autoconfigure.actuate.metrics.MetricsExportContextCustomizerFactory$DisableMetricExportContextCustomizer@63787180, org.springframework.boot.test.autoconfigure.filter.TypeExcludeFiltersContextCustomizer@351584c0, org.springframework.boot.test.autoconfigure.properties.PropertyMappingContextCustomizer@61a7cd69, org.springframework.boot.test.autoconfigure.web.servlet.WebDriverContextCustomizerFactory$Customizer@5a18cd76, [ImportsContextCustomizer@75f65e45 key = [org.springframework.boot.autoconfigure.cache.CacheAutoConfiguration, org.springframework.boot.autoconfigure.data.jpa.JpaRepositoriesAutoConfiguration, org.springframework.boot.autoconfigure.flyway.FlywayAutoConfiguration, org.springframework.boot.autoconfigure.jdbc.DataSourceAutoConfiguration, org.springframework.boot.autoconfigure.jdbc.DataSourceTransactionManagerAutoConfiguration, org.springframework.boot.autoconfigure.jdbc.JdbcTemplateAutoConfiguration, org.springframework.boot.autoconfigure.liquibase.LiquibaseAutoConfiguration, org.springframework.boot.autoconfigure.orm.jpa.HibernateJpaAutoConfiguration, org.springframework.boot.autoconfigure.sql.init.SqlInitializationAutoConfiguration, org.springframework.boot.autoconfigure.transaction.TransactionAutoConfiguration, org.springframework.boot.test.autoconfigure.jdbc.TestDatabaseAutoConfiguration, org.springframework.boot.test.autoconfigure.orm.jpa.TestEntityManagerAutoConfiguration]], org.springframework.boot.test.context.filter.ExcludeFilterContextCustomizer@16c63f5, org.springframework.boot.test.json.DuplicateJsonObjectContextCustomizerFactory$DuplicateJsonObjectContextCustomizer@b1712f3, org.springframework.boot.test.mock.mockito.MockitoContextCustomizer@0, org.springframework.boot.test.context.SpringBootTestArgs@1, org.springframework.boot.test.context.SpringBootTestWebEnvironment@0], contextLoader = 'org.springframework.boot.test.context.SpringBootContextLoader', parent = [null]], attributes = map['org.springframework.test.context.event.ApplicationEventsTestExecutionListener.recordApplicationEvents' -> false]]
2023-07-14 14:42:56.287  INFO 82809 --- [    Test worker] o.s.t.c.transaction.TransactionContext   : Began transaction (1) for test context [DefaultTestContext@3382f8ae testClass = CartJPARepositoryTest, testInstance = com.example.kakao.cart.CartJPARepositoryTest@341889a1, testMethod = insertTest@CartJPARepositoryTest, testException = [null], mergedContextConfiguration = [MergedContextConfiguration@60641ec8 testClass = CartJPARepositoryTest, locations = '{}', classes = '{class com.example.kakao.KakaoApplication}', contextInitializerClasses = '[]', activeProfiles = '{}', propertySourceLocations = '{}', propertySourceProperties = '{org.springframework.boot.test.autoconfigure.orm.jpa.DataJpaTestContextBootstrapper=true}', contextCustomizers = set[org.springframework.boot.test.autoconfigure.OverrideAutoConfigurationContextCustomizerFactory$DisableAutoConfigurationContextCustomizer@42039326, org.springframework.boot.test.autoconfigure.actuate.metrics.MetricsExportContextCustomizerFactory$DisableMetricExportContextCustomizer@63787180, org.springframework.boot.test.autoconfigure.filter.TypeExcludeFiltersContextCustomizer@351584c0, org.springframework.boot.test.autoconfigure.properties.PropertyMappingContextCustomizer@61a7cd69, org.springframework.boot.test.autoconfigure.web.servlet.WebDriverContextCustomizerFactory$Customizer@5a18cd76, [ImportsContextCustomizer@75f65e45 key = [org.springframework.boot.autoconfigure.cache.CacheAutoConfiguration, org.springframework.boot.autoconfigure.data.jpa.JpaRepositoriesAutoConfiguration, org.springframework.boot.autoconfigure.flyway.FlywayAutoConfiguration, org.springframework.boot.autoconfigure.jdbc.DataSourceAutoConfiguration, org.springframework.boot.autoconfigure.jdbc.DataSourceTransactionManagerAutoConfiguration, org.springframework.boot.autoconfigure.jdbc.JdbcTemplateAutoConfiguration, org.springframework.boot.autoconfigure.liquibase.LiquibaseAutoConfiguration, org.springframework.boot.autoconfigure.orm.jpa.HibernateJpaAutoConfiguration, org.springframework.boot.autoconfigure.sql.init.SqlInitializationAutoConfiguration, org.springframework.boot.autoconfigure.transaction.TransactionAutoConfiguration, org.springframework.boot.test.autoconfigure.jdbc.TestDatabaseAutoConfiguration, org.springframework.boot.test.autoconfigure.orm.jpa.TestEntityManagerAutoConfiguration]], org.springframework.boot.test.context.filter.ExcludeFilterContextCustomizer@16c63f5, org.springframework.boot.test.json.DuplicateJsonObjectContextCustomizerFactory$DuplicateJsonObjectContextCustomizer@b1712f3, org.springframework.boot.test.mock.mockito.MockitoContextCustomizer@0, org.springframework.boot.test.context.SpringBootTestArgs@1, org.springframework.boot.test.context.SpringBootTestWebEnvironment@0], contextLoader = 'org.springframework.boot.test.context.SpringBootContextLoader', parent = [null]], attributes = map['org.springframework.test.context.event.ApplicationEventsTestExecutionListener.recordApplicationEvents' -> false]]; transaction manager [org.springframework.orm.jpa.JpaTransactionManager@72c704f1]; rollback [true]
Hibernate: 
    insert 
    into
        user_tb
        (id, email, password, roles, username) 
    values
        (default, ?, ?, ?, ?)
2023-07-14 14:42:56.361 TRACE 82809 --- [    Test worker] o.h.type.descriptor.sql.BasicBinder      : binding parameter [1] as [VARCHAR] - [ssar@nate.com]
2023-07-14 14:42:56.361 TRACE 82809 --- [    Test worker] o.h.type.descriptor.sql.BasicBinder      : binding parameter [2] as [VARCHAR] - [$2a$10$UUhhthqidMOQxLmjpTcJ0eZG0yIsfAXWGaRuXBWAPk074penGH4I.]
2023-07-14 14:42:56.361 TRACE 82809 --- [    Test worker] o.h.type.descriptor.sql.BasicBinder      : binding parameter [3] as [VARCHAR] - [ROLE_USER]
2023-07-14 14:42:56.361 TRACE 82809 --- [    Test worker] o.h.type.descriptor.sql.BasicBinder      : binding parameter [4] as [VARCHAR] - [ssar]
Hibernate: 
    insert 
    into
        option_tb
        (id, option_name, price, product_id) 
    values
        (default, ?, ?, ?)
2023-07-14 14:42:56.362 TRACE 82809 --- [    Test worker] o.h.type.descriptor.sql.BasicBinder      : binding parameter [1] as [VARCHAR] - [01. 슬라이딩 지퍼백 크리스마스에디션 4종]
2023-07-14 14:42:56.362 TRACE 82809 --- [    Test worker] o.h.type.descriptor.sql.BasicBinder      : binding parameter [2] as [INTEGER] - [10000]
2023-07-14 14:42:56.362 TRACE 82809 --- [    Test worker] o.h.type.descriptor.sql.BasicBinder      : binding parameter [3] as [INTEGER] - [null]
Hibernate: 
    insert 
    into
        option_tb
        (id, option_name, price, product_id) 
    values
        (default, ?, ?, ?)
2023-07-14 14:42:56.363 TRACE 82809 --- [    Test worker] o.h.type.descriptor.sql.BasicBinder      : binding parameter [1] as [VARCHAR] - [02. 슬라이딩 지퍼백 플라워에디션 5종]
2023-07-14 14:42:56.363 TRACE 82809 --- [    Test worker] o.h.type.descriptor.sql.BasicBinder      : binding parameter [2] as [INTEGER] - [10900]
2023-07-14 14:42:56.363 TRACE 82809 --- [    Test worker] o.h.type.descriptor.sql.BasicBinder      : binding parameter [3] as [INTEGER] - [null]
Hibernate: 
    insert 
    into
        option_tb
        (id, option_name, price, product_id) 
    values
        (default, ?, ?, ?)
2023-07-14 14:42:56.363 TRACE 82809 --- [    Test worker] o.h.type.descriptor.sql.BasicBinder      : binding parameter [1] as [VARCHAR] - [고무장갑 베이지 S(소형) 6팩]
2023-07-14 14:42:56.363 TRACE 82809 --- [    Test worker] o.h.type.descriptor.sql.BasicBinder      : binding parameter [2] as [INTEGER] - [9900]
2023-07-14 14:42:56.363 TRACE 82809 --- [    Test worker] o.h.type.descriptor.sql.BasicBinder      : binding parameter [3] as [INTEGER] - [null]
Hibernate: 
    insert 
    into
        option_tb
        (id, option_name, price, product_id) 
    values
        (default, ?, ?, ?)
2023-07-14 14:42:56.363 TRACE 82809 --- [    Test worker] o.h.type.descriptor.sql.BasicBinder      : binding parameter [1] as [VARCHAR] - [뽑아쓰는 키친타올 130매 12팩]
2023-07-14 14:42:56.363 TRACE 82809 --- [    Test worker] o.h.type.descriptor.sql.BasicBinder      : binding parameter [2] as [INTEGER] - [16900]
2023-07-14 14:42:56.363 TRACE 82809 --- [    Test worker] o.h.type.descriptor.sql.BasicBinder      : binding parameter [3] as [INTEGER] - [null]
Hibernate: 
    insert 
    into
        option_tb
        (id, option_name, price, product_id) 
    values
        (default, ?, ?, ?)
2023-07-14 14:42:56.363 TRACE 82809 --- [    Test worker] o.h.type.descriptor.sql.BasicBinder      : binding parameter [1] as [VARCHAR] - [2겹 식빵수세미 6매]
2023-07-14 14:42:56.363 TRACE 82809 --- [    Test worker] o.h.type.descriptor.sql.BasicBinder      : binding parameter [2] as [INTEGER] - [8900]
2023-07-14 14:42:56.363 TRACE 82809 --- [    Test worker] o.h.type.descriptor.sql.BasicBinder      : binding parameter [3] as [INTEGER] - [null]
Hibernate: 
    insert 
    into
        option_tb
        (id, option_name, price, product_id) 
    values
        (default, ?, ?, ?)
2023-07-14 14:42:56.363 TRACE 82809 --- [    Test worker] o.h.type.descriptor.sql.BasicBinder      : binding parameter [1] as [VARCHAR] - [22년산 햇단밤 700g(한정판매)]
2023-07-14 14:42:56.363 TRACE 82809 --- [    Test worker] o.h.type.descriptor.sql.BasicBinder      : binding parameter [2] as [INTEGER] - [9900]
2023-07-14 14:42:56.363 TRACE 82809 --- [    Test worker] o.h.type.descriptor.sql.BasicBinder      : binding parameter [3] as [INTEGER] - [null]
Hibernate: 
    insert 
    into
        option_tb
        (id, option_name, price, product_id) 
    values
        (default, ?, ?, ?)
2023-07-14 14:42:56.364 TRACE 82809 --- [    Test worker] o.h.type.descriptor.sql.BasicBinder      : binding parameter [1] as [VARCHAR] - [22년산 햇단밤 1kg(한정판매)]
2023-07-14 14:42:56.364 TRACE 82809 --- [    Test worker] o.h.type.descriptor.sql.BasicBinder      : binding parameter [2] as [INTEGER] - [14500]
2023-07-14 14:42:56.364 TRACE 82809 --- [    Test worker] o.h.type.descriptor.sql.BasicBinder      : binding parameter [3] as [INTEGER] - [null]
Hibernate: 
    insert 
    into
        option_tb
        (id, option_name, price, product_id) 
    values
        (default, ?, ?, ?)
2023-07-14 14:42:56.364 TRACE 82809 --- [    Test worker] o.h.type.descriptor.sql.BasicBinder      : binding parameter [1] as [VARCHAR] - [밤깎기+다회용 구이판 세트]
2023-07-14 14:42:56.364 TRACE 82809 --- [    Test worker] o.h.type.descriptor.sql.BasicBinder      : binding parameter [2] as [INTEGER] - [5500]
2023-07-14 14:42:56.364 TRACE 82809 --- [    Test worker] o.h.type.descriptor.sql.BasicBinder      : binding parameter [3] as [INTEGER] - [null]
Hibernate: 
    insert 
    into
        option_tb
        (id, option_name, price, product_id) 
    values
        (default, ?, ?, ?)
2023-07-14 14:42:56.364 TRACE 82809 --- [    Test worker] o.h.type.descriptor.sql.BasicBinder      : binding parameter [1] as [VARCHAR] - [JR310 (유선 전용) - 블루]
2023-07-14 14:42:56.364 TRACE 82809 --- [    Test worker] o.h.type.descriptor.sql.BasicBinder      : binding parameter [2] as [INTEGER] - [29900]
2023-07-14 14:42:56.364 TRACE 82809 --- [    Test worker] o.h.type.descriptor.sql.BasicBinder      : binding parameter [3] as [INTEGER] - [null]
Hibernate: 
    insert 
    into
        option_tb
        (id, option_name, price, product_id) 
    values
        (default, ?, ?, ?)
2023-07-14 14:42:56.364 TRACE 82809 --- [    Test worker] o.h.type.descriptor.sql.BasicBinder      : binding parameter [1] as [VARCHAR] - [JR310BT (무선 전용) - 레드]
2023-07-14 14:42:56.364 TRACE 82809 --- [    Test worker] o.h.type.descriptor.sql.BasicBinder      : binding parameter [2] as [INTEGER] - [49900]
2023-07-14 14:42:56.364 TRACE 82809 --- [    Test worker] o.h.type.descriptor.sql.BasicBinder      : binding parameter [3] as [INTEGER] - [null]
Hibernate: 
    insert 
    into
        option_tb
        (id, option_name, price, product_id) 
    values
        (default, ?, ?, ?)
2023-07-14 14:42:56.365 TRACE 82809 --- [    Test worker] o.h.type.descriptor.sql.BasicBinder      : binding parameter [1] as [VARCHAR] - [JR310BT (무선 전용) - 그린]
2023-07-14 14:42:56.365 TRACE 82809 --- [    Test worker] o.h.type.descriptor.sql.BasicBinder      : binding parameter [2] as [INTEGER] - [49900]
2023-07-14 14:42:56.365 TRACE 82809 --- [    Test worker] o.h.type.descriptor.sql.BasicBinder      : binding parameter [3] as [INTEGER] - [null]
Hibernate: 
    insert 
    into
        option_tb
        (id, option_name, price, product_id) 
    values
        (default, ?, ?, ?)
2023-07-14 14:42:56.365 TRACE 82809 --- [    Test worker] o.h.type.descriptor.sql.BasicBinder      : binding parameter [1] as [VARCHAR] - [JR310BT (무선 전용) - 블루]
2023-07-14 14:42:56.365 TRACE 82809 --- [    Test worker] o.h.type.descriptor.sql.BasicBinder      : binding parameter [2] as [INTEGER] - [49900]
2023-07-14 14:42:56.365 TRACE 82809 --- [    Test worker] o.h.type.descriptor.sql.BasicBinder      : binding parameter [3] as [INTEGER] - [null]
Hibernate: 
    insert 
    into
        option_tb
        (id, option_name, price, product_id) 
    values
        (default, ?, ?, ?)
2023-07-14 14:42:56.365 TRACE 82809 --- [    Test worker] o.h.type.descriptor.sql.BasicBinder      : binding parameter [1] as [VARCHAR] - [T510BT (무선 전용) - 블랙]
2023-07-14 14:42:56.365 TRACE 82809 --- [    Test worker] o.h.type.descriptor.sql.BasicBinder      : binding parameter [2] as [INTEGER] - [52900]
2023-07-14 14:42:56.365 TRACE 82809 --- [    Test worker] o.h.type.descriptor.sql.BasicBinder      : binding parameter [3] as [INTEGER] - [null]
Hibernate: 
    insert 
    into
        option_tb
        (id, option_name, price, product_id) 
    values
        (default, ?, ?, ?)
2023-07-14 14:42:56.365 TRACE 82809 --- [    Test worker] o.h.type.descriptor.sql.BasicBinder      : binding parameter [1] as [VARCHAR] - [T510BT (무선 전용) - 화이트]
2023-07-14 14:42:56.365 TRACE 82809 --- [    Test worker] o.h.type.descriptor.sql.BasicBinder      : binding parameter [2] as [INTEGER] - [52900]
2023-07-14 14:42:56.365 TRACE 82809 --- [    Test worker] o.h.type.descriptor.sql.BasicBinder      : binding parameter [3] as [INTEGER] - [null]
Hibernate: 
    insert 
    into
        option_tb
        (id, option_name, price, product_id) 
    values
        (default, ?, ?, ?)
2023-07-14 14:42:56.365 TRACE 82809 --- [    Test worker] o.h.type.descriptor.sql.BasicBinder      : binding parameter [1] as [VARCHAR] - [선택01_바른곡물효소 누룽지맛 2박스]
2023-07-14 14:42:56.365 TRACE 82809 --- [    Test worker] o.h.type.descriptor.sql.BasicBinder      : binding parameter [2] as [INTEGER] - [17900]
2023-07-14 14:42:56.365 TRACE 82809 --- [    Test worker] o.h.type.descriptor.sql.BasicBinder      : binding parameter [3] as [INTEGER] - [null]
Hibernate: 
    insert 
    into
        option_tb
        (id, option_name, price, product_id) 
    values
        (default, ?, ?, ?)
2023-07-14 14:42:56.366 TRACE 82809 --- [    Test worker] o.h.type.descriptor.sql.BasicBinder      : binding parameter [1] as [VARCHAR] - [선택02_바른곡물효소누룽지맛 6박스]
2023-07-14 14:42:56.366 TRACE 82809 --- [    Test worker] o.h.type.descriptor.sql.BasicBinder      : binding parameter [2] as [INTEGER] - [50000]
2023-07-14 14:42:56.366 TRACE 82809 --- [    Test worker] o.h.type.descriptor.sql.BasicBinder      : binding parameter [3] as [INTEGER] - [null]
Hibernate: 
    insert 
    into
        option_tb
        (id, option_name, price, product_id) 
    values
        (default, ?, ?, ?)
2023-07-14 14:42:56.366 TRACE 82809 --- [    Test worker] o.h.type.descriptor.sql.BasicBinder      : binding parameter [1] as [VARCHAR] - [선택03_바른곡물효소3박스+유산균효소3박스]
2023-07-14 14:42:56.366 TRACE 82809 --- [    Test worker] o.h.type.descriptor.sql.BasicBinder      : binding parameter [2] as [INTEGER] - [50000]
2023-07-14 14:42:56.366 TRACE 82809 --- [    Test worker] o.h.type.descriptor.sql.BasicBinder      : binding parameter [3] as [INTEGER] - [null]
Hibernate: 
    insert 
    into
        option_tb
        (id, option_name, price, product_id) 
    values
        (default, ?, ?, ?)
2023-07-14 14:42:56.366 TRACE 82809 --- [    Test worker] o.h.type.descriptor.sql.BasicBinder      : binding parameter [1] as [VARCHAR] - [선택04_바른곡물효소3박스+19종유산균3박스]
2023-07-14 14:42:56.366 TRACE 82809 --- [    Test worker] o.h.type.descriptor.sql.BasicBinder      : binding parameter [2] as [INTEGER] - [50000]
2023-07-14 14:42:56.366 TRACE 82809 --- [    Test worker] o.h.type.descriptor.sql.BasicBinder      : binding parameter [3] as [INTEGER] - [null]
Hibernate: 
    insert 
    into
        option_tb
        (id, option_name, price, product_id) 
    values
        (default, ?, ?, ?)
2023-07-14 14:42:56.366 TRACE 82809 --- [    Test worker] o.h.type.descriptor.sql.BasicBinder      : binding parameter [1] as [VARCHAR] - [01. 말랑컷팅장족 100g]
2023-07-14 14:42:56.366 TRACE 82809 --- [    Test worker] o.h.type.descriptor.sql.BasicBinder      : binding parameter [2] as [INTEGER] - [4900]
2023-07-14 14:42:56.366 TRACE 82809 --- [    Test worker] o.h.type.descriptor.sql.BasicBinder      : binding parameter [3] as [INTEGER] - [null]
Hibernate: 
    insert 
    into
        option_tb
        (id, option_name, price, product_id) 
    values
        (default, ?, ?, ?)
2023-07-14 14:42:56.366 TRACE 82809 --- [    Test worker] o.h.type.descriptor.sql.BasicBinder      : binding parameter [1] as [VARCHAR] - [02. 말랑컷팅장족 300g]
2023-07-14 14:42:56.366 TRACE 82809 --- [    Test worker] o.h.type.descriptor.sql.BasicBinder      : binding parameter [2] as [INTEGER] - [12800]
2023-07-14 14:42:56.366 TRACE 82809 --- [    Test worker] o.h.type.descriptor.sql.BasicBinder      : binding parameter [3] as [INTEGER] - [null]
Hibernate: 
    insert 
    into
        option_tb
        (id, option_name, price, product_id) 
    values
        (default, ?, ?, ?)
2023-07-14 14:42:56.367 TRACE 82809 --- [    Test worker] o.h.type.descriptor.sql.BasicBinder      : binding parameter [1] as [VARCHAR] - [03. 눌린장족 100g]
2023-07-14 14:42:56.367 TRACE 82809 --- [    Test worker] o.h.type.descriptor.sql.BasicBinder      : binding parameter [2] as [INTEGER] - [4900]
2023-07-14 14:42:56.367 TRACE 82809 --- [    Test worker] o.h.type.descriptor.sql.BasicBinder      : binding parameter [3] as [INTEGER] - [null]
Hibernate: 
    insert 
    into
        option_tb
        (id, option_name, price, product_id) 
    values
        (default, ?, ?, ?)
2023-07-14 14:42:56.367 TRACE 82809 --- [    Test worker] o.h.type.descriptor.sql.BasicBinder      : binding parameter [1] as [VARCHAR] - [굳지않는 쑥 앙금 절편 1050g]
2023-07-14 14:42:56.367 TRACE 82809 --- [    Test worker] o.h.type.descriptor.sql.BasicBinder      : binding parameter [2] as [INTEGER] - [15900]
2023-07-14 14:42:56.367 TRACE 82809 --- [    Test worker] o.h.type.descriptor.sql.BasicBinder      : binding parameter [3] as [INTEGER] - [null]
Hibernate: 
    insert 
    into
        option_tb
        (id, option_name, price, product_id) 
    values
        (default, ?, ?, ?)
2023-07-14 14:42:56.367 TRACE 82809 --- [    Test worker] o.h.type.descriptor.sql.BasicBinder      : binding parameter [1] as [VARCHAR] - [굳지않는 흑미 앙금 절편 1050g]
2023-07-14 14:42:56.367 TRACE 82809 --- [    Test worker] o.h.type.descriptor.sql.BasicBinder      : binding parameter [2] as [INTEGER] - [15900]
2023-07-14 14:42:56.367 TRACE 82809 --- [    Test worker] o.h.type.descriptor.sql.BasicBinder      : binding parameter [3] as [INTEGER] - [null]
Hibernate: 
    insert 
    into
        option_tb
        (id, option_name, price, product_id) 
    values
        (default, ?, ?, ?)
2023-07-14 14:42:56.367 TRACE 82809 --- [    Test worker] o.h.type.descriptor.sql.BasicBinder      : binding parameter [1] as [VARCHAR] - [굳지않는 흰 가래떡 1050g]
2023-07-14 14:42:56.367 TRACE 82809 --- [    Test worker] o.h.type.descriptor.sql.BasicBinder      : binding parameter [2] as [INTEGER] - [15900]
2023-07-14 14:42:56.367 TRACE 82809 --- [    Test worker] o.h.type.descriptor.sql.BasicBinder      : binding parameter [3] as [INTEGER] - [null]
Hibernate: 
    insert 
    into
        option_tb
        (id, option_name, price, product_id) 
    values
        (default, ?, ?, ?)
2023-07-14 14:42:56.367 TRACE 82809 --- [    Test worker] o.h.type.descriptor.sql.BasicBinder      : binding parameter [1] as [VARCHAR] - [이너딜리티 1박스]
2023-07-14 14:42:56.367 TRACE 82809 --- [    Test worker] o.h.type.descriptor.sql.BasicBinder      : binding parameter [2] as [INTEGER] - [26800]
2023-07-14 14:42:56.367 TRACE 82809 --- [    Test worker] o.h.type.descriptor.sql.BasicBinder      : binding parameter [3] as [INTEGER] - [null]
Hibernate: 
    insert 
    into
        option_tb
        (id, option_name, price, product_id) 
    values
        (default, ?, ?, ?)
2023-07-14 14:42:56.367 TRACE 82809 --- [    Test worker] o.h.type.descriptor.sql.BasicBinder      : binding parameter [1] as [VARCHAR] - [이너딜리티 2박스+사은품 2종]
2023-07-14 14:42:56.367 TRACE 82809 --- [    Test worker] o.h.type.descriptor.sql.BasicBinder      : binding parameter [2] as [INTEGER] - [49800]
2023-07-14 14:42:56.367 TRACE 82809 --- [    Test worker] o.h.type.descriptor.sql.BasicBinder      : binding parameter [3] as [INTEGER] - [null]
Hibernate: 
    insert 
    into
        option_tb
        (id, option_name, price, product_id) 
    values
        (default, ?, ?, ?)
2023-07-14 14:42:56.368 TRACE 82809 --- [    Test worker] o.h.type.descriptor.sql.BasicBinder      : binding parameter [1] as [VARCHAR] - [제나벨 PDRN 자생크림 1+1]
2023-07-14 14:42:56.368 TRACE 82809 --- [    Test worker] o.h.type.descriptor.sql.BasicBinder      : binding parameter [2] as [INTEGER] - [25900]
2023-07-14 14:42:56.368 TRACE 82809 --- [    Test worker] o.h.type.descriptor.sql.BasicBinder      : binding parameter [3] as [INTEGER] - [null]
Hibernate: 
    insert 
    into
        option_tb
        (id, option_name, price, product_id) 
    values
        (default, ?, ?, ?)
2023-07-14 14:42:56.368 TRACE 82809 --- [    Test worker] o.h.type.descriptor.sql.BasicBinder      : binding parameter [1] as [VARCHAR] - [플레이스테이션 VR2 호라이즌 번들]
2023-07-14 14:42:56.368 TRACE 82809 --- [    Test worker] o.h.type.descriptor.sql.BasicBinder      : binding parameter [2] as [INTEGER] - [839000]
2023-07-14 14:42:56.368 TRACE 82809 --- [    Test worker] o.h.type.descriptor.sql.BasicBinder      : binding parameter [3] as [INTEGER] - [null]
Hibernate: 
    insert 
    into
        option_tb
        (id, option_name, price, product_id) 
    values
        (default, ?, ?, ?)
2023-07-14 14:42:56.368 TRACE 82809 --- [    Test worker] o.h.type.descriptor.sql.BasicBinder      : binding parameter [1] as [VARCHAR] - [플레이스테이션 VR2]
2023-07-14 14:42:56.368 TRACE 82809 --- [    Test worker] o.h.type.descriptor.sql.BasicBinder      : binding parameter [2] as [INTEGER] - [797000]
2023-07-14 14:42:56.368 TRACE 82809 --- [    Test worker] o.h.type.descriptor.sql.BasicBinder      : binding parameter [3] as [INTEGER] - [null]
Hibernate: 
    insert 
    into
        option_tb
        (id, option_name, price, product_id) 
    values
        (default, ?, ?, ?)
2023-07-14 14:42:56.368 TRACE 82809 --- [    Test worker] o.h.type.descriptor.sql.BasicBinder      : binding parameter [1] as [VARCHAR] - [홍가리비2kg(50미이내)]
2023-07-14 14:42:56.368 TRACE 82809 --- [    Test worker] o.h.type.descriptor.sql.BasicBinder      : binding parameter [2] as [INTEGER] - [8900]
2023-07-14 14:42:56.368 TRACE 82809 --- [    Test worker] o.h.type.descriptor.sql.BasicBinder      : binding parameter [3] as [INTEGER] - [null]
Hibernate: 
    insert 
    into
        option_tb
        (id, option_name, price, product_id) 
    values
        (default, ?, ?, ?)
2023-07-14 14:42:56.368 TRACE 82809 --- [    Test worker] o.h.type.descriptor.sql.BasicBinder      : binding parameter [1] as [VARCHAR] - [궁채 절임 1kg]
2023-07-14 14:42:56.368 TRACE 82809 --- [    Test worker] o.h.type.descriptor.sql.BasicBinder      : binding parameter [2] as [INTEGER] - [6900]
2023-07-14 14:42:56.368 TRACE 82809 --- [    Test worker] o.h.type.descriptor.sql.BasicBinder      : binding parameter [3] as [INTEGER] - [null]
Hibernate: 
    insert 
    into
        option_tb
        (id, option_name, price, product_id) 
    values
        (default, ?, ?, ?)
2023-07-14 14:42:56.369 TRACE 82809 --- [    Test worker] o.h.type.descriptor.sql.BasicBinder      : binding parameter [1] as [VARCHAR] - [양념 깻잎 1kg]
2023-07-14 14:42:56.369 TRACE 82809 --- [    Test worker] o.h.type.descriptor.sql.BasicBinder      : binding parameter [2] as [INTEGER] - [8900]
2023-07-14 14:42:56.369 TRACE 82809 --- [    Test worker] o.h.type.descriptor.sql.BasicBinder      : binding parameter [3] as [INTEGER] - [null]
Hibernate: 
    insert 
    into
        option_tb
        (id, option_name, price, product_id) 
    values
        (default, ?, ?, ?)
2023-07-14 14:42:56.369 TRACE 82809 --- [    Test worker] o.h.type.descriptor.sql.BasicBinder      : binding parameter [1] as [VARCHAR] - [된장 깻잎 1kg]
2023-07-14 14:42:56.369 TRACE 82809 --- [    Test worker] o.h.type.descriptor.sql.BasicBinder      : binding parameter [2] as [INTEGER] - [8900]
2023-07-14 14:42:56.369 TRACE 82809 --- [    Test worker] o.h.type.descriptor.sql.BasicBinder      : binding parameter [3] as [INTEGER] - [null]
Hibernate: 
    insert 
    into
        option_tb
        (id, option_name, price, product_id) 
    values
        (default, ?, ?, ?)
2023-07-14 14:42:56.369 TRACE 82809 --- [    Test worker] o.h.type.descriptor.sql.BasicBinder      : binding parameter [1] as [VARCHAR] - [간장 깻잎 1kg]
2023-07-14 14:42:56.369 TRACE 82809 --- [    Test worker] o.h.type.descriptor.sql.BasicBinder      : binding parameter [2] as [INTEGER] - [7900]
2023-07-14 14:42:56.369 TRACE 82809 --- [    Test worker] o.h.type.descriptor.sql.BasicBinder      : binding parameter [3] as [INTEGER] - [null]
Hibernate: 
    insert 
    into
        option_tb
        (id, option_name, price, product_id) 
    values
        (default, ?, ?, ?)
2023-07-14 14:42:56.369 TRACE 82809 --- [    Test worker] o.h.type.descriptor.sql.BasicBinder      : binding parameter [1] as [VARCHAR] - [고추 무침 1kg]
2023-07-14 14:42:56.369 TRACE 82809 --- [    Test worker] o.h.type.descriptor.sql.BasicBinder      : binding parameter [2] as [INTEGER] - [8900]
2023-07-14 14:42:56.369 TRACE 82809 --- [    Test worker] o.h.type.descriptor.sql.BasicBinder      : binding parameter [3] as [INTEGER] - [null]
Hibernate: 
    insert 
    into
        option_tb
        (id, option_name, price, product_id) 
    values
        (default, ?, ?, ?)
2023-07-14 14:42:56.369 TRACE 82809 --- [    Test worker] o.h.type.descriptor.sql.BasicBinder      : binding parameter [1] as [VARCHAR] - [파래 무침 1kg]
2023-07-14 14:42:56.370 TRACE 82809 --- [    Test worker] o.h.type.descriptor.sql.BasicBinder      : binding parameter [2] as [INTEGER] - [9900]
2023-07-14 14:42:56.370 TRACE 82809 --- [    Test worker] o.h.type.descriptor.sql.BasicBinder      : binding parameter [3] as [INTEGER] - [null]
Hibernate: 
    insert 
    into
        option_tb
        (id, option_name, price, product_id) 
    values
        (default, ?, ?, ?)
2023-07-14 14:42:56.370 TRACE 82809 --- [    Test worker] o.h.type.descriptor.sql.BasicBinder      : binding parameter [1] as [VARCHAR] - [01_순수소프트 27m 30롤 2팩]
2023-07-14 14:42:56.370 TRACE 82809 --- [    Test worker] o.h.type.descriptor.sql.BasicBinder      : binding parameter [2] as [INTEGER] - [28900]
2023-07-14 14:42:56.370 TRACE 82809 --- [    Test worker] o.h.type.descriptor.sql.BasicBinder      : binding parameter [3] as [INTEGER] - [null]
Hibernate: 
    insert 
    into
        option_tb
        (id, option_name, price, product_id) 
    values
        (default, ?, ?, ?)
2023-07-14 14:42:56.370 TRACE 82809 --- [    Test worker] o.h.type.descriptor.sql.BasicBinder      : binding parameter [1] as [VARCHAR] - [02_벚꽃 프리미엄 27m 30롤 2팩]
2023-07-14 14:42:56.370 TRACE 82809 --- [    Test worker] o.h.type.descriptor.sql.BasicBinder      : binding parameter [2] as [INTEGER] - [32900]
2023-07-14 14:42:56.371 TRACE 82809 --- [    Test worker] o.h.type.descriptor.sql.BasicBinder      : binding parameter [3] as [INTEGER] - [null]
Hibernate: 
    insert 
    into
        option_tb
        (id, option_name, price, product_id) 
    values
        (default, ?, ?, ?)
2023-07-14 14:42:56.371 TRACE 82809 --- [    Test worker] o.h.type.descriptor.sql.BasicBinder      : binding parameter [1] as [VARCHAR] - [(증정) 초미세모 칫솔 12개 x 2개]
2023-07-14 14:42:56.371 TRACE 82809 --- [    Test worker] o.h.type.descriptor.sql.BasicBinder      : binding parameter [2] as [INTEGER] - [11900]
2023-07-14 14:42:56.371 TRACE 82809 --- [    Test worker] o.h.type.descriptor.sql.BasicBinder      : binding parameter [3] as [INTEGER] - [null]
Hibernate: 
    insert 
    into
        option_tb
        (id, option_name, price, product_id) 
    values
        (default, ?, ?, ?)
2023-07-14 14:42:56.371 TRACE 82809 --- [    Test worker] o.h.type.descriptor.sql.BasicBinder      : binding parameter [1] as [VARCHAR] - [(증정) 잇몸케어 치약 100G 3개 x 2개]
2023-07-14 14:42:56.371 TRACE 82809 --- [    Test worker] o.h.type.descriptor.sql.BasicBinder      : binding parameter [2] as [INTEGER] - [16900]
2023-07-14 14:42:56.371 TRACE 82809 --- [    Test worker] o.h.type.descriptor.sql.BasicBinder      : binding parameter [3] as [INTEGER] - [null]
Hibernate: 
    insert 
    into
        option_tb
        (id, option_name, price, product_id) 
    values
        (default, ?, ?, ?)
2023-07-14 14:42:56.371 TRACE 82809 --- [    Test worker] o.h.type.descriptor.sql.BasicBinder      : binding parameter [1] as [VARCHAR] - [(증정) 구취케어 치약 100G 3개 x 2개]
2023-07-14 14:42:56.371 TRACE 82809 --- [    Test worker] o.h.type.descriptor.sql.BasicBinder      : binding parameter [2] as [INTEGER] - [16900]
2023-07-14 14:42:56.371 TRACE 82809 --- [    Test worker] o.h.type.descriptor.sql.BasicBinder      : binding parameter [3] as [INTEGER] - [null]
Hibernate: 
    insert 
    into
        option_tb
        (id, option_name, price, product_id) 
    values
        (default, ?, ?, ?)
2023-07-14 14:42:56.371 TRACE 82809 --- [    Test worker] o.h.type.descriptor.sql.BasicBinder      : binding parameter [1] as [VARCHAR] - [(증정)화이트케어 치약 100G 3개 x 2개]
2023-07-14 14:42:56.371 TRACE 82809 --- [    Test worker] o.h.type.descriptor.sql.BasicBinder      : binding parameter [2] as [INTEGER] - [19900]
2023-07-14 14:42:56.371 TRACE 82809 --- [    Test worker] o.h.type.descriptor.sql.BasicBinder      : binding parameter [3] as [INTEGER] - [null]
Hibernate: 
    insert 
    into
        option_tb
        (id, option_name, price, product_id) 
    values
        (default, ?, ?, ?)
2023-07-14 14:42:56.371 TRACE 82809 --- [    Test worker] o.h.type.descriptor.sql.BasicBinder      : binding parameter [1] as [VARCHAR] - [(증정) 어린이 칫솔 12EA]
2023-07-14 14:42:56.371 TRACE 82809 --- [    Test worker] o.h.type.descriptor.sql.BasicBinder      : binding parameter [2] as [INTEGER] - [9900]
2023-07-14 14:42:56.372 TRACE 82809 --- [    Test worker] o.h.type.descriptor.sql.BasicBinder      : binding parameter [3] as [INTEGER] - [null]
Hibernate: 
    insert 
    into
        option_tb
        (id, option_name, price, product_id) 
    values
        (default, ?, ?, ?)
2023-07-14 14:42:56.372 TRACE 82809 --- [    Test worker] o.h.type.descriptor.sql.BasicBinder      : binding parameter [1] as [VARCHAR] - [[가정용] 샤인머스켓 1kg 2수내외]
2023-07-14 14:42:56.372 TRACE 82809 --- [    Test worker] o.h.type.descriptor.sql.BasicBinder      : binding parameter [2] as [INTEGER] - [9900]
2023-07-14 14:42:56.372 TRACE 82809 --- [    Test worker] o.h.type.descriptor.sql.BasicBinder      : binding parameter [3] as [INTEGER] - [null]
Hibernate: 
    insert 
    into
        option_tb
        (id, option_name, price, product_id) 
    values
        (default, ?, ?, ?)
2023-07-14 14:42:56.372 TRACE 82809 --- [    Test worker] o.h.type.descriptor.sql.BasicBinder      : binding parameter [1] as [VARCHAR] - [[특품] 샤인머스켓 1kg 1-2수]
2023-07-14 14:42:56.372 TRACE 82809 --- [    Test worker] o.h.type.descriptor.sql.BasicBinder      : binding parameter [2] as [INTEGER] - [12900]
2023-07-14 14:42:56.372 TRACE 82809 --- [    Test worker] o.h.type.descriptor.sql.BasicBinder      : binding parameter [3] as [INTEGER] - [null]
Hibernate: 
    insert 
    into
        option_tb
        (id, option_name, price, product_id) 
    values
        (default, ?, ?, ?)
2023-07-14 14:42:56.374 TRACE 82809 --- [    Test worker] o.h.type.descriptor.sql.BasicBinder      : binding parameter [1] as [VARCHAR] - [[특품] 샤인머스켓 2kg 2-3수]
2023-07-14 14:42:56.374 TRACE 82809 --- [    Test worker] o.h.type.descriptor.sql.BasicBinder      : binding parameter [2] as [INTEGER] - [23900]
2023-07-14 14:42:56.374 TRACE 82809 --- [    Test worker] o.h.type.descriptor.sql.BasicBinder      : binding parameter [3] as [INTEGER] - [null]
Hibernate: 
    insert 
    into
        option_tb
        (id, option_name, price, product_id) 
    values
        (default, ?, ?, ?)
2023-07-14 14:42:56.374 TRACE 82809 --- [    Test worker] o.h.type.descriptor.sql.BasicBinder      : binding parameter [1] as [VARCHAR] - [화이트]
2023-07-14 14:42:56.374 TRACE 82809 --- [    Test worker] o.h.type.descriptor.sql.BasicBinder      : binding parameter [2] as [INTEGER] - [148000]
2023-07-14 14:42:56.374 TRACE 82809 --- [    Test worker] o.h.type.descriptor.sql.BasicBinder      : binding parameter [3] as [INTEGER] - [null]
Hibernate: 
    insert 
    into
        option_tb
        (id, option_name, price, product_id) 
    values
        (default, ?, ?, ?)
2023-07-14 14:42:56.374 TRACE 82809 --- [    Test worker] o.h.type.descriptor.sql.BasicBinder      : binding parameter [1] as [VARCHAR] - [블랙]
2023-07-14 14:42:56.374 TRACE 82809 --- [    Test worker] o.h.type.descriptor.sql.BasicBinder      : binding parameter [2] as [INTEGER] - [148000]
2023-07-14 14:42:56.374 TRACE 82809 --- [    Test worker] o.h.type.descriptor.sql.BasicBinder      : binding parameter [3] as [INTEGER] - [null]
Hibernate: 
    insert 
    into
        cart_tb
        (id, option_id, price, quantity, user_id) 
    values
        (default, ?, ?, ?, ?)
2023-07-14 14:42:56.374 TRACE 82809 --- [    Test worker] o.h.type.descriptor.sql.BasicBinder      : binding parameter [1] as [INTEGER] - [97]
2023-07-14 14:42:56.374 TRACE 82809 --- [    Test worker] o.h.type.descriptor.sql.BasicBinder      : binding parameter [2] as [INTEGER] - [50000]
2023-07-14 14:42:56.374 TRACE 82809 --- [    Test worker] o.h.type.descriptor.sql.BasicBinder      : binding parameter [3] as [INTEGER] - [5]
2023-07-14 14:42:56.374 TRACE 82809 --- [    Test worker] o.h.type.descriptor.sql.BasicBinder      : binding parameter [4] as [INTEGER] - [3]
Hibernate: 
    insert 
    into
        cart_tb
        (id, option_id, price, quantity, user_id) 
    values
        (default, ?, ?, ?, ?)
2023-07-14 14:42:56.375 TRACE 82809 --- [    Test worker] o.h.type.descriptor.sql.BasicBinder      : binding parameter [1] as [INTEGER] - [99]
2023-07-14 14:42:56.375 TRACE 82809 --- [    Test worker] o.h.type.descriptor.sql.BasicBinder      : binding parameter [2] as [INTEGER] - [29700]
2023-07-14 14:42:56.375 TRACE 82809 --- [    Test worker] o.h.type.descriptor.sql.BasicBinder      : binding parameter [3] as [INTEGER] - [3]
2023-07-14 14:42:56.375 TRACE 82809 --- [    Test worker] o.h.type.descriptor.sql.BasicBinder      : binding parameter [4] as [INTEGER] - [3]
Hibernate: 
    insert 
    into
        cart_tb
        (id, option_id, price, quantity, user_id) 
    values
        (default, ?, ?, ?, ?)
2023-07-14 14:42:56.375 TRACE 82809 --- [    Test worker] o.h.type.descriptor.sql.BasicBinder      : binding parameter [1] as [INTEGER] - [104]
2023-07-14 14:42:56.375 TRACE 82809 --- [    Test worker] o.h.type.descriptor.sql.BasicBinder      : binding parameter [2] as [INTEGER] - [11000]
2023-07-14 14:42:56.375 TRACE 82809 --- [    Test worker] o.h.type.descriptor.sql.BasicBinder      : binding parameter [3] as [INTEGER] - [2]
2023-07-14 14:42:56.375 TRACE 82809 --- [    Test worker] o.h.type.descriptor.sql.BasicBinder      : binding parameter [4] as [INTEGER] - [3]
Hibernate: 
    insert 
    into
        cart_tb
        (id, option_id, price, quantity, user_id) 
    values
        (default, ?, ?, ?, ?)
2023-07-14 14:42:56.375 TRACE 82809 --- [    Test worker] o.h.type.descriptor.sql.BasicBinder      : binding parameter [1] as [INTEGER] - [110]
2023-07-14 14:42:56.375 TRACE 82809 --- [    Test worker] o.h.type.descriptor.sql.BasicBinder      : binding parameter [2] as [INTEGER] - [264500]
2023-07-14 14:42:56.375 TRACE 82809 --- [    Test worker] o.h.type.descriptor.sql.BasicBinder      : binding parameter [3] as [INTEGER] - [5]
2023-07-14 14:42:56.375 TRACE 82809 --- [    Test worker] o.h.type.descriptor.sql.BasicBinder      : binding parameter [4] as [INTEGER] - [3]
Hibernate: 
    insert 
    into
        cart_tb
        (id, option_id, price, quantity, user_id) 
    values
        (default, ?, ?, ?, ?)
2023-07-14 14:42:56.375 TRACE 82809 --- [    Test worker] o.h.type.descriptor.sql.BasicBinder      : binding parameter [1] as [INTEGER] - [112]
2023-07-14 14:42:56.375 TRACE 82809 --- [    Test worker] o.h.type.descriptor.sql.BasicBinder      : binding parameter [2] as [INTEGER] - [50000]
2023-07-14 14:42:56.375 TRACE 82809 --- [    Test worker] o.h.type.descriptor.sql.BasicBinder      : binding parameter [3] as [INTEGER] - [1]
2023-07-14 14:42:56.375 TRACE 82809 --- [    Test worker] o.h.type.descriptor.sql.BasicBinder      : binding parameter [4] as [INTEGER] - [3]
Hibernate: 
    select
        user0_.id as id1_5_0_,
        user0_.email as email2_5_0_,
        user0_.password as password3_5_0_,
        user0_.roles as roles4_5_0_,
        user0_.username as username5_5_0_ 
    from
        user_tb user0_ 
    where
        user0_.id=?
2023-07-14 14:42:56.376 TRACE 82809 --- [    Test worker] o.h.type.descriptor.sql.BasicBinder      : binding parameter [1] as [INTEGER] - [1]
Hibernate: 
    select
        cart0_.id as id1_0_,
        cart0_.option_id as option_i4_0_,
        cart0_.price as price2_0_,
        cart0_.quantity as quantity3_0_,
        cart0_.user_id as user_id5_0_ 
    from
        cart_tb cart0_
2023-07-14 14:42:56.378 TRACE 82809 --- [    Test worker] o.h.type.descriptor.sql.BasicExtractor   : extracted value ([id1_0_] : [INTEGER]) - [11]
2023-07-14 14:42:56.378 TRACE 82809 --- [    Test worker] o.h.type.descriptor.sql.BasicExtractor   : extracted value ([option_i4_0_] : [INTEGER]) - [97]
2023-07-14 14:42:56.378 TRACE 82809 --- [    Test worker] o.h.type.descriptor.sql.BasicExtractor   : extracted value ([price2_0_] : [INTEGER]) - [50000]
2023-07-14 14:42:56.378 TRACE 82809 --- [    Test worker] o.h.type.descriptor.sql.BasicExtractor   : extracted value ([quantity3_0_] : [INTEGER]) - [5]
2023-07-14 14:42:56.378 TRACE 82809 --- [    Test worker] o.h.type.descriptor.sql.BasicExtractor   : extracted value ([user_id5_0_] : [INTEGER]) - [3]
2023-07-14 14:42:56.378 TRACE 82809 --- [    Test worker] o.h.type.descriptor.sql.BasicExtractor   : extracted value ([id1_0_] : [INTEGER]) - [12]
2023-07-14 14:42:56.378 TRACE 82809 --- [    Test worker] o.h.type.descriptor.sql.BasicExtractor   : extracted value ([option_i4_0_] : [INTEGER]) - [99]
2023-07-14 14:42:56.378 TRACE 82809 --- [    Test worker] o.h.type.descriptor.sql.BasicExtractor   : extracted value ([price2_0_] : [INTEGER]) - [29700]
2023-07-14 14:42:56.378 TRACE 82809 --- [    Test worker] o.h.type.descriptor.sql.BasicExtractor   : extracted value ([quantity3_0_] : [INTEGER]) - [3]
2023-07-14 14:42:56.378 TRACE 82809 --- [    Test worker] o.h.type.descriptor.sql.BasicExtractor   : extracted value ([user_id5_0_] : [INTEGER]) - [3]
2023-07-14 14:42:56.378 TRACE 82809 --- [    Test worker] o.h.type.descriptor.sql.BasicExtractor   : extracted value ([id1_0_] : [INTEGER]) - [13]
2023-07-14 14:42:56.378 TRACE 82809 --- [    Test worker] o.h.type.descriptor.sql.BasicExtractor   : extracted value ([option_i4_0_] : [INTEGER]) - [104]
2023-07-14 14:42:56.378 TRACE 82809 --- [    Test worker] o.h.type.descriptor.sql.BasicExtractor   : extracted value ([price2_0_] : [INTEGER]) - [11000]
2023-07-14 14:42:56.378 TRACE 82809 --- [    Test worker] o.h.type.descriptor.sql.BasicExtractor   : extracted value ([quantity3_0_] : [INTEGER]) - [2]
2023-07-14 14:42:56.378 TRACE 82809 --- [    Test worker] o.h.type.descriptor.sql.BasicExtractor   : extracted value ([user_id5_0_] : [INTEGER]) - [3]
2023-07-14 14:42:56.378 TRACE 82809 --- [    Test worker] o.h.type.descriptor.sql.BasicExtractor   : extracted value ([id1_0_] : [INTEGER]) - [14]
2023-07-14 14:42:56.378 TRACE 82809 --- [    Test worker] o.h.type.descriptor.sql.BasicExtractor   : extracted value ([option_i4_0_] : [INTEGER]) - [110]
2023-07-14 14:42:56.378 TRACE 82809 --- [    Test worker] o.h.type.descriptor.sql.BasicExtractor   : extracted value ([price2_0_] : [INTEGER]) - [264500]
2023-07-14 14:42:56.378 TRACE 82809 --- [    Test worker] o.h.type.descriptor.sql.BasicExtractor   : extracted value ([quantity3_0_] : [INTEGER]) - [5]
2023-07-14 14:42:56.378 TRACE 82809 --- [    Test worker] o.h.type.descriptor.sql.BasicExtractor   : extracted value ([user_id5_0_] : [INTEGER]) - [3]
2023-07-14 14:42:56.378 TRACE 82809 --- [    Test worker] o.h.type.descriptor.sql.BasicExtractor   : extracted value ([id1_0_] : [INTEGER]) - [15]
2023-07-14 14:42:56.378 TRACE 82809 --- [    Test worker] o.h.type.descriptor.sql.BasicExtractor   : extracted value ([option_i4_0_] : [INTEGER]) - [112]
2023-07-14 14:42:56.378 TRACE 82809 --- [    Test worker] o.h.type.descriptor.sql.BasicExtractor   : extracted value ([price2_0_] : [INTEGER]) - [50000]
2023-07-14 14:42:56.378 TRACE 82809 --- [    Test worker] o.h.type.descriptor.sql.BasicExtractor   : extracted value ([quantity3_0_] : [INTEGER]) - [1]
2023-07-14 14:42:56.378 TRACE 82809 --- [    Test worker] o.h.type.descriptor.sql.BasicExtractor   : extracted value ([user_id5_0_] : [INTEGER]) - [3]
Hibernate: 
    select
        user0_.id as id1_5_,
        user0_.email as email2_5_,
        user0_.password as password3_5_,
        user0_.roles as roles4_5_,
        user0_.username as username5_5_ 
    from
        user_tb user0_
2023-07-14 14:42:56.379 TRACE 82809 --- [    Test worker] o.h.type.descriptor.sql.BasicExtractor   : extracted value ([id1_5_] : [INTEGER]) - [3]
2023-07-14 14:42:56.379 TRACE 82809 --- [    Test worker] o.h.type.descriptor.sql.BasicExtractor   : extracted value ([email2_5_] : [VARCHAR]) - [ssar@nate.com]
2023-07-14 14:42:56.379 TRACE 82809 --- [    Test worker] o.h.type.descriptor.sql.BasicExtractor   : extracted value ([password3_5_] : [VARCHAR]) - [$2a$10$UUhhthqidMOQxLmjpTcJ0eZG0yIsfAXWGaRuXBWAPk074penGH4I.]
2023-07-14 14:42:56.379 TRACE 82809 --- [    Test worker] o.h.type.descriptor.sql.BasicExtractor   : extracted value ([roles4_5_] : [VARCHAR]) - [ROLE_USER]
2023-07-14 14:42:56.379 TRACE 82809 --- [    Test worker] o.h.type.descriptor.sql.BasicExtractor   : extracted value ([username5_5_] : [VARCHAR]) - [ssar]
Hibernate: 
    select
        option0_.id as id1_2_,
        option0_.option_name as option_n2_2_,
        option0_.price as price3_2_,
        option0_.product_id as product_4_2_ 
    from
        option_tb option0_
2023-07-14 14:42:56.380 TRACE 82809 --- [    Test worker] o.h.type.descriptor.sql.BasicExtractor   : extracted value ([id1_2_] : [INTEGER]) - [97]
2023-07-14 14:42:56.380 TRACE 82809 --- [    Test worker] o.h.type.descriptor.sql.BasicExtractor   : extracted value ([option_n2_2_] : [VARCHAR]) - [01. 슬라이딩 지퍼백 크리스마스에디션 4종]
2023-07-14 14:42:56.380 TRACE 82809 --- [    Test worker] o.h.type.descriptor.sql.BasicExtractor   : extracted value ([price3_2_] : [INTEGER]) - [10000]
2023-07-14 14:42:56.380 TRACE 82809 --- [    Test worker] o.h.type.descriptor.sql.BasicExtractor   : extracted value ([product_4_2_] : [INTEGER]) - [null]
2023-07-14 14:42:56.380 TRACE 82809 --- [    Test worker] o.h.type.descriptor.sql.BasicExtractor   : extracted value ([id1_2_] : [INTEGER]) - [98]
2023-07-14 14:42:56.380 TRACE 82809 --- [    Test worker] o.h.type.descriptor.sql.BasicExtractor   : extracted value ([option_n2_2_] : [VARCHAR]) - [02. 슬라이딩 지퍼백 플라워에디션 5종]
2023-07-14 14:42:56.380 TRACE 82809 --- [    Test worker] o.h.type.descriptor.sql.BasicExtractor   : extracted value ([price3_2_] : [INTEGER]) - [10900]
2023-07-14 14:42:56.380 TRACE 82809 --- [    Test worker] o.h.type.descriptor.sql.BasicExtractor   : extracted value ([product_4_2_] : [INTEGER]) - [null]
2023-07-14 14:42:56.380 TRACE 82809 --- [    Test worker] o.h.type.descriptor.sql.BasicExtractor   : extracted value ([id1_2_] : [INTEGER]) - [99]
2023-07-14 14:42:56.380 TRACE 82809 --- [    Test worker] o.h.type.descriptor.sql.BasicExtractor   : extracted value ([option_n2_2_] : [VARCHAR]) - [고무장갑 베이지 S(소형) 6팩]
2023-07-14 14:42:56.380 TRACE 82809 --- [    Test worker] o.h.type.descriptor.sql.BasicExtractor   : extracted value ([price3_2_] : [INTEGER]) - [9900]
2023-07-14 14:42:56.380 TRACE 82809 --- [    Test worker] o.h.type.descriptor.sql.BasicExtractor   : extracted value ([product_4_2_] : [INTEGER]) - [null]
2023-07-14 14:42:56.380 TRACE 82809 --- [    Test worker] o.h.type.descriptor.sql.BasicExtractor   : extracted value ([id1_2_] : [INTEGER]) - [100]
2023-07-14 14:42:56.380 TRACE 82809 --- [    Test worker] o.h.type.descriptor.sql.BasicExtractor   : extracted value ([option_n2_2_] : [VARCHAR]) - [뽑아쓰는 키친타올 130매 12팩]
2023-07-14 14:42:56.380 TRACE 82809 --- [    Test worker] o.h.type.descriptor.sql.BasicExtractor   : extracted value ([price3_2_] : [INTEGER]) - [16900]
2023-07-14 14:42:56.380 TRACE 82809 --- [    Test worker] o.h.type.descriptor.sql.BasicExtractor   : extracted value ([product_4_2_] : [INTEGER]) - [null]
2023-07-14 14:42:56.380 TRACE 82809 --- [    Test worker] o.h.type.descriptor.sql.BasicExtractor   : extracted value ([id1_2_] : [INTEGER]) - [101]
2023-07-14 14:42:56.380 TRACE 82809 --- [    Test worker] o.h.type.descriptor.sql.BasicExtractor   : extracted value ([option_n2_2_] : [VARCHAR]) - [2겹 식빵수세미 6매]
2023-07-14 14:42:56.380 TRACE 82809 --- [    Test worker] o.h.type.descriptor.sql.BasicExtractor   : extracted value ([price3_2_] : [INTEGER]) - [8900]
2023-07-14 14:42:56.380 TRACE 82809 --- [    Test worker] o.h.type.descriptor.sql.BasicExtractor   : extracted value ([product_4_2_] : [INTEGER]) - [null]
2023-07-14 14:42:56.380 TRACE 82809 --- [    Test worker] o.h.type.descriptor.sql.BasicExtractor   : extracted value ([id1_2_] : [INTEGER]) - [102]
2023-07-14 14:42:56.380 TRACE 82809 --- [    Test worker] o.h.type.descriptor.sql.BasicExtractor   : extracted value ([option_n2_2_] : [VARCHAR]) - [22년산 햇단밤 700g(한정판매)]
2023-07-14 14:42:56.380 TRACE 82809 --- [    Test worker] o.h.type.descriptor.sql.BasicExtractor   : extracted value ([price3_2_] : [INTEGER]) - [9900]
2023-07-14 14:42:56.380 TRACE 82809 --- [    Test worker] o.h.type.descriptor.sql.BasicExtractor   : extracted value ([product_4_2_] : [INTEGER]) - [null]
2023-07-14 14:42:56.380 TRACE 82809 --- [    Test worker] o.h.type.descriptor.sql.BasicExtractor   : extracted value ([id1_2_] : [INTEGER]) - [103]
2023-07-14 14:42:56.380 TRACE 82809 --- [    Test worker] o.h.type.descriptor.sql.BasicExtractor   : extracted value ([option_n2_2_] : [VARCHAR]) - [22년산 햇단밤 1kg(한정판매)]
2023-07-14 14:42:56.380 TRACE 82809 --- [    Test worker] o.h.type.descriptor.sql.BasicExtractor   : extracted value ([price3_2_] : [INTEGER]) - [14500]
2023-07-14 14:42:56.380 TRACE 82809 --- [    Test worker] o.h.type.descriptor.sql.BasicExtractor   : extracted value ([product_4_2_] : [INTEGER]) - [null]
2023-07-14 14:42:56.380 TRACE 82809 --- [    Test worker] o.h.type.descriptor.sql.BasicExtractor   : extracted value ([id1_2_] : [INTEGER]) - [104]
2023-07-14 14:42:56.380 TRACE 82809 --- [    Test worker] o.h.type.descriptor.sql.BasicExtractor   : extracted value ([option_n2_2_] : [VARCHAR]) - [밤깎기+다회용 구이판 세트]
2023-07-14 14:42:56.380 TRACE 82809 --- [    Test worker] o.h.type.descriptor.sql.BasicExtractor   : extracted value ([price3_2_] : [INTEGER]) - [5500]
2023-07-14 14:42:56.380 TRACE 82809 --- [    Test worker] o.h.type.descriptor.sql.BasicExtractor   : extracted value ([product_4_2_] : [INTEGER]) - [null]
2023-07-14 14:42:56.380 TRACE 82809 --- [    Test worker] o.h.type.descriptor.sql.BasicExtractor   : extracted value ([id1_2_] : [INTEGER]) - [105]
2023-07-14 14:42:56.380 TRACE 82809 --- [    Test worker] o.h.type.descriptor.sql.BasicExtractor   : extracted value ([option_n2_2_] : [VARCHAR]) - [JR310 (유선 전용) - 블루]
2023-07-14 14:42:56.380 TRACE 82809 --- [    Test worker] o.h.type.descriptor.sql.BasicExtractor   : extracted value ([price3_2_] : [INTEGER]) - [29900]
2023-07-14 14:42:56.380 TRACE 82809 --- [    Test worker] o.h.type.descriptor.sql.BasicExtractor   : extracted value ([product_4_2_] : [INTEGER]) - [null]
2023-07-14 14:42:56.380 TRACE 82809 --- [    Test worker] o.h.type.descriptor.sql.BasicExtractor   : extracted value ([id1_2_] : [INTEGER]) - [106]
2023-07-14 14:42:56.380 TRACE 82809 --- [    Test worker] o.h.type.descriptor.sql.BasicExtractor   : extracted value ([option_n2_2_] : [VARCHAR]) - [JR310BT (무선 전용) - 레드]
2023-07-14 14:42:56.380 TRACE 82809 --- [    Test worker] o.h.type.descriptor.sql.BasicExtractor   : extracted value ([price3_2_] : [INTEGER]) - [49900]
2023-07-14 14:42:56.380 TRACE 82809 --- [    Test worker] o.h.type.descriptor.sql.BasicExtractor   : extracted value ([product_4_2_] : [INTEGER]) - [null]
2023-07-14 14:42:56.381 TRACE 82809 --- [    Test worker] o.h.type.descriptor.sql.BasicExtractor   : extracted value ([id1_2_] : [INTEGER]) - [107]
2023-07-14 14:42:56.381 TRACE 82809 --- [    Test worker] o.h.type.descriptor.sql.BasicExtractor   : extracted value ([option_n2_2_] : [VARCHAR]) - [JR310BT (무선 전용) - 그린]
2023-07-14 14:42:56.381 TRACE 82809 --- [    Test worker] o.h.type.descriptor.sql.BasicExtractor   : extracted value ([price3_2_] : [INTEGER]) - [49900]
2023-07-14 14:42:56.381 TRACE 82809 --- [    Test worker] o.h.type.descriptor.sql.BasicExtractor   : extracted value ([product_4_2_] : [INTEGER]) - [null]
2023-07-14 14:42:56.381 TRACE 82809 --- [    Test worker] o.h.type.descriptor.sql.BasicExtractor   : extracted value ([id1_2_] : [INTEGER]) - [108]
2023-07-14 14:42:56.381 TRACE 82809 --- [    Test worker] o.h.type.descriptor.sql.BasicExtractor   : extracted value ([option_n2_2_] : [VARCHAR]) - [JR310BT (무선 전용) - 블루]
2023-07-14 14:42:56.381 TRACE 82809 --- [    Test worker] o.h.type.descriptor.sql.BasicExtractor   : extracted value ([price3_2_] : [INTEGER]) - [49900]
2023-07-14 14:42:56.381 TRACE 82809 --- [    Test worker] o.h.type.descriptor.sql.BasicExtractor   : extracted value ([product_4_2_] : [INTEGER]) - [null]
2023-07-14 14:42:56.381 TRACE 82809 --- [    Test worker] o.h.type.descriptor.sql.BasicExtractor   : extracted value ([id1_2_] : [INTEGER]) - [109]
2023-07-14 14:42:56.381 TRACE 82809 --- [    Test worker] o.h.type.descriptor.sql.BasicExtractor   : extracted value ([option_n2_2_] : [VARCHAR]) - [T510BT (무선 전용) - 블랙]
2023-07-14 14:42:56.381 TRACE 82809 --- [    Test worker] o.h.type.descriptor.sql.BasicExtractor   : extracted value ([price3_2_] : [INTEGER]) - [52900]
2023-07-14 14:42:56.381 TRACE 82809 --- [    Test worker] o.h.type.descriptor.sql.BasicExtractor   : extracted value ([product_4_2_] : [INTEGER]) - [null]
2023-07-14 14:42:56.381 TRACE 82809 --- [    Test worker] o.h.type.descriptor.sql.BasicExtractor   : extracted value ([id1_2_] : [INTEGER]) - [110]
2023-07-14 14:42:56.381 TRACE 82809 --- [    Test worker] o.h.type.descriptor.sql.BasicExtractor   : extracted value ([option_n2_2_] : [VARCHAR]) - [T510BT (무선 전용) - 화이트]
2023-07-14 14:42:56.381 TRACE 82809 --- [    Test worker] o.h.type.descriptor.sql.BasicExtractor   : extracted value ([price3_2_] : [INTEGER]) - [52900]
2023-07-14 14:42:56.381 TRACE 82809 --- [    Test worker] o.h.type.descriptor.sql.BasicExtractor   : extracted value ([product_4_2_] : [INTEGER]) - [null]
2023-07-14 14:42:56.381 TRACE 82809 --- [    Test worker] o.h.type.descriptor.sql.BasicExtractor   : extracted value ([id1_2_] : [INTEGER]) - [111]
2023-07-14 14:42:56.381 TRACE 82809 --- [    Test worker] o.h.type.descriptor.sql.BasicExtractor   : extracted value ([option_n2_2_] : [VARCHAR]) - [선택01_바른곡물효소 누룽지맛 2박스]
2023-07-14 14:42:56.381 TRACE 82809 --- [    Test worker] o.h.type.descriptor.sql.BasicExtractor   : extracted value ([price3_2_] : [INTEGER]) - [17900]
2023-07-14 14:42:56.381 TRACE 82809 --- [    Test worker] o.h.type.descriptor.sql.BasicExtractor   : extracted value ([product_4_2_] : [INTEGER]) - [null]
2023-07-14 14:42:56.381 TRACE 82809 --- [    Test worker] o.h.type.descriptor.sql.BasicExtractor   : extracted value ([id1_2_] : [INTEGER]) - [112]
2023-07-14 14:42:56.381 TRACE 82809 --- [    Test worker] o.h.type.descriptor.sql.BasicExtractor   : extracted value ([option_n2_2_] : [VARCHAR]) - [선택02_바른곡물효소누룽지맛 6박스]
2023-07-14 14:42:56.381 TRACE 82809 --- [    Test worker] o.h.type.descriptor.sql.BasicExtractor   : extracted value ([price3_2_] : [INTEGER]) - [50000]
2023-07-14 14:42:56.381 TRACE 82809 --- [    Test worker] o.h.type.descriptor.sql.BasicExtractor   : extracted value ([product_4_2_] : [INTEGER]) - [null]
2023-07-14 14:42:56.381 TRACE 82809 --- [    Test worker] o.h.type.descriptor.sql.BasicExtractor   : extracted value ([id1_2_] : [INTEGER]) - [113]
2023-07-14 14:42:56.381 TRACE 82809 --- [    Test worker] o.h.type.descriptor.sql.BasicExtractor   : extracted value ([option_n2_2_] : [VARCHAR]) - [선택03_바른곡물효소3박스+유산균효소3박스]
2023-07-14 14:42:56.381 TRACE 82809 --- [    Test worker] o.h.type.descriptor.sql.BasicExtractor   : extracted value ([price3_2_] : [INTEGER]) - [50000]
2023-07-14 14:42:56.381 TRACE 82809 --- [    Test worker] o.h.type.descriptor.sql.BasicExtractor   : extracted value ([product_4_2_] : [INTEGER]) - [null]
2023-07-14 14:42:56.381 TRACE 82809 --- [    Test worker] o.h.type.descriptor.sql.BasicExtractor   : extracted value ([id1_2_] : [INTEGER]) - [114]
2023-07-14 14:42:56.381 TRACE 82809 --- [    Test worker] o.h.type.descriptor.sql.BasicExtractor   : extracted value ([option_n2_2_] : [VARCHAR]) - [선택04_바른곡물효소3박스+19종유산균3박스]
2023-07-14 14:42:56.381 TRACE 82809 --- [    Test worker] o.h.type.descriptor.sql.BasicExtractor   : extracted value ([price3_2_] : [INTEGER]) - [50000]
2023-07-14 14:42:56.381 TRACE 82809 --- [    Test worker] o.h.type.descriptor.sql.BasicExtractor   : extracted value ([product_4_2_] : [INTEGER]) - [null]
2023-07-14 14:42:56.381 TRACE 82809 --- [    Test worker] o.h.type.descriptor.sql.BasicExtractor   : extracted value ([id1_2_] : [INTEGER]) - [115]
2023-07-14 14:42:56.381 TRACE 82809 --- [    Test worker] o.h.type.descriptor.sql.BasicExtractor   : extracted value ([option_n2_2_] : [VARCHAR]) - [01. 말랑컷팅장족 100g]
2023-07-14 14:42:56.381 TRACE 82809 --- [    Test worker] o.h.type.descriptor.sql.BasicExtractor   : extracted value ([price3_2_] : [INTEGER]) - [4900]
2023-07-14 14:42:56.381 TRACE 82809 --- [    Test worker] o.h.type.descriptor.sql.BasicExtractor   : extracted value ([product_4_2_] : [INTEGER]) - [null]
2023-07-14 14:42:56.381 TRACE 82809 --- [    Test worker] o.h.type.descriptor.sql.BasicExtractor   : extracted value ([id1_2_] : [INTEGER]) - [116]
2023-07-14 14:42:56.381 TRACE 82809 --- [    Test worker] o.h.type.descriptor.sql.BasicExtractor   : extracted value ([option_n2_2_] : [VARCHAR]) - [02. 말랑컷팅장족 300g]
2023-07-14 14:42:56.381 TRACE 82809 --- [    Test worker] o.h.type.descriptor.sql.BasicExtractor   : extracted value ([price3_2_] : [INTEGER]) - [12800]
2023-07-14 14:42:56.381 TRACE 82809 --- [    Test worker] o.h.type.descriptor.sql.BasicExtractor   : extracted value ([product_4_2_] : [INTEGER]) - [null]
2023-07-14 14:42:56.381 TRACE 82809 --- [    Test worker] o.h.type.descriptor.sql.BasicExtractor   : extracted value ([id1_2_] : [INTEGER]) - [117]
2023-07-14 14:42:56.381 TRACE 82809 --- [    Test worker] o.h.type.descriptor.sql.BasicExtractor   : extracted value ([option_n2_2_] : [VARCHAR]) - [03. 눌린장족 100g]
2023-07-14 14:42:56.381 TRACE 82809 --- [    Test worker] o.h.type.descriptor.sql.BasicExtractor   : extracted value ([price3_2_] : [INTEGER]) - [4900]
2023-07-14 14:42:56.381 TRACE 82809 --- [    Test worker] o.h.type.descriptor.sql.BasicExtractor   : extracted value ([product_4_2_] : [INTEGER]) - [null]
2023-07-14 14:42:56.381 TRACE 82809 --- [    Test worker] o.h.type.descriptor.sql.BasicExtractor   : extracted value ([id1_2_] : [INTEGER]) - [118]
2023-07-14 14:42:56.381 TRACE 82809 --- [    Test worker] o.h.type.descriptor.sql.BasicExtractor   : extracted value ([option_n2_2_] : [VARCHAR]) - [굳지않는 쑥 앙금 절편 1050g]
2023-07-14 14:42:56.381 TRACE 82809 --- [    Test worker] o.h.type.descriptor.sql.BasicExtractor   : extracted value ([price3_2_] : [INTEGER]) - [15900]
2023-07-14 14:42:56.381 TRACE 82809 --- [    Test worker] o.h.type.descriptor.sql.BasicExtractor   : extracted value ([product_4_2_] : [INTEGER]) - [null]
2023-07-14 14:42:56.381 TRACE 82809 --- [    Test worker] o.h.type.descriptor.sql.BasicExtractor   : extracted value ([id1_2_] : [INTEGER]) - [119]
2023-07-14 14:42:56.381 TRACE 82809 --- [    Test worker] o.h.type.descriptor.sql.BasicExtractor   : extracted value ([option_n2_2_] : [VARCHAR]) - [굳지않는 흑미 앙금 절편 1050g]
2023-07-14 14:42:56.381 TRACE 82809 --- [    Test worker] o.h.type.descriptor.sql.BasicExtractor   : extracted value ([price3_2_] : [INTEGER]) - [15900]
2023-07-14 14:42:56.381 TRACE 82809 --- [    Test worker] o.h.type.descriptor.sql.BasicExtractor   : extracted value ([product_4_2_] : [INTEGER]) - [null]
2023-07-14 14:42:56.381 TRACE 82809 --- [    Test worker] o.h.type.descriptor.sql.BasicExtractor   : extracted value ([id1_2_] : [INTEGER]) - [120]
2023-07-14 14:42:56.381 TRACE 82809 --- [    Test worker] o.h.type.descriptor.sql.BasicExtractor   : extracted value ([option_n2_2_] : [VARCHAR]) - [굳지않는 흰 가래떡 1050g]
2023-07-14 14:42:56.381 TRACE 82809 --- [    Test worker] o.h.type.descriptor.sql.BasicExtractor   : extracted value ([price3_2_] : [INTEGER]) - [15900]
2023-07-14 14:42:56.381 TRACE 82809 --- [    Test worker] o.h.type.descriptor.sql.BasicExtractor   : extracted value ([product_4_2_] : [INTEGER]) - [null]
2023-07-14 14:42:56.381 TRACE 82809 --- [    Test worker] o.h.type.descriptor.sql.BasicExtractor   : extracted value ([id1_2_] : [INTEGER]) - [121]
2023-07-14 14:42:56.381 TRACE 82809 --- [    Test worker] o.h.type.descriptor.sql.BasicExtractor   : extracted value ([option_n2_2_] : [VARCHAR]) - [이너딜리티 1박스]
2023-07-14 14:42:56.381 TRACE 82809 --- [    Test worker] o.h.type.descriptor.sql.BasicExtractor   : extracted value ([price3_2_] : [INTEGER]) - [26800]
2023-07-14 14:42:56.381 TRACE 82809 --- [    Test worker] o.h.type.descriptor.sql.BasicExtractor   : extracted value ([product_4_2_] : [INTEGER]) - [null]
2023-07-14 14:42:56.381 TRACE 82809 --- [    Test worker] o.h.type.descriptor.sql.BasicExtractor   : extracted value ([id1_2_] : [INTEGER]) - [122]
2023-07-14 14:42:56.381 TRACE 82809 --- [    Test worker] o.h.type.descriptor.sql.BasicExtractor   : extracted value ([option_n2_2_] : [VARCHAR]) - [이너딜리티 2박스+사은품 2종]
2023-07-14 14:42:56.381 TRACE 82809 --- [    Test worker] o.h.type.descriptor.sql.BasicExtractor   : extracted value ([price3_2_] : [INTEGER]) - [49800]
2023-07-14 14:42:56.381 TRACE 82809 --- [    Test worker] o.h.type.descriptor.sql.BasicExtractor   : extracted value ([product_4_2_] : [INTEGER]) - [null]
2023-07-14 14:42:56.381 TRACE 82809 --- [    Test worker] o.h.type.descriptor.sql.BasicExtractor   : extracted value ([id1_2_] : [INTEGER]) - [123]
2023-07-14 14:42:56.381 TRACE 82809 --- [    Test worker] o.h.type.descriptor.sql.BasicExtractor   : extracted value ([option_n2_2_] : [VARCHAR]) - [제나벨 PDRN 자생크림 1+1]
2023-07-14 14:42:56.381 TRACE 82809 --- [    Test worker] o.h.type.descriptor.sql.BasicExtractor   : extracted value ([price3_2_] : [INTEGER]) - [25900]
2023-07-14 14:42:56.381 TRACE 82809 --- [    Test worker] o.h.type.descriptor.sql.BasicExtractor   : extracted value ([product_4_2_] : [INTEGER]) - [null]
2023-07-14 14:42:56.381 TRACE 82809 --- [    Test worker] o.h.type.descriptor.sql.BasicExtractor   : extracted value ([id1_2_] : [INTEGER]) - [124]
2023-07-14 14:42:56.381 TRACE 82809 --- [    Test worker] o.h.type.descriptor.sql.BasicExtractor   : extracted value ([option_n2_2_] : [VARCHAR]) - [플레이스테이션 VR2 호라이즌 번들]
2023-07-14 14:42:56.381 TRACE 82809 --- [    Test worker] o.h.type.descriptor.sql.BasicExtractor   : extracted value ([price3_2_] : [INTEGER]) - [839000]
2023-07-14 14:42:56.381 TRACE 82809 --- [    Test worker] o.h.type.descriptor.sql.BasicExtractor   : extracted value ([product_4_2_] : [INTEGER]) - [null]
2023-07-14 14:42:56.382 TRACE 82809 --- [    Test worker] o.h.type.descriptor.sql.BasicExtractor   : extracted value ([id1_2_] : [INTEGER]) - [125]
2023-07-14 14:42:56.382 TRACE 82809 --- [    Test worker] o.h.type.descriptor.sql.BasicExtractor   : extracted value ([option_n2_2_] : [VARCHAR]) - [플레이스테이션 VR2]
2023-07-14 14:42:56.382 TRACE 82809 --- [    Test worker] o.h.type.descriptor.sql.BasicExtractor   : extracted value ([price3_2_] : [INTEGER]) - [797000]
2023-07-14 14:42:56.382 TRACE 82809 --- [    Test worker] o.h.type.descriptor.sql.BasicExtractor   : extracted value ([product_4_2_] : [INTEGER]) - [null]
2023-07-14 14:42:56.382 TRACE 82809 --- [    Test worker] o.h.type.descriptor.sql.BasicExtractor   : extracted value ([id1_2_] : [INTEGER]) - [126]
2023-07-14 14:42:56.382 TRACE 82809 --- [    Test worker] o.h.type.descriptor.sql.BasicExtractor   : extracted value ([option_n2_2_] : [VARCHAR]) - [홍가리비2kg(50미이내)]
2023-07-14 14:42:56.382 TRACE 82809 --- [    Test worker] o.h.type.descriptor.sql.BasicExtractor   : extracted value ([price3_2_] : [INTEGER]) - [8900]
2023-07-14 14:42:56.382 TRACE 82809 --- [    Test worker] o.h.type.descriptor.sql.BasicExtractor   : extracted value ([product_4_2_] : [INTEGER]) - [null]
2023-07-14 14:42:56.382 TRACE 82809 --- [    Test worker] o.h.type.descriptor.sql.BasicExtractor   : extracted value ([id1_2_] : [INTEGER]) - [127]
2023-07-14 14:42:56.382 TRACE 82809 --- [    Test worker] o.h.type.descriptor.sql.BasicExtractor   : extracted value ([option_n2_2_] : [VARCHAR]) - [궁채 절임 1kg]
2023-07-14 14:42:56.382 TRACE 82809 --- [    Test worker] o.h.type.descriptor.sql.BasicExtractor   : extracted value ([price3_2_] : [INTEGER]) - [6900]
2023-07-14 14:42:56.382 TRACE 82809 --- [    Test worker] o.h.type.descriptor.sql.BasicExtractor   : extracted value ([product_4_2_] : [INTEGER]) - [null]
2023-07-14 14:42:56.382 TRACE 82809 --- [    Test worker] o.h.type.descriptor.sql.BasicExtractor   : extracted value ([id1_2_] : [INTEGER]) - [128]
2023-07-14 14:42:56.382 TRACE 82809 --- [    Test worker] o.h.type.descriptor.sql.BasicExtractor   : extracted value ([option_n2_2_] : [VARCHAR]) - [양념 깻잎 1kg]
2023-07-14 14:42:56.382 TRACE 82809 --- [    Test worker] o.h.type.descriptor.sql.BasicExtractor   : extracted value ([price3_2_] : [INTEGER]) - [8900]
2023-07-14 14:42:56.382 TRACE 82809 --- [    Test worker] o.h.type.descriptor.sql.BasicExtractor   : extracted value ([product_4_2_] : [INTEGER]) - [null]
2023-07-14 14:42:56.382 TRACE 82809 --- [    Test worker] o.h.type.descriptor.sql.BasicExtractor   : extracted value ([id1_2_] : [INTEGER]) - [129]
2023-07-14 14:42:56.382 TRACE 82809 --- [    Test worker] o.h.type.descriptor.sql.BasicExtractor   : extracted value ([option_n2_2_] : [VARCHAR]) - [된장 깻잎 1kg]
2023-07-14 14:42:56.382 TRACE 82809 --- [    Test worker] o.h.type.descriptor.sql.BasicExtractor   : extracted value ([price3_2_] : [INTEGER]) - [8900]
2023-07-14 14:42:56.382 TRACE 82809 --- [    Test worker] o.h.type.descriptor.sql.BasicExtractor   : extracted value ([product_4_2_] : [INTEGER]) - [null]
2023-07-14 14:42:56.382 TRACE 82809 --- [    Test worker] o.h.type.descriptor.sql.BasicExtractor   : extracted value ([id1_2_] : [INTEGER]) - [130]
2023-07-14 14:42:56.382 TRACE 82809 --- [    Test worker] o.h.type.descriptor.sql.BasicExtractor   : extracted value ([option_n2_2_] : [VARCHAR]) - [간장 깻잎 1kg]
2023-07-14 14:42:56.382 TRACE 82809 --- [    Test worker] o.h.type.descriptor.sql.BasicExtractor   : extracted value ([price3_2_] : [INTEGER]) - [7900]
2023-07-14 14:42:56.382 TRACE 82809 --- [    Test worker] o.h.type.descriptor.sql.BasicExtractor   : extracted value ([product_4_2_] : [INTEGER]) - [null]
2023-07-14 14:42:56.382 TRACE 82809 --- [    Test worker] o.h.type.descriptor.sql.BasicExtractor   : extracted value ([id1_2_] : [INTEGER]) - [131]
2023-07-14 14:42:56.382 TRACE 82809 --- [    Test worker] o.h.type.descriptor.sql.BasicExtractor   : extracted value ([option_n2_2_] : [VARCHAR]) - [고추 무침 1kg]
2023-07-14 14:42:56.382 TRACE 82809 --- [    Test worker] o.h.type.descriptor.sql.BasicExtractor   : extracted value ([price3_2_] : [INTEGER]) - [8900]
2023-07-14 14:42:56.382 TRACE 82809 --- [    Test worker] o.h.type.descriptor.sql.BasicExtractor   : extracted value ([product_4_2_] : [INTEGER]) - [null]
2023-07-14 14:42:56.382 TRACE 82809 --- [    Test worker] o.h.type.descriptor.sql.BasicExtractor   : extracted value ([id1_2_] : [INTEGER]) - [132]
2023-07-14 14:42:56.382 TRACE 82809 --- [    Test worker] o.h.type.descriptor.sql.BasicExtractor   : extracted value ([option_n2_2_] : [VARCHAR]) - [파래 무침 1kg]
2023-07-14 14:42:56.382 TRACE 82809 --- [    Test worker] o.h.type.descriptor.sql.BasicExtractor   : extracted value ([price3_2_] : [INTEGER]) - [9900]
2023-07-14 14:42:56.382 TRACE 82809 --- [    Test worker] o.h.type.descriptor.sql.BasicExtractor   : extracted value ([product_4_2_] : [INTEGER]) - [null]
2023-07-14 14:42:56.382 TRACE 82809 --- [    Test worker] o.h.type.descriptor.sql.BasicExtractor   : extracted value ([id1_2_] : [INTEGER]) - [133]
2023-07-14 14:42:56.382 TRACE 82809 --- [    Test worker] o.h.type.descriptor.sql.BasicExtractor   : extracted value ([option_n2_2_] : [VARCHAR]) - [01_순수소프트 27m 30롤 2팩]
2023-07-14 14:42:56.382 TRACE 82809 --- [    Test worker] o.h.type.descriptor.sql.BasicExtractor   : extracted value ([price3_2_] : [INTEGER]) - [28900]
2023-07-14 14:42:56.382 TRACE 82809 --- [    Test worker] o.h.type.descriptor.sql.BasicExtractor   : extracted value ([product_4_2_] : [INTEGER]) - [null]
2023-07-14 14:42:56.382 TRACE 82809 --- [    Test worker] o.h.type.descriptor.sql.BasicExtractor   : extracted value ([id1_2_] : [INTEGER]) - [134]
2023-07-14 14:42:56.382 TRACE 82809 --- [    Test worker] o.h.type.descriptor.sql.BasicExtractor   : extracted value ([option_n2_2_] : [VARCHAR]) - [02_벚꽃 프리미엄 27m 30롤 2팩]
2023-07-14 14:42:56.382 TRACE 82809 --- [    Test worker] o.h.type.descriptor.sql.BasicExtractor   : extracted value ([price3_2_] : [INTEGER]) - [32900]
2023-07-14 14:42:56.382 TRACE 82809 --- [    Test worker] o.h.type.descriptor.sql.BasicExtractor   : extracted value ([product_4_2_] : [INTEGER]) - [null]
2023-07-14 14:42:56.382 TRACE 82809 --- [    Test worker] o.h.type.descriptor.sql.BasicExtractor   : extracted value ([id1_2_] : [INTEGER]) - [135]
2023-07-14 14:42:56.382 TRACE 82809 --- [    Test worker] o.h.type.descriptor.sql.BasicExtractor   : extracted value ([option_n2_2_] : [VARCHAR]) - [(증정) 초미세모 칫솔 12개 x 2개]
2023-07-14 14:42:56.382 TRACE 82809 --- [    Test worker] o.h.type.descriptor.sql.BasicExtractor   : extracted value ([price3_2_] : [INTEGER]) - [11900]
2023-07-14 14:42:56.382 TRACE 82809 --- [    Test worker] o.h.type.descriptor.sql.BasicExtractor   : extracted value ([product_4_2_] : [INTEGER]) - [null]
2023-07-14 14:42:56.382 TRACE 82809 --- [    Test worker] o.h.type.descriptor.sql.BasicExtractor   : extracted value ([id1_2_] : [INTEGER]) - [136]
2023-07-14 14:42:56.382 TRACE 82809 --- [    Test worker] o.h.type.descriptor.sql.BasicExtractor   : extracted value ([option_n2_2_] : [VARCHAR]) - [(증정) 잇몸케어 치약 100G 3개 x 2개]
2023-07-14 14:42:56.382 TRACE 82809 --- [    Test worker] o.h.type.descriptor.sql.BasicExtractor   : extracted value ([price3_2_] : [INTEGER]) - [16900]
2023-07-14 14:42:56.382 TRACE 82809 --- [    Test worker] o.h.type.descriptor.sql.BasicExtractor   : extracted value ([product_4_2_] : [INTEGER]) - [null]
2023-07-14 14:42:56.382 TRACE 82809 --- [    Test worker] o.h.type.descriptor.sql.BasicExtractor   : extracted value ([id1_2_] : [INTEGER]) - [137]
2023-07-14 14:42:56.382 TRACE 82809 --- [    Test worker] o.h.type.descriptor.sql.BasicExtractor   : extracted value ([option_n2_2_] : [VARCHAR]) - [(증정) 구취케어 치약 100G 3개 x 2개]
2023-07-14 14:42:56.382 TRACE 82809 --- [    Test worker] o.h.type.descriptor.sql.BasicExtractor   : extracted value ([price3_2_] : [INTEGER]) - [16900]
2023-07-14 14:42:56.382 TRACE 82809 --- [    Test worker] o.h.type.descriptor.sql.BasicExtractor   : extracted value ([product_4_2_] : [INTEGER]) - [null]
2023-07-14 14:42:56.382 TRACE 82809 --- [    Test worker] o.h.type.descriptor.sql.BasicExtractor   : extracted value ([id1_2_] : [INTEGER]) - [138]
2023-07-14 14:42:56.382 TRACE 82809 --- [    Test worker] o.h.type.descriptor.sql.BasicExtractor   : extracted value ([option_n2_2_] : [VARCHAR]) - [(증정)화이트케어 치약 100G 3개 x 2개]
2023-07-14 14:42:56.382 TRACE 82809 --- [    Test worker] o.h.type.descriptor.sql.BasicExtractor   : extracted value ([price3_2_] : [INTEGER]) - [19900]
2023-07-14 14:42:56.382 TRACE 82809 --- [    Test worker] o.h.type.descriptor.sql.BasicExtractor   : extracted value ([product_4_2_] : [INTEGER]) - [null]
2023-07-14 14:42:56.382 TRACE 82809 --- [    Test worker] o.h.type.descriptor.sql.BasicExtractor   : extracted value ([id1_2_] : [INTEGER]) - [139]
2023-07-14 14:42:56.382 TRACE 82809 --- [    Test worker] o.h.type.descriptor.sql.BasicExtractor   : extracted value ([option_n2_2_] : [VARCHAR]) - [(증정) 어린이 칫솔 12EA]
2023-07-14 14:42:56.382 TRACE 82809 --- [    Test worker] o.h.type.descriptor.sql.BasicExtractor   : extracted value ([price3_2_] : [INTEGER]) - [9900]
2023-07-14 14:42:56.382 TRACE 82809 --- [    Test worker] o.h.type.descriptor.sql.BasicExtractor   : extracted value ([product_4_2_] : [INTEGER]) - [null]
2023-07-14 14:42:56.382 TRACE 82809 --- [    Test worker] o.h.type.descriptor.sql.BasicExtractor   : extracted value ([id1_2_] : [INTEGER]) - [140]
2023-07-14 14:42:56.382 TRACE 82809 --- [    Test worker] o.h.type.descriptor.sql.BasicExtractor   : extracted value ([option_n2_2_] : [VARCHAR]) - [[가정용] 샤인머스켓 1kg 2수내외]
2023-07-14 14:42:56.382 TRACE 82809 --- [    Test worker] o.h.type.descriptor.sql.BasicExtractor   : extracted value ([price3_2_] : [INTEGER]) - [9900]
2023-07-14 14:42:56.382 TRACE 82809 --- [    Test worker] o.h.type.descriptor.sql.BasicExtractor   : extracted value ([product_4_2_] : [INTEGER]) - [null]
2023-07-14 14:42:56.382 TRACE 82809 --- [    Test worker] o.h.type.descriptor.sql.BasicExtractor   : extracted value ([id1_2_] : [INTEGER]) - [141]
2023-07-14 14:42:56.382 TRACE 82809 --- [    Test worker] o.h.type.descriptor.sql.BasicExtractor   : extracted value ([option_n2_2_] : [VARCHAR]) - [[특품] 샤인머스켓 1kg 1-2수]
2023-07-14 14:42:56.382 TRACE 82809 --- [    Test worker] o.h.type.descriptor.sql.BasicExtractor   : extracted value ([price3_2_] : [INTEGER]) - [12900]
2023-07-14 14:42:56.382 TRACE 82809 --- [    Test worker] o.h.type.descriptor.sql.BasicExtractor   : extracted value ([product_4_2_] : [INTEGER]) - [null]
2023-07-14 14:42:56.382 TRACE 82809 --- [    Test worker] o.h.type.descriptor.sql.BasicExtractor   : extracted value ([id1_2_] : [INTEGER]) - [142]
2023-07-14 14:42:56.382 TRACE 82809 --- [    Test worker] o.h.type.descriptor.sql.BasicExtractor   : extracted value ([option_n2_2_] : [VARCHAR]) - [[특품] 샤인머스켓 2kg 2-3수]
2023-07-14 14:42:56.382 TRACE 82809 --- [    Test worker] o.h.type.descriptor.sql.BasicExtractor   : extracted value ([price3_2_] : [INTEGER]) - [23900]
2023-07-14 14:42:56.383 TRACE 82809 --- [    Test worker] o.h.type.descriptor.sql.BasicExtractor   : extracted value ([product_4_2_] : [INTEGER]) - [null]
2023-07-14 14:42:56.383 TRACE 82809 --- [    Test worker] o.h.type.descriptor.sql.BasicExtractor   : extracted value ([id1_2_] : [INTEGER]) - [143]
2023-07-14 14:42:56.383 TRACE 82809 --- [    Test worker] o.h.type.descriptor.sql.BasicExtractor   : extracted value ([option_n2_2_] : [VARCHAR]) - [화이트]
2023-07-14 14:42:56.383 TRACE 82809 --- [    Test worker] o.h.type.descriptor.sql.BasicExtractor   : extracted value ([price3_2_] : [INTEGER]) - [148000]
2023-07-14 14:42:56.383 TRACE 82809 --- [    Test worker] o.h.type.descriptor.sql.BasicExtractor   : extracted value ([product_4_2_] : [INTEGER]) - [null]
2023-07-14 14:42:56.383 TRACE 82809 --- [    Test worker] o.h.type.descriptor.sql.BasicExtractor   : extracted value ([id1_2_] : [INTEGER]) - [144]
2023-07-14 14:42:56.383 TRACE 82809 --- [    Test worker] o.h.type.descriptor.sql.BasicExtractor   : extracted value ([option_n2_2_] : [VARCHAR]) - [블랙]
2023-07-14 14:42:56.383 TRACE 82809 --- [    Test worker] o.h.type.descriptor.sql.BasicExtractor   : extracted value ([price3_2_] : [INTEGER]) - [148000]
2023-07-14 14:42:56.383 TRACE 82809 --- [    Test worker] o.h.type.descriptor.sql.BasicExtractor   : extracted value ([product_4_2_] : [INTEGER]) - [null]
2023-07-14 14:42:56.386  INFO 82809 --- [    Test worker] o.s.t.c.transaction.TransactionContext   : Rolled back transaction for test: [DefaultTestContext@3382f8ae testClass = CartJPARepositoryTest, testInstance = com.example.kakao.cart.CartJPARepositoryTest@341889a1, testMethod = insertTest@CartJPARepositoryTest, testException = java.util.NoSuchElementException: No value present, mergedContextConfiguration = [MergedContextConfiguration@60641ec8 testClass = CartJPARepositoryTest, locations = '{}', classes = '{class com.example.kakao.KakaoApplication}', contextInitializerClasses = '[]', activeProfiles = '{}', propertySourceLocations = '{}', propertySourceProperties = '{org.springframework.boot.test.autoconfigure.orm.jpa.DataJpaTestContextBootstrapper=true}', contextCustomizers = set[org.springframework.boot.test.autoconfigure.OverrideAutoConfigurationContextCustomizerFactory$DisableAutoConfigurationContextCustomizer@42039326, org.springframework.boot.test.autoconfigure.actuate.metrics.MetricsExportContextCustomizerFactory$DisableMetricExportContextCustomizer@63787180, org.springframework.boot.test.autoconfigure.filter.TypeExcludeFiltersContextCustomizer@351584c0, org.springframework.boot.test.autoconfigure.properties.PropertyMappingContextCustomizer@61a7cd69, org.springframework.boot.test.autoconfigure.web.servlet.WebDriverContextCustomizerFactory$Customizer@5a18cd76, [ImportsContextCustomizer@75f65e45 key = [org.springframework.boot.autoconfigure.cache.CacheAutoConfiguration, org.springframework.boot.autoconfigure.data.jpa.JpaRepositoriesAutoConfiguration, org.springframework.boot.autoconfigure.flyway.FlywayAutoConfiguration, org.springframework.boot.autoconfigure.jdbc.DataSourceAutoConfiguration, org.springframework.boot.autoconfigure.jdbc.DataSourceTransactionManagerAutoConfiguration, org.springframework.boot.autoconfigure.jdbc.JdbcTemplateAutoConfiguration, org.springframework.boot.autoconfigure.liquibase.LiquibaseAutoConfiguration, org.springframework.boot.autoconfigure.orm.jpa.HibernateJpaAutoConfiguration, org.springframework.boot.autoconfigure.sql.init.SqlInitializationAutoConfiguration, org.springframework.boot.autoconfigure.transaction.TransactionAutoConfiguration, org.springframework.boot.test.autoconfigure.jdbc.TestDatabaseAutoConfiguration, org.springframework.boot.test.autoconfigure.orm.jpa.TestEntityManagerAutoConfiguration]], org.springframework.boot.test.context.filter.ExcludeFilterContextCustomizer@16c63f5, org.springframework.boot.test.json.DuplicateJsonObjectContextCustomizerFactory$DuplicateJsonObjectContextCustomizer@b1712f3, org.springframework.boot.test.mock.mockito.MockitoContextCustomizer@0, org.springframework.boot.test.context.SpringBootTestArgs@1, org.springframework.boot.test.context.SpringBootTestWebEnvironment@0], contextLoader = 'org.springframework.boot.test.context.SpringBootContextLoader', parent = [null]], attributes = map['org.springframework.test.context.event.ApplicationEventsTestExecutionListener.recordApplicationEvents' -> false]]
2023-07-14 14:42:56.389  INFO 82809 --- [    Test worker] o.s.t.c.transaction.TransactionContext   : Began transaction (1) for test context [DefaultTestContext@3382f8ae testClass = CartJPARepositoryTest, testInstance = com.example.kakao.cart.CartJPARepositoryTest@329aa2d1, testMethod = deleteTest@CartJPARepositoryTest, testException = [null], mergedContextConfiguration = [MergedContextConfiguration@60641ec8 testClass = CartJPARepositoryTest, locations = '{}', classes = '{class com.example.kakao.KakaoApplication}', contextInitializerClasses = '[]', activeProfiles = '{}', propertySourceLocations = '{}', propertySourceProperties = '{org.springframework.boot.test.autoconfigure.orm.jpa.DataJpaTestContextBootstrapper=true}', contextCustomizers = set[org.springframework.boot.test.autoconfigure.OverrideAutoConfigurationContextCustomizerFactory$DisableAutoConfigurationContextCustomizer@42039326, org.springframework.boot.test.autoconfigure.actuate.metrics.MetricsExportContextCustomizerFactory$DisableMetricExportContextCustomizer@63787180, org.springframework.boot.test.autoconfigure.filter.TypeExcludeFiltersContextCustomizer@351584c0, org.springframework.boot.test.autoconfigure.properties.PropertyMappingContextCustomizer@61a7cd69, org.springframework.boot.test.autoconfigure.web.servlet.WebDriverContextCustomizerFactory$Customizer@5a18cd76, [ImportsContextCustomizer@75f65e45 key = [org.springframework.boot.autoconfigure.cache.CacheAutoConfiguration, org.springframework.boot.autoconfigure.data.jpa.JpaRepositoriesAutoConfiguration, org.springframework.boot.autoconfigure.flyway.FlywayAutoConfiguration, org.springframework.boot.autoconfigure.jdbc.DataSourceAutoConfiguration, org.springframework.boot.autoconfigure.jdbc.DataSourceTransactionManagerAutoConfiguration, org.springframework.boot.autoconfigure.jdbc.JdbcTemplateAutoConfiguration, org.springframework.boot.autoconfigure.liquibase.LiquibaseAutoConfiguration, org.springframework.boot.autoconfigure.orm.jpa.HibernateJpaAutoConfiguration, org.springframework.boot.autoconfigure.sql.init.SqlInitializationAutoConfiguration, org.springframework.boot.autoconfigure.transaction.TransactionAutoConfiguration, org.springframework.boot.test.autoconfigure.jdbc.TestDatabaseAutoConfiguration, org.springframework.boot.test.autoconfigure.orm.jpa.TestEntityManagerAutoConfiguration]], org.springframework.boot.test.context.filter.ExcludeFilterContextCustomizer@16c63f5, org.springframework.boot.test.json.DuplicateJsonObjectContextCustomizerFactory$DuplicateJsonObjectContextCustomizer@b1712f3, org.springframework.boot.test.mock.mockito.MockitoContextCustomizer@0, org.springframework.boot.test.context.SpringBootTestArgs@1, org.springframework.boot.test.context.SpringBootTestWebEnvironment@0], contextLoader = 'org.springframework.boot.test.context.SpringBootContextLoader', parent = [null]], attributes = map['org.springframework.test.context.event.ApplicationEventsTestExecutionListener.recordApplicationEvents' -> false]]; transaction manager [org.springframework.orm.jpa.JpaTransactionManager@72c704f1]; rollback [true]
Hibernate: 
    insert 
    into
        user_tb
        (id, email, password, roles, username) 
    values
        (default, ?, ?, ?, ?)
2023-07-14 14:42:56.463 TRACE 82809 --- [    Test worker] o.h.type.descriptor.sql.BasicBinder      : binding parameter [1] as [VARCHAR] - [ssar@nate.com]
2023-07-14 14:42:56.464 TRACE 82809 --- [    Test worker] o.h.type.descriptor.sql.BasicBinder      : binding parameter [2] as [VARCHAR] - [$2a$10$sUaKyZXwVxzEThKciHecYOS6DRC82Ef/Ccr05XYZR.kQuBczmMGhi]
2023-07-14 14:42:56.464 TRACE 82809 --- [    Test worker] o.h.type.descriptor.sql.BasicBinder      : binding parameter [3] as [VARCHAR] - [ROLE_USER]
2023-07-14 14:42:56.464 TRACE 82809 --- [    Test worker] o.h.type.descriptor.sql.BasicBinder      : binding parameter [4] as [VARCHAR] - [ssar]
Hibernate: 
    insert 
    into
        option_tb
        (id, option_name, price, product_id) 
    values
        (default, ?, ?, ?)
2023-07-14 14:42:56.465 TRACE 82809 --- [    Test worker] o.h.type.descriptor.sql.BasicBinder      : binding parameter [1] as [VARCHAR] - [01. 슬라이딩 지퍼백 크리스마스에디션 4종]
2023-07-14 14:42:56.465 TRACE 82809 --- [    Test worker] o.h.type.descriptor.sql.BasicBinder      : binding parameter [2] as [INTEGER] - [10000]
2023-07-14 14:42:56.465 TRACE 82809 --- [    Test worker] o.h.type.descriptor.sql.BasicBinder      : binding parameter [3] as [INTEGER] - [null]
Hibernate: 
    insert 
    into
        option_tb
        (id, option_name, price, product_id) 
    values
        (default, ?, ?, ?)
2023-07-14 14:42:56.465 TRACE 82809 --- [    Test worker] o.h.type.descriptor.sql.BasicBinder      : binding parameter [1] as [VARCHAR] - [02. 슬라이딩 지퍼백 플라워에디션 5종]
2023-07-14 14:42:56.465 TRACE 82809 --- [    Test worker] o.h.type.descriptor.sql.BasicBinder      : binding parameter [2] as [INTEGER] - [10900]
2023-07-14 14:42:56.465 TRACE 82809 --- [    Test worker] o.h.type.descriptor.sql.BasicBinder      : binding parameter [3] as [INTEGER] - [null]
Hibernate: 
    insert 
    into
        option_tb
        (id, option_name, price, product_id) 
    values
        (default, ?, ?, ?)
2023-07-14 14:42:56.465 TRACE 82809 --- [    Test worker] o.h.type.descriptor.sql.BasicBinder      : binding parameter [1] as [VARCHAR] - [고무장갑 베이지 S(소형) 6팩]
2023-07-14 14:42:56.465 TRACE 82809 --- [    Test worker] o.h.type.descriptor.sql.BasicBinder      : binding parameter [2] as [INTEGER] - [9900]
2023-07-14 14:42:56.465 TRACE 82809 --- [    Test worker] o.h.type.descriptor.sql.BasicBinder      : binding parameter [3] as [INTEGER] - [null]
Hibernate: 
    insert 
    into
        option_tb
        (id, option_name, price, product_id) 
    values
        (default, ?, ?, ?)
2023-07-14 14:42:56.466 TRACE 82809 --- [    Test worker] o.h.type.descriptor.sql.BasicBinder      : binding parameter [1] as [VARCHAR] - [뽑아쓰는 키친타올 130매 12팩]
2023-07-14 14:42:56.466 TRACE 82809 --- [    Test worker] o.h.type.descriptor.sql.BasicBinder      : binding parameter [2] as [INTEGER] - [16900]
2023-07-14 14:42:56.466 TRACE 82809 --- [    Test worker] o.h.type.descriptor.sql.BasicBinder      : binding parameter [3] as [INTEGER] - [null]
Hibernate: 
    insert 
    into
        option_tb
        (id, option_name, price, product_id) 
    values
        (default, ?, ?, ?)
2023-07-14 14:42:56.466 TRACE 82809 --- [    Test worker] o.h.type.descriptor.sql.BasicBinder      : binding parameter [1] as [VARCHAR] - [2겹 식빵수세미 6매]
2023-07-14 14:42:56.466 TRACE 82809 --- [    Test worker] o.h.type.descriptor.sql.BasicBinder      : binding parameter [2] as [INTEGER] - [8900]
2023-07-14 14:42:56.466 TRACE 82809 --- [    Test worker] o.h.type.descriptor.sql.BasicBinder      : binding parameter [3] as [INTEGER] - [null]
Hibernate: 
    insert 
    into
        option_tb
        (id, option_name, price, product_id) 
    values
        (default, ?, ?, ?)
2023-07-14 14:42:56.466 TRACE 82809 --- [    Test worker] o.h.type.descriptor.sql.BasicBinder      : binding parameter [1] as [VARCHAR] - [22년산 햇단밤 700g(한정판매)]
2023-07-14 14:42:56.466 TRACE 82809 --- [    Test worker] o.h.type.descriptor.sql.BasicBinder      : binding parameter [2] as [INTEGER] - [9900]
2023-07-14 14:42:56.466 TRACE 82809 --- [    Test worker] o.h.type.descriptor.sql.BasicBinder      : binding parameter [3] as [INTEGER] - [null]
Hibernate: 
    insert 
    into
        option_tb
        (id, option_name, price, product_id) 
    values
        (default, ?, ?, ?)
2023-07-14 14:42:56.466 TRACE 82809 --- [    Test worker] o.h.type.descriptor.sql.BasicBinder      : binding parameter [1] as [VARCHAR] - [22년산 햇단밤 1kg(한정판매)]
2023-07-14 14:42:56.466 TRACE 82809 --- [    Test worker] o.h.type.descriptor.sql.BasicBinder      : binding parameter [2] as [INTEGER] - [14500]
2023-07-14 14:42:56.466 TRACE 82809 --- [    Test worker] o.h.type.descriptor.sql.BasicBinder      : binding parameter [3] as [INTEGER] - [null]
Hibernate: 
    insert 
    into
        option_tb
        (id, option_name, price, product_id) 
    values
        (default, ?, ?, ?)
2023-07-14 14:42:56.467 TRACE 82809 --- [    Test worker] o.h.type.descriptor.sql.BasicBinder      : binding parameter [1] as [VARCHAR] - [밤깎기+다회용 구이판 세트]
2023-07-14 14:42:56.467 TRACE 82809 --- [    Test worker] o.h.type.descriptor.sql.BasicBinder      : binding parameter [2] as [INTEGER] - [5500]
2023-07-14 14:42:56.467 TRACE 82809 --- [    Test worker] o.h.type.descriptor.sql.BasicBinder      : binding parameter [3] as [INTEGER] - [null]
Hibernate: 
    insert 
    into
        option_tb
        (id, option_name, price, product_id) 
    values
        (default, ?, ?, ?)
2023-07-14 14:42:56.467 TRACE 82809 --- [    Test worker] o.h.type.descriptor.sql.BasicBinder      : binding parameter [1] as [VARCHAR] - [JR310 (유선 전용) - 블루]
2023-07-14 14:42:56.467 TRACE 82809 --- [    Test worker] o.h.type.descriptor.sql.BasicBinder      : binding parameter [2] as [INTEGER] - [29900]
2023-07-14 14:42:56.467 TRACE 82809 --- [    Test worker] o.h.type.descriptor.sql.BasicBinder      : binding parameter [3] as [INTEGER] - [null]
Hibernate: 
    insert 
    into
        option_tb
        (id, option_name, price, product_id) 
    values
        (default, ?, ?, ?)
2023-07-14 14:42:56.467 TRACE 82809 --- [    Test worker] o.h.type.descriptor.sql.BasicBinder      : binding parameter [1] as [VARCHAR] - [JR310BT (무선 전용) - 레드]
2023-07-14 14:42:56.467 TRACE 82809 --- [    Test worker] o.h.type.descriptor.sql.BasicBinder      : binding parameter [2] as [INTEGER] - [49900]
2023-07-14 14:42:56.467 TRACE 82809 --- [    Test worker] o.h.type.descriptor.sql.BasicBinder      : binding parameter [3] as [INTEGER] - [null]
Hibernate: 
    insert 
    into
        option_tb
        (id, option_name, price, product_id) 
    values
        (default, ?, ?, ?)
2023-07-14 14:42:56.467 TRACE 82809 --- [    Test worker] o.h.type.descriptor.sql.BasicBinder      : binding parameter [1] as [VARCHAR] - [JR310BT (무선 전용) - 그린]
2023-07-14 14:42:56.467 TRACE 82809 --- [    Test worker] o.h.type.descriptor.sql.BasicBinder      : binding parameter [2] as [INTEGER] - [49900]
2023-07-14 14:42:56.467 TRACE 82809 --- [    Test worker] o.h.type.descriptor.sql.BasicBinder      : binding parameter [3] as [INTEGER] - [null]
Hibernate: 
    insert 
    into
        option_tb
        (id, option_name, price, product_id) 
    values
        (default, ?, ?, ?)
2023-07-14 14:42:56.467 TRACE 82809 --- [    Test worker] o.h.type.descriptor.sql.BasicBinder      : binding parameter [1] as [VARCHAR] - [JR310BT (무선 전용) - 블루]
2023-07-14 14:42:56.467 TRACE 82809 --- [    Test worker] o.h.type.descriptor.sql.BasicBinder      : binding parameter [2] as [INTEGER] - [49900]
2023-07-14 14:42:56.467 TRACE 82809 --- [    Test worker] o.h.type.descriptor.sql.BasicBinder      : binding parameter [3] as [INTEGER] - [null]
Hibernate: 
    insert 
    into
        option_tb
        (id, option_name, price, product_id) 
    values
        (default, ?, ?, ?)
2023-07-14 14:42:56.468 TRACE 82809 --- [    Test worker] o.h.type.descriptor.sql.BasicBinder      : binding parameter [1] as [VARCHAR] - [T510BT (무선 전용) - 블랙]
2023-07-14 14:42:56.468 TRACE 82809 --- [    Test worker] o.h.type.descriptor.sql.BasicBinder      : binding parameter [2] as [INTEGER] - [52900]
2023-07-14 14:42:56.468 TRACE 82809 --- [    Test worker] o.h.type.descriptor.sql.BasicBinder      : binding parameter [3] as [INTEGER] - [null]
Hibernate: 
    insert 
    into
        option_tb
        (id, option_name, price, product_id) 
    values
        (default, ?, ?, ?)
2023-07-14 14:42:56.468 TRACE 82809 --- [    Test worker] o.h.type.descriptor.sql.BasicBinder      : binding parameter [1] as [VARCHAR] - [T510BT (무선 전용) - 화이트]
2023-07-14 14:42:56.468 TRACE 82809 --- [    Test worker] o.h.type.descriptor.sql.BasicBinder      : binding parameter [2] as [INTEGER] - [52900]
2023-07-14 14:42:56.468 TRACE 82809 --- [    Test worker] o.h.type.descriptor.sql.BasicBinder      : binding parameter [3] as [INTEGER] - [null]
Hibernate: 
    insert 
    into
        option_tb
        (id, option_name, price, product_id) 
    values
        (default, ?, ?, ?)
2023-07-14 14:42:56.468 TRACE 82809 --- [    Test worker] o.h.type.descriptor.sql.BasicBinder      : binding parameter [1] as [VARCHAR] - [선택01_바른곡물효소 누룽지맛 2박스]
2023-07-14 14:42:56.468 TRACE 82809 --- [    Test worker] o.h.type.descriptor.sql.BasicBinder      : binding parameter [2] as [INTEGER] - [17900]
2023-07-14 14:42:56.468 TRACE 82809 --- [    Test worker] o.h.type.descriptor.sql.BasicBinder      : binding parameter [3] as [INTEGER] - [null]
Hibernate: 
    insert 
    into
        option_tb
        (id, option_name, price, product_id) 
    values
        (default, ?, ?, ?)
2023-07-14 14:42:56.468 TRACE 82809 --- [    Test worker] o.h.type.descriptor.sql.BasicBinder      : binding parameter [1] as [VARCHAR] - [선택02_바른곡물효소누룽지맛 6박스]
2023-07-14 14:42:56.468 TRACE 82809 --- [    Test worker] o.h.type.descriptor.sql.BasicBinder      : binding parameter [2] as [INTEGER] - [50000]
2023-07-14 14:42:56.468 TRACE 82809 --- [    Test worker] o.h.type.descriptor.sql.BasicBinder      : binding parameter [3] as [INTEGER] - [null]
Hibernate: 
    insert 
    into
        option_tb
        (id, option_name, price, product_id) 
    values
        (default, ?, ?, ?)
2023-07-14 14:42:56.468 TRACE 82809 --- [    Test worker] o.h.type.descriptor.sql.BasicBinder      : binding parameter [1] as [VARCHAR] - [선택03_바른곡물효소3박스+유산균효소3박스]
2023-07-14 14:42:56.468 TRACE 82809 --- [    Test worker] o.h.type.descriptor.sql.BasicBinder      : binding parameter [2] as [INTEGER] - [50000]
2023-07-14 14:42:56.468 TRACE 82809 --- [    Test worker] o.h.type.descriptor.sql.BasicBinder      : binding parameter [3] as [INTEGER] - [null]
Hibernate: 
    insert 
    into
        option_tb
        (id, option_name, price, product_id) 
    values
        (default, ?, ?, ?)
2023-07-14 14:42:56.469 TRACE 82809 --- [    Test worker] o.h.type.descriptor.sql.BasicBinder      : binding parameter [1] as [VARCHAR] - [선택04_바른곡물효소3박스+19종유산균3박스]
2023-07-14 14:42:56.469 TRACE 82809 --- [    Test worker] o.h.type.descriptor.sql.BasicBinder      : binding parameter [2] as [INTEGER] - [50000]
2023-07-14 14:42:56.469 TRACE 82809 --- [    Test worker] o.h.type.descriptor.sql.BasicBinder      : binding parameter [3] as [INTEGER] - [null]
Hibernate: 
    insert 
    into
        option_tb
        (id, option_name, price, product_id) 
    values
        (default, ?, ?, ?)
2023-07-14 14:42:56.469 TRACE 82809 --- [    Test worker] o.h.type.descriptor.sql.BasicBinder      : binding parameter [1] as [VARCHAR] - [01. 말랑컷팅장족 100g]
2023-07-14 14:42:56.469 TRACE 82809 --- [    Test worker] o.h.type.descriptor.sql.BasicBinder      : binding parameter [2] as [INTEGER] - [4900]
2023-07-14 14:42:56.469 TRACE 82809 --- [    Test worker] o.h.type.descriptor.sql.BasicBinder      : binding parameter [3] as [INTEGER] - [null]
Hibernate: 
    insert 
    into
        option_tb
        (id, option_name, price, product_id) 
    values
        (default, ?, ?, ?)
2023-07-14 14:42:56.469 TRACE 82809 --- [    Test worker] o.h.type.descriptor.sql.BasicBinder      : binding parameter [1] as [VARCHAR] - [02. 말랑컷팅장족 300g]
2023-07-14 14:42:56.469 TRACE 82809 --- [    Test worker] o.h.type.descriptor.sql.BasicBinder      : binding parameter [2] as [INTEGER] - [12800]
2023-07-14 14:42:56.469 TRACE 82809 --- [    Test worker] o.h.type.descriptor.sql.BasicBinder      : binding parameter [3] as [INTEGER] - [null]
Hibernate: 
    insert 
    into
        option_tb
        (id, option_name, price, product_id) 
    values
        (default, ?, ?, ?)
2023-07-14 14:42:56.470 TRACE 82809 --- [    Test worker] o.h.type.descriptor.sql.BasicBinder      : binding parameter [1] as [VARCHAR] - [03. 눌린장족 100g]
2023-07-14 14:42:56.470 TRACE 82809 --- [    Test worker] o.h.type.descriptor.sql.BasicBinder      : binding parameter [2] as [INTEGER] - [4900]
2023-07-14 14:42:56.470 TRACE 82809 --- [    Test worker] o.h.type.descriptor.sql.BasicBinder      : binding parameter [3] as [INTEGER] - [null]
Hibernate: 
    insert 
    into
        option_tb
        (id, option_name, price, product_id) 
    values
        (default, ?, ?, ?)
2023-07-14 14:42:56.470 TRACE 82809 --- [    Test worker] o.h.type.descriptor.sql.BasicBinder      : binding parameter [1] as [VARCHAR] - [굳지않는 쑥 앙금 절편 1050g]
2023-07-14 14:42:56.470 TRACE 82809 --- [    Test worker] o.h.type.descriptor.sql.BasicBinder      : binding parameter [2] as [INTEGER] - [15900]
2023-07-14 14:42:56.470 TRACE 82809 --- [    Test worker] o.h.type.descriptor.sql.BasicBinder      : binding parameter [3] as [INTEGER] - [null]
Hibernate: 
    insert 
    into
        option_tb
        (id, option_name, price, product_id) 
    values
        (default, ?, ?, ?)
2023-07-14 14:42:56.470 TRACE 82809 --- [    Test worker] o.h.type.descriptor.sql.BasicBinder      : binding parameter [1] as [VARCHAR] - [굳지않는 흑미 앙금 절편 1050g]
2023-07-14 14:42:56.470 TRACE 82809 --- [    Test worker] o.h.type.descriptor.sql.BasicBinder      : binding parameter [2] as [INTEGER] - [15900]
2023-07-14 14:42:56.470 TRACE 82809 --- [    Test worker] o.h.type.descriptor.sql.BasicBinder      : binding parameter [3] as [INTEGER] - [null]
Hibernate: 
    insert 
    into
        option_tb
        (id, option_name, price, product_id) 
    values
        (default, ?, ?, ?)
2023-07-14 14:42:56.470 TRACE 82809 --- [    Test worker] o.h.type.descriptor.sql.BasicBinder      : binding parameter [1] as [VARCHAR] - [굳지않는 흰 가래떡 1050g]
2023-07-14 14:42:56.470 TRACE 82809 --- [    Test worker] o.h.type.descriptor.sql.BasicBinder      : binding parameter [2] as [INTEGER] - [15900]
2023-07-14 14:42:56.470 TRACE 82809 --- [    Test worker] o.h.type.descriptor.sql.BasicBinder      : binding parameter [3] as [INTEGER] - [null]
Hibernate: 
    insert 
    into
        option_tb
        (id, option_name, price, product_id) 
    values
        (default, ?, ?, ?)
2023-07-14 14:42:56.470 TRACE 82809 --- [    Test worker] o.h.type.descriptor.sql.BasicBinder      : binding parameter [1] as [VARCHAR] - [이너딜리티 1박스]
2023-07-14 14:42:56.470 TRACE 82809 --- [    Test worker] o.h.type.descriptor.sql.BasicBinder      : binding parameter [2] as [INTEGER] - [26800]
2023-07-14 14:42:56.470 TRACE 82809 --- [    Test worker] o.h.type.descriptor.sql.BasicBinder      : binding parameter [3] as [INTEGER] - [null]
Hibernate: 
    insert 
    into
        option_tb
        (id, option_name, price, product_id) 
    values
        (default, ?, ?, ?)
2023-07-14 14:42:56.470 TRACE 82809 --- [    Test worker] o.h.type.descriptor.sql.BasicBinder      : binding parameter [1] as [VARCHAR] - [이너딜리티 2박스+사은품 2종]
2023-07-14 14:42:56.470 TRACE 82809 --- [    Test worker] o.h.type.descriptor.sql.BasicBinder      : binding parameter [2] as [INTEGER] - [49800]
2023-07-14 14:42:56.470 TRACE 82809 --- [    Test worker] o.h.type.descriptor.sql.BasicBinder      : binding parameter [3] as [INTEGER] - [null]
Hibernate: 
    insert 
    into
        option_tb
        (id, option_name, price, product_id) 
    values
        (default, ?, ?, ?)
2023-07-14 14:42:56.471 TRACE 82809 --- [    Test worker] o.h.type.descriptor.sql.BasicBinder      : binding parameter [1] as [VARCHAR] - [제나벨 PDRN 자생크림 1+1]
2023-07-14 14:42:56.471 TRACE 82809 --- [    Test worker] o.h.type.descriptor.sql.BasicBinder      : binding parameter [2] as [INTEGER] - [25900]
2023-07-14 14:42:56.471 TRACE 82809 --- [    Test worker] o.h.type.descriptor.sql.BasicBinder      : binding parameter [3] as [INTEGER] - [null]
Hibernate: 
    insert 
    into
        option_tb
        (id, option_name, price, product_id) 
    values
        (default, ?, ?, ?)
2023-07-14 14:42:56.471 TRACE 82809 --- [    Test worker] o.h.type.descriptor.sql.BasicBinder      : binding parameter [1] as [VARCHAR] - [플레이스테이션 VR2 호라이즌 번들]
2023-07-14 14:42:56.471 TRACE 82809 --- [    Test worker] o.h.type.descriptor.sql.BasicBinder      : binding parameter [2] as [INTEGER] - [839000]
2023-07-14 14:42:56.471 TRACE 82809 --- [    Test worker] o.h.type.descriptor.sql.BasicBinder      : binding parameter [3] as [INTEGER] - [null]
Hibernate: 
    insert 
    into
        option_tb
        (id, option_name, price, product_id) 
    values
        (default, ?, ?, ?)
2023-07-14 14:42:56.471 TRACE 82809 --- [    Test worker] o.h.type.descriptor.sql.BasicBinder      : binding parameter [1] as [VARCHAR] - [플레이스테이션 VR2]
2023-07-14 14:42:56.471 TRACE 82809 --- [    Test worker] o.h.type.descriptor.sql.BasicBinder      : binding parameter [2] as [INTEGER] - [797000]
2023-07-14 14:42:56.471 TRACE 82809 --- [    Test worker] o.h.type.descriptor.sql.BasicBinder      : binding parameter [3] as [INTEGER] - [null]
Hibernate: 
    insert 
    into
        option_tb
        (id, option_name, price, product_id) 
    values
        (default, ?, ?, ?)
2023-07-14 14:42:56.471 TRACE 82809 --- [    Test worker] o.h.type.descriptor.sql.BasicBinder      : binding parameter [1] as [VARCHAR] - [홍가리비2kg(50미이내)]
2023-07-14 14:42:56.471 TRACE 82809 --- [    Test worker] o.h.type.descriptor.sql.BasicBinder      : binding parameter [2] as [INTEGER] - [8900]
2023-07-14 14:42:56.471 TRACE 82809 --- [    Test worker] o.h.type.descriptor.sql.BasicBinder      : binding parameter [3] as [INTEGER] - [null]
Hibernate: 
    insert 
    into
        option_tb
        (id, option_name, price, product_id) 
    values
        (default, ?, ?, ?)
2023-07-14 14:42:56.472 TRACE 82809 --- [    Test worker] o.h.type.descriptor.sql.BasicBinder      : binding parameter [1] as [VARCHAR] - [궁채 절임 1kg]
2023-07-14 14:42:56.472 TRACE 82809 --- [    Test worker] o.h.type.descriptor.sql.BasicBinder      : binding parameter [2] as [INTEGER] - [6900]
2023-07-14 14:42:56.472 TRACE 82809 --- [    Test worker] o.h.type.descriptor.sql.BasicBinder      : binding parameter [3] as [INTEGER] - [null]
Hibernate: 
    insert 
    into
        option_tb
        (id, option_name, price, product_id) 
    values
        (default, ?, ?, ?)
2023-07-14 14:42:56.472 TRACE 82809 --- [    Test worker] o.h.type.descriptor.sql.BasicBinder      : binding parameter [1] as [VARCHAR] - [양념 깻잎 1kg]
2023-07-14 14:42:56.472 TRACE 82809 --- [    Test worker] o.h.type.descriptor.sql.BasicBinder      : binding parameter [2] as [INTEGER] - [8900]
2023-07-14 14:42:56.472 TRACE 82809 --- [    Test worker] o.h.type.descriptor.sql.BasicBinder      : binding parameter [3] as [INTEGER] - [null]
Hibernate: 
    insert 
    into
        option_tb
        (id, option_name, price, product_id) 
    values
        (default, ?, ?, ?)
2023-07-14 14:42:56.472 TRACE 82809 --- [    Test worker] o.h.type.descriptor.sql.BasicBinder      : binding parameter [1] as [VARCHAR] - [된장 깻잎 1kg]
2023-07-14 14:42:56.472 TRACE 82809 --- [    Test worker] o.h.type.descriptor.sql.BasicBinder      : binding parameter [2] as [INTEGER] - [8900]
2023-07-14 14:42:56.472 TRACE 82809 --- [    Test worker] o.h.type.descriptor.sql.BasicBinder      : binding parameter [3] as [INTEGER] - [null]
Hibernate: 
    insert 
    into
        option_tb
        (id, option_name, price, product_id) 
    values
        (default, ?, ?, ?)
2023-07-14 14:42:56.473 TRACE 82809 --- [    Test worker] o.h.type.descriptor.sql.BasicBinder      : binding parameter [1] as [VARCHAR] - [간장 깻잎 1kg]
2023-07-14 14:42:56.473 TRACE 82809 --- [    Test worker] o.h.type.descriptor.sql.BasicBinder      : binding parameter [2] as [INTEGER] - [7900]
2023-07-14 14:42:56.473 TRACE 82809 --- [    Test worker] o.h.type.descriptor.sql.BasicBinder      : binding parameter [3] as [INTEGER] - [null]
Hibernate: 
    insert 
    into
        option_tb
        (id, option_name, price, product_id) 
    values
        (default, ?, ?, ?)
2023-07-14 14:42:56.473 TRACE 82809 --- [    Test worker] o.h.type.descriptor.sql.BasicBinder      : binding parameter [1] as [VARCHAR] - [고추 무침 1kg]
2023-07-14 14:42:56.473 TRACE 82809 --- [    Test worker] o.h.type.descriptor.sql.BasicBinder      : binding parameter [2] as [INTEGER] - [8900]
2023-07-14 14:42:56.473 TRACE 82809 --- [    Test worker] o.h.type.descriptor.sql.BasicBinder      : binding parameter [3] as [INTEGER] - [null]
Hibernate: 
    insert 
    into
        option_tb
        (id, option_name, price, product_id) 
    values
        (default, ?, ?, ?)
2023-07-14 14:42:56.473 TRACE 82809 --- [    Test worker] o.h.type.descriptor.sql.BasicBinder      : binding parameter [1] as [VARCHAR] - [파래 무침 1kg]
2023-07-14 14:42:56.473 TRACE 82809 --- [    Test worker] o.h.type.descriptor.sql.BasicBinder      : binding parameter [2] as [INTEGER] - [9900]
2023-07-14 14:42:56.473 TRACE 82809 --- [    Test worker] o.h.type.descriptor.sql.BasicBinder      : binding parameter [3] as [INTEGER] - [null]
Hibernate: 
    insert 
    into
        option_tb
        (id, option_name, price, product_id) 
    values
        (default, ?, ?, ?)
2023-07-14 14:42:56.473 TRACE 82809 --- [    Test worker] o.h.type.descriptor.sql.BasicBinder      : binding parameter [1] as [VARCHAR] - [01_순수소프트 27m 30롤 2팩]
2023-07-14 14:42:56.473 TRACE 82809 --- [    Test worker] o.h.type.descriptor.sql.BasicBinder      : binding parameter [2] as [INTEGER] - [28900]
2023-07-14 14:42:56.473 TRACE 82809 --- [    Test worker] o.h.type.descriptor.sql.BasicBinder      : binding parameter [3] as [INTEGER] - [null]
Hibernate: 
    insert 
    into
        option_tb
        (id, option_name, price, product_id) 
    values
        (default, ?, ?, ?)
2023-07-14 14:42:56.474 TRACE 82809 --- [    Test worker] o.h.type.descriptor.sql.BasicBinder      : binding parameter [1] as [VARCHAR] - [02_벚꽃 프리미엄 27m 30롤 2팩]
2023-07-14 14:42:56.474 TRACE 82809 --- [    Test worker] o.h.type.descriptor.sql.BasicBinder      : binding parameter [2] as [INTEGER] - [32900]
2023-07-14 14:42:56.474 TRACE 82809 --- [    Test worker] o.h.type.descriptor.sql.BasicBinder      : binding parameter [3] as [INTEGER] - [null]
Hibernate: 
    insert 
    into
        option_tb
        (id, option_name, price, product_id) 
    values
        (default, ?, ?, ?)
2023-07-14 14:42:56.474 TRACE 82809 --- [    Test worker] o.h.type.descriptor.sql.BasicBinder      : binding parameter [1] as [VARCHAR] - [(증정) 초미세모 칫솔 12개 x 2개]
2023-07-14 14:42:56.474 TRACE 82809 --- [    Test worker] o.h.type.descriptor.sql.BasicBinder      : binding parameter [2] as [INTEGER] - [11900]
2023-07-14 14:42:56.474 TRACE 82809 --- [    Test worker] o.h.type.descriptor.sql.BasicBinder      : binding parameter [3] as [INTEGER] - [null]
Hibernate: 
    insert 
    into
        option_tb
        (id, option_name, price, product_id) 
    values
        (default, ?, ?, ?)
2023-07-14 14:42:56.474 TRACE 82809 --- [    Test worker] o.h.type.descriptor.sql.BasicBinder      : binding parameter [1] as [VARCHAR] - [(증정) 잇몸케어 치약 100G 3개 x 2개]
2023-07-14 14:42:56.474 TRACE 82809 --- [    Test worker] o.h.type.descriptor.sql.BasicBinder      : binding parameter [2] as [INTEGER] - [16900]
2023-07-14 14:42:56.474 TRACE 82809 --- [    Test worker] o.h.type.descriptor.sql.BasicBinder      : binding parameter [3] as [INTEGER] - [null]
Hibernate: 
    insert 
    into
        option_tb
        (id, option_name, price, product_id) 
    values
        (default, ?, ?, ?)
2023-07-14 14:42:56.475 TRACE 82809 --- [    Test worker] o.h.type.descriptor.sql.BasicBinder      : binding parameter [1] as [VARCHAR] - [(증정) 구취케어 치약 100G 3개 x 2개]
2023-07-14 14:42:56.475 TRACE 82809 --- [    Test worker] o.h.type.descriptor.sql.BasicBinder      : binding parameter [2] as [INTEGER] - [16900]
2023-07-14 14:42:56.475 TRACE 82809 --- [    Test worker] o.h.type.descriptor.sql.BasicBinder      : binding parameter [3] as [INTEGER] - [null]
Hibernate: 
    insert 
    into
        option_tb
        (id, option_name, price, product_id) 
    values
        (default, ?, ?, ?)
2023-07-14 14:42:56.475 TRACE 82809 --- [    Test worker] o.h.type.descriptor.sql.BasicBinder      : binding parameter [1] as [VARCHAR] - [(증정)화이트케어 치약 100G 3개 x 2개]
2023-07-14 14:42:56.475 TRACE 82809 --- [    Test worker] o.h.type.descriptor.sql.BasicBinder      : binding parameter [2] as [INTEGER] - [19900]
2023-07-14 14:42:56.475 TRACE 82809 --- [    Test worker] o.h.type.descriptor.sql.BasicBinder      : binding parameter [3] as [INTEGER] - [null]
Hibernate: 
    insert 
    into
        option_tb
        (id, option_name, price, product_id) 
    values
        (default, ?, ?, ?)
2023-07-14 14:42:56.475 TRACE 82809 --- [    Test worker] o.h.type.descriptor.sql.BasicBinder      : binding parameter [1] as [VARCHAR] - [(증정) 어린이 칫솔 12EA]
2023-07-14 14:42:56.475 TRACE 82809 --- [    Test worker] o.h.type.descriptor.sql.BasicBinder      : binding parameter [2] as [INTEGER] - [9900]
2023-07-14 14:42:56.475 TRACE 82809 --- [    Test worker] o.h.type.descriptor.sql.BasicBinder      : binding parameter [3] as [INTEGER] - [null]
Hibernate: 
    insert 
    into
        option_tb
        (id, option_name, price, product_id) 
    values
        (default, ?, ?, ?)
2023-07-14 14:42:56.475 TRACE 82809 --- [    Test worker] o.h.type.descriptor.sql.BasicBinder      : binding parameter [1] as [VARCHAR] - [[가정용] 샤인머스켓 1kg 2수내외]
2023-07-14 14:42:56.475 TRACE 82809 --- [    Test worker] o.h.type.descriptor.sql.BasicBinder      : binding parameter [2] as [INTEGER] - [9900]
2023-07-14 14:42:56.475 TRACE 82809 --- [    Test worker] o.h.type.descriptor.sql.BasicBinder      : binding parameter [3] as [INTEGER] - [null]
Hibernate: 
    insert 
    into
        option_tb
        (id, option_name, price, product_id) 
    values
        (default, ?, ?, ?)
2023-07-14 14:42:56.475 TRACE 82809 --- [    Test worker] o.h.type.descriptor.sql.BasicBinder      : binding parameter [1] as [VARCHAR] - [[특품] 샤인머스켓 1kg 1-2수]
2023-07-14 14:42:56.475 TRACE 82809 --- [    Test worker] o.h.type.descriptor.sql.BasicBinder      : binding parameter [2] as [INTEGER] - [12900]
2023-07-14 14:42:56.475 TRACE 82809 --- [    Test worker] o.h.type.descriptor.sql.BasicBinder      : binding parameter [3] as [INTEGER] - [null]
Hibernate: 
    insert 
    into
        option_tb
        (id, option_name, price, product_id) 
    values
        (default, ?, ?, ?)
2023-07-14 14:42:56.476 TRACE 82809 --- [    Test worker] o.h.type.descriptor.sql.BasicBinder      : binding parameter [1] as [VARCHAR] - [[특품] 샤인머스켓 2kg 2-3수]
2023-07-14 14:42:56.476 TRACE 82809 --- [    Test worker] o.h.type.descriptor.sql.BasicBinder      : binding parameter [2] as [INTEGER] - [23900]
2023-07-14 14:42:56.476 TRACE 82809 --- [    Test worker] o.h.type.descriptor.sql.BasicBinder      : binding parameter [3] as [INTEGER] - [null]
Hibernate: 
    insert 
    into
        option_tb
        (id, option_name, price, product_id) 
    values
        (default, ?, ?, ?)
2023-07-14 14:42:56.476 TRACE 82809 --- [    Test worker] o.h.type.descriptor.sql.BasicBinder      : binding parameter [1] as [VARCHAR] - [화이트]
2023-07-14 14:42:56.476 TRACE 82809 --- [    Test worker] o.h.type.descriptor.sql.BasicBinder      : binding parameter [2] as [INTEGER] - [148000]
2023-07-14 14:42:56.476 TRACE 82809 --- [    Test worker] o.h.type.descriptor.sql.BasicBinder      : binding parameter [3] as [INTEGER] - [null]
Hibernate: 
    insert 
    into
        option_tb
        (id, option_name, price, product_id) 
    values
        (default, ?, ?, ?)
2023-07-14 14:42:56.476 TRACE 82809 --- [    Test worker] o.h.type.descriptor.sql.BasicBinder      : binding parameter [1] as [VARCHAR] - [블랙]
2023-07-14 14:42:56.476 TRACE 82809 --- [    Test worker] o.h.type.descriptor.sql.BasicBinder      : binding parameter [2] as [INTEGER] - [148000]
2023-07-14 14:42:56.476 TRACE 82809 --- [    Test worker] o.h.type.descriptor.sql.BasicBinder      : binding parameter [3] as [INTEGER] - [null]
Hibernate: 
    insert 
    into
        cart_tb
        (id, option_id, price, quantity, user_id) 
    values
        (default, ?, ?, ?, ?)
2023-07-14 14:42:56.476 TRACE 82809 --- [    Test worker] o.h.type.descriptor.sql.BasicBinder      : binding parameter [1] as [INTEGER] - [145]
2023-07-14 14:42:56.476 TRACE 82809 --- [    Test worker] o.h.type.descriptor.sql.BasicBinder      : binding parameter [2] as [INTEGER] - [50000]
2023-07-14 14:42:56.476 TRACE 82809 --- [    Test worker] o.h.type.descriptor.sql.BasicBinder      : binding parameter [3] as [INTEGER] - [5]
2023-07-14 14:42:56.476 TRACE 82809 --- [    Test worker] o.h.type.descriptor.sql.BasicBinder      : binding parameter [4] as [INTEGER] - [4]
Hibernate: 
    insert 
    into
        cart_tb
        (id, option_id, price, quantity, user_id) 
    values
        (default, ?, ?, ?, ?)
2023-07-14 14:42:56.477 TRACE 82809 --- [    Test worker] o.h.type.descriptor.sql.BasicBinder      : binding parameter [1] as [INTEGER] - [147]
2023-07-14 14:42:56.477 TRACE 82809 --- [    Test worker] o.h.type.descriptor.sql.BasicBinder      : binding parameter [2] as [INTEGER] - [29700]
2023-07-14 14:42:56.477 TRACE 82809 --- [    Test worker] o.h.type.descriptor.sql.BasicBinder      : binding parameter [3] as [INTEGER] - [3]
2023-07-14 14:42:56.477 TRACE 82809 --- [    Test worker] o.h.type.descriptor.sql.BasicBinder      : binding parameter [4] as [INTEGER] - [4]
Hibernate: 
    insert 
    into
        cart_tb
        (id, option_id, price, quantity, user_id) 
    values
        (default, ?, ?, ?, ?)
2023-07-14 14:42:56.477 TRACE 82809 --- [    Test worker] o.h.type.descriptor.sql.BasicBinder      : binding parameter [1] as [INTEGER] - [152]
2023-07-14 14:42:56.477 TRACE 82809 --- [    Test worker] o.h.type.descriptor.sql.BasicBinder      : binding parameter [2] as [INTEGER] - [11000]
2023-07-14 14:42:56.477 TRACE 82809 --- [    Test worker] o.h.type.descriptor.sql.BasicBinder      : binding parameter [3] as [INTEGER] - [2]
2023-07-14 14:42:56.477 TRACE 82809 --- [    Test worker] o.h.type.descriptor.sql.BasicBinder      : binding parameter [4] as [INTEGER] - [4]
Hibernate: 
    insert 
    into
        cart_tb
        (id, option_id, price, quantity, user_id) 
    values
        (default, ?, ?, ?, ?)
2023-07-14 14:42:56.477 TRACE 82809 --- [    Test worker] o.h.type.descriptor.sql.BasicBinder      : binding parameter [1] as [INTEGER] - [158]
2023-07-14 14:42:56.477 TRACE 82809 --- [    Test worker] o.h.type.descriptor.sql.BasicBinder      : binding parameter [2] as [INTEGER] - [264500]
2023-07-14 14:42:56.477 TRACE 82809 --- [    Test worker] o.h.type.descriptor.sql.BasicBinder      : binding parameter [3] as [INTEGER] - [5]
2023-07-14 14:42:56.477 TRACE 82809 --- [    Test worker] o.h.type.descriptor.sql.BasicBinder      : binding parameter [4] as [INTEGER] - [4]
Hibernate: 
    insert 
    into
        cart_tb
        (id, option_id, price, quantity, user_id) 
    values
        (default, ?, ?, ?, ?)
2023-07-14 14:42:56.477 TRACE 82809 --- [    Test worker] o.h.type.descriptor.sql.BasicBinder      : binding parameter [1] as [INTEGER] - [160]
2023-07-14 14:42:56.477 TRACE 82809 --- [    Test worker] o.h.type.descriptor.sql.BasicBinder      : binding parameter [2] as [INTEGER] - [50000]
2023-07-14 14:42:56.477 TRACE 82809 --- [    Test worker] o.h.type.descriptor.sql.BasicBinder      : binding parameter [3] as [INTEGER] - [1]
2023-07-14 14:42:56.477 TRACE 82809 --- [    Test worker] o.h.type.descriptor.sql.BasicBinder      : binding parameter [4] as [INTEGER] - [4]
Hibernate: 
    select
        count(*) as col_0_0_ 
    from
        cart_tb cart0_
2023-07-14 14:42:56.479 TRACE 82809 --- [    Test worker] o.h.type.descriptor.sql.BasicExtractor   : extracted value ([col_0_0_] : [BIGINT]) - [5]
Hibernate: 
    select
        cart0_.id as id1_0_0_,
        cart0_.option_id as option_i4_0_0_,
        cart0_.price as price2_0_0_,
        cart0_.quantity as quantity3_0_0_,
        cart0_.user_id as user_id5_0_0_ 
    from
        cart_tb cart0_ 
    where
        cart0_.id=?
2023-07-14 14:42:56.480 TRACE 82809 --- [    Test worker] o.h.type.descriptor.sql.BasicBinder      : binding parameter [1] as [INTEGER] - [1]
Hibernate: 
    select
        cart0_.id as id1_0_,
        cart0_.option_id as option_i4_0_,
        cart0_.price as price2_0_,
        cart0_.quantity as quantity3_0_,
        cart0_.user_id as user_id5_0_ 
    from
        cart_tb cart0_
2023-07-14 14:42:56.482 TRACE 82809 --- [    Test worker] o.h.type.descriptor.sql.BasicExtractor   : extracted value ([id1_0_] : [INTEGER]) - [16]
2023-07-14 14:42:56.482 TRACE 82809 --- [    Test worker] o.h.type.descriptor.sql.BasicExtractor   : extracted value ([option_i4_0_] : [INTEGER]) - [145]
2023-07-14 14:42:56.482 TRACE 82809 --- [    Test worker] o.h.type.descriptor.sql.BasicExtractor   : extracted value ([price2_0_] : [INTEGER]) - [50000]
2023-07-14 14:42:56.482 TRACE 82809 --- [    Test worker] o.h.type.descriptor.sql.BasicExtractor   : extracted value ([quantity3_0_] : [INTEGER]) - [5]
2023-07-14 14:42:56.482 TRACE 82809 --- [    Test worker] o.h.type.descriptor.sql.BasicExtractor   : extracted value ([user_id5_0_] : [INTEGER]) - [4]
2023-07-14 14:42:56.482 TRACE 82809 --- [    Test worker] o.h.type.descriptor.sql.BasicExtractor   : extracted value ([id1_0_] : [INTEGER]) - [17]
2023-07-14 14:42:56.482 TRACE 82809 --- [    Test worker] o.h.type.descriptor.sql.BasicExtractor   : extracted value ([option_i4_0_] : [INTEGER]) - [147]
2023-07-14 14:42:56.482 TRACE 82809 --- [    Test worker] o.h.type.descriptor.sql.BasicExtractor   : extracted value ([price2_0_] : [INTEGER]) - [29700]
2023-07-14 14:42:56.482 TRACE 82809 --- [    Test worker] o.h.type.descriptor.sql.BasicExtractor   : extracted value ([quantity3_0_] : [INTEGER]) - [3]
2023-07-14 14:42:56.482 TRACE 82809 --- [    Test worker] o.h.type.descriptor.sql.BasicExtractor   : extracted value ([user_id5_0_] : [INTEGER]) - [4]
2023-07-14 14:42:56.482 TRACE 82809 --- [    Test worker] o.h.type.descriptor.sql.BasicExtractor   : extracted value ([id1_0_] : [INTEGER]) - [18]
2023-07-14 14:42:56.482 TRACE 82809 --- [    Test worker] o.h.type.descriptor.sql.BasicExtractor   : extracted value ([option_i4_0_] : [INTEGER]) - [152]
2023-07-14 14:42:56.482 TRACE 82809 --- [    Test worker] o.h.type.descriptor.sql.BasicExtractor   : extracted value ([price2_0_] : [INTEGER]) - [11000]
2023-07-14 14:42:56.482 TRACE 82809 --- [    Test worker] o.h.type.descriptor.sql.BasicExtractor   : extracted value ([quantity3_0_] : [INTEGER]) - [2]
2023-07-14 14:42:56.482 TRACE 82809 --- [    Test worker] o.h.type.descriptor.sql.BasicExtractor   : extracted value ([user_id5_0_] : [INTEGER]) - [4]
2023-07-14 14:42:56.482 TRACE 82809 --- [    Test worker] o.h.type.descriptor.sql.BasicExtractor   : extracted value ([id1_0_] : [INTEGER]) - [19]
2023-07-14 14:42:56.482 TRACE 82809 --- [    Test worker] o.h.type.descriptor.sql.BasicExtractor   : extracted value ([option_i4_0_] : [INTEGER]) - [158]
2023-07-14 14:42:56.482 TRACE 82809 --- [    Test worker] o.h.type.descriptor.sql.BasicExtractor   : extracted value ([price2_0_] : [INTEGER]) - [264500]
2023-07-14 14:42:56.482 TRACE 82809 --- [    Test worker] o.h.type.descriptor.sql.BasicExtractor   : extracted value ([quantity3_0_] : [INTEGER]) - [5]
2023-07-14 14:42:56.482 TRACE 82809 --- [    Test worker] o.h.type.descriptor.sql.BasicExtractor   : extracted value ([user_id5_0_] : [INTEGER]) - [4]
2023-07-14 14:42:56.482 TRACE 82809 --- [    Test worker] o.h.type.descriptor.sql.BasicExtractor   : extracted value ([id1_0_] : [INTEGER]) - [20]
2023-07-14 14:42:56.482 TRACE 82809 --- [    Test worker] o.h.type.descriptor.sql.BasicExtractor   : extracted value ([option_i4_0_] : [INTEGER]) - [160]
2023-07-14 14:42:56.482 TRACE 82809 --- [    Test worker] o.h.type.descriptor.sql.BasicExtractor   : extracted value ([price2_0_] : [INTEGER]) - [50000]
2023-07-14 14:42:56.482 TRACE 82809 --- [    Test worker] o.h.type.descriptor.sql.BasicExtractor   : extracted value ([quantity3_0_] : [INTEGER]) - [1]
2023-07-14 14:42:56.482 TRACE 82809 --- [    Test worker] o.h.type.descriptor.sql.BasicExtractor   : extracted value ([user_id5_0_] : [INTEGER]) - [4]
Hibernate: 
    select
        user0_.id as id1_5_,
        user0_.email as email2_5_,
        user0_.password as password3_5_,
        user0_.roles as roles4_5_,
        user0_.username as username5_5_ 
    from
        user_tb user0_
2023-07-14 14:42:56.483 TRACE 82809 --- [    Test worker] o.h.type.descriptor.sql.BasicExtractor   : extracted value ([id1_5_] : [INTEGER]) - [4]
2023-07-14 14:42:56.483 TRACE 82809 --- [    Test worker] o.h.type.descriptor.sql.BasicExtractor   : extracted value ([email2_5_] : [VARCHAR]) - [ssar@nate.com]
2023-07-14 14:42:56.483 TRACE 82809 --- [    Test worker] o.h.type.descriptor.sql.BasicExtractor   : extracted value ([password3_5_] : [VARCHAR]) - [$2a$10$sUaKyZXwVxzEThKciHecYOS6DRC82Ef/Ccr05XYZR.kQuBczmMGhi]
2023-07-14 14:42:56.483 TRACE 82809 --- [    Test worker] o.h.type.descriptor.sql.BasicExtractor   : extracted value ([roles4_5_] : [VARCHAR]) - [ROLE_USER]
2023-07-14 14:42:56.483 TRACE 82809 --- [    Test worker] o.h.type.descriptor.sql.BasicExtractor   : extracted value ([username5_5_] : [VARCHAR]) - [ssar]
Hibernate: 
    select
        option0_.id as id1_2_,
        option0_.option_name as option_n2_2_,
        option0_.price as price3_2_,
        option0_.product_id as product_4_2_ 
    from
        option_tb option0_
2023-07-14 14:42:56.484 TRACE 82809 --- [    Test worker] o.h.type.descriptor.sql.BasicExtractor   : extracted value ([id1_2_] : [INTEGER]) - [145]
2023-07-14 14:42:56.484 TRACE 82809 --- [    Test worker] o.h.type.descriptor.sql.BasicExtractor   : extracted value ([option_n2_2_] : [VARCHAR]) - [01. 슬라이딩 지퍼백 크리스마스에디션 4종]
2023-07-14 14:42:56.484 TRACE 82809 --- [    Test worker] o.h.type.descriptor.sql.BasicExtractor   : extracted value ([price3_2_] : [INTEGER]) - [10000]
2023-07-14 14:42:56.484 TRACE 82809 --- [    Test worker] o.h.type.descriptor.sql.BasicExtractor   : extracted value ([product_4_2_] : [INTEGER]) - [null]
2023-07-14 14:42:56.484 TRACE 82809 --- [    Test worker] o.h.type.descriptor.sql.BasicExtractor   : extracted value ([id1_2_] : [INTEGER]) - [146]
2023-07-14 14:42:56.484 TRACE 82809 --- [    Test worker] o.h.type.descriptor.sql.BasicExtractor   : extracted value ([option_n2_2_] : [VARCHAR]) - [02. 슬라이딩 지퍼백 플라워에디션 5종]
2023-07-14 14:42:56.484 TRACE 82809 --- [    Test worker] o.h.type.descriptor.sql.BasicExtractor   : extracted value ([price3_2_] : [INTEGER]) - [10900]
2023-07-14 14:42:56.484 TRACE 82809 --- [    Test worker] o.h.type.descriptor.sql.BasicExtractor   : extracted value ([product_4_2_] : [INTEGER]) - [null]
2023-07-14 14:42:56.484 TRACE 82809 --- [    Test worker] o.h.type.descriptor.sql.BasicExtractor   : extracted value ([id1_2_] : [INTEGER]) - [147]
2023-07-14 14:42:56.484 TRACE 82809 --- [    Test worker] o.h.type.descriptor.sql.BasicExtractor   : extracted value ([option_n2_2_] : [VARCHAR]) - [고무장갑 베이지 S(소형) 6팩]
2023-07-14 14:42:56.484 TRACE 82809 --- [    Test worker] o.h.type.descriptor.sql.BasicExtractor   : extracted value ([price3_2_] : [INTEGER]) - [9900]
2023-07-14 14:42:56.484 TRACE 82809 --- [    Test worker] o.h.type.descriptor.sql.BasicExtractor   : extracted value ([product_4_2_] : [INTEGER]) - [null]
2023-07-14 14:42:56.484 TRACE 82809 --- [    Test worker] o.h.type.descriptor.sql.BasicExtractor   : extracted value ([id1_2_] : [INTEGER]) - [148]
2023-07-14 14:42:56.484 TRACE 82809 --- [    Test worker] o.h.type.descriptor.sql.BasicExtractor   : extracted value ([option_n2_2_] : [VARCHAR]) - [뽑아쓰는 키친타올 130매 12팩]
2023-07-14 14:42:56.484 TRACE 82809 --- [    Test worker] o.h.type.descriptor.sql.BasicExtractor   : extracted value ([price3_2_] : [INTEGER]) - [16900]
2023-07-14 14:42:56.484 TRACE 82809 --- [    Test worker] o.h.type.descriptor.sql.BasicExtractor   : extracted value ([product_4_2_] : [INTEGER]) - [null]
2023-07-14 14:42:56.484 TRACE 82809 --- [    Test worker] o.h.type.descriptor.sql.BasicExtractor   : extracted value ([id1_2_] : [INTEGER]) - [149]
2023-07-14 14:42:56.484 TRACE 82809 --- [    Test worker] o.h.type.descriptor.sql.BasicExtractor   : extracted value ([option_n2_2_] : [VARCHAR]) - [2겹 식빵수세미 6매]
2023-07-14 14:42:56.484 TRACE 82809 --- [    Test worker] o.h.type.descriptor.sql.BasicExtractor   : extracted value ([price3_2_] : [INTEGER]) - [8900]
2023-07-14 14:42:56.484 TRACE 82809 --- [    Test worker] o.h.type.descriptor.sql.BasicExtractor   : extracted value ([product_4_2_] : [INTEGER]) - [null]
2023-07-14 14:42:56.484 TRACE 82809 --- [    Test worker] o.h.type.descriptor.sql.BasicExtractor   : extracted value ([id1_2_] : [INTEGER]) - [150]
2023-07-14 14:42:56.484 TRACE 82809 --- [    Test worker] o.h.type.descriptor.sql.BasicExtractor   : extracted value ([option_n2_2_] : [VARCHAR]) - [22년산 햇단밤 700g(한정판매)]
2023-07-14 14:42:56.484 TRACE 82809 --- [    Test worker] o.h.type.descriptor.sql.BasicExtractor   : extracted value ([price3_2_] : [INTEGER]) - [9900]
2023-07-14 14:42:56.484 TRACE 82809 --- [    Test worker] o.h.type.descriptor.sql.BasicExtractor   : extracted value ([product_4_2_] : [INTEGER]) - [null]
2023-07-14 14:42:56.484 TRACE 82809 --- [    Test worker] o.h.type.descriptor.sql.BasicExtractor   : extracted value ([id1_2_] : [INTEGER]) - [151]
2023-07-14 14:42:56.484 TRACE 82809 --- [    Test worker] o.h.type.descriptor.sql.BasicExtractor   : extracted value ([option_n2_2_] : [VARCHAR]) - [22년산 햇단밤 1kg(한정판매)]
2023-07-14 14:42:56.484 TRACE 82809 --- [    Test worker] o.h.type.descriptor.sql.BasicExtractor   : extracted value ([price3_2_] : [INTEGER]) - [14500]
2023-07-14 14:42:56.484 TRACE 82809 --- [    Test worker] o.h.type.descriptor.sql.BasicExtractor   : extracted value ([product_4_2_] : [INTEGER]) - [null]
2023-07-14 14:42:56.484 TRACE 82809 --- [    Test worker] o.h.type.descriptor.sql.BasicExtractor   : extracted value ([id1_2_] : [INTEGER]) - [152]
2023-07-14 14:42:56.484 TRACE 82809 --- [    Test worker] o.h.type.descriptor.sql.BasicExtractor   : extracted value ([option_n2_2_] : [VARCHAR]) - [밤깎기+다회용 구이판 세트]
2023-07-14 14:42:56.484 TRACE 82809 --- [    Test worker] o.h.type.descriptor.sql.BasicExtractor   : extracted value ([price3_2_] : [INTEGER]) - [5500]
2023-07-14 14:42:56.484 TRACE 82809 --- [    Test worker] o.h.type.descriptor.sql.BasicExtractor   : extracted value ([product_4_2_] : [INTEGER]) - [null]
2023-07-14 14:42:56.484 TRACE 82809 --- [    Test worker] o.h.type.descriptor.sql.BasicExtractor   : extracted value ([id1_2_] : [INTEGER]) - [153]
2023-07-14 14:42:56.484 TRACE 82809 --- [    Test worker] o.h.type.descriptor.sql.BasicExtractor   : extracted value ([option_n2_2_] : [VARCHAR]) - [JR310 (유선 전용) - 블루]
2023-07-14 14:42:56.484 TRACE 82809 --- [    Test worker] o.h.type.descriptor.sql.BasicExtractor   : extracted value ([price3_2_] : [INTEGER]) - [29900]
2023-07-14 14:42:56.484 TRACE 82809 --- [    Test worker] o.h.type.descriptor.sql.BasicExtractor   : extracted value ([product_4_2_] : [INTEGER]) - [null]
2023-07-14 14:42:56.484 TRACE 82809 --- [    Test worker] o.h.type.descriptor.sql.BasicExtractor   : extracted value ([id1_2_] : [INTEGER]) - [154]
2023-07-14 14:42:56.484 TRACE 82809 --- [    Test worker] o.h.type.descriptor.sql.BasicExtractor   : extracted value ([option_n2_2_] : [VARCHAR]) - [JR310BT (무선 전용) - 레드]
2023-07-14 14:42:56.484 TRACE 82809 --- [    Test worker] o.h.type.descriptor.sql.BasicExtractor   : extracted value ([price3_2_] : [INTEGER]) - [49900]
2023-07-14 14:42:56.484 TRACE 82809 --- [    Test worker] o.h.type.descriptor.sql.BasicExtractor   : extracted value ([product_4_2_] : [INTEGER]) - [null]
2023-07-14 14:42:56.484 TRACE 82809 --- [    Test worker] o.h.type.descriptor.sql.BasicExtractor   : extracted value ([id1_2_] : [INTEGER]) - [155]
2023-07-14 14:42:56.484 TRACE 82809 --- [    Test worker] o.h.type.descriptor.sql.BasicExtractor   : extracted value ([option_n2_2_] : [VARCHAR]) - [JR310BT (무선 전용) - 그린]
2023-07-14 14:42:56.484 TRACE 82809 --- [    Test worker] o.h.type.descriptor.sql.BasicExtractor   : extracted value ([price3_2_] : [INTEGER]) - [49900]
2023-07-14 14:42:56.484 TRACE 82809 --- [    Test worker] o.h.type.descriptor.sql.BasicExtractor   : extracted value ([product_4_2_] : [INTEGER]) - [null]
2023-07-14 14:42:56.484 TRACE 82809 --- [    Test worker] o.h.type.descriptor.sql.BasicExtractor   : extracted value ([id1_2_] : [INTEGER]) - [156]
2023-07-14 14:42:56.484 TRACE 82809 --- [    Test worker] o.h.type.descriptor.sql.BasicExtractor   : extracted value ([option_n2_2_] : [VARCHAR]) - [JR310BT (무선 전용) - 블루]
2023-07-14 14:42:56.484 TRACE 82809 --- [    Test worker] o.h.type.descriptor.sql.BasicExtractor   : extracted value ([price3_2_] : [INTEGER]) - [49900]
2023-07-14 14:42:56.484 TRACE 82809 --- [    Test worker] o.h.type.descriptor.sql.BasicExtractor   : extracted value ([product_4_2_] : [INTEGER]) - [null]
2023-07-14 14:42:56.484 TRACE 82809 --- [    Test worker] o.h.type.descriptor.sql.BasicExtractor   : extracted value ([id1_2_] : [INTEGER]) - [157]
2023-07-14 14:42:56.484 TRACE 82809 --- [    Test worker] o.h.type.descriptor.sql.BasicExtractor   : extracted value ([option_n2_2_] : [VARCHAR]) - [T510BT (무선 전용) - 블랙]
2023-07-14 14:42:56.484 TRACE 82809 --- [    Test worker] o.h.type.descriptor.sql.BasicExtractor   : extracted value ([price3_2_] : [INTEGER]) - [52900]
2023-07-14 14:42:56.484 TRACE 82809 --- [    Test worker] o.h.type.descriptor.sql.BasicExtractor   : extracted value ([product_4_2_] : [INTEGER]) - [null]
2023-07-14 14:42:56.484 TRACE 82809 --- [    Test worker] o.h.type.descriptor.sql.BasicExtractor   : extracted value ([id1_2_] : [INTEGER]) - [158]
2023-07-14 14:42:56.485 TRACE 82809 --- [    Test worker] o.h.type.descriptor.sql.BasicExtractor   : extracted value ([option_n2_2_] : [VARCHAR]) - [T510BT (무선 전용) - 화이트]
2023-07-14 14:42:56.485 TRACE 82809 --- [    Test worker] o.h.type.descriptor.sql.BasicExtractor   : extracted value ([price3_2_] : [INTEGER]) - [52900]
2023-07-14 14:42:56.485 TRACE 82809 --- [    Test worker] o.h.type.descriptor.sql.BasicExtractor   : extracted value ([product_4_2_] : [INTEGER]) - [null]
2023-07-14 14:42:56.485 TRACE 82809 --- [    Test worker] o.h.type.descriptor.sql.BasicExtractor   : extracted value ([id1_2_] : [INTEGER]) - [159]
2023-07-14 14:42:56.485 TRACE 82809 --- [    Test worker] o.h.type.descriptor.sql.BasicExtractor   : extracted value ([option_n2_2_] : [VARCHAR]) - [선택01_바른곡물효소 누룽지맛 2박스]
2023-07-14 14:42:56.485 TRACE 82809 --- [    Test worker] o.h.type.descriptor.sql.BasicExtractor   : extracted value ([price3_2_] : [INTEGER]) - [17900]
2023-07-14 14:42:56.485 TRACE 82809 --- [    Test worker] o.h.type.descriptor.sql.BasicExtractor   : extracted value ([product_4_2_] : [INTEGER]) - [null]
2023-07-14 14:42:56.485 TRACE 82809 --- [    Test worker] o.h.type.descriptor.sql.BasicExtractor   : extracted value ([id1_2_] : [INTEGER]) - [160]
2023-07-14 14:42:56.485 TRACE 82809 --- [    Test worker] o.h.type.descriptor.sql.BasicExtractor   : extracted value ([option_n2_2_] : [VARCHAR]) - [선택02_바른곡물효소누룽지맛 6박스]
2023-07-14 14:42:56.485 TRACE 82809 --- [    Test worker] o.h.type.descriptor.sql.BasicExtractor   : extracted value ([price3_2_] : [INTEGER]) - [50000]
2023-07-14 14:42:56.485 TRACE 82809 --- [    Test worker] o.h.type.descriptor.sql.BasicExtractor   : extracted value ([product_4_2_] : [INTEGER]) - [null]
2023-07-14 14:42:56.485 TRACE 82809 --- [    Test worker] o.h.type.descriptor.sql.BasicExtractor   : extracted value ([id1_2_] : [INTEGER]) - [161]
2023-07-14 14:42:56.485 TRACE 82809 --- [    Test worker] o.h.type.descriptor.sql.BasicExtractor   : extracted value ([option_n2_2_] : [VARCHAR]) - [선택03_바른곡물효소3박스+유산균효소3박스]
2023-07-14 14:42:56.485 TRACE 82809 --- [    Test worker] o.h.type.descriptor.sql.BasicExtractor   : extracted value ([price3_2_] : [INTEGER]) - [50000]
2023-07-14 14:42:56.485 TRACE 82809 --- [    Test worker] o.h.type.descriptor.sql.BasicExtractor   : extracted value ([product_4_2_] : [INTEGER]) - [null]
2023-07-14 14:42:56.485 TRACE 82809 --- [    Test worker] o.h.type.descriptor.sql.BasicExtractor   : extracted value ([id1_2_] : [INTEGER]) - [162]
2023-07-14 14:42:56.485 TRACE 82809 --- [    Test worker] o.h.type.descriptor.sql.BasicExtractor   : extracted value ([option_n2_2_] : [VARCHAR]) - [선택04_바른곡물효소3박스+19종유산균3박스]
2023-07-14 14:42:56.485 TRACE 82809 --- [    Test worker] o.h.type.descriptor.sql.BasicExtractor   : extracted value ([price3_2_] : [INTEGER]) - [50000]
2023-07-14 14:42:56.485 TRACE 82809 --- [    Test worker] o.h.type.descriptor.sql.BasicExtractor   : extracted value ([product_4_2_] : [INTEGER]) - [null]
2023-07-14 14:42:56.485 TRACE 82809 --- [    Test worker] o.h.type.descriptor.sql.BasicExtractor   : extracted value ([id1_2_] : [INTEGER]) - [163]
2023-07-14 14:42:56.485 TRACE 82809 --- [    Test worker] o.h.type.descriptor.sql.BasicExtractor   : extracted value ([option_n2_2_] : [VARCHAR]) - [01. 말랑컷팅장족 100g]
2023-07-14 14:42:56.485 TRACE 82809 --- [    Test worker] o.h.type.descriptor.sql.BasicExtractor   : extracted value ([price3_2_] : [INTEGER]) - [4900]
2023-07-14 14:42:56.485 TRACE 82809 --- [    Test worker] o.h.type.descriptor.sql.BasicExtractor   : extracted value ([product_4_2_] : [INTEGER]) - [null]
2023-07-14 14:42:56.485 TRACE 82809 --- [    Test worker] o.h.type.descriptor.sql.BasicExtractor   : extracted value ([id1_2_] : [INTEGER]) - [164]
2023-07-14 14:42:56.485 TRACE 82809 --- [    Test worker] o.h.type.descriptor.sql.BasicExtractor   : extracted value ([option_n2_2_] : [VARCHAR]) - [02. 말랑컷팅장족 300g]
2023-07-14 14:42:56.485 TRACE 82809 --- [    Test worker] o.h.type.descriptor.sql.BasicExtractor   : extracted value ([price3_2_] : [INTEGER]) - [12800]
2023-07-14 14:42:56.485 TRACE 82809 --- [    Test worker] o.h.type.descriptor.sql.BasicExtractor   : extracted value ([product_4_2_] : [INTEGER]) - [null]
2023-07-14 14:42:56.485 TRACE 82809 --- [    Test worker] o.h.type.descriptor.sql.BasicExtractor   : extracted value ([id1_2_] : [INTEGER]) - [165]
2023-07-14 14:42:56.485 TRACE 82809 --- [    Test worker] o.h.type.descriptor.sql.BasicExtractor   : extracted value ([option_n2_2_] : [VARCHAR]) - [03. 눌린장족 100g]
2023-07-14 14:42:56.485 TRACE 82809 --- [    Test worker] o.h.type.descriptor.sql.BasicExtractor   : extracted value ([price3_2_] : [INTEGER]) - [4900]
2023-07-14 14:42:56.485 TRACE 82809 --- [    Test worker] o.h.type.descriptor.sql.BasicExtractor   : extracted value ([product_4_2_] : [INTEGER]) - [null]
2023-07-14 14:42:56.485 TRACE 82809 --- [    Test worker] o.h.type.descriptor.sql.BasicExtractor   : extracted value ([id1_2_] : [INTEGER]) - [166]
2023-07-14 14:42:56.485 TRACE 82809 --- [    Test worker] o.h.type.descriptor.sql.BasicExtractor   : extracted value ([option_n2_2_] : [VARCHAR]) - [굳지않는 쑥 앙금 절편 1050g]
2023-07-14 14:42:56.485 TRACE 82809 --- [    Test worker] o.h.type.descriptor.sql.BasicExtractor   : extracted value ([price3_2_] : [INTEGER]) - [15900]
2023-07-14 14:42:56.485 TRACE 82809 --- [    Test worker] o.h.type.descriptor.sql.BasicExtractor   : extracted value ([product_4_2_] : [INTEGER]) - [null]
2023-07-14 14:42:56.485 TRACE 82809 --- [    Test worker] o.h.type.descriptor.sql.BasicExtractor   : extracted value ([id1_2_] : [INTEGER]) - [167]
2023-07-14 14:42:56.485 TRACE 82809 --- [    Test worker] o.h.type.descriptor.sql.BasicExtractor   : extracted value ([option_n2_2_] : [VARCHAR]) - [굳지않는 흑미 앙금 절편 1050g]
2023-07-14 14:42:56.485 TRACE 82809 --- [    Test worker] o.h.type.descriptor.sql.BasicExtractor   : extracted value ([price3_2_] : [INTEGER]) - [15900]
2023-07-14 14:42:56.485 TRACE 82809 --- [    Test worker] o.h.type.descriptor.sql.BasicExtractor   : extracted value ([product_4_2_] : [INTEGER]) - [null]
2023-07-14 14:42:56.486 TRACE 82809 --- [    Test worker] o.h.type.descriptor.sql.BasicExtractor   : extracted value ([id1_2_] : [INTEGER]) - [168]
2023-07-14 14:42:56.486 TRACE 82809 --- [    Test worker] o.h.type.descriptor.sql.BasicExtractor   : extracted value ([option_n2_2_] : [VARCHAR]) - [굳지않는 흰 가래떡 1050g]
2023-07-14 14:42:56.486 TRACE 82809 --- [    Test worker] o.h.type.descriptor.sql.BasicExtractor   : extracted value ([price3_2_] : [INTEGER]) - [15900]
2023-07-14 14:42:56.486 TRACE 82809 --- [    Test worker] o.h.type.descriptor.sql.BasicExtractor   : extracted value ([product_4_2_] : [INTEGER]) - [null]
2023-07-14 14:42:56.486 TRACE 82809 --- [    Test worker] o.h.type.descriptor.sql.BasicExtractor   : extracted value ([id1_2_] : [INTEGER]) - [169]
2023-07-14 14:42:56.486 TRACE 82809 --- [    Test worker] o.h.type.descriptor.sql.BasicExtractor   : extracted value ([option_n2_2_] : [VARCHAR]) - [이너딜리티 1박스]
2023-07-14 14:42:56.486 TRACE 82809 --- [    Test worker] o.h.type.descriptor.sql.BasicExtractor   : extracted value ([price3_2_] : [INTEGER]) - [26800]
2023-07-14 14:42:56.486 TRACE 82809 --- [    Test worker] o.h.type.descriptor.sql.BasicExtractor   : extracted value ([product_4_2_] : [INTEGER]) - [null]
2023-07-14 14:42:56.486 TRACE 82809 --- [    Test worker] o.h.type.descriptor.sql.BasicExtractor   : extracted value ([id1_2_] : [INTEGER]) - [170]
2023-07-14 14:42:56.486 TRACE 82809 --- [    Test worker] o.h.type.descriptor.sql.BasicExtractor   : extracted value ([option_n2_2_] : [VARCHAR]) - [이너딜리티 2박스+사은품 2종]
2023-07-14 14:42:56.486 TRACE 82809 --- [    Test worker] o.h.type.descriptor.sql.BasicExtractor   : extracted value ([price3_2_] : [INTEGER]) - [49800]
2023-07-14 14:42:56.486 TRACE 82809 --- [    Test worker] o.h.type.descriptor.sql.BasicExtractor   : extracted value ([product_4_2_] : [INTEGER]) - [null]
2023-07-14 14:42:56.486 TRACE 82809 --- [    Test worker] o.h.type.descriptor.sql.BasicExtractor   : extracted value ([id1_2_] : [INTEGER]) - [171]
2023-07-14 14:42:56.486 TRACE 82809 --- [    Test worker] o.h.type.descriptor.sql.BasicExtractor   : extracted value ([option_n2_2_] : [VARCHAR]) - [제나벨 PDRN 자생크림 1+1]
2023-07-14 14:42:56.486 TRACE 82809 --- [    Test worker] o.h.type.descriptor.sql.BasicExtractor   : extracted value ([price3_2_] : [INTEGER]) - [25900]
2023-07-14 14:42:56.486 TRACE 82809 --- [    Test worker] o.h.type.descriptor.sql.BasicExtractor   : extracted value ([product_4_2_] : [INTEGER]) - [null]
2023-07-14 14:42:56.486 TRACE 82809 --- [    Test worker] o.h.type.descriptor.sql.BasicExtractor   : extracted value ([id1_2_] : [INTEGER]) - [172]
2023-07-14 14:42:56.486 TRACE 82809 --- [    Test worker] o.h.type.descriptor.sql.BasicExtractor   : extracted value ([option_n2_2_] : [VARCHAR]) - [플레이스테이션 VR2 호라이즌 번들]
2023-07-14 14:42:56.486 TRACE 82809 --- [    Test worker] o.h.type.descriptor.sql.BasicExtractor   : extracted value ([price3_2_] : [INTEGER]) - [839000]
2023-07-14 14:42:56.486 TRACE 82809 --- [    Test worker] o.h.type.descriptor.sql.BasicExtractor   : extracted value ([product_4_2_] : [INTEGER]) - [null]
2023-07-14 14:42:56.486 TRACE 82809 --- [    Test worker] o.h.type.descriptor.sql.BasicExtractor   : extracted value ([id1_2_] : [INTEGER]) - [173]
2023-07-14 14:42:56.486 TRACE 82809 --- [    Test worker] o.h.type.descriptor.sql.BasicExtractor   : extracted value ([option_n2_2_] : [VARCHAR]) - [플레이스테이션 VR2]
2023-07-14 14:42:56.486 TRACE 82809 --- [    Test worker] o.h.type.descriptor.sql.BasicExtractor   : extracted value ([price3_2_] : [INTEGER]) - [797000]
2023-07-14 14:42:56.486 TRACE 82809 --- [    Test worker] o.h.type.descriptor.sql.BasicExtractor   : extracted value ([product_4_2_] : [INTEGER]) - [null]
2023-07-14 14:42:56.486 TRACE 82809 --- [    Test worker] o.h.type.descriptor.sql.BasicExtractor   : extracted value ([id1_2_] : [INTEGER]) - [174]
2023-07-14 14:42:56.486 TRACE 82809 --- [    Test worker] o.h.type.descriptor.sql.BasicExtractor   : extracted value ([option_n2_2_] : [VARCHAR]) - [홍가리비2kg(50미이내)]
2023-07-14 14:42:56.486 TRACE 82809 --- [    Test worker] o.h.type.descriptor.sql.BasicExtractor   : extracted value ([price3_2_] : [INTEGER]) - [8900]
2023-07-14 14:42:56.486 TRACE 82809 --- [    Test worker] o.h.type.descriptor.sql.BasicExtractor   : extracted value ([product_4_2_] : [INTEGER]) - [null]
2023-07-14 14:42:56.486 TRACE 82809 --- [    Test worker] o.h.type.descriptor.sql.BasicExtractor   : extracted value ([id1_2_] : [INTEGER]) - [175]
2023-07-14 14:42:56.486 TRACE 82809 --- [    Test worker] o.h.type.descriptor.sql.BasicExtractor   : extracted value ([option_n2_2_] : [VARCHAR]) - [궁채 절임 1kg]
2023-07-14 14:42:56.486 TRACE 82809 --- [    Test worker] o.h.type.descriptor.sql.BasicExtractor   : extracted value ([price3_2_] : [INTEGER]) - [6900]
2023-07-14 14:42:56.486 TRACE 82809 --- [    Test worker] o.h.type.descriptor.sql.BasicExtractor   : extracted value ([product_4_2_] : [INTEGER]) - [null]
2023-07-14 14:42:56.486 TRACE 82809 --- [    Test worker] o.h.type.descriptor.sql.BasicExtractor   : extracted value ([id1_2_] : [INTEGER]) - [176]
2023-07-14 14:42:56.486 TRACE 82809 --- [    Test worker] o.h.type.descriptor.sql.BasicExtractor   : extracted value ([option_n2_2_] : [VARCHAR]) - [양념 깻잎 1kg]
2023-07-14 14:42:56.486 TRACE 82809 --- [    Test worker] o.h.type.descriptor.sql.BasicExtractor   : extracted value ([price3_2_] : [INTEGER]) - [8900]
2023-07-14 14:42:56.486 TRACE 82809 --- [    Test worker] o.h.type.descriptor.sql.BasicExtractor   : extracted value ([product_4_2_] : [INTEGER]) - [null]
2023-07-14 14:42:56.486 TRACE 82809 --- [    Test worker] o.h.type.descriptor.sql.BasicExtractor   : extracted value ([id1_2_] : [INTEGER]) - [177]
2023-07-14 14:42:56.486 TRACE 82809 --- [    Test worker] o.h.type.descriptor.sql.BasicExtractor   : extracted value ([option_n2_2_] : [VARCHAR]) - [된장 깻잎 1kg]
2023-07-14 14:42:56.486 TRACE 82809 --- [    Test worker] o.h.type.descriptor.sql.BasicExtractor   : extracted value ([price3_2_] : [INTEGER]) - [8900]
2023-07-14 14:42:56.486 TRACE 82809 --- [    Test worker] o.h.type.descriptor.sql.BasicExtractor   : extracted value ([product_4_2_] : [INTEGER]) - [null]
2023-07-14 14:42:56.486 TRACE 82809 --- [    Test worker] o.h.type.descriptor.sql.BasicExtractor   : extracted value ([id1_2_] : [INTEGER]) - [178]
2023-07-14 14:42:56.486 TRACE 82809 --- [    Test worker] o.h.type.descriptor.sql.BasicExtractor   : extracted value ([option_n2_2_] : [VARCHAR]) - [간장 깻잎 1kg]
2023-07-14 14:42:56.486 TRACE 82809 --- [    Test worker] o.h.type.descriptor.sql.BasicExtractor   : extracted value ([price3_2_] : [INTEGER]) - [7900]
2023-07-14 14:42:56.486 TRACE 82809 --- [    Test worker] o.h.type.descriptor.sql.BasicExtractor   : extracted value ([product_4_2_] : [INTEGER]) - [null]
2023-07-14 14:42:56.486 TRACE 82809 --- [    Test worker] o.h.type.descriptor.sql.BasicExtractor   : extracted value ([id1_2_] : [INTEGER]) - [179]
2023-07-14 14:42:56.486 TRACE 82809 --- [    Test worker] o.h.type.descriptor.sql.BasicExtractor   : extracted value ([option_n2_2_] : [VARCHAR]) - [고추 무침 1kg]
2023-07-14 14:42:56.486 TRACE 82809 --- [    Test worker] o.h.type.descriptor.sql.BasicExtractor   : extracted value ([price3_2_] : [INTEGER]) - [8900]
2023-07-14 14:42:56.486 TRACE 82809 --- [    Test worker] o.h.type.descriptor.sql.BasicExtractor   : extracted value ([product_4_2_] : [INTEGER]) - [null]
2023-07-14 14:42:56.486 TRACE 82809 --- [    Test worker] o.h.type.descriptor.sql.BasicExtractor   : extracted value ([id1_2_] : [INTEGER]) - [180]
2023-07-14 14:42:56.486 TRACE 82809 --- [    Test worker] o.h.type.descriptor.sql.BasicExtractor   : extracted value ([option_n2_2_] : [VARCHAR]) - [파래 무침 1kg]
2023-07-14 14:42:56.486 TRACE 82809 --- [    Test worker] o.h.type.descriptor.sql.BasicExtractor   : extracted value ([price3_2_] : [INTEGER]) - [9900]
2023-07-14 14:42:56.486 TRACE 82809 --- [    Test worker] o.h.type.descriptor.sql.BasicExtractor   : extracted value ([product_4_2_] : [INTEGER]) - [null]
2023-07-14 14:42:56.486 TRACE 82809 --- [    Test worker] o.h.type.descriptor.sql.BasicExtractor   : extracted value ([id1_2_] : [INTEGER]) - [181]
2023-07-14 14:42:56.486 TRACE 82809 --- [    Test worker] o.h.type.descriptor.sql.BasicExtractor   : extracted value ([option_n2_2_] : [VARCHAR]) - [01_순수소프트 27m 30롤 2팩]
2023-07-14 14:42:56.486 TRACE 82809 --- [    Test worker] o.h.type.descriptor.sql.BasicExtractor   : extracted value ([price3_2_] : [INTEGER]) - [28900]
2023-07-14 14:42:56.486 TRACE 82809 --- [    Test worker] o.h.type.descriptor.sql.BasicExtractor   : extracted value ([product_4_2_] : [INTEGER]) - [null]
2023-07-14 14:42:56.486 TRACE 82809 --- [    Test worker] o.h.type.descriptor.sql.BasicExtractor   : extracted value ([id1_2_] : [INTEGER]) - [182]
2023-07-14 14:42:56.486 TRACE 82809 --- [    Test worker] o.h.type.descriptor.sql.BasicExtractor   : extracted value ([option_n2_2_] : [VARCHAR]) - [02_벚꽃 프리미엄 27m 30롤 2팩]
2023-07-14 14:42:56.486 TRACE 82809 --- [    Test worker] o.h.type.descriptor.sql.BasicExtractor   : extracted value ([price3_2_] : [INTEGER]) - [32900]
2023-07-14 14:42:56.487 TRACE 82809 --- [    Test worker] o.h.type.descriptor.sql.BasicExtractor   : extracted value ([product_4_2_] : [INTEGER]) - [null]
2023-07-14 14:42:56.487 TRACE 82809 --- [    Test worker] o.h.type.descriptor.sql.BasicExtractor   : extracted value ([id1_2_] : [INTEGER]) - [183]
2023-07-14 14:42:56.487 TRACE 82809 --- [    Test worker] o.h.type.descriptor.sql.BasicExtractor   : extracted value ([option_n2_2_] : [VARCHAR]) - [(증정) 초미세모 칫솔 12개 x 2개]
2023-07-14 14:42:56.487 TRACE 82809 --- [    Test worker] o.h.type.descriptor.sql.BasicExtractor   : extracted value ([price3_2_] : [INTEGER]) - [11900]
2023-07-14 14:42:56.487 TRACE 82809 --- [    Test worker] o.h.type.descriptor.sql.BasicExtractor   : extracted value ([product_4_2_] : [INTEGER]) - [null]
2023-07-14 14:42:56.487 TRACE 82809 --- [    Test worker] o.h.type.descriptor.sql.BasicExtractor   : extracted value ([id1_2_] : [INTEGER]) - [184]
2023-07-14 14:42:56.487 TRACE 82809 --- [    Test worker] o.h.type.descriptor.sql.BasicExtractor   : extracted value ([option_n2_2_] : [VARCHAR]) - [(증정) 잇몸케어 치약 100G 3개 x 2개]
2023-07-14 14:42:56.487 TRACE 82809 --- [    Test worker] o.h.type.descriptor.sql.BasicExtractor   : extracted value ([price3_2_] : [INTEGER]) - [16900]
2023-07-14 14:42:56.487 TRACE 82809 --- [    Test worker] o.h.type.descriptor.sql.BasicExtractor   : extracted value ([product_4_2_] : [INTEGER]) - [null]
2023-07-14 14:42:56.487 TRACE 82809 --- [    Test worker] o.h.type.descriptor.sql.BasicExtractor   : extracted value ([id1_2_] : [INTEGER]) - [185]
2023-07-14 14:42:56.487 TRACE 82809 --- [    Test worker] o.h.type.descriptor.sql.BasicExtractor   : extracted value ([option_n2_2_] : [VARCHAR]) - [(증정) 구취케어 치약 100G 3개 x 2개]
2023-07-14 14:42:56.487 TRACE 82809 --- [    Test worker] o.h.type.descriptor.sql.BasicExtractor   : extracted value ([price3_2_] : [INTEGER]) - [16900]
2023-07-14 14:42:56.487 TRACE 82809 --- [    Test worker] o.h.type.descriptor.sql.BasicExtractor   : extracted value ([product_4_2_] : [INTEGER]) - [null]
2023-07-14 14:42:56.487 TRACE 82809 --- [    Test worker] o.h.type.descriptor.sql.BasicExtractor   : extracted value ([id1_2_] : [INTEGER]) - [186]
2023-07-14 14:42:56.487 TRACE 82809 --- [    Test worker] o.h.type.descriptor.sql.BasicExtractor   : extracted value ([option_n2_2_] : [VARCHAR]) - [(증정)화이트케어 치약 100G 3개 x 2개]
2023-07-14 14:42:56.487 TRACE 82809 --- [    Test worker] o.h.type.descriptor.sql.BasicExtractor   : extracted value ([price3_2_] : [INTEGER]) - [19900]
2023-07-14 14:42:56.487 TRACE 82809 --- [    Test worker] o.h.type.descriptor.sql.BasicExtractor   : extracted value ([product_4_2_] : [INTEGER]) - [null]
2023-07-14 14:42:56.487 TRACE 82809 --- [    Test worker] o.h.type.descriptor.sql.BasicExtractor   : extracted value ([id1_2_] : [INTEGER]) - [187]
2023-07-14 14:42:56.487 TRACE 82809 --- [    Test worker] o.h.type.descriptor.sql.BasicExtractor   : extracted value ([option_n2_2_] : [VARCHAR]) - [(증정) 어린이 칫솔 12EA]
2023-07-14 14:42:56.487 TRACE 82809 --- [    Test worker] o.h.type.descriptor.sql.BasicExtractor   : extracted value ([price3_2_] : [INTEGER]) - [9900]
2023-07-14 14:42:56.487 TRACE 82809 --- [    Test worker] o.h.type.descriptor.sql.BasicExtractor   : extracted value ([product_4_2_] : [INTEGER]) - [null]
2023-07-14 14:42:56.487 TRACE 82809 --- [    Test worker] o.h.type.descriptor.sql.BasicExtractor   : extracted value ([id1_2_] : [INTEGER]) - [188]
2023-07-14 14:42:56.487 TRACE 82809 --- [    Test worker] o.h.type.descriptor.sql.BasicExtractor   : extracted value ([option_n2_2_] : [VARCHAR]) - [[가정용] 샤인머스켓 1kg 2수내외]
2023-07-14 14:42:56.487 TRACE 82809 --- [    Test worker] o.h.type.descriptor.sql.BasicExtractor   : extracted value ([price3_2_] : [INTEGER]) - [9900]
2023-07-14 14:42:56.487 TRACE 82809 --- [    Test worker] o.h.type.descriptor.sql.BasicExtractor   : extracted value ([product_4_2_] : [INTEGER]) - [null]
2023-07-14 14:42:56.487 TRACE 82809 --- [    Test worker] o.h.type.descriptor.sql.BasicExtractor   : extracted value ([id1_2_] : [INTEGER]) - [189]
2023-07-14 14:42:56.487 TRACE 82809 --- [    Test worker] o.h.type.descriptor.sql.BasicExtractor   : extracted value ([option_n2_2_] : [VARCHAR]) - [[특품] 샤인머스켓 1kg 1-2수]
2023-07-14 14:42:56.487 TRACE 82809 --- [    Test worker] o.h.type.descriptor.sql.BasicExtractor   : extracted value ([price3_2_] : [INTEGER]) - [12900]
2023-07-14 14:42:56.487 TRACE 82809 --- [    Test worker] o.h.type.descriptor.sql.BasicExtractor   : extracted value ([product_4_2_] : [INTEGER]) - [null]
2023-07-14 14:42:56.487 TRACE 82809 --- [    Test worker] o.h.type.descriptor.sql.BasicExtractor   : extracted value ([id1_2_] : [INTEGER]) - [190]
2023-07-14 14:42:56.487 TRACE 82809 --- [    Test worker] o.h.type.descriptor.sql.BasicExtractor   : extracted value ([option_n2_2_] : [VARCHAR]) - [[특품] 샤인머스켓 2kg 2-3수]
2023-07-14 14:42:56.487 TRACE 82809 --- [    Test worker] o.h.type.descriptor.sql.BasicExtractor   : extracted value ([price3_2_] : [INTEGER]) - [23900]
2023-07-14 14:42:56.487 TRACE 82809 --- [    Test worker] o.h.type.descriptor.sql.BasicExtractor   : extracted value ([product_4_2_] : [INTEGER]) - [null]
2023-07-14 14:42:56.487 TRACE 82809 --- [    Test worker] o.h.type.descriptor.sql.BasicExtractor   : extracted value ([id1_2_] : [INTEGER]) - [191]
2023-07-14 14:42:56.487 TRACE 82809 --- [    Test worker] o.h.type.descriptor.sql.BasicExtractor   : extracted value ([option_n2_2_] : [VARCHAR]) - [화이트]
2023-07-14 14:42:56.487 TRACE 82809 --- [    Test worker] o.h.type.descriptor.sql.BasicExtractor   : extracted value ([price3_2_] : [INTEGER]) - [148000]
2023-07-14 14:42:56.487 TRACE 82809 --- [    Test worker] o.h.type.descriptor.sql.BasicExtractor   : extracted value ([product_4_2_] : [INTEGER]) - [null]
2023-07-14 14:42:56.487 TRACE 82809 --- [    Test worker] o.h.type.descriptor.sql.BasicExtractor   : extracted value ([id1_2_] : [INTEGER]) - [192]
2023-07-14 14:42:56.487 TRACE 82809 --- [    Test worker] o.h.type.descriptor.sql.BasicExtractor   : extracted value ([option_n2_2_] : [VARCHAR]) - [블랙]
2023-07-14 14:42:56.488 TRACE 82809 --- [    Test worker] o.h.type.descriptor.sql.BasicExtractor   : extracted value ([price3_2_] : [INTEGER]) - [148000]
2023-07-14 14:42:56.488 TRACE 82809 --- [    Test worker] o.h.type.descriptor.sql.BasicExtractor   : extracted value ([product_4_2_] : [INTEGER]) - [null]
2023-07-14 14:42:56.490  INFO 82809 --- [    Test worker] o.s.t.c.transaction.TransactionContext   : Rolled back transaction for test: [DefaultTestContext@3382f8ae testClass = CartJPARepositoryTest, testInstance = com.example.kakao.cart.CartJPARepositoryTest@329aa2d1, testMethod = deleteTest@CartJPARepositoryTest, testException = org.springframework.dao.EmptyResultDataAccessException: No class com.example.kakao.cart.Cart entity with id 1 exists!, mergedContextConfiguration = [MergedContextConfiguration@60641ec8 testClass = CartJPARepositoryTest, locations = '{}', classes = '{class com.example.kakao.KakaoApplication}', contextInitializerClasses = '[]', activeProfiles = '{}', propertySourceLocations = '{}', propertySourceProperties = '{org.springframework.boot.test.autoconfigure.orm.jpa.DataJpaTestContextBootstrapper=true}', contextCustomizers = set[org.springframework.boot.test.autoconfigure.OverrideAutoConfigurationContextCustomizerFactory$DisableAutoConfigurationContextCustomizer@42039326, org.springframework.boot.test.autoconfigure.actuate.metrics.MetricsExportContextCustomizerFactory$DisableMetricExportContextCustomizer@63787180, org.springframework.boot.test.autoconfigure.filter.TypeExcludeFiltersContextCustomizer@351584c0, org.springframework.boot.test.autoconfigure.properties.PropertyMappingContextCustomizer@61a7cd69, org.springframework.boot.test.autoconfigure.web.servlet.WebDriverContextCustomizerFactory$Customizer@5a18cd76, [ImportsContextCustomizer@75f65e45 key = [org.springframework.boot.autoconfigure.cache.CacheAutoConfiguration, org.springframework.boot.autoconfigure.data.jpa.JpaRepositoriesAutoConfiguration, org.springframework.boot.autoconfigure.flyway.FlywayAutoConfiguration, org.springframework.boot.autoconfigure.jdbc.DataSourceAutoConfiguration, org.springframework.boot.autoconfigure.jdbc.DataSourceTransactionManagerAutoConfiguration, org.springframework.boot.autoconfigure.jdbc.JdbcTemplateAutoConfiguration, org.springframework.boot.autoconfigure.liquibase.LiquibaseAutoConfiguration, org.springframework.boot.autoconfigure.orm.jpa.HibernateJpaAutoConfiguration, org.springframework.boot.autoconfigure.sql.init.SqlInitializationAutoConfiguration, org.springframework.boot.autoconfigure.transaction.TransactionAutoConfiguration, org.springframework.boot.test.autoconfigure.jdbc.TestDatabaseAutoConfiguration, org.springframework.boot.test.autoconfigure.orm.jpa.TestEntityManagerAutoConfiguration]], org.springframework.boot.test.context.filter.ExcludeFilterContextCustomizer@16c63f5, org.springframework.boot.test.json.DuplicateJsonObjectContextCustomizerFactory$DuplicateJsonObjectContextCustomizer@b1712f3, org.springframework.boot.test.mock.mockito.MockitoContextCustomizer@0, org.springframework.boot.test.context.SpringBootTestArgs@1, org.springframework.boot.test.context.SpringBootTestWebEnvironment@0], contextLoader = 'org.springframework.boot.test.context.SpringBootContextLoader', parent = [null]], attributes = map['org.springframework.test.context.event.ApplicationEventsTestExecutionListener.recordApplicationEvents' -> false]]
]]></system-out>
  <system-err><![CDATA[]]></system-err>
</testsuite>
