<?xml version="1.0" encoding="UTF-8"?>
<testsuite name="Cart Repository Test" tests="1" skipped="0" failures="0" errors="0" timestamp="2023-07-14T00:48:45" hostname="mac.local" time="0.225">
  <properties/>
  <testcase name="insert cart test" classname="com.example.kakao.cart.CartJPARepositoryTest" time="0.225"/>
  <system-out><![CDATA[09:48:43.647 [Test worker] DEBUG org.springframework.test.context.BootstrapUtils - Instantiating CacheAwareContextLoaderDelegate from class [org.springframework.test.context.cache.DefaultCacheAwareContextLoaderDelegate]
09:48:43.651 [Test worker] DEBUG org.springframework.test.context.BootstrapUtils - Instantiating BootstrapContext using constructor [public org.springframework.test.context.support.DefaultBootstrapContext(java.lang.Class,org.springframework.test.context.CacheAwareContextLoaderDelegate)]
09:48:43.665 [Test worker] DEBUG org.springframework.test.context.BootstrapUtils - Instantiating TestContextBootstrapper for test class [com.example.kakao.cart.CartJPARepositoryTest] from class [org.springframework.boot.test.autoconfigure.orm.jpa.DataJpaTestContextBootstrapper]
09:48:43.670 [Test worker] INFO org.springframework.boot.test.autoconfigure.orm.jpa.DataJpaTestContextBootstrapper - Neither @ContextConfiguration nor @ContextHierarchy found for test class [com.example.kakao.cart.CartJPARepositoryTest], using SpringBootContextLoader
09:48:43.671 [Test worker] DEBUG org.springframework.test.context.support.AbstractContextLoader - Did not detect default resource location for test class [com.example.kakao.cart.CartJPARepositoryTest]: class path resource [com/example/kakao/cart/CartJPARepositoryTest-context.xml] does not exist
09:48:43.671 [Test worker] DEBUG org.springframework.test.context.support.AbstractContextLoader - Did not detect default resource location for test class [com.example.kakao.cart.CartJPARepositoryTest]: class path resource [com/example/kakao/cart/CartJPARepositoryTestContext.groovy] does not exist
09:48:43.671 [Test worker] INFO org.springframework.test.context.support.AbstractContextLoader - Could not detect default resource locations for test class [com.example.kakao.cart.CartJPARepositoryTest]: no resource found for suffixes {-context.xml, Context.groovy}.
09:48:43.671 [Test worker] INFO org.springframework.test.context.support.AnnotationConfigContextLoaderUtils - Could not detect default configuration classes for test class [com.example.kakao.cart.CartJPARepositoryTest]: CartJPARepositoryTest does not declare any static, non-private, non-final, nested classes annotated with @Configuration.
09:48:43.700 [Test worker] DEBUG org.springframework.test.context.support.ActiveProfilesUtils - Could not find an 'annotation declaring class' for annotation type [org.springframework.test.context.ActiveProfiles] and class [com.example.kakao.cart.CartJPARepositoryTest]
09:48:43.727 [Test worker] DEBUG org.springframework.context.annotation.ClassPathScanningCandidateComponentProvider - Identified candidate component class: file [/Users/seokjun/Desktop/github/step2-BE-kakao-shop/week3/kakao-jpa/build/classes/java/main/com/example/kakao/KakaoApplication.class]
09:48:43.727 [Test worker] INFO org.springframework.boot.test.context.SpringBootTestContextBootstrapper - Found @SpringBootConfiguration com.example.kakao.KakaoApplication for test class com.example.kakao.cart.CartJPARepositoryTest
09:48:43.728 [Test worker] DEBUG org.springframework.boot.test.autoconfigure.orm.jpa.DataJpaTestContextBootstrapper - @TestExecutionListeners is not present for class [com.example.kakao.cart.CartJPARepositoryTest]: using defaults.
09:48:43.728 [Test worker] INFO org.springframework.boot.test.autoconfigure.orm.jpa.DataJpaTestContextBootstrapper - Loaded default TestExecutionListener class names from location [META-INF/spring.factories]: [org.springframework.security.test.context.support.WithSecurityContextTestExecutionListener, org.springframework.security.test.context.support.ReactorContextTestExecutionListener, org.springframework.boot.test.autoconfigure.restdocs.RestDocsTestExecutionListener, org.springframework.boot.test.autoconfigure.web.client.MockRestServiceServerResetTestExecutionListener, org.springframework.boot.test.autoconfigure.web.servlet.MockMvcPrintOnlyOnFailureTestExecutionListener, org.springframework.boot.test.autoconfigure.web.servlet.WebDriverTestExecutionListener, org.springframework.boot.test.autoconfigure.webservices.client.MockWebServiceServerTestExecutionListener, org.springframework.boot.test.mock.mockito.MockitoTestExecutionListener, org.springframework.boot.test.mock.mockito.ResetMocksTestExecutionListener, org.springframework.test.context.web.ServletTestExecutionListener, org.springframework.test.context.support.DirtiesContextBeforeModesTestExecutionListener, org.springframework.test.context.event.ApplicationEventsTestExecutionListener, org.springframework.test.context.support.DependencyInjectionTestExecutionListener, org.springframework.test.context.support.DirtiesContextTestExecutionListener, org.springframework.test.context.transaction.TransactionalTestExecutionListener, org.springframework.test.context.jdbc.SqlScriptsTestExecutionListener, org.springframework.test.context.event.EventPublishingTestExecutionListener]
09:48:43.736 [Test worker] INFO org.springframework.boot.test.autoconfigure.orm.jpa.DataJpaTestContextBootstrapper - Using TestExecutionListeners: [org.springframework.test.context.web.ServletTestExecutionListener@4044fb95, org.springframework.test.context.support.DirtiesContextBeforeModesTestExecutionListener@aa549e5, org.springframework.test.context.event.ApplicationEventsTestExecutionListener@36f48b4, org.springframework.boot.test.mock.mockito.MockitoTestExecutionListener@5c00384f, org.springframework.boot.test.autoconfigure.SpringBootDependencyInjectionTestExecutionListener@3b7ff809, org.springframework.test.context.support.DirtiesContextTestExecutionListener@1bb564e2, org.springframework.test.context.transaction.TransactionalTestExecutionListener@62e6b5c8, org.springframework.test.context.jdbc.SqlScriptsTestExecutionListener@3f792b9b, org.springframework.security.test.context.support.WithSecurityContextTestExecutionListener@7b8233cd, org.springframework.test.context.event.EventPublishingTestExecutionListener@4b20ca2b, org.springframework.security.test.context.support.ReactorContextTestExecutionListener@1cbf6e72, org.springframework.boot.test.autoconfigure.restdocs.RestDocsTestExecutionListener@6aecbb8d, org.springframework.boot.test.autoconfigure.web.client.MockRestServiceServerResetTestExecutionListener@1af146, org.springframework.boot.test.autoconfigure.web.servlet.MockMvcPrintOnlyOnFailureTestExecutionListener@4da602fc, org.springframework.boot.test.autoconfigure.web.servlet.WebDriverTestExecutionListener@2a8d39c4, org.springframework.boot.test.autoconfigure.webservices.client.MockWebServiceServerTestExecutionListener@25b2cfcb, org.springframework.boot.test.mock.mockito.ResetMocksTestExecutionListener@72758afa]
09:48:43.737 [Test worker] DEBUG org.springframework.test.context.support.AbstractDirtiesContextTestExecutionListener - Before test class: context [DefaultTestContext@5c8eee0f testClass = CartJPARepositoryTest, testInstance = [null], testMethod = [null], testException = [null], mergedContextConfiguration = [MergedContextConfiguration@565b064f testClass = CartJPARepositoryTest, locations = '{}', classes = '{class com.example.kakao.KakaoApplication}', contextInitializerClasses = '[]', activeProfiles = '{}', propertySourceLocations = '{}', propertySourceProperties = '{org.springframework.boot.test.autoconfigure.orm.jpa.DataJpaTestContextBootstrapper=true}', contextCustomizers = set[org.springframework.boot.test.autoconfigure.OverrideAutoConfigurationContextCustomizerFactory$DisableAutoConfigurationContextCustomizer@4b6e2263, org.springframework.boot.test.autoconfigure.actuate.metrics.MetricsExportContextCustomizerFactory$DisableMetricExportContextCustomizer@2a62b5bc, org.springframework.boot.test.autoconfigure.filter.TypeExcludeFiltersContextCustomizer@351584c0, org.springframework.boot.test.autoconfigure.properties.PropertyMappingContextCustomizer@84c418f0, org.springframework.boot.test.autoconfigure.web.servlet.WebDriverContextCustomizerFactory$Customizer@4f25b795, [ImportsContextCustomizer@26425897 key = [org.springframework.boot.autoconfigure.cache.CacheAutoConfiguration, org.springframework.boot.autoconfigure.data.jpa.JpaRepositoriesAutoConfiguration, org.springframework.boot.autoconfigure.flyway.FlywayAutoConfiguration, org.springframework.boot.autoconfigure.jdbc.DataSourceAutoConfiguration, org.springframework.boot.autoconfigure.jdbc.DataSourceTransactionManagerAutoConfiguration, org.springframework.boot.autoconfigure.jdbc.JdbcTemplateAutoConfiguration, org.springframework.boot.autoconfigure.liquibase.LiquibaseAutoConfiguration, org.springframework.boot.autoconfigure.orm.jpa.HibernateJpaAutoConfiguration, org.springframework.boot.autoconfigure.sql.init.SqlInitializationAutoConfiguration, org.springframework.boot.autoconfigure.transaction.TransactionAutoConfiguration, org.springframework.boot.test.autoconfigure.jdbc.TestDatabaseAutoConfiguration, org.springframework.boot.test.autoconfigure.orm.jpa.TestEntityManagerAutoConfiguration]], org.springframework.boot.test.context.filter.ExcludeFilterContextCustomizer@62727399, org.springframework.boot.test.json.DuplicateJsonObjectContextCustomizerFactory$DuplicateJsonObjectContextCustomizer@2654635, org.springframework.boot.test.mock.mockito.MockitoContextCustomizer@0, org.springframework.boot.test.context.SpringBootTestArgs@1, org.springframework.boot.test.context.SpringBootTestWebEnvironment@0], contextLoader = 'org.springframework.boot.test.context.SpringBootContextLoader', parent = [null]], attributes = map[[empty]]], class annotated with @DirtiesContext [false] with mode [null].

  .   ____          _            __ _ _
 /\\ / ___'_ __ _ _(_)_ __  __ _ \ \ \ \
( ( )\___ | '_ | '_| | '_ \/ _` | \ \ \ \
 \\/  ___)| |_)| | | | | || (_| |  ) ) ) )
  '  |____| .__|_| |_|_| |_\__, | / / / /
 =========|_|==============|___/=/_/_/_/
 :: Spring Boot ::                (v2.7.6)

2023-07-14 09:48:44.047  INFO 99722 --- [    Test worker] c.e.kakao.cart.CartJPARepositoryTest     : Starting CartJPARepositoryTest using Java 17.0.7 on mac.local with PID 99722 (started by seokjun in /Users/seokjun/Desktop/github/step2-BE-kakao-shop/week3/kakao-jpa)
2023-07-14 09:48:44.048 DEBUG 99722 --- [    Test worker] c.e.kakao.cart.CartJPARepositoryTest     : Running with Spring Boot v2.7.6, Spring v5.3.24
2023-07-14 09:48:44.048  INFO 99722 --- [    Test worker] c.e.kakao.cart.CartJPARepositoryTest     : The following 1 profile is active: "local"
2023-07-14 09:48:44.185  INFO 99722 --- [    Test worker] .s.d.r.c.RepositoryConfigurationDelegate : Bootstrapping Spring Data JPA repositories in DEFAULT mode.
2023-07-14 09:48:44.217  INFO 99722 --- [    Test worker] .s.d.r.c.RepositoryConfigurationDelegate : Finished Spring Data repository scanning in 28 ms. Found 6 JPA repository interfaces.
2023-07-14 09:48:44.242  INFO 99722 --- [    Test worker] beddedDataSourceBeanFactoryPostProcessor : Replacing 'dataSource' DataSource bean with embedded version
2023-07-14 09:48:44.305  INFO 99722 --- [    Test worker] o.s.j.d.e.EmbeddedDatabaseFactory        : Starting embedded database: url='jdbc:h2:mem:a154c611-3551-4bdb-ae5f-10530c88df7b;DB_CLOSE_DELAY=-1;DB_CLOSE_ON_EXIT=false', username='sa'
2023-07-14 09:48:44.422  INFO 99722 --- [    Test worker] o.hibernate.jpa.internal.util.LogHelper  : HHH000204: Processing PersistenceUnitInfo [name: default]
2023-07-14 09:48:44.441  INFO 99722 --- [    Test worker] org.hibernate.Version                    : HHH000412: Hibernate ORM core version 5.6.14.Final
2023-07-14 09:48:44.497  INFO 99722 --- [    Test worker] o.hibernate.annotations.common.Version   : HCANN000001: Hibernate Commons Annotations {5.1.2.Final}
2023-07-14 09:48:44.505 DEBUG 99722 --- [    Test worker] org.hibernate.type.BasicTypeRegistry     : Adding type registration boolean -> org.hibernate.type.BooleanType@28a6e171
2023-07-14 09:48:44.505 DEBUG 99722 --- [    Test worker] org.hibernate.type.BasicTypeRegistry     : Adding type registration boolean -> org.hibernate.type.BooleanType@28a6e171
2023-07-14 09:48:44.505 DEBUG 99722 --- [    Test worker] org.hibernate.type.BasicTypeRegistry     : Adding type registration java.lang.Boolean -> org.hibernate.type.BooleanType@28a6e171
2023-07-14 09:48:44.506 DEBUG 99722 --- [    Test worker] org.hibernate.type.BasicTypeRegistry     : Adding type registration numeric_boolean -> org.hibernate.type.NumericBooleanType@2f9b21d6
2023-07-14 09:48:44.506 DEBUG 99722 --- [    Test worker] org.hibernate.type.BasicTypeRegistry     : Adding type registration true_false -> org.hibernate.type.TrueFalseType@1f884bd6
2023-07-14 09:48:44.506 DEBUG 99722 --- [    Test worker] org.hibernate.type.BasicTypeRegistry     : Adding type registration yes_no -> org.hibernate.type.YesNoType@29013ef2
2023-07-14 09:48:44.506 DEBUG 99722 --- [    Test worker] org.hibernate.type.BasicTypeRegistry     : Adding type registration byte -> org.hibernate.type.ByteType@cc9ef8d
2023-07-14 09:48:44.506 DEBUG 99722 --- [    Test worker] org.hibernate.type.BasicTypeRegistry     : Adding type registration byte -> org.hibernate.type.ByteType@cc9ef8d
2023-07-14 09:48:44.506 DEBUG 99722 --- [    Test worker] org.hibernate.type.BasicTypeRegistry     : Adding type registration java.lang.Byte -> org.hibernate.type.ByteType@cc9ef8d
2023-07-14 09:48:44.506 DEBUG 99722 --- [    Test worker] org.hibernate.type.BasicTypeRegistry     : Adding type registration character -> org.hibernate.type.CharacterType@329dc214
2023-07-14 09:48:44.506 DEBUG 99722 --- [    Test worker] org.hibernate.type.BasicTypeRegistry     : Adding type registration char -> org.hibernate.type.CharacterType@329dc214
2023-07-14 09:48:44.507 DEBUG 99722 --- [    Test worker] org.hibernate.type.BasicTypeRegistry     : Adding type registration java.lang.Character -> org.hibernate.type.CharacterType@329dc214
2023-07-14 09:48:44.507 DEBUG 99722 --- [    Test worker] org.hibernate.type.BasicTypeRegistry     : Adding type registration short -> org.hibernate.type.ShortType@357c9bd9
2023-07-14 09:48:44.507 DEBUG 99722 --- [    Test worker] org.hibernate.type.BasicTypeRegistry     : Adding type registration short -> org.hibernate.type.ShortType@357c9bd9
2023-07-14 09:48:44.507 DEBUG 99722 --- [    Test worker] org.hibernate.type.BasicTypeRegistry     : Adding type registration java.lang.Short -> org.hibernate.type.ShortType@357c9bd9
2023-07-14 09:48:44.507 DEBUG 99722 --- [    Test worker] org.hibernate.type.BasicTypeRegistry     : Adding type registration integer -> org.hibernate.type.IntegerType@2dd63e3
2023-07-14 09:48:44.507 DEBUG 99722 --- [    Test worker] org.hibernate.type.BasicTypeRegistry     : Adding type registration int -> org.hibernate.type.IntegerType@2dd63e3
2023-07-14 09:48:44.507 DEBUG 99722 --- [    Test worker] org.hibernate.type.BasicTypeRegistry     : Adding type registration java.lang.Integer -> org.hibernate.type.IntegerType@2dd63e3
2023-07-14 09:48:44.507 DEBUG 99722 --- [    Test worker] org.hibernate.type.BasicTypeRegistry     : Adding type registration long -> org.hibernate.type.LongType@6a2d867d
2023-07-14 09:48:44.507 DEBUG 99722 --- [    Test worker] org.hibernate.type.BasicTypeRegistry     : Adding type registration long -> org.hibernate.type.LongType@6a2d867d
2023-07-14 09:48:44.508 DEBUG 99722 --- [    Test worker] org.hibernate.type.BasicTypeRegistry     : Adding type registration java.lang.Long -> org.hibernate.type.LongType@6a2d867d
2023-07-14 09:48:44.508 DEBUG 99722 --- [    Test worker] org.hibernate.type.BasicTypeRegistry     : Adding type registration float -> org.hibernate.type.FloatType@3a0aaaf0
2023-07-14 09:48:44.508 DEBUG 99722 --- [    Test worker] org.hibernate.type.BasicTypeRegistry     : Adding type registration float -> org.hibernate.type.FloatType@3a0aaaf0
2023-07-14 09:48:44.508 DEBUG 99722 --- [    Test worker] org.hibernate.type.BasicTypeRegistry     : Adding type registration java.lang.Float -> org.hibernate.type.FloatType@3a0aaaf0
2023-07-14 09:48:44.508 DEBUG 99722 --- [    Test worker] org.hibernate.type.BasicTypeRegistry     : Adding type registration double -> org.hibernate.type.DoubleType@3a3b10f4
2023-07-14 09:48:44.508 DEBUG 99722 --- [    Test worker] org.hibernate.type.BasicTypeRegistry     : Adding type registration double -> org.hibernate.type.DoubleType@3a3b10f4
2023-07-14 09:48:44.508 DEBUG 99722 --- [    Test worker] org.hibernate.type.BasicTypeRegistry     : Adding type registration java.lang.Double -> org.hibernate.type.DoubleType@3a3b10f4
2023-07-14 09:48:44.508 DEBUG 99722 --- [    Test worker] org.hibernate.type.BasicTypeRegistry     : Adding type registration big_decimal -> org.hibernate.type.BigDecimalType@691541bc
2023-07-14 09:48:44.508 DEBUG 99722 --- [    Test worker] org.hibernate.type.BasicTypeRegistry     : Adding type registration java.math.BigDecimal -> org.hibernate.type.BigDecimalType@691541bc
2023-07-14 09:48:44.509 DEBUG 99722 --- [    Test worker] org.hibernate.type.BasicTypeRegistry     : Adding type registration big_integer -> org.hibernate.type.BigIntegerType@18e4674d
2023-07-14 09:48:44.509 DEBUG 99722 --- [    Test worker] org.hibernate.type.BasicTypeRegistry     : Adding type registration java.math.BigInteger -> org.hibernate.type.BigIntegerType@18e4674d
2023-07-14 09:48:44.509 DEBUG 99722 --- [    Test worker] org.hibernate.type.BasicTypeRegistry     : Adding type registration string -> org.hibernate.type.StringType@4b03cbad
2023-07-14 09:48:44.509 DEBUG 99722 --- [    Test worker] org.hibernate.type.BasicTypeRegistry     : Adding type registration java.lang.String -> org.hibernate.type.StringType@4b03cbad
2023-07-14 09:48:44.509 DEBUG 99722 --- [    Test worker] org.hibernate.type.BasicTypeRegistry     : Adding type registration nstring -> org.hibernate.type.StringNVarcharType@4b957db0
2023-07-14 09:48:44.509 DEBUG 99722 --- [    Test worker] org.hibernate.type.BasicTypeRegistry     : Adding type registration ncharacter -> org.hibernate.type.CharacterNCharType@273fa9e
2023-07-14 09:48:44.509 DEBUG 99722 --- [    Test worker] org.hibernate.type.BasicTypeRegistry     : Adding type registration url -> org.hibernate.type.UrlType@1653b84e
2023-07-14 09:48:44.509 DEBUG 99722 --- [    Test worker] org.hibernate.type.BasicTypeRegistry     : Adding type registration java.net.URL -> org.hibernate.type.UrlType@1653b84e
2023-07-14 09:48:44.510 DEBUG 99722 --- [    Test worker] org.hibernate.type.BasicTypeRegistry     : Adding type registration Duration -> org.hibernate.type.DurationType@8fcc534
2023-07-14 09:48:44.510 DEBUG 99722 --- [    Test worker] org.hibernate.type.BasicTypeRegistry     : Adding type registration java.time.Duration -> org.hibernate.type.DurationType@8fcc534
2023-07-14 09:48:44.510 DEBUG 99722 --- [    Test worker] org.hibernate.type.BasicTypeRegistry     : Adding type registration Instant -> org.hibernate.type.InstantType@3b4086c1
2023-07-14 09:48:44.510 DEBUG 99722 --- [    Test worker] org.hibernate.type.BasicTypeRegistry     : Adding type registration java.time.Instant -> org.hibernate.type.InstantType@3b4086c1
2023-07-14 09:48:44.510 DEBUG 99722 --- [    Test worker] org.hibernate.type.BasicTypeRegistry     : Adding type registration LocalDateTime -> org.hibernate.type.LocalDateTimeType@551be9f6
2023-07-14 09:48:44.510 DEBUG 99722 --- [    Test worker] org.hibernate.type.BasicTypeRegistry     : Adding type registration java.time.LocalDateTime -> org.hibernate.type.LocalDateTimeType@551be9f6
2023-07-14 09:48:44.511 DEBUG 99722 --- [    Test worker] org.hibernate.type.BasicTypeRegistry     : Adding type registration LocalDate -> org.hibernate.type.LocalDateType@44bc2449
2023-07-14 09:48:44.511 DEBUG 99722 --- [    Test worker] org.hibernate.type.BasicTypeRegistry     : Adding type registration java.time.LocalDate -> org.hibernate.type.LocalDateType@44bc2449
2023-07-14 09:48:44.511 DEBUG 99722 --- [    Test worker] org.hibernate.type.BasicTypeRegistry     : Adding type registration LocalTime -> org.hibernate.type.LocalTimeType@26457986
2023-07-14 09:48:44.511 DEBUG 99722 --- [    Test worker] org.hibernate.type.BasicTypeRegistry     : Adding type registration java.time.LocalTime -> org.hibernate.type.LocalTimeType@26457986
2023-07-14 09:48:44.511 DEBUG 99722 --- [    Test worker] org.hibernate.type.BasicTypeRegistry     : Adding type registration OffsetDateTime -> org.hibernate.type.OffsetDateTimeType@6c742b84
2023-07-14 09:48:44.511 DEBUG 99722 --- [    Test worker] org.hibernate.type.BasicTypeRegistry     : Adding type registration java.time.OffsetDateTime -> org.hibernate.type.OffsetDateTimeType@6c742b84
2023-07-14 09:48:44.512 DEBUG 99722 --- [    Test worker] org.hibernate.type.BasicTypeRegistry     : Adding type registration OffsetTime -> org.hibernate.type.OffsetTimeType@26e0d39c
2023-07-14 09:48:44.512 DEBUG 99722 --- [    Test worker] org.hibernate.type.BasicTypeRegistry     : Adding type registration java.time.OffsetTime -> org.hibernate.type.OffsetTimeType@26e0d39c
2023-07-14 09:48:44.512 DEBUG 99722 --- [    Test worker] org.hibernate.type.BasicTypeRegistry     : Adding type registration ZonedDateTime -> org.hibernate.type.ZonedDateTimeType@6dcab9d9
2023-07-14 09:48:44.512 DEBUG 99722 --- [    Test worker] org.hibernate.type.BasicTypeRegistry     : Adding type registration java.time.ZonedDateTime -> org.hibernate.type.ZonedDateTimeType@6dcab9d9
2023-07-14 09:48:44.512 DEBUG 99722 --- [    Test worker] org.hibernate.type.BasicTypeRegistry     : Adding type registration date -> org.hibernate.type.DateType@38e83838
2023-07-14 09:48:44.512 DEBUG 99722 --- [    Test worker] org.hibernate.type.BasicTypeRegistry     : Adding type registration java.sql.Date -> org.hibernate.type.DateType@38e83838
2023-07-14 09:48:44.513 DEBUG 99722 --- [    Test worker] org.hibernate.type.BasicTypeRegistry     : Adding type registration time -> org.hibernate.type.TimeType@25791d40
2023-07-14 09:48:44.513 DEBUG 99722 --- [    Test worker] org.hibernate.type.BasicTypeRegistry     : Adding type registration java.sql.Time -> org.hibernate.type.TimeType@25791d40
2023-07-14 09:48:44.513 DEBUG 99722 --- [    Test worker] org.hibernate.type.BasicTypeRegistry     : Adding type registration timestamp -> org.hibernate.type.TimestampType@250d440
2023-07-14 09:48:44.513 DEBUG 99722 --- [    Test worker] org.hibernate.type.BasicTypeRegistry     : Adding type registration java.sql.Timestamp -> org.hibernate.type.TimestampType@250d440
2023-07-14 09:48:44.513 DEBUG 99722 --- [    Test worker] org.hibernate.type.BasicTypeRegistry     : Adding type registration java.util.Date -> org.hibernate.type.TimestampType@250d440
2023-07-14 09:48:44.513 DEBUG 99722 --- [    Test worker] org.hibernate.type.BasicTypeRegistry     : Adding type registration dbtimestamp -> org.hibernate.type.DbTimestampType@1d2fb82
2023-07-14 09:48:44.514 DEBUG 99722 --- [    Test worker] org.hibernate.type.BasicTypeRegistry     : Adding type registration calendar -> org.hibernate.type.CalendarType@40df6090
2023-07-14 09:48:44.514 DEBUG 99722 --- [    Test worker] org.hibernate.type.BasicTypeRegistry     : Adding type registration java.util.Calendar -> org.hibernate.type.CalendarType@40df6090
2023-07-14 09:48:44.514 DEBUG 99722 --- [    Test worker] org.hibernate.type.BasicTypeRegistry     : Adding type registration java.util.GregorianCalendar -> org.hibernate.type.CalendarType@40df6090
2023-07-14 09:48:44.514 DEBUG 99722 --- [    Test worker] org.hibernate.type.BasicTypeRegistry     : Adding type registration calendar_date -> org.hibernate.type.CalendarDateType@10f405ff
2023-07-14 09:48:44.514 DEBUG 99722 --- [    Test worker] org.hibernate.type.BasicTypeRegistry     : Adding type registration calendar_time -> org.hibernate.type.CalendarTimeType@291a4791
2023-07-14 09:48:44.514 DEBUG 99722 --- [    Test worker] org.hibernate.type.BasicTypeRegistry     : Adding type registration locale -> org.hibernate.type.LocaleType@bb3ecfe
2023-07-14 09:48:44.514 DEBUG 99722 --- [    Test worker] org.hibernate.type.BasicTypeRegistry     : Adding type registration java.util.Locale -> org.hibernate.type.LocaleType@bb3ecfe
2023-07-14 09:48:44.515 DEBUG 99722 --- [    Test worker] org.hibernate.type.BasicTypeRegistry     : Adding type registration currency -> org.hibernate.type.CurrencyType@582e9152
2023-07-14 09:48:44.515 DEBUG 99722 --- [    Test worker] org.hibernate.type.BasicTypeRegistry     : Adding type registration java.util.Currency -> org.hibernate.type.CurrencyType@582e9152
2023-07-14 09:48:44.515 DEBUG 99722 --- [    Test worker] org.hibernate.type.BasicTypeRegistry     : Adding type registration timezone -> org.hibernate.type.TimeZoneType@60b5e80d
2023-07-14 09:48:44.515 DEBUG 99722 --- [    Test worker] org.hibernate.type.BasicTypeRegistry     : Adding type registration java.util.TimeZone -> org.hibernate.type.TimeZoneType@60b5e80d
2023-07-14 09:48:44.515 DEBUG 99722 --- [    Test worker] org.hibernate.type.BasicTypeRegistry     : Adding type registration class -> org.hibernate.type.ClassType@78e68401
2023-07-14 09:48:44.515 DEBUG 99722 --- [    Test worker] org.hibernate.type.BasicTypeRegistry     : Adding type registration java.lang.Class -> org.hibernate.type.ClassType@78e68401
2023-07-14 09:48:44.515 DEBUG 99722 --- [    Test worker] org.hibernate.type.BasicTypeRegistry     : Adding type registration uuid-binary -> org.hibernate.type.UUIDBinaryType@3312f4f4
2023-07-14 09:48:44.515 DEBUG 99722 --- [    Test worker] org.hibernate.type.BasicTypeRegistry     : Adding type registration java.util.UUID -> org.hibernate.type.UUIDBinaryType@3312f4f4
2023-07-14 09:48:44.516 DEBUG 99722 --- [    Test worker] org.hibernate.type.BasicTypeRegistry     : Adding type registration uuid-char -> org.hibernate.type.UUIDCharType@4fb64e14
2023-07-14 09:48:44.516 DEBUG 99722 --- [    Test worker] org.hibernate.type.BasicTypeRegistry     : Adding type registration binary -> org.hibernate.type.BinaryType@46b2dcc5
2023-07-14 09:48:44.516 DEBUG 99722 --- [    Test worker] org.hibernate.type.BasicTypeRegistry     : Adding type registration byte[] -> org.hibernate.type.BinaryType@46b2dcc5
2023-07-14 09:48:44.516 DEBUG 99722 --- [    Test worker] org.hibernate.type.BasicTypeRegistry     : Adding type registration [B -> org.hibernate.type.BinaryType@46b2dcc5
2023-07-14 09:48:44.516 DEBUG 99722 --- [    Test worker] org.hibernate.type.BasicTypeRegistry     : Adding type registration wrapper-binary -> org.hibernate.type.WrapperBinaryType@111c229c
2023-07-14 09:48:44.516 DEBUG 99722 --- [    Test worker] org.hibernate.type.BasicTypeRegistry     : Adding type registration Byte[] -> org.hibernate.type.WrapperBinaryType@111c229c
2023-07-14 09:48:44.516 DEBUG 99722 --- [    Test worker] org.hibernate.type.BasicTypeRegistry     : Adding type registration [Ljava.lang.Byte; -> org.hibernate.type.WrapperBinaryType@111c229c
2023-07-14 09:48:44.517 DEBUG 99722 --- [    Test worker] org.hibernate.type.BasicTypeRegistry     : Adding type registration row_version -> org.hibernate.type.RowVersionType@320be73
2023-07-14 09:48:44.517 DEBUG 99722 --- [    Test worker] org.hibernate.type.BasicTypeRegistry     : Adding type registration image -> org.hibernate.type.ImageType@4c38cd16
2023-07-14 09:48:44.517 DEBUG 99722 --- [    Test worker] org.hibernate.type.BasicTypeRegistry     : Adding type registration characters -> org.hibernate.type.CharArrayType@28fc1132
2023-07-14 09:48:44.517 DEBUG 99722 --- [    Test worker] org.hibernate.type.BasicTypeRegistry     : Adding type registration char[] -> org.hibernate.type.CharArrayType@28fc1132
2023-07-14 09:48:44.517 DEBUG 99722 --- [    Test worker] org.hibernate.type.BasicTypeRegistry     : Adding type registration [C -> org.hibernate.type.CharArrayType@28fc1132
2023-07-14 09:48:44.517 DEBUG 99722 --- [    Test worker] org.hibernate.type.BasicTypeRegistry     : Adding type registration wrapper-characters -> org.hibernate.type.CharacterArrayType@66f5b8fe
2023-07-14 09:48:44.517 DEBUG 99722 --- [    Test worker] org.hibernate.type.BasicTypeRegistry     : Adding type registration [Ljava.lang.Character; -> org.hibernate.type.CharacterArrayType@66f5b8fe
2023-07-14 09:48:44.517 DEBUG 99722 --- [    Test worker] org.hibernate.type.BasicTypeRegistry     : Adding type registration Character[] -> org.hibernate.type.CharacterArrayType@66f5b8fe
2023-07-14 09:48:44.518 DEBUG 99722 --- [    Test worker] org.hibernate.type.BasicTypeRegistry     : Adding type registration text -> org.hibernate.type.TextType@5287ba5f
2023-07-14 09:48:44.518 DEBUG 99722 --- [    Test worker] org.hibernate.type.BasicTypeRegistry     : Adding type registration ntext -> org.hibernate.type.NTextType@6bce313
2023-07-14 09:48:44.518 DEBUG 99722 --- [    Test worker] org.hibernate.type.BasicTypeRegistry     : Adding type registration blob -> org.hibernate.type.BlobType@3af10d0b
2023-07-14 09:48:44.518 DEBUG 99722 --- [    Test worker] org.hibernate.type.BasicTypeRegistry     : Adding type registration java.sql.Blob -> org.hibernate.type.BlobType@3af10d0b
2023-07-14 09:48:44.518 DEBUG 99722 --- [    Test worker] org.hibernate.type.BasicTypeRegistry     : Adding type registration materialized_blob -> org.hibernate.type.MaterializedBlobType@5a48da4f
2023-07-14 09:48:44.518 DEBUG 99722 --- [    Test worker] org.hibernate.type.BasicTypeRegistry     : Adding type registration clob -> org.hibernate.type.ClobType@183fc2fa
2023-07-14 09:48:44.518 DEBUG 99722 --- [    Test worker] org.hibernate.type.BasicTypeRegistry     : Adding type registration java.sql.Clob -> org.hibernate.type.ClobType@183fc2fa
2023-07-14 09:48:44.519 DEBUG 99722 --- [    Test worker] org.hibernate.type.BasicTypeRegistry     : Adding type registration nclob -> org.hibernate.type.NClobType@73f6e07
2023-07-14 09:48:44.519 DEBUG 99722 --- [    Test worker] org.hibernate.type.BasicTypeRegistry     : Adding type registration java.sql.NClob -> org.hibernate.type.NClobType@73f6e07
2023-07-14 09:48:44.519 DEBUG 99722 --- [    Test worker] org.hibernate.type.BasicTypeRegistry     : Adding type registration materialized_clob -> org.hibernate.type.MaterializedClobType@3d3c886f
2023-07-14 09:48:44.519 DEBUG 99722 --- [    Test worker] org.hibernate.type.BasicTypeRegistry     : Adding type registration materialized_nclob -> org.hibernate.type.MaterializedNClobType@2bab618
2023-07-14 09:48:44.519 DEBUG 99722 --- [    Test worker] org.hibernate.type.BasicTypeRegistry     : Adding type registration serializable -> org.hibernate.type.SerializableType@67328bcb
2023-07-14 09:48:44.521 DEBUG 99722 --- [    Test worker] org.hibernate.type.BasicTypeRegistry     : Adding type registration object -> org.hibernate.type.ObjectType@29d25e65
2023-07-14 09:48:44.521 DEBUG 99722 --- [    Test worker] org.hibernate.type.BasicTypeRegistry     : Adding type registration java.lang.Object -> org.hibernate.type.ObjectType@29d25e65
2023-07-14 09:48:44.521 DEBUG 99722 --- [    Test worker] org.hibernate.type.BasicTypeRegistry     : Adding type registration imm_date -> org.hibernate.type.AdaptedImmutableType@585513a8
2023-07-14 09:48:44.521 DEBUG 99722 --- [    Test worker] org.hibernate.type.BasicTypeRegistry     : Adding type registration imm_time -> org.hibernate.type.AdaptedImmutableType@7b18658a
2023-07-14 09:48:44.521 DEBUG 99722 --- [    Test worker] org.hibernate.type.BasicTypeRegistry     : Adding type registration imm_timestamp -> org.hibernate.type.AdaptedImmutableType@30f28b5
2023-07-14 09:48:44.521 DEBUG 99722 --- [    Test worker] org.hibernate.type.BasicTypeRegistry     : Adding type registration imm_dbtimestamp -> org.hibernate.type.AdaptedImmutableType@1a1f79ce
2023-07-14 09:48:44.521 DEBUG 99722 --- [    Test worker] org.hibernate.type.BasicTypeRegistry     : Adding type registration imm_calendar -> org.hibernate.type.AdaptedImmutableType@6aa7e176
2023-07-14 09:48:44.521 DEBUG 99722 --- [    Test worker] org.hibernate.type.BasicTypeRegistry     : Adding type registration imm_calendar_date -> org.hibernate.type.AdaptedImmutableType@52abed9d
2023-07-14 09:48:44.521 DEBUG 99722 --- [    Test worker] org.hibernate.type.BasicTypeRegistry     : Adding type registration imm_binary -> org.hibernate.type.AdaptedImmutableType@281b2dfd
2023-07-14 09:48:44.521 DEBUG 99722 --- [    Test worker] org.hibernate.type.BasicTypeRegistry     : Adding type registration imm_serializable -> org.hibernate.type.AdaptedImmutableType@492be039
2023-07-14 09:48:44.546  INFO 99722 --- [    Test worker] org.hibernate.dialect.Dialect            : HHH000400: Using dialect: org.hibernate.dialect.H2Dialect
2023-07-14 09:48:44.558 DEBUG 99722 --- [    Test worker] o.h.type.spi.TypeConfiguration$Scope     : Scoping TypeConfiguration [org.hibernate.type.spi.TypeConfiguration@96abc76] to MetadataBuildingContext [org.hibernate.boot.internal.MetadataBuildingContextRootImpl@4d69d288]
2023-07-14 09:48:44.641 DEBUG 99722 --- [    Test worker] o.h.type.spi.TypeConfiguration$Scope     : Scoping TypeConfiguration [org.hibernate.type.spi.TypeConfiguration@96abc76] to SessionFactoryImpl [org.hibernate.internal.SessionFactoryImpl@e881e46]
Hibernate: 
    
    drop table if exists cart_tb CASCADE 
Hibernate: 
    
    drop table if exists item_tb CASCADE 
Hibernate: 
    
    drop table if exists option_tb CASCADE 
Hibernate: 
    
    drop table if exists order_tb CASCADE 
Hibernate: 
    
    drop table if exists product_tb CASCADE 
Hibernate: 
    
    drop table if exists user_tb CASCADE 
Hibernate: 
    
    create table cart_tb (
       id integer generated by default as identity,
        price integer not null,
        quantity integer not null,
        option_id integer,
        user_id integer,
        primary key (id)
    )
Hibernate: 
    
    create table item_tb (
       id integer generated by default as identity,
        price integer not null,
        quantity integer not null,
        option_id integer,
        order_id integer,
        primary key (id)
    )
Hibernate: 
    
    create table option_tb (
       id integer generated by default as identity,
        option_name varchar(100) not null,
        price integer not null,
        product_id integer,
        primary key (id)
    )
Hibernate: 
    
    create table order_tb (
       id integer generated by default as identity,
        user_id integer,
        primary key (id)
    )
Hibernate: 
    
    create table product_tb (
       id integer generated by default as identity,
        description varchar(1000) not null,
        image varchar(500),
        price integer not null,
        product_name varchar(100) not null,
        primary key (id)
    )
Hibernate: 
    
    create table user_tb (
       id integer generated by default as identity,
        email varchar(100) not null,
        password varchar(256) not null,
        roles varchar(30),
        username varchar(45) not null,
        primary key (id)
    )
Hibernate: create index cart_user_id_idx on cart_tb (user_id)
Hibernate: create index cart_option_id_idx on cart_tb (option_id)
Hibernate: 
    
    alter table cart_tb 
       add constraint uk_cart_option_user unique (user_id, option_id)
Hibernate: create index item_option_id_idx on item_tb (option_id)
Hibernate: create index item_order_id_idx on item_tb (order_id)
Hibernate: create index option_product_id_idx on option_tb (product_id)
Hibernate: create index order_user_id_idx on order_tb (user_id)
Hibernate: 
    
    alter table user_tb 
       add constraint UK_2dlfg6wvnxboknkp9d1h75icb unique (email)
Hibernate: 
    
    alter table cart_tb 
       add constraint FKjv34r03v7eauvpfhwsci0deyp 
       foreign key (option_id) 
       references option_tb
Hibernate: 
    
    alter table cart_tb 
       add constraint FKi00yw2m90df70t3igqyjbbf91 
       foreign key (user_id) 
       references user_tb
Hibernate: 
    
    alter table item_tb 
       add constraint FKbgcgxbitac3tct8kqsvyqm85f 
       foreign key (option_id) 
       references option_tb
Hibernate: 
    
    alter table item_tb 
       add constraint FKofe121qxhn816wo07qr9jr0hb 
       foreign key (order_id) 
       references order_tb
Hibernate: 
    
    alter table option_tb 
       add constraint FK6j02px4ow9xxw0o3rc59buyew 
       foreign key (product_id) 
       references product_tb
Hibernate: 
    
    alter table order_tb 
       add constraint FK9wkv8x8yfgaaquhn4vquq4aps 
       foreign key (user_id) 
       references user_tb
2023-07-14 09:48:44.781  INFO 99722 --- [    Test worker] o.h.e.t.j.p.i.JtaPlatformInitiator       : HHH000490: Using JtaPlatform implementation: [org.hibernate.engine.transaction.jta.platform.internal.NoJtaPlatform]
2023-07-14 09:48:44.784 TRACE 99722 --- [    Test worker] o.h.type.spi.TypeConfiguration$Scope     : Handling #sessionFactoryCreated from [org.hibernate.internal.SessionFactoryImpl@e881e46] for TypeConfiguration
2023-07-14 09:48:44.784  INFO 99722 --- [    Test worker] j.LocalContainerEntityManagerFactoryBean : Initialized JPA EntityManagerFactory for persistence unit 'default'
2023-07-14 09:48:45.038  INFO 99722 --- [    Test worker] c.e.kakao.cart.CartJPARepositoryTest     : Started CartJPARepositoryTest in 1.286 seconds (JVM running for 1.711)
2023-07-14 09:48:45.050  INFO 99722 --- [    Test worker] o.s.t.c.transaction.TransactionContext   : Began transaction (1) for test context [DefaultTestContext@5c8eee0f testClass = CartJPARepositoryTest, testInstance = com.example.kakao.cart.CartJPARepositoryTest@36f40d72, testMethod = insertTest@CartJPARepositoryTest, testException = [null], mergedContextConfiguration = [MergedContextConfiguration@565b064f testClass = CartJPARepositoryTest, locations = '{}', classes = '{class com.example.kakao.KakaoApplication}', contextInitializerClasses = '[]', activeProfiles = '{}', propertySourceLocations = '{}', propertySourceProperties = '{org.springframework.boot.test.autoconfigure.orm.jpa.DataJpaTestContextBootstrapper=true}', contextCustomizers = set[org.springframework.boot.test.autoconfigure.OverrideAutoConfigurationContextCustomizerFactory$DisableAutoConfigurationContextCustomizer@4b6e2263, org.springframework.boot.test.autoconfigure.actuate.metrics.MetricsExportContextCustomizerFactory$DisableMetricExportContextCustomizer@2a62b5bc, org.springframework.boot.test.autoconfigure.filter.TypeExcludeFiltersContextCustomizer@351584c0, org.springframework.boot.test.autoconfigure.properties.PropertyMappingContextCustomizer@84c418f0, org.springframework.boot.test.autoconfigure.web.servlet.WebDriverContextCustomizerFactory$Customizer@4f25b795, [ImportsContextCustomizer@26425897 key = [org.springframework.boot.autoconfigure.cache.CacheAutoConfiguration, org.springframework.boot.autoconfigure.data.jpa.JpaRepositoriesAutoConfiguration, org.springframework.boot.autoconfigure.flyway.FlywayAutoConfiguration, org.springframework.boot.autoconfigure.jdbc.DataSourceAutoConfiguration, org.springframework.boot.autoconfigure.jdbc.DataSourceTransactionManagerAutoConfiguration, org.springframework.boot.autoconfigure.jdbc.JdbcTemplateAutoConfiguration, org.springframework.boot.autoconfigure.liquibase.LiquibaseAutoConfiguration, org.springframework.boot.autoconfigure.orm.jpa.HibernateJpaAutoConfiguration, org.springframework.boot.autoconfigure.sql.init.SqlInitializationAutoConfiguration, org.springframework.boot.autoconfigure.transaction.TransactionAutoConfiguration, org.springframework.boot.test.autoconfigure.jdbc.TestDatabaseAutoConfiguration, org.springframework.boot.test.autoconfigure.orm.jpa.TestEntityManagerAutoConfiguration]], org.springframework.boot.test.context.filter.ExcludeFilterContextCustomizer@62727399, org.springframework.boot.test.json.DuplicateJsonObjectContextCustomizerFactory$DuplicateJsonObjectContextCustomizer@2654635, org.springframework.boot.test.mock.mockito.MockitoContextCustomizer@0, org.springframework.boot.test.context.SpringBootTestArgs@1, org.springframework.boot.test.context.SpringBootTestWebEnvironment@0], contextLoader = 'org.springframework.boot.test.context.SpringBootContextLoader', parent = [null]], attributes = map['org.springframework.test.context.event.ApplicationEventsTestExecutionListener.recordApplicationEvents' -> false]]; transaction manager [org.springframework.orm.jpa.JpaTransactionManager@40dee07b]; rollback [true]
Hibernate: 
    insert 
    into
        user_tb
        (id, email, password, roles, username) 
    values
        (default, ?, ?, ?, ?)
2023-07-14 09:48:45.196 TRACE 99722 --- [    Test worker] o.h.type.descriptor.sql.BasicBinder      : binding parameter [1] as [VARCHAR] - [ssar@nate.com]
2023-07-14 09:48:45.197 TRACE 99722 --- [    Test worker] o.h.type.descriptor.sql.BasicBinder      : binding parameter [2] as [VARCHAR] - [$2a$10$It5QlYE1PpMD3EUuW44QBOdXTg5Eu0zqCMn7/Ol5GuDHHN9.786h2]
2023-07-14 09:48:45.197 TRACE 99722 --- [    Test worker] o.h.type.descriptor.sql.BasicBinder      : binding parameter [3] as [VARCHAR] - [ROLE_USER]
2023-07-14 09:48:45.197 TRACE 99722 --- [    Test worker] o.h.type.descriptor.sql.BasicBinder      : binding parameter [4] as [VARCHAR] - [ssar]
Hibernate: 
    insert 
    into
        option_tb
        (id, option_name, price, product_id) 
    values
        (default, ?, ?, ?)
2023-07-14 09:48:45.207 TRACE 99722 --- [    Test worker] o.h.type.descriptor.sql.BasicBinder      : binding parameter [1] as [VARCHAR] - [01. 슬라이딩 지퍼백 크리스마스에디션 4종]
2023-07-14 09:48:45.208 TRACE 99722 --- [    Test worker] o.h.type.descriptor.sql.BasicBinder      : binding parameter [2] as [INTEGER] - [10000]
2023-07-14 09:48:45.208 TRACE 99722 --- [    Test worker] o.h.type.descriptor.sql.BasicBinder      : binding parameter [3] as [INTEGER] - [null]
Hibernate: 
    insert 
    into
        option_tb
        (id, option_name, price, product_id) 
    values
        (default, ?, ?, ?)
2023-07-14 09:48:45.208 TRACE 99722 --- [    Test worker] o.h.type.descriptor.sql.BasicBinder      : binding parameter [1] as [VARCHAR] - [02. 슬라이딩 지퍼백 플라워에디션 5종]
2023-07-14 09:48:45.208 TRACE 99722 --- [    Test worker] o.h.type.descriptor.sql.BasicBinder      : binding parameter [2] as [INTEGER] - [10900]
2023-07-14 09:48:45.208 TRACE 99722 --- [    Test worker] o.h.type.descriptor.sql.BasicBinder      : binding parameter [3] as [INTEGER] - [null]
Hibernate: 
    insert 
    into
        option_tb
        (id, option_name, price, product_id) 
    values
        (default, ?, ?, ?)
2023-07-14 09:48:45.209 TRACE 99722 --- [    Test worker] o.h.type.descriptor.sql.BasicBinder      : binding parameter [1] as [VARCHAR] - [고무장갑 베이지 S(소형) 6팩]
2023-07-14 09:48:45.209 TRACE 99722 --- [    Test worker] o.h.type.descriptor.sql.BasicBinder      : binding parameter [2] as [INTEGER] - [9900]
2023-07-14 09:48:45.209 TRACE 99722 --- [    Test worker] o.h.type.descriptor.sql.BasicBinder      : binding parameter [3] as [INTEGER] - [null]
Hibernate: 
    insert 
    into
        option_tb
        (id, option_name, price, product_id) 
    values
        (default, ?, ?, ?)
2023-07-14 09:48:45.209 TRACE 99722 --- [    Test worker] o.h.type.descriptor.sql.BasicBinder      : binding parameter [1] as [VARCHAR] - [뽑아쓰는 키친타올 130매 12팩]
2023-07-14 09:48:45.209 TRACE 99722 --- [    Test worker] o.h.type.descriptor.sql.BasicBinder      : binding parameter [2] as [INTEGER] - [16900]
2023-07-14 09:48:45.209 TRACE 99722 --- [    Test worker] o.h.type.descriptor.sql.BasicBinder      : binding parameter [3] as [INTEGER] - [null]
Hibernate: 
    insert 
    into
        option_tb
        (id, option_name, price, product_id) 
    values
        (default, ?, ?, ?)
2023-07-14 09:48:45.209 TRACE 99722 --- [    Test worker] o.h.type.descriptor.sql.BasicBinder      : binding parameter [1] as [VARCHAR] - [2겹 식빵수세미 6매]
2023-07-14 09:48:45.210 TRACE 99722 --- [    Test worker] o.h.type.descriptor.sql.BasicBinder      : binding parameter [2] as [INTEGER] - [8900]
2023-07-14 09:48:45.210 TRACE 99722 --- [    Test worker] o.h.type.descriptor.sql.BasicBinder      : binding parameter [3] as [INTEGER] - [null]
Hibernate: 
    insert 
    into
        option_tb
        (id, option_name, price, product_id) 
    values
        (default, ?, ?, ?)
2023-07-14 09:48:45.210 TRACE 99722 --- [    Test worker] o.h.type.descriptor.sql.BasicBinder      : binding parameter [1] as [VARCHAR] - [22년산 햇단밤 700g(한정판매)]
2023-07-14 09:48:45.210 TRACE 99722 --- [    Test worker] o.h.type.descriptor.sql.BasicBinder      : binding parameter [2] as [INTEGER] - [9900]
2023-07-14 09:48:45.210 TRACE 99722 --- [    Test worker] o.h.type.descriptor.sql.BasicBinder      : binding parameter [3] as [INTEGER] - [null]
Hibernate: 
    insert 
    into
        option_tb
        (id, option_name, price, product_id) 
    values
        (default, ?, ?, ?)
2023-07-14 09:48:45.210 TRACE 99722 --- [    Test worker] o.h.type.descriptor.sql.BasicBinder      : binding parameter [1] as [VARCHAR] - [22년산 햇단밤 1kg(한정판매)]
2023-07-14 09:48:45.210 TRACE 99722 --- [    Test worker] o.h.type.descriptor.sql.BasicBinder      : binding parameter [2] as [INTEGER] - [14500]
2023-07-14 09:48:45.210 TRACE 99722 --- [    Test worker] o.h.type.descriptor.sql.BasicBinder      : binding parameter [3] as [INTEGER] - [null]
Hibernate: 
    insert 
    into
        option_tb
        (id, option_name, price, product_id) 
    values
        (default, ?, ?, ?)
2023-07-14 09:48:45.211 TRACE 99722 --- [    Test worker] o.h.type.descriptor.sql.BasicBinder      : binding parameter [1] as [VARCHAR] - [밤깎기+다회용 구이판 세트]
2023-07-14 09:48:45.211 TRACE 99722 --- [    Test worker] o.h.type.descriptor.sql.BasicBinder      : binding parameter [2] as [INTEGER] - [5500]
2023-07-14 09:48:45.211 TRACE 99722 --- [    Test worker] o.h.type.descriptor.sql.BasicBinder      : binding parameter [3] as [INTEGER] - [null]
Hibernate: 
    insert 
    into
        option_tb
        (id, option_name, price, product_id) 
    values
        (default, ?, ?, ?)
2023-07-14 09:48:45.211 TRACE 99722 --- [    Test worker] o.h.type.descriptor.sql.BasicBinder      : binding parameter [1] as [VARCHAR] - [JR310 (유선 전용) - 블루]
2023-07-14 09:48:45.211 TRACE 99722 --- [    Test worker] o.h.type.descriptor.sql.BasicBinder      : binding parameter [2] as [INTEGER] - [29900]
2023-07-14 09:48:45.211 TRACE 99722 --- [    Test worker] o.h.type.descriptor.sql.BasicBinder      : binding parameter [3] as [INTEGER] - [null]
Hibernate: 
    insert 
    into
        option_tb
        (id, option_name, price, product_id) 
    values
        (default, ?, ?, ?)
2023-07-14 09:48:45.211 TRACE 99722 --- [    Test worker] o.h.type.descriptor.sql.BasicBinder      : binding parameter [1] as [VARCHAR] - [JR310BT (무선 전용) - 레드]
2023-07-14 09:48:45.212 TRACE 99722 --- [    Test worker] o.h.type.descriptor.sql.BasicBinder      : binding parameter [2] as [INTEGER] - [49900]
2023-07-14 09:48:45.212 TRACE 99722 --- [    Test worker] o.h.type.descriptor.sql.BasicBinder      : binding parameter [3] as [INTEGER] - [null]
Hibernate: 
    insert 
    into
        option_tb
        (id, option_name, price, product_id) 
    values
        (default, ?, ?, ?)
2023-07-14 09:48:45.212 TRACE 99722 --- [    Test worker] o.h.type.descriptor.sql.BasicBinder      : binding parameter [1] as [VARCHAR] - [JR310BT (무선 전용) - 그린]
2023-07-14 09:48:45.212 TRACE 99722 --- [    Test worker] o.h.type.descriptor.sql.BasicBinder      : binding parameter [2] as [INTEGER] - [49900]
2023-07-14 09:48:45.212 TRACE 99722 --- [    Test worker] o.h.type.descriptor.sql.BasicBinder      : binding parameter [3] as [INTEGER] - [null]
Hibernate: 
    insert 
    into
        option_tb
        (id, option_name, price, product_id) 
    values
        (default, ?, ?, ?)
2023-07-14 09:48:45.213 TRACE 99722 --- [    Test worker] o.h.type.descriptor.sql.BasicBinder      : binding parameter [1] as [VARCHAR] - [JR310BT (무선 전용) - 블루]
2023-07-14 09:48:45.213 TRACE 99722 --- [    Test worker] o.h.type.descriptor.sql.BasicBinder      : binding parameter [2] as [INTEGER] - [49900]
2023-07-14 09:48:45.213 TRACE 99722 --- [    Test worker] o.h.type.descriptor.sql.BasicBinder      : binding parameter [3] as [INTEGER] - [null]
Hibernate: 
    insert 
    into
        option_tb
        (id, option_name, price, product_id) 
    values
        (default, ?, ?, ?)
2023-07-14 09:48:45.213 TRACE 99722 --- [    Test worker] o.h.type.descriptor.sql.BasicBinder      : binding parameter [1] as [VARCHAR] - [T510BT (무선 전용) - 블랙]
2023-07-14 09:48:45.213 TRACE 99722 --- [    Test worker] o.h.type.descriptor.sql.BasicBinder      : binding parameter [2] as [INTEGER] - [52900]
2023-07-14 09:48:45.213 TRACE 99722 --- [    Test worker] o.h.type.descriptor.sql.BasicBinder      : binding parameter [3] as [INTEGER] - [null]
Hibernate: 
    insert 
    into
        option_tb
        (id, option_name, price, product_id) 
    values
        (default, ?, ?, ?)
2023-07-14 09:48:45.213 TRACE 99722 --- [    Test worker] o.h.type.descriptor.sql.BasicBinder      : binding parameter [1] as [VARCHAR] - [T510BT (무선 전용) - 화이트]
2023-07-14 09:48:45.213 TRACE 99722 --- [    Test worker] o.h.type.descriptor.sql.BasicBinder      : binding parameter [2] as [INTEGER] - [52900]
2023-07-14 09:48:45.213 TRACE 99722 --- [    Test worker] o.h.type.descriptor.sql.BasicBinder      : binding parameter [3] as [INTEGER] - [null]
Hibernate: 
    insert 
    into
        option_tb
        (id, option_name, price, product_id) 
    values
        (default, ?, ?, ?)
2023-07-14 09:48:45.214 TRACE 99722 --- [    Test worker] o.h.type.descriptor.sql.BasicBinder      : binding parameter [1] as [VARCHAR] - [선택01_바른곡물효소 누룽지맛 2박스]
2023-07-14 09:48:45.214 TRACE 99722 --- [    Test worker] o.h.type.descriptor.sql.BasicBinder      : binding parameter [2] as [INTEGER] - [17900]
2023-07-14 09:48:45.214 TRACE 99722 --- [    Test worker] o.h.type.descriptor.sql.BasicBinder      : binding parameter [3] as [INTEGER] - [null]
Hibernate: 
    insert 
    into
        option_tb
        (id, option_name, price, product_id) 
    values
        (default, ?, ?, ?)
2023-07-14 09:48:45.214 TRACE 99722 --- [    Test worker] o.h.type.descriptor.sql.BasicBinder      : binding parameter [1] as [VARCHAR] - [선택02_바른곡물효소누룽지맛 6박스]
2023-07-14 09:48:45.214 TRACE 99722 --- [    Test worker] o.h.type.descriptor.sql.BasicBinder      : binding parameter [2] as [INTEGER] - [50000]
2023-07-14 09:48:45.214 TRACE 99722 --- [    Test worker] o.h.type.descriptor.sql.BasicBinder      : binding parameter [3] as [INTEGER] - [null]
Hibernate: 
    insert 
    into
        option_tb
        (id, option_name, price, product_id) 
    values
        (default, ?, ?, ?)
2023-07-14 09:48:45.214 TRACE 99722 --- [    Test worker] o.h.type.descriptor.sql.BasicBinder      : binding parameter [1] as [VARCHAR] - [선택03_바른곡물효소3박스+유산균효소3박스]
2023-07-14 09:48:45.214 TRACE 99722 --- [    Test worker] o.h.type.descriptor.sql.BasicBinder      : binding parameter [2] as [INTEGER] - [50000]
2023-07-14 09:48:45.215 TRACE 99722 --- [    Test worker] o.h.type.descriptor.sql.BasicBinder      : binding parameter [3] as [INTEGER] - [null]
Hibernate: 
    insert 
    into
        option_tb
        (id, option_name, price, product_id) 
    values
        (default, ?, ?, ?)
2023-07-14 09:48:45.215 TRACE 99722 --- [    Test worker] o.h.type.descriptor.sql.BasicBinder      : binding parameter [1] as [VARCHAR] - [선택04_바른곡물효소3박스+19종유산균3박스]
2023-07-14 09:48:45.215 TRACE 99722 --- [    Test worker] o.h.type.descriptor.sql.BasicBinder      : binding parameter [2] as [INTEGER] - [50000]
2023-07-14 09:48:45.215 TRACE 99722 --- [    Test worker] o.h.type.descriptor.sql.BasicBinder      : binding parameter [3] as [INTEGER] - [null]
Hibernate: 
    insert 
    into
        option_tb
        (id, option_name, price, product_id) 
    values
        (default, ?, ?, ?)
2023-07-14 09:48:45.215 TRACE 99722 --- [    Test worker] o.h.type.descriptor.sql.BasicBinder      : binding parameter [1] as [VARCHAR] - [01. 말랑컷팅장족 100g]
2023-07-14 09:48:45.215 TRACE 99722 --- [    Test worker] o.h.type.descriptor.sql.BasicBinder      : binding parameter [2] as [INTEGER] - [4900]
2023-07-14 09:48:45.215 TRACE 99722 --- [    Test worker] o.h.type.descriptor.sql.BasicBinder      : binding parameter [3] as [INTEGER] - [null]
Hibernate: 
    insert 
    into
        option_tb
        (id, option_name, price, product_id) 
    values
        (default, ?, ?, ?)
2023-07-14 09:48:45.215 TRACE 99722 --- [    Test worker] o.h.type.descriptor.sql.BasicBinder      : binding parameter [1] as [VARCHAR] - [02. 말랑컷팅장족 300g]
2023-07-14 09:48:45.215 TRACE 99722 --- [    Test worker] o.h.type.descriptor.sql.BasicBinder      : binding parameter [2] as [INTEGER] - [12800]
2023-07-14 09:48:45.215 TRACE 99722 --- [    Test worker] o.h.type.descriptor.sql.BasicBinder      : binding parameter [3] as [INTEGER] - [null]
Hibernate: 
    insert 
    into
        option_tb
        (id, option_name, price, product_id) 
    values
        (default, ?, ?, ?)
2023-07-14 09:48:45.216 TRACE 99722 --- [    Test worker] o.h.type.descriptor.sql.BasicBinder      : binding parameter [1] as [VARCHAR] - [03. 눌린장족 100g]
2023-07-14 09:48:45.216 TRACE 99722 --- [    Test worker] o.h.type.descriptor.sql.BasicBinder      : binding parameter [2] as [INTEGER] - [4900]
2023-07-14 09:48:45.216 TRACE 99722 --- [    Test worker] o.h.type.descriptor.sql.BasicBinder      : binding parameter [3] as [INTEGER] - [null]
Hibernate: 
    insert 
    into
        option_tb
        (id, option_name, price, product_id) 
    values
        (default, ?, ?, ?)
2023-07-14 09:48:45.216 TRACE 99722 --- [    Test worker] o.h.type.descriptor.sql.BasicBinder      : binding parameter [1] as [VARCHAR] - [굳지않는 쑥 앙금 절편 1050g]
2023-07-14 09:48:45.216 TRACE 99722 --- [    Test worker] o.h.type.descriptor.sql.BasicBinder      : binding parameter [2] as [INTEGER] - [15900]
2023-07-14 09:48:45.216 TRACE 99722 --- [    Test worker] o.h.type.descriptor.sql.BasicBinder      : binding parameter [3] as [INTEGER] - [null]
Hibernate: 
    insert 
    into
        option_tb
        (id, option_name, price, product_id) 
    values
        (default, ?, ?, ?)
2023-07-14 09:48:45.216 TRACE 99722 --- [    Test worker] o.h.type.descriptor.sql.BasicBinder      : binding parameter [1] as [VARCHAR] - [굳지않는 흑미 앙금 절편 1050g]
2023-07-14 09:48:45.216 TRACE 99722 --- [    Test worker] o.h.type.descriptor.sql.BasicBinder      : binding parameter [2] as [INTEGER] - [15900]
2023-07-14 09:48:45.216 TRACE 99722 --- [    Test worker] o.h.type.descriptor.sql.BasicBinder      : binding parameter [3] as [INTEGER] - [null]
Hibernate: 
    insert 
    into
        option_tb
        (id, option_name, price, product_id) 
    values
        (default, ?, ?, ?)
2023-07-14 09:48:45.217 TRACE 99722 --- [    Test worker] o.h.type.descriptor.sql.BasicBinder      : binding parameter [1] as [VARCHAR] - [굳지않는 흰 가래떡 1050g]
2023-07-14 09:48:45.217 TRACE 99722 --- [    Test worker] o.h.type.descriptor.sql.BasicBinder      : binding parameter [2] as [INTEGER] - [15900]
2023-07-14 09:48:45.217 TRACE 99722 --- [    Test worker] o.h.type.descriptor.sql.BasicBinder      : binding parameter [3] as [INTEGER] - [null]
Hibernate: 
    insert 
    into
        option_tb
        (id, option_name, price, product_id) 
    values
        (default, ?, ?, ?)
2023-07-14 09:48:45.217 TRACE 99722 --- [    Test worker] o.h.type.descriptor.sql.BasicBinder      : binding parameter [1] as [VARCHAR] - [이너딜리티 1박스]
2023-07-14 09:48:45.217 TRACE 99722 --- [    Test worker] o.h.type.descriptor.sql.BasicBinder      : binding parameter [2] as [INTEGER] - [26800]
2023-07-14 09:48:45.217 TRACE 99722 --- [    Test worker] o.h.type.descriptor.sql.BasicBinder      : binding parameter [3] as [INTEGER] - [null]
Hibernate: 
    insert 
    into
        option_tb
        (id, option_name, price, product_id) 
    values
        (default, ?, ?, ?)
2023-07-14 09:48:45.217 TRACE 99722 --- [    Test worker] o.h.type.descriptor.sql.BasicBinder      : binding parameter [1] as [VARCHAR] - [이너딜리티 2박스+사은품 2종]
2023-07-14 09:48:45.218 TRACE 99722 --- [    Test worker] o.h.type.descriptor.sql.BasicBinder      : binding parameter [2] as [INTEGER] - [49800]
2023-07-14 09:48:45.218 TRACE 99722 --- [    Test worker] o.h.type.descriptor.sql.BasicBinder      : binding parameter [3] as [INTEGER] - [null]
Hibernate: 
    insert 
    into
        option_tb
        (id, option_name, price, product_id) 
    values
        (default, ?, ?, ?)
2023-07-14 09:48:45.218 TRACE 99722 --- [    Test worker] o.h.type.descriptor.sql.BasicBinder      : binding parameter [1] as [VARCHAR] - [제나벨 PDRN 자생크림 1+1]
2023-07-14 09:48:45.218 TRACE 99722 --- [    Test worker] o.h.type.descriptor.sql.BasicBinder      : binding parameter [2] as [INTEGER] - [25900]
2023-07-14 09:48:45.218 TRACE 99722 --- [    Test worker] o.h.type.descriptor.sql.BasicBinder      : binding parameter [3] as [INTEGER] - [null]
Hibernate: 
    insert 
    into
        option_tb
        (id, option_name, price, product_id) 
    values
        (default, ?, ?, ?)
2023-07-14 09:48:45.218 TRACE 99722 --- [    Test worker] o.h.type.descriptor.sql.BasicBinder      : binding parameter [1] as [VARCHAR] - [플레이스테이션 VR2 호라이즌 번들]
2023-07-14 09:48:45.218 TRACE 99722 --- [    Test worker] o.h.type.descriptor.sql.BasicBinder      : binding parameter [2] as [INTEGER] - [839000]
2023-07-14 09:48:45.218 TRACE 99722 --- [    Test worker] o.h.type.descriptor.sql.BasicBinder      : binding parameter [3] as [INTEGER] - [null]
Hibernate: 
    insert 
    into
        option_tb
        (id, option_name, price, product_id) 
    values
        (default, ?, ?, ?)
2023-07-14 09:48:45.219 TRACE 99722 --- [    Test worker] o.h.type.descriptor.sql.BasicBinder      : binding parameter [1] as [VARCHAR] - [플레이스테이션 VR2]
2023-07-14 09:48:45.219 TRACE 99722 --- [    Test worker] o.h.type.descriptor.sql.BasicBinder      : binding parameter [2] as [INTEGER] - [797000]
2023-07-14 09:48:45.219 TRACE 99722 --- [    Test worker] o.h.type.descriptor.sql.BasicBinder      : binding parameter [3] as [INTEGER] - [null]
Hibernate: 
    insert 
    into
        option_tb
        (id, option_name, price, product_id) 
    values
        (default, ?, ?, ?)
2023-07-14 09:48:45.219 TRACE 99722 --- [    Test worker] o.h.type.descriptor.sql.BasicBinder      : binding parameter [1] as [VARCHAR] - [홍가리비2kg(50미이내)]
2023-07-14 09:48:45.219 TRACE 99722 --- [    Test worker] o.h.type.descriptor.sql.BasicBinder      : binding parameter [2] as [INTEGER] - [8900]
2023-07-14 09:48:45.219 TRACE 99722 --- [    Test worker] o.h.type.descriptor.sql.BasicBinder      : binding parameter [3] as [INTEGER] - [null]
Hibernate: 
    insert 
    into
        option_tb
        (id, option_name, price, product_id) 
    values
        (default, ?, ?, ?)
2023-07-14 09:48:45.220 TRACE 99722 --- [    Test worker] o.h.type.descriptor.sql.BasicBinder      : binding parameter [1] as [VARCHAR] - [궁채 절임 1kg]
2023-07-14 09:48:45.220 TRACE 99722 --- [    Test worker] o.h.type.descriptor.sql.BasicBinder      : binding parameter [2] as [INTEGER] - [6900]
2023-07-14 09:48:45.220 TRACE 99722 --- [    Test worker] o.h.type.descriptor.sql.BasicBinder      : binding parameter [3] as [INTEGER] - [null]
Hibernate: 
    insert 
    into
        option_tb
        (id, option_name, price, product_id) 
    values
        (default, ?, ?, ?)
2023-07-14 09:48:45.220 TRACE 99722 --- [    Test worker] o.h.type.descriptor.sql.BasicBinder      : binding parameter [1] as [VARCHAR] - [양념 깻잎 1kg]
2023-07-14 09:48:45.220 TRACE 99722 --- [    Test worker] o.h.type.descriptor.sql.BasicBinder      : binding parameter [2] as [INTEGER] - [8900]
2023-07-14 09:48:45.220 TRACE 99722 --- [    Test worker] o.h.type.descriptor.sql.BasicBinder      : binding parameter [3] as [INTEGER] - [null]
Hibernate: 
    insert 
    into
        option_tb
        (id, option_name, price, product_id) 
    values
        (default, ?, ?, ?)
2023-07-14 09:48:45.220 TRACE 99722 --- [    Test worker] o.h.type.descriptor.sql.BasicBinder      : binding parameter [1] as [VARCHAR] - [된장 깻잎 1kg]
2023-07-14 09:48:45.220 TRACE 99722 --- [    Test worker] o.h.type.descriptor.sql.BasicBinder      : binding parameter [2] as [INTEGER] - [8900]
2023-07-14 09:48:45.220 TRACE 99722 --- [    Test worker] o.h.type.descriptor.sql.BasicBinder      : binding parameter [3] as [INTEGER] - [null]
Hibernate: 
    insert 
    into
        option_tb
        (id, option_name, price, product_id) 
    values
        (default, ?, ?, ?)
2023-07-14 09:48:45.221 TRACE 99722 --- [    Test worker] o.h.type.descriptor.sql.BasicBinder      : binding parameter [1] as [VARCHAR] - [간장 깻잎 1kg]
2023-07-14 09:48:45.221 TRACE 99722 --- [    Test worker] o.h.type.descriptor.sql.BasicBinder      : binding parameter [2] as [INTEGER] - [7900]
2023-07-14 09:48:45.221 TRACE 99722 --- [    Test worker] o.h.type.descriptor.sql.BasicBinder      : binding parameter [3] as [INTEGER] - [null]
Hibernate: 
    insert 
    into
        option_tb
        (id, option_name, price, product_id) 
    values
        (default, ?, ?, ?)
2023-07-14 09:48:45.221 TRACE 99722 --- [    Test worker] o.h.type.descriptor.sql.BasicBinder      : binding parameter [1] as [VARCHAR] - [고추 무침 1kg]
2023-07-14 09:48:45.221 TRACE 99722 --- [    Test worker] o.h.type.descriptor.sql.BasicBinder      : binding parameter [2] as [INTEGER] - [8900]
2023-07-14 09:48:45.221 TRACE 99722 --- [    Test worker] o.h.type.descriptor.sql.BasicBinder      : binding parameter [3] as [INTEGER] - [null]
Hibernate: 
    insert 
    into
        option_tb
        (id, option_name, price, product_id) 
    values
        (default, ?, ?, ?)
2023-07-14 09:48:45.221 TRACE 99722 --- [    Test worker] o.h.type.descriptor.sql.BasicBinder      : binding parameter [1] as [VARCHAR] - [파래 무침 1kg]
2023-07-14 09:48:45.221 TRACE 99722 --- [    Test worker] o.h.type.descriptor.sql.BasicBinder      : binding parameter [2] as [INTEGER] - [9900]
2023-07-14 09:48:45.221 TRACE 99722 --- [    Test worker] o.h.type.descriptor.sql.BasicBinder      : binding parameter [3] as [INTEGER] - [null]
Hibernate: 
    insert 
    into
        option_tb
        (id, option_name, price, product_id) 
    values
        (default, ?, ?, ?)
2023-07-14 09:48:45.222 TRACE 99722 --- [    Test worker] o.h.type.descriptor.sql.BasicBinder      : binding parameter [1] as [VARCHAR] - [01_순수소프트 27m 30롤 2팩]
2023-07-14 09:48:45.222 TRACE 99722 --- [    Test worker] o.h.type.descriptor.sql.BasicBinder      : binding parameter [2] as [INTEGER] - [28900]
2023-07-14 09:48:45.222 TRACE 99722 --- [    Test worker] o.h.type.descriptor.sql.BasicBinder      : binding parameter [3] as [INTEGER] - [null]
Hibernate: 
    insert 
    into
        option_tb
        (id, option_name, price, product_id) 
    values
        (default, ?, ?, ?)
2023-07-14 09:48:45.222 TRACE 99722 --- [    Test worker] o.h.type.descriptor.sql.BasicBinder      : binding parameter [1] as [VARCHAR] - [02_벚꽃 프리미엄 27m 30롤 2팩]
2023-07-14 09:48:45.222 TRACE 99722 --- [    Test worker] o.h.type.descriptor.sql.BasicBinder      : binding parameter [2] as [INTEGER] - [32900]
2023-07-14 09:48:45.222 TRACE 99722 --- [    Test worker] o.h.type.descriptor.sql.BasicBinder      : binding parameter [3] as [INTEGER] - [null]
Hibernate: 
    insert 
    into
        option_tb
        (id, option_name, price, product_id) 
    values
        (default, ?, ?, ?)
2023-07-14 09:48:45.222 TRACE 99722 --- [    Test worker] o.h.type.descriptor.sql.BasicBinder      : binding parameter [1] as [VARCHAR] - [(증정) 초미세모 칫솔 12개 x 2개]
2023-07-14 09:48:45.222 TRACE 99722 --- [    Test worker] o.h.type.descriptor.sql.BasicBinder      : binding parameter [2] as [INTEGER] - [11900]
2023-07-14 09:48:45.222 TRACE 99722 --- [    Test worker] o.h.type.descriptor.sql.BasicBinder      : binding parameter [3] as [INTEGER] - [null]
Hibernate: 
    insert 
    into
        option_tb
        (id, option_name, price, product_id) 
    values
        (default, ?, ?, ?)
2023-07-14 09:48:45.223 TRACE 99722 --- [    Test worker] o.h.type.descriptor.sql.BasicBinder      : binding parameter [1] as [VARCHAR] - [(증정) 잇몸케어 치약 100G 3개 x 2개]
2023-07-14 09:48:45.223 TRACE 99722 --- [    Test worker] o.h.type.descriptor.sql.BasicBinder      : binding parameter [2] as [INTEGER] - [16900]
2023-07-14 09:48:45.223 TRACE 99722 --- [    Test worker] o.h.type.descriptor.sql.BasicBinder      : binding parameter [3] as [INTEGER] - [null]
Hibernate: 
    insert 
    into
        option_tb
        (id, option_name, price, product_id) 
    values
        (default, ?, ?, ?)
2023-07-14 09:48:45.223 TRACE 99722 --- [    Test worker] o.h.type.descriptor.sql.BasicBinder      : binding parameter [1] as [VARCHAR] - [(증정) 구취케어 치약 100G 3개 x 2개]
2023-07-14 09:48:45.223 TRACE 99722 --- [    Test worker] o.h.type.descriptor.sql.BasicBinder      : binding parameter [2] as [INTEGER] - [16900]
2023-07-14 09:48:45.223 TRACE 99722 --- [    Test worker] o.h.type.descriptor.sql.BasicBinder      : binding parameter [3] as [INTEGER] - [null]
Hibernate: 
    insert 
    into
        option_tb
        (id, option_name, price, product_id) 
    values
        (default, ?, ?, ?)
2023-07-14 09:48:45.223 TRACE 99722 --- [    Test worker] o.h.type.descriptor.sql.BasicBinder      : binding parameter [1] as [VARCHAR] - [(증정)화이트케어 치약 100G 3개 x 2개]
2023-07-14 09:48:45.223 TRACE 99722 --- [    Test worker] o.h.type.descriptor.sql.BasicBinder      : binding parameter [2] as [INTEGER] - [19900]
2023-07-14 09:48:45.223 TRACE 99722 --- [    Test worker] o.h.type.descriptor.sql.BasicBinder      : binding parameter [3] as [INTEGER] - [null]
Hibernate: 
    insert 
    into
        option_tb
        (id, option_name, price, product_id) 
    values
        (default, ?, ?, ?)
2023-07-14 09:48:45.224 TRACE 99722 --- [    Test worker] o.h.type.descriptor.sql.BasicBinder      : binding parameter [1] as [VARCHAR] - [(증정) 어린이 칫솔 12EA]
2023-07-14 09:48:45.224 TRACE 99722 --- [    Test worker] o.h.type.descriptor.sql.BasicBinder      : binding parameter [2] as [INTEGER] - [9900]
2023-07-14 09:48:45.224 TRACE 99722 --- [    Test worker] o.h.type.descriptor.sql.BasicBinder      : binding parameter [3] as [INTEGER] - [null]
Hibernate: 
    insert 
    into
        option_tb
        (id, option_name, price, product_id) 
    values
        (default, ?, ?, ?)
2023-07-14 09:48:45.224 TRACE 99722 --- [    Test worker] o.h.type.descriptor.sql.BasicBinder      : binding parameter [1] as [VARCHAR] - [[가정용] 샤인머스켓 1kg 2수내외]
2023-07-14 09:48:45.224 TRACE 99722 --- [    Test worker] o.h.type.descriptor.sql.BasicBinder      : binding parameter [2] as [INTEGER] - [9900]
2023-07-14 09:48:45.224 TRACE 99722 --- [    Test worker] o.h.type.descriptor.sql.BasicBinder      : binding parameter [3] as [INTEGER] - [null]
Hibernate: 
    insert 
    into
        option_tb
        (id, option_name, price, product_id) 
    values
        (default, ?, ?, ?)
2023-07-14 09:48:45.224 TRACE 99722 --- [    Test worker] o.h.type.descriptor.sql.BasicBinder      : binding parameter [1] as [VARCHAR] - [[특품] 샤인머스켓 1kg 1-2수]
2023-07-14 09:48:45.224 TRACE 99722 --- [    Test worker] o.h.type.descriptor.sql.BasicBinder      : binding parameter [2] as [INTEGER] - [12900]
2023-07-14 09:48:45.224 TRACE 99722 --- [    Test worker] o.h.type.descriptor.sql.BasicBinder      : binding parameter [3] as [INTEGER] - [null]
Hibernate: 
    insert 
    into
        option_tb
        (id, option_name, price, product_id) 
    values
        (default, ?, ?, ?)
2023-07-14 09:48:45.225 TRACE 99722 --- [    Test worker] o.h.type.descriptor.sql.BasicBinder      : binding parameter [1] as [VARCHAR] - [[특품] 샤인머스켓 2kg 2-3수]
2023-07-14 09:48:45.225 TRACE 99722 --- [    Test worker] o.h.type.descriptor.sql.BasicBinder      : binding parameter [2] as [INTEGER] - [23900]
2023-07-14 09:48:45.225 TRACE 99722 --- [    Test worker] o.h.type.descriptor.sql.BasicBinder      : binding parameter [3] as [INTEGER] - [null]
Hibernate: 
    insert 
    into
        option_tb
        (id, option_name, price, product_id) 
    values
        (default, ?, ?, ?)
2023-07-14 09:48:45.225 TRACE 99722 --- [    Test worker] o.h.type.descriptor.sql.BasicBinder      : binding parameter [1] as [VARCHAR] - [화이트]
2023-07-14 09:48:45.225 TRACE 99722 --- [    Test worker] o.h.type.descriptor.sql.BasicBinder      : binding parameter [2] as [INTEGER] - [148000]
2023-07-14 09:48:45.225 TRACE 99722 --- [    Test worker] o.h.type.descriptor.sql.BasicBinder      : binding parameter [3] as [INTEGER] - [null]
Hibernate: 
    insert 
    into
        option_tb
        (id, option_name, price, product_id) 
    values
        (default, ?, ?, ?)
2023-07-14 09:48:45.225 TRACE 99722 --- [    Test worker] o.h.type.descriptor.sql.BasicBinder      : binding parameter [1] as [VARCHAR] - [블랙]
2023-07-14 09:48:45.225 TRACE 99722 --- [    Test worker] o.h.type.descriptor.sql.BasicBinder      : binding parameter [2] as [INTEGER] - [148000]
2023-07-14 09:48:45.225 TRACE 99722 --- [    Test worker] o.h.type.descriptor.sql.BasicBinder      : binding parameter [3] as [INTEGER] - [null]
Hibernate: 
    insert 
    into
        cart_tb
        (id, option_id, price, quantity, user_id) 
    values
        (default, ?, ?, ?, ?)
2023-07-14 09:48:45.228 TRACE 99722 --- [    Test worker] o.h.type.descriptor.sql.BasicBinder      : binding parameter [1] as [INTEGER] - [1]
2023-07-14 09:48:45.228 TRACE 99722 --- [    Test worker] o.h.type.descriptor.sql.BasicBinder      : binding parameter [2] as [INTEGER] - [50000]
2023-07-14 09:48:45.228 TRACE 99722 --- [    Test worker] o.h.type.descriptor.sql.BasicBinder      : binding parameter [3] as [INTEGER] - [5]
2023-07-14 09:48:45.228 TRACE 99722 --- [    Test worker] o.h.type.descriptor.sql.BasicBinder      : binding parameter [4] as [INTEGER] - [1]
Hibernate: 
    insert 
    into
        cart_tb
        (id, option_id, price, quantity, user_id) 
    values
        (default, ?, ?, ?, ?)
2023-07-14 09:48:45.228 TRACE 99722 --- [    Test worker] o.h.type.descriptor.sql.BasicBinder      : binding parameter [1] as [INTEGER] - [3]
2023-07-14 09:48:45.228 TRACE 99722 --- [    Test worker] o.h.type.descriptor.sql.BasicBinder      : binding parameter [2] as [INTEGER] - [29700]
2023-07-14 09:48:45.228 TRACE 99722 --- [    Test worker] o.h.type.descriptor.sql.BasicBinder      : binding parameter [3] as [INTEGER] - [3]
2023-07-14 09:48:45.228 TRACE 99722 --- [    Test worker] o.h.type.descriptor.sql.BasicBinder      : binding parameter [4] as [INTEGER] - [1]
Hibernate: 
    insert 
    into
        cart_tb
        (id, option_id, price, quantity, user_id) 
    values
        (default, ?, ?, ?, ?)
2023-07-14 09:48:45.228 TRACE 99722 --- [    Test worker] o.h.type.descriptor.sql.BasicBinder      : binding parameter [1] as [INTEGER] - [8]
2023-07-14 09:48:45.228 TRACE 99722 --- [    Test worker] o.h.type.descriptor.sql.BasicBinder      : binding parameter [2] as [INTEGER] - [11000]
2023-07-14 09:48:45.228 TRACE 99722 --- [    Test worker] o.h.type.descriptor.sql.BasicBinder      : binding parameter [3] as [INTEGER] - [2]
2023-07-14 09:48:45.229 TRACE 99722 --- [    Test worker] o.h.type.descriptor.sql.BasicBinder      : binding parameter [4] as [INTEGER] - [1]
Hibernate: 
    insert 
    into
        cart_tb
        (id, option_id, price, quantity, user_id) 
    values
        (default, ?, ?, ?, ?)
2023-07-14 09:48:45.229 TRACE 99722 --- [    Test worker] o.h.type.descriptor.sql.BasicBinder      : binding parameter [1] as [INTEGER] - [14]
2023-07-14 09:48:45.229 TRACE 99722 --- [    Test worker] o.h.type.descriptor.sql.BasicBinder      : binding parameter [2] as [INTEGER] - [264500]
2023-07-14 09:48:45.229 TRACE 99722 --- [    Test worker] o.h.type.descriptor.sql.BasicBinder      : binding parameter [3] as [INTEGER] - [5]
2023-07-14 09:48:45.229 TRACE 99722 --- [    Test worker] o.h.type.descriptor.sql.BasicBinder      : binding parameter [4] as [INTEGER] - [1]
Hibernate: 
    insert 
    into
        cart_tb
        (id, option_id, price, quantity, user_id) 
    values
        (default, ?, ?, ?, ?)
2023-07-14 09:48:45.229 TRACE 99722 --- [    Test worker] o.h.type.descriptor.sql.BasicBinder      : binding parameter [1] as [INTEGER] - [16]
2023-07-14 09:48:45.229 TRACE 99722 --- [    Test worker] o.h.type.descriptor.sql.BasicBinder      : binding parameter [2] as [INTEGER] - [50000]
2023-07-14 09:48:45.229 TRACE 99722 --- [    Test worker] o.h.type.descriptor.sql.BasicBinder      : binding parameter [3] as [INTEGER] - [1]
2023-07-14 09:48:45.229 TRACE 99722 --- [    Test worker] o.h.type.descriptor.sql.BasicBinder      : binding parameter [4] as [INTEGER] - [1]
Hibernate: 
    select
        user0_.id as id1_5_0_,
        user0_.email as email2_5_0_,
        user0_.password as password3_5_0_,
        user0_.roles as roles4_5_0_,
        user0_.username as username5_5_0_ 
    from
        user_tb user0_ 
    where
        user0_.id=?
2023-07-14 09:48:45.235 TRACE 99722 --- [    Test worker] o.h.type.descriptor.sql.BasicBinder      : binding parameter [1] as [INTEGER] - [1]
2023-07-14 09:48:45.237 TRACE 99722 --- [    Test worker] o.h.type.descriptor.sql.BasicExtractor   : extracted value ([email2_5_0_] : [VARCHAR]) - [ssar@nate.com]
2023-07-14 09:48:45.237 TRACE 99722 --- [    Test worker] o.h.type.descriptor.sql.BasicExtractor   : extracted value ([password3_5_0_] : [VARCHAR]) - [$2a$10$It5QlYE1PpMD3EUuW44QBOdXTg5Eu0zqCMn7/Ol5GuDHHN9.786h2]
2023-07-14 09:48:45.237 TRACE 99722 --- [    Test worker] o.h.type.descriptor.sql.BasicExtractor   : extracted value ([roles4_5_0_] : [VARCHAR]) - [ROLE_USER]
2023-07-14 09:48:45.237 TRACE 99722 --- [    Test worker] o.h.type.descriptor.sql.BasicExtractor   : extracted value ([username5_5_0_] : [VARCHAR]) - [ssar]
Hibernate: 
    select
        option0_.id as id1_2_0_,
        option0_.option_name as option_n2_2_0_,
        option0_.price as price3_2_0_,
        option0_.product_id as product_4_2_0_,
        product1_.id as id1_4_1_,
        product1_.description as descript2_4_1_,
        product1_.image as image3_4_1_,
        product1_.price as price4_4_1_,
        product1_.product_name as product_5_4_1_ 
    from
        option_tb option0_ 
    left outer join
        product_tb product1_ 
            on option0_.product_id=product1_.id 
    where
        option0_.id=?
2023-07-14 09:48:45.239 TRACE 99722 --- [    Test worker] o.h.type.descriptor.sql.BasicBinder      : binding parameter [1] as [INTEGER] - [28]
2023-07-14 09:48:45.239 TRACE 99722 --- [    Test worker] o.h.type.descriptor.sql.BasicExtractor   : extracted value ([id1_4_1_] : [INTEGER]) - [null]
2023-07-14 09:48:45.239 TRACE 99722 --- [    Test worker] o.h.type.descriptor.sql.BasicExtractor   : extracted value ([option_n2_2_0_] : [VARCHAR]) - [플레이스테이션 VR2 호라이즌 번들]
2023-07-14 09:48:45.239 TRACE 99722 --- [    Test worker] o.h.type.descriptor.sql.BasicExtractor   : extracted value ([price3_2_0_] : [INTEGER]) - [839000]
2023-07-14 09:48:45.239 TRACE 99722 --- [    Test worker] o.h.type.descriptor.sql.BasicExtractor   : extracted value ([product_4_2_0_] : [INTEGER]) - [null]
Hibernate: 
    select
        count(*) as col_0_0_ 
    from
        cart_tb cart0_
2023-07-14 09:48:45.243 TRACE 99722 --- [    Test worker] o.h.type.descriptor.sql.BasicExtractor   : extracted value ([col_0_0_] : [BIGINT]) - [5]
Hibernate: 
    insert 
    into
        cart_tb
        (id, option_id, price, quantity, user_id) 
    values
        (default, ?, ?, ?, ?)
2023-07-14 09:48:45.243 TRACE 99722 --- [    Test worker] o.h.type.descriptor.sql.BasicBinder      : binding parameter [1] as [INTEGER] - [28]
2023-07-14 09:48:45.243 TRACE 99722 --- [    Test worker] o.h.type.descriptor.sql.BasicBinder      : binding parameter [2] as [INTEGER] - [1678000]
2023-07-14 09:48:45.243 TRACE 99722 --- [    Test worker] o.h.type.descriptor.sql.BasicBinder      : binding parameter [3] as [INTEGER] - [2]
2023-07-14 09:48:45.243 TRACE 99722 --- [    Test worker] o.h.type.descriptor.sql.BasicBinder      : binding parameter [4] as [INTEGER] - [1]
Hibernate: 
    select
        count(*) as col_0_0_ 
    from
        cart_tb cart0_
2023-07-14 09:48:45.263 TRACE 99722 --- [    Test worker] o.h.type.descriptor.sql.BasicExtractor   : extracted value ([col_0_0_] : [BIGINT]) - [6]
2023-07-14 09:48:45.268  INFO 99722 --- [    Test worker] o.s.t.c.transaction.TransactionContext   : Rolled back transaction for test: [DefaultTestContext@5c8eee0f testClass = CartJPARepositoryTest, testInstance = com.example.kakao.cart.CartJPARepositoryTest@36f40d72, testMethod = insertTest@CartJPARepositoryTest, testException = [null], mergedContextConfiguration = [MergedContextConfiguration@565b064f testClass = CartJPARepositoryTest, locations = '{}', classes = '{class com.example.kakao.KakaoApplication}', contextInitializerClasses = '[]', activeProfiles = '{}', propertySourceLocations = '{}', propertySourceProperties = '{org.springframework.boot.test.autoconfigure.orm.jpa.DataJpaTestContextBootstrapper=true}', contextCustomizers = set[org.springframework.boot.test.autoconfigure.OverrideAutoConfigurationContextCustomizerFactory$DisableAutoConfigurationContextCustomizer@4b6e2263, org.springframework.boot.test.autoconfigure.actuate.metrics.MetricsExportContextCustomizerFactory$DisableMetricExportContextCustomizer@2a62b5bc, org.springframework.boot.test.autoconfigure.filter.TypeExcludeFiltersContextCustomizer@351584c0, org.springframework.boot.test.autoconfigure.properties.PropertyMappingContextCustomizer@84c418f0, org.springframework.boot.test.autoconfigure.web.servlet.WebDriverContextCustomizerFactory$Customizer@4f25b795, [ImportsContextCustomizer@26425897 key = [org.springframework.boot.autoconfigure.cache.CacheAutoConfiguration, org.springframework.boot.autoconfigure.data.jpa.JpaRepositoriesAutoConfiguration, org.springframework.boot.autoconfigure.flyway.FlywayAutoConfiguration, org.springframework.boot.autoconfigure.jdbc.DataSourceAutoConfiguration, org.springframework.boot.autoconfigure.jdbc.DataSourceTransactionManagerAutoConfiguration, org.springframework.boot.autoconfigure.jdbc.JdbcTemplateAutoConfiguration, org.springframework.boot.autoconfigure.liquibase.LiquibaseAutoConfiguration, org.springframework.boot.autoconfigure.orm.jpa.HibernateJpaAutoConfiguration, org.springframework.boot.autoconfigure.sql.init.SqlInitializationAutoConfiguration, org.springframework.boot.autoconfigure.transaction.TransactionAutoConfiguration, org.springframework.boot.test.autoconfigure.jdbc.TestDatabaseAutoConfiguration, org.springframework.boot.test.autoconfigure.orm.jpa.TestEntityManagerAutoConfiguration]], org.springframework.boot.test.context.filter.ExcludeFilterContextCustomizer@62727399, org.springframework.boot.test.json.DuplicateJsonObjectContextCustomizerFactory$DuplicateJsonObjectContextCustomizer@2654635, org.springframework.boot.test.mock.mockito.MockitoContextCustomizer@0, org.springframework.boot.test.context.SpringBootTestArgs@1, org.springframework.boot.test.context.SpringBootTestWebEnvironment@0], contextLoader = 'org.springframework.boot.test.context.SpringBootContextLoader', parent = [null]], attributes = map['org.springframework.test.context.event.ApplicationEventsTestExecutionListener.recordApplicationEvents' -> false]]
]]></system-out>
  <system-err><![CDATA[]]></system-err>
</testsuite>
