<?xml version="1.0" encoding="UTF-8"?>
<testsuite name="Cart Repository Test" tests="1" skipped="0" failures="0" errors="0" timestamp="2023-07-13T12:49:56" hostname="mac.local" time="0.232">
  <properties/>
  <testcase name="delete cart test" classname="com.example.kakao.cart.CartJPARepositoryTest" time="0.232"/>
  <system-out><![CDATA[21:49:55.435 [Test worker] DEBUG org.springframework.test.context.BootstrapUtils - Instantiating CacheAwareContextLoaderDelegate from class [org.springframework.test.context.cache.DefaultCacheAwareContextLoaderDelegate]
21:49:55.440 [Test worker] DEBUG org.springframework.test.context.BootstrapUtils - Instantiating BootstrapContext using constructor [public org.springframework.test.context.support.DefaultBootstrapContext(java.lang.Class,org.springframework.test.context.CacheAwareContextLoaderDelegate)]
21:49:55.456 [Test worker] DEBUG org.springframework.test.context.BootstrapUtils - Instantiating TestContextBootstrapper for test class [com.example.kakao.cart.CartJPARepositoryTest] from class [org.springframework.boot.test.autoconfigure.orm.jpa.DataJpaTestContextBootstrapper]
21:49:55.461 [Test worker] INFO org.springframework.boot.test.autoconfigure.orm.jpa.DataJpaTestContextBootstrapper - Neither @ContextConfiguration nor @ContextHierarchy found for test class [com.example.kakao.cart.CartJPARepositoryTest], using SpringBootContextLoader
21:49:55.463 [Test worker] DEBUG org.springframework.test.context.support.AbstractContextLoader - Did not detect default resource location for test class [com.example.kakao.cart.CartJPARepositoryTest]: class path resource [com/example/kakao/cart/CartJPARepositoryTest-context.xml] does not exist
21:49:55.463 [Test worker] DEBUG org.springframework.test.context.support.AbstractContextLoader - Did not detect default resource location for test class [com.example.kakao.cart.CartJPARepositoryTest]: class path resource [com/example/kakao/cart/CartJPARepositoryTestContext.groovy] does not exist
21:49:55.463 [Test worker] INFO org.springframework.test.context.support.AbstractContextLoader - Could not detect default resource locations for test class [com.example.kakao.cart.CartJPARepositoryTest]: no resource found for suffixes {-context.xml, Context.groovy}.
21:49:55.464 [Test worker] INFO org.springframework.test.context.support.AnnotationConfigContextLoaderUtils - Could not detect default configuration classes for test class [com.example.kakao.cart.CartJPARepositoryTest]: CartJPARepositoryTest does not declare any static, non-private, non-final, nested classes annotated with @Configuration.
21:49:55.490 [Test worker] DEBUG org.springframework.test.context.support.ActiveProfilesUtils - Could not find an 'annotation declaring class' for annotation type [org.springframework.test.context.ActiveProfiles] and class [com.example.kakao.cart.CartJPARepositoryTest]
21:49:55.521 [Test worker] DEBUG org.springframework.context.annotation.ClassPathScanningCandidateComponentProvider - Identified candidate component class: file [/Users/seokjun/Desktop/github/step2-BE-kakao-shop/week3/kakao-jpa/build/classes/java/main/com/example/kakao/KakaoApplication.class]
21:49:55.521 [Test worker] INFO org.springframework.boot.test.context.SpringBootTestContextBootstrapper - Found @SpringBootConfiguration com.example.kakao.KakaoApplication for test class com.example.kakao.cart.CartJPARepositoryTest
21:49:55.522 [Test worker] DEBUG org.springframework.boot.test.autoconfigure.orm.jpa.DataJpaTestContextBootstrapper - @TestExecutionListeners is not present for class [com.example.kakao.cart.CartJPARepositoryTest]: using defaults.
21:49:55.523 [Test worker] INFO org.springframework.boot.test.autoconfigure.orm.jpa.DataJpaTestContextBootstrapper - Loaded default TestExecutionListener class names from location [META-INF/spring.factories]: [org.springframework.security.test.context.support.WithSecurityContextTestExecutionListener, org.springframework.security.test.context.support.ReactorContextTestExecutionListener, org.springframework.boot.test.autoconfigure.restdocs.RestDocsTestExecutionListener, org.springframework.boot.test.autoconfigure.web.client.MockRestServiceServerResetTestExecutionListener, org.springframework.boot.test.autoconfigure.web.servlet.MockMvcPrintOnlyOnFailureTestExecutionListener, org.springframework.boot.test.autoconfigure.web.servlet.WebDriverTestExecutionListener, org.springframework.boot.test.autoconfigure.webservices.client.MockWebServiceServerTestExecutionListener, org.springframework.boot.test.mock.mockito.MockitoTestExecutionListener, org.springframework.boot.test.mock.mockito.ResetMocksTestExecutionListener, org.springframework.test.context.web.ServletTestExecutionListener, org.springframework.test.context.support.DirtiesContextBeforeModesTestExecutionListener, org.springframework.test.context.event.ApplicationEventsTestExecutionListener, org.springframework.test.context.support.DependencyInjectionTestExecutionListener, org.springframework.test.context.support.DirtiesContextTestExecutionListener, org.springframework.test.context.transaction.TransactionalTestExecutionListener, org.springframework.test.context.jdbc.SqlScriptsTestExecutionListener, org.springframework.test.context.event.EventPublishingTestExecutionListener]
21:49:55.531 [Test worker] INFO org.springframework.boot.test.autoconfigure.orm.jpa.DataJpaTestContextBootstrapper - Using TestExecutionListeners: [org.springframework.test.context.web.ServletTestExecutionListener@7b8233cd, org.springframework.test.context.support.DirtiesContextBeforeModesTestExecutionListener@4b20ca2b, org.springframework.test.context.event.ApplicationEventsTestExecutionListener@1cbf6e72, org.springframework.boot.test.mock.mockito.MockitoTestExecutionListener@6aecbb8d, org.springframework.boot.test.autoconfigure.SpringBootDependencyInjectionTestExecutionListener@1af146, org.springframework.test.context.support.DirtiesContextTestExecutionListener@4da602fc, org.springframework.test.context.transaction.TransactionalTestExecutionListener@2a8d39c4, org.springframework.test.context.jdbc.SqlScriptsTestExecutionListener@25b2cfcb, org.springframework.security.test.context.support.WithSecurityContextTestExecutionListener@72758afa, org.springframework.test.context.event.EventPublishingTestExecutionListener@fb9c7aa, org.springframework.security.test.context.support.ReactorContextTestExecutionListener@4c398c80, org.springframework.boot.test.autoconfigure.restdocs.RestDocsTestExecutionListener@7fc6de5b, org.springframework.boot.test.autoconfigure.web.client.MockRestServiceServerResetTestExecutionListener@21baa903, org.springframework.boot.test.autoconfigure.web.servlet.MockMvcPrintOnlyOnFailureTestExecutionListener@607fbe09, org.springframework.boot.test.autoconfigure.web.servlet.WebDriverTestExecutionListener@60a2630a, org.springframework.boot.test.autoconfigure.webservices.client.MockWebServiceServerTestExecutionListener@29df4d43, org.springframework.boot.test.mock.mockito.ResetMocksTestExecutionListener@5dd91bca]
21:49:55.533 [Test worker] DEBUG org.springframework.test.context.support.AbstractDirtiesContextTestExecutionListener - Before test class: context [DefaultTestContext@62f4ff3b testClass = CartJPARepositoryTest, testInstance = [null], testMethod = [null], testException = [null], mergedContextConfiguration = [MergedContextConfiguration@1698fc68 testClass = CartJPARepositoryTest, locations = '{}', classes = '{class com.example.kakao.KakaoApplication}', contextInitializerClasses = '[]', activeProfiles = '{}', propertySourceLocations = '{}', propertySourceProperties = '{org.springframework.boot.test.autoconfigure.orm.jpa.DataJpaTestContextBootstrapper=true}', contextCustomizers = set[org.springframework.boot.test.autoconfigure.OverrideAutoConfigurationContextCustomizerFactory$DisableAutoConfigurationContextCustomizer@3a5ecce3, org.springframework.boot.test.autoconfigure.actuate.metrics.MetricsExportContextCustomizerFactory$DisableMetricExportContextCustomizer@388526fb, org.springframework.boot.test.autoconfigure.filter.TypeExcludeFiltersContextCustomizer@351584c0, org.springframework.boot.test.autoconfigure.properties.PropertyMappingContextCustomizer@776ef49f, org.springframework.boot.test.autoconfigure.web.servlet.WebDriverContextCustomizerFactory$Customizer@6ee6f53, [ImportsContextCustomizer@4504d271 key = [org.springframework.boot.autoconfigure.cache.CacheAutoConfiguration, org.springframework.boot.autoconfigure.data.jpa.JpaRepositoriesAutoConfiguration, org.springframework.boot.autoconfigure.flyway.FlywayAutoConfiguration, org.springframework.boot.autoconfigure.jdbc.DataSourceAutoConfiguration, org.springframework.boot.autoconfigure.jdbc.DataSourceTransactionManagerAutoConfiguration, org.springframework.boot.autoconfigure.jdbc.JdbcTemplateAutoConfiguration, org.springframework.boot.autoconfigure.liquibase.LiquibaseAutoConfiguration, org.springframework.boot.autoconfigure.orm.jpa.HibernateJpaAutoConfiguration, org.springframework.boot.autoconfigure.sql.init.SqlInitializationAutoConfiguration, org.springframework.boot.autoconfigure.transaction.TransactionAutoConfiguration, org.springframework.boot.test.autoconfigure.jdbc.TestDatabaseAutoConfiguration, org.springframework.boot.test.autoconfigure.orm.jpa.TestEntityManagerAutoConfiguration, com.fasterxml.jackson.databind.ObjectMapper]], org.springframework.boot.test.context.filter.ExcludeFilterContextCustomizer@736caf7a, org.springframework.boot.test.json.DuplicateJsonObjectContextCustomizerFactory$DuplicateJsonObjectContextCustomizer@63f8276e, org.springframework.boot.test.mock.mockito.MockitoContextCustomizer@0, org.springframework.boot.test.context.SpringBootTestArgs@1, org.springframework.boot.test.context.SpringBootTestWebEnvironment@0], contextLoader = 'org.springframework.boot.test.context.SpringBootContextLoader', parent = [null]], attributes = map[[empty]]], class annotated with @DirtiesContext [false] with mode [null].

  .   ____          _            __ _ _
 /\\ / ___'_ __ _ _(_)_ __  __ _ \ \ \ \
( ( )\___ | '_ | '_| | '_ \/ _` | \ \ \ \
 \\/  ___)| |_)| | | | | || (_| |  ) ) ) )
  '  |____| .__|_| |_|_| |_\__, | / / / /
 =========|_|==============|___/=/_/_/_/
 :: Spring Boot ::                (v2.7.6)

2023-07-13 21:49:55.845  INFO 12153 --- [    Test worker] c.e.kakao.cart.CartJPARepositoryTest     : Starting CartJPARepositoryTest using Java 17.0.7 on mac.local with PID 12153 (started by seokjun in /Users/seokjun/Desktop/github/step2-BE-kakao-shop/week3/kakao-jpa)
2023-07-13 21:49:55.845 DEBUG 12153 --- [    Test worker] c.e.kakao.cart.CartJPARepositoryTest     : Running with Spring Boot v2.7.6, Spring v5.3.24
2023-07-13 21:49:55.845  INFO 12153 --- [    Test worker] c.e.kakao.cart.CartJPARepositoryTest     : The following 1 profile is active: "local"
2023-07-13 21:49:55.980  INFO 12153 --- [    Test worker] .s.d.r.c.RepositoryConfigurationDelegate : Bootstrapping Spring Data JPA repositories in DEFAULT mode.
2023-07-13 21:49:56.006  INFO 12153 --- [    Test worker] .s.d.r.c.RepositoryConfigurationDelegate : Finished Spring Data repository scanning in 24 ms. Found 6 JPA repository interfaces.
2023-07-13 21:49:56.028  INFO 12153 --- [    Test worker] beddedDataSourceBeanFactoryPostProcessor : Replacing 'dataSource' DataSource bean with embedded version
2023-07-13 21:49:56.091  INFO 12153 --- [    Test worker] o.s.j.d.e.EmbeddedDatabaseFactory        : Starting embedded database: url='jdbc:h2:mem:cd4995f2-3fbb-40ec-9ccb-1190283b9019;DB_CLOSE_DELAY=-1;DB_CLOSE_ON_EXIT=false', username='sa'
2023-07-13 21:49:56.214  INFO 12153 --- [    Test worker] o.hibernate.jpa.internal.util.LogHelper  : HHH000204: Processing PersistenceUnitInfo [name: default]
2023-07-13 21:49:56.239  INFO 12153 --- [    Test worker] org.hibernate.Version                    : HHH000412: Hibernate ORM core version 5.6.14.Final
2023-07-13 21:49:56.304  INFO 12153 --- [    Test worker] o.hibernate.annotations.common.Version   : HCANN000001: Hibernate Commons Annotations {5.1.2.Final}
2023-07-13 21:49:56.314 DEBUG 12153 --- [    Test worker] org.hibernate.type.BasicTypeRegistry     : Adding type registration boolean -> org.hibernate.type.BooleanType@6f930e0
2023-07-13 21:49:56.314 DEBUG 12153 --- [    Test worker] org.hibernate.type.BasicTypeRegistry     : Adding type registration boolean -> org.hibernate.type.BooleanType@6f930e0
2023-07-13 21:49:56.314 DEBUG 12153 --- [    Test worker] org.hibernate.type.BasicTypeRegistry     : Adding type registration java.lang.Boolean -> org.hibernate.type.BooleanType@6f930e0
2023-07-13 21:49:56.314 DEBUG 12153 --- [    Test worker] org.hibernate.type.BasicTypeRegistry     : Adding type registration numeric_boolean -> org.hibernate.type.NumericBooleanType@329dc214
2023-07-13 21:49:56.314 DEBUG 12153 --- [    Test worker] org.hibernate.type.BasicTypeRegistry     : Adding type registration true_false -> org.hibernate.type.TrueFalseType@217dc48e
2023-07-13 21:49:56.314 DEBUG 12153 --- [    Test worker] org.hibernate.type.BasicTypeRegistry     : Adding type registration yes_no -> org.hibernate.type.YesNoType@7aea704c
2023-07-13 21:49:56.315 DEBUG 12153 --- [    Test worker] org.hibernate.type.BasicTypeRegistry     : Adding type registration byte -> org.hibernate.type.ByteType@209f3887
2023-07-13 21:49:56.315 DEBUG 12153 --- [    Test worker] org.hibernate.type.BasicTypeRegistry     : Adding type registration byte -> org.hibernate.type.ByteType@209f3887
2023-07-13 21:49:56.315 DEBUG 12153 --- [    Test worker] org.hibernate.type.BasicTypeRegistry     : Adding type registration java.lang.Byte -> org.hibernate.type.ByteType@209f3887
2023-07-13 21:49:56.315 DEBUG 12153 --- [    Test worker] org.hibernate.type.BasicTypeRegistry     : Adding type registration character -> org.hibernate.type.CharacterType@685f5d0d
2023-07-13 21:49:56.315 DEBUG 12153 --- [    Test worker] org.hibernate.type.BasicTypeRegistry     : Adding type registration char -> org.hibernate.type.CharacterType@685f5d0d
2023-07-13 21:49:56.315 DEBUG 12153 --- [    Test worker] org.hibernate.type.BasicTypeRegistry     : Adding type registration java.lang.Character -> org.hibernate.type.CharacterType@685f5d0d
2023-07-13 21:49:56.316 DEBUG 12153 --- [    Test worker] org.hibernate.type.BasicTypeRegistry     : Adding type registration short -> org.hibernate.type.ShortType@5d9618f2
2023-07-13 21:49:56.316 DEBUG 12153 --- [    Test worker] org.hibernate.type.BasicTypeRegistry     : Adding type registration short -> org.hibernate.type.ShortType@5d9618f2
2023-07-13 21:49:56.316 DEBUG 12153 --- [    Test worker] org.hibernate.type.BasicTypeRegistry     : Adding type registration java.lang.Short -> org.hibernate.type.ShortType@5d9618f2
2023-07-13 21:49:56.317 DEBUG 12153 --- [    Test worker] org.hibernate.type.BasicTypeRegistry     : Adding type registration integer -> org.hibernate.type.IntegerType@525647f3
2023-07-13 21:49:56.317 DEBUG 12153 --- [    Test worker] org.hibernate.type.BasicTypeRegistry     : Adding type registration int -> org.hibernate.type.IntegerType@525647f3
2023-07-13 21:49:56.317 DEBUG 12153 --- [    Test worker] org.hibernate.type.BasicTypeRegistry     : Adding type registration java.lang.Integer -> org.hibernate.type.IntegerType@525647f3
2023-07-13 21:49:56.317 DEBUG 12153 --- [    Test worker] org.hibernate.type.BasicTypeRegistry     : Adding type registration long -> org.hibernate.type.LongType@43a4a9e5
2023-07-13 21:49:56.317 DEBUG 12153 --- [    Test worker] org.hibernate.type.BasicTypeRegistry     : Adding type registration long -> org.hibernate.type.LongType@43a4a9e5
2023-07-13 21:49:56.317 DEBUG 12153 --- [    Test worker] org.hibernate.type.BasicTypeRegistry     : Adding type registration java.lang.Long -> org.hibernate.type.LongType@43a4a9e5
2023-07-13 21:49:56.317 DEBUG 12153 --- [    Test worker] org.hibernate.type.BasicTypeRegistry     : Adding type registration float -> org.hibernate.type.FloatType@6af609ea
2023-07-13 21:49:56.317 DEBUG 12153 --- [    Test worker] org.hibernate.type.BasicTypeRegistry     : Adding type registration float -> org.hibernate.type.FloatType@6af609ea
2023-07-13 21:49:56.317 DEBUG 12153 --- [    Test worker] org.hibernate.type.BasicTypeRegistry     : Adding type registration java.lang.Float -> org.hibernate.type.FloatType@6af609ea
2023-07-13 21:49:56.318 DEBUG 12153 --- [    Test worker] org.hibernate.type.BasicTypeRegistry     : Adding type registration double -> org.hibernate.type.DoubleType@5c313224
2023-07-13 21:49:56.318 DEBUG 12153 --- [    Test worker] org.hibernate.type.BasicTypeRegistry     : Adding type registration double -> org.hibernate.type.DoubleType@5c313224
2023-07-13 21:49:56.318 DEBUG 12153 --- [    Test worker] org.hibernate.type.BasicTypeRegistry     : Adding type registration java.lang.Double -> org.hibernate.type.DoubleType@5c313224
2023-07-13 21:49:56.318 DEBUG 12153 --- [    Test worker] org.hibernate.type.BasicTypeRegistry     : Adding type registration big_decimal -> org.hibernate.type.BigDecimalType@527a8665
2023-07-13 21:49:56.318 DEBUG 12153 --- [    Test worker] org.hibernate.type.BasicTypeRegistry     : Adding type registration java.math.BigDecimal -> org.hibernate.type.BigDecimalType@527a8665
2023-07-13 21:49:56.318 DEBUG 12153 --- [    Test worker] org.hibernate.type.BasicTypeRegistry     : Adding type registration big_integer -> org.hibernate.type.BigIntegerType@7f8a9454
2023-07-13 21:49:56.318 DEBUG 12153 --- [    Test worker] org.hibernate.type.BasicTypeRegistry     : Adding type registration java.math.BigInteger -> org.hibernate.type.BigIntegerType@7f8a9454
2023-07-13 21:49:56.319 DEBUG 12153 --- [    Test worker] org.hibernate.type.BasicTypeRegistry     : Adding type registration string -> org.hibernate.type.StringType@5e599100
2023-07-13 21:49:56.319 DEBUG 12153 --- [    Test worker] org.hibernate.type.BasicTypeRegistry     : Adding type registration java.lang.String -> org.hibernate.type.StringType@5e599100
2023-07-13 21:49:56.319 DEBUG 12153 --- [    Test worker] org.hibernate.type.BasicTypeRegistry     : Adding type registration nstring -> org.hibernate.type.StringNVarcharType@4a642e4b
2023-07-13 21:49:56.319 DEBUG 12153 --- [    Test worker] org.hibernate.type.BasicTypeRegistry     : Adding type registration ncharacter -> org.hibernate.type.CharacterNCharType@33d7765a
2023-07-13 21:49:56.319 DEBUG 12153 --- [    Test worker] org.hibernate.type.BasicTypeRegistry     : Adding type registration url -> org.hibernate.type.UrlType@13250132
2023-07-13 21:49:56.319 DEBUG 12153 --- [    Test worker] org.hibernate.type.BasicTypeRegistry     : Adding type registration java.net.URL -> org.hibernate.type.UrlType@13250132
2023-07-13 21:49:56.319 DEBUG 12153 --- [    Test worker] org.hibernate.type.BasicTypeRegistry     : Adding type registration Duration -> org.hibernate.type.DurationType@7558c24b
2023-07-13 21:49:56.320 DEBUG 12153 --- [    Test worker] org.hibernate.type.BasicTypeRegistry     : Adding type registration java.time.Duration -> org.hibernate.type.DurationType@7558c24b
2023-07-13 21:49:56.320 DEBUG 12153 --- [    Test worker] org.hibernate.type.BasicTypeRegistry     : Adding type registration Instant -> org.hibernate.type.InstantType@2faa55bb
2023-07-13 21:49:56.320 DEBUG 12153 --- [    Test worker] org.hibernate.type.BasicTypeRegistry     : Adding type registration java.time.Instant -> org.hibernate.type.InstantType@2faa55bb
2023-07-13 21:49:56.320 DEBUG 12153 --- [    Test worker] org.hibernate.type.BasicTypeRegistry     : Adding type registration LocalDateTime -> org.hibernate.type.LocalDateTimeType@53a50b0a
2023-07-13 21:49:56.320 DEBUG 12153 --- [    Test worker] org.hibernate.type.BasicTypeRegistry     : Adding type registration java.time.LocalDateTime -> org.hibernate.type.LocalDateTimeType@53a50b0a
2023-07-13 21:49:56.321 DEBUG 12153 --- [    Test worker] org.hibernate.type.BasicTypeRegistry     : Adding type registration LocalDate -> org.hibernate.type.LocalDateType@3c7279a5
2023-07-13 21:49:56.321 DEBUG 12153 --- [    Test worker] org.hibernate.type.BasicTypeRegistry     : Adding type registration java.time.LocalDate -> org.hibernate.type.LocalDateType@3c7279a5
2023-07-13 21:49:56.321 DEBUG 12153 --- [    Test worker] org.hibernate.type.BasicTypeRegistry     : Adding type registration LocalTime -> org.hibernate.type.LocalTimeType@f882465
2023-07-13 21:49:56.322 DEBUG 12153 --- [    Test worker] org.hibernate.type.BasicTypeRegistry     : Adding type registration java.time.LocalTime -> org.hibernate.type.LocalTimeType@f882465
2023-07-13 21:49:56.322 DEBUG 12153 --- [    Test worker] org.hibernate.type.BasicTypeRegistry     : Adding type registration OffsetDateTime -> org.hibernate.type.OffsetDateTimeType@5e85c21b
2023-07-13 21:49:56.322 DEBUG 12153 --- [    Test worker] org.hibernate.type.BasicTypeRegistry     : Adding type registration java.time.OffsetDateTime -> org.hibernate.type.OffsetDateTimeType@5e85c21b
2023-07-13 21:49:56.323 DEBUG 12153 --- [    Test worker] org.hibernate.type.BasicTypeRegistry     : Adding type registration OffsetTime -> org.hibernate.type.OffsetTimeType@26e8ff8c
2023-07-13 21:49:56.323 DEBUG 12153 --- [    Test worker] org.hibernate.type.BasicTypeRegistry     : Adding type registration java.time.OffsetTime -> org.hibernate.type.OffsetTimeType@26e8ff8c
2023-07-13 21:49:56.323 DEBUG 12153 --- [    Test worker] org.hibernate.type.BasicTypeRegistry     : Adding type registration ZonedDateTime -> org.hibernate.type.ZonedDateTimeType@7abeabe9
2023-07-13 21:49:56.323 DEBUG 12153 --- [    Test worker] org.hibernate.type.BasicTypeRegistry     : Adding type registration java.time.ZonedDateTime -> org.hibernate.type.ZonedDateTimeType@7abeabe9
2023-07-13 21:49:56.324 DEBUG 12153 --- [    Test worker] org.hibernate.type.BasicTypeRegistry     : Adding type registration date -> org.hibernate.type.DateType@1edccfd4
2023-07-13 21:49:56.324 DEBUG 12153 --- [    Test worker] org.hibernate.type.BasicTypeRegistry     : Adding type registration java.sql.Date -> org.hibernate.type.DateType@1edccfd4
2023-07-13 21:49:56.324 DEBUG 12153 --- [    Test worker] org.hibernate.type.BasicTypeRegistry     : Adding type registration time -> org.hibernate.type.TimeType@26c8b296
2023-07-13 21:49:56.324 DEBUG 12153 --- [    Test worker] org.hibernate.type.BasicTypeRegistry     : Adding type registration java.sql.Time -> org.hibernate.type.TimeType@26c8b296
2023-07-13 21:49:56.325 DEBUG 12153 --- [    Test worker] org.hibernate.type.BasicTypeRegistry     : Adding type registration timestamp -> org.hibernate.type.TimestampType@6cc64028
2023-07-13 21:49:56.325 DEBUG 12153 --- [    Test worker] org.hibernate.type.BasicTypeRegistry     : Adding type registration java.sql.Timestamp -> org.hibernate.type.TimestampType@6cc64028
2023-07-13 21:49:56.325 DEBUG 12153 --- [    Test worker] org.hibernate.type.BasicTypeRegistry     : Adding type registration java.util.Date -> org.hibernate.type.TimestampType@6cc64028
2023-07-13 21:49:56.325 DEBUG 12153 --- [    Test worker] org.hibernate.type.BasicTypeRegistry     : Adding type registration dbtimestamp -> org.hibernate.type.DbTimestampType@6a1568d6
2023-07-13 21:49:56.325 DEBUG 12153 --- [    Test worker] org.hibernate.type.BasicTypeRegistry     : Adding type registration calendar -> org.hibernate.type.CalendarType@2fd1ad8a
2023-07-13 21:49:56.325 DEBUG 12153 --- [    Test worker] org.hibernate.type.BasicTypeRegistry     : Adding type registration java.util.Calendar -> org.hibernate.type.CalendarType@2fd1ad8a
2023-07-13 21:49:56.325 DEBUG 12153 --- [    Test worker] org.hibernate.type.BasicTypeRegistry     : Adding type registration java.util.GregorianCalendar -> org.hibernate.type.CalendarType@2fd1ad8a
2023-07-13 21:49:56.326 DEBUG 12153 --- [    Test worker] org.hibernate.type.BasicTypeRegistry     : Adding type registration calendar_date -> org.hibernate.type.CalendarDateType@349c4d1c
2023-07-13 21:49:56.326 DEBUG 12153 --- [    Test worker] org.hibernate.type.BasicTypeRegistry     : Adding type registration calendar_time -> org.hibernate.type.CalendarTimeType@31aab981
2023-07-13 21:49:56.326 DEBUG 12153 --- [    Test worker] org.hibernate.type.BasicTypeRegistry     : Adding type registration locale -> org.hibernate.type.LocaleType@5b0dbfb
2023-07-13 21:49:56.326 DEBUG 12153 --- [    Test worker] org.hibernate.type.BasicTypeRegistry     : Adding type registration java.util.Locale -> org.hibernate.type.LocaleType@5b0dbfb
2023-07-13 21:49:56.327 DEBUG 12153 --- [    Test worker] org.hibernate.type.BasicTypeRegistry     : Adding type registration currency -> org.hibernate.type.CurrencyType@76cdafa3
2023-07-13 21:49:56.327 DEBUG 12153 --- [    Test worker] org.hibernate.type.BasicTypeRegistry     : Adding type registration java.util.Currency -> org.hibernate.type.CurrencyType@76cdafa3
2023-07-13 21:49:56.327 DEBUG 12153 --- [    Test worker] org.hibernate.type.BasicTypeRegistry     : Adding type registration timezone -> org.hibernate.type.TimeZoneType@32ea16b7
2023-07-13 21:49:56.327 DEBUG 12153 --- [    Test worker] org.hibernate.type.BasicTypeRegistry     : Adding type registration java.util.TimeZone -> org.hibernate.type.TimeZoneType@32ea16b7
2023-07-13 21:49:56.327 DEBUG 12153 --- [    Test worker] org.hibernate.type.BasicTypeRegistry     : Adding type registration class -> org.hibernate.type.ClassType@6af65f29
2023-07-13 21:49:56.327 DEBUG 12153 --- [    Test worker] org.hibernate.type.BasicTypeRegistry     : Adding type registration java.lang.Class -> org.hibernate.type.ClassType@6af65f29
2023-07-13 21:49:56.328 DEBUG 12153 --- [    Test worker] org.hibernate.type.BasicTypeRegistry     : Adding type registration uuid-binary -> org.hibernate.type.UUIDBinaryType@58b311ba
2023-07-13 21:49:56.328 DEBUG 12153 --- [    Test worker] org.hibernate.type.BasicTypeRegistry     : Adding type registration java.util.UUID -> org.hibernate.type.UUIDBinaryType@58b311ba
2023-07-13 21:49:56.328 DEBUG 12153 --- [    Test worker] org.hibernate.type.BasicTypeRegistry     : Adding type registration uuid-char -> org.hibernate.type.UUIDCharType@435e416c
2023-07-13 21:49:56.328 DEBUG 12153 --- [    Test worker] org.hibernate.type.BasicTypeRegistry     : Adding type registration binary -> org.hibernate.type.BinaryType@3e856100
2023-07-13 21:49:56.328 DEBUG 12153 --- [    Test worker] org.hibernate.type.BasicTypeRegistry     : Adding type registration byte[] -> org.hibernate.type.BinaryType@3e856100
2023-07-13 21:49:56.328 DEBUG 12153 --- [    Test worker] org.hibernate.type.BasicTypeRegistry     : Adding type registration [B -> org.hibernate.type.BinaryType@3e856100
2023-07-13 21:49:56.328 DEBUG 12153 --- [    Test worker] org.hibernate.type.BasicTypeRegistry     : Adding type registration wrapper-binary -> org.hibernate.type.WrapperBinaryType@4b9c411
2023-07-13 21:49:56.329 DEBUG 12153 --- [    Test worker] org.hibernate.type.BasicTypeRegistry     : Adding type registration Byte[] -> org.hibernate.type.WrapperBinaryType@4b9c411
2023-07-13 21:49:56.329 DEBUG 12153 --- [    Test worker] org.hibernate.type.BasicTypeRegistry     : Adding type registration [Ljava.lang.Byte; -> org.hibernate.type.WrapperBinaryType@4b9c411
2023-07-13 21:49:56.329 DEBUG 12153 --- [    Test worker] org.hibernate.type.BasicTypeRegistry     : Adding type registration row_version -> org.hibernate.type.RowVersionType@b768a65
2023-07-13 21:49:56.329 DEBUG 12153 --- [    Test worker] org.hibernate.type.BasicTypeRegistry     : Adding type registration image -> org.hibernate.type.ImageType@39266403
2023-07-13 21:49:56.329 DEBUG 12153 --- [    Test worker] org.hibernate.type.BasicTypeRegistry     : Adding type registration characters -> org.hibernate.type.CharArrayType@7a65c995
2023-07-13 21:49:56.329 DEBUG 12153 --- [    Test worker] org.hibernate.type.BasicTypeRegistry     : Adding type registration char[] -> org.hibernate.type.CharArrayType@7a65c995
2023-07-13 21:49:56.329 DEBUG 12153 --- [    Test worker] org.hibernate.type.BasicTypeRegistry     : Adding type registration [C -> org.hibernate.type.CharArrayType@7a65c995
2023-07-13 21:49:56.329 DEBUG 12153 --- [    Test worker] org.hibernate.type.BasicTypeRegistry     : Adding type registration wrapper-characters -> org.hibernate.type.CharacterArrayType@a0c5be
2023-07-13 21:49:56.329 DEBUG 12153 --- [    Test worker] org.hibernate.type.BasicTypeRegistry     : Adding type registration [Ljava.lang.Character; -> org.hibernate.type.CharacterArrayType@a0c5be
2023-07-13 21:49:56.329 DEBUG 12153 --- [    Test worker] org.hibernate.type.BasicTypeRegistry     : Adding type registration Character[] -> org.hibernate.type.CharacterArrayType@a0c5be
2023-07-13 21:49:56.330 DEBUG 12153 --- [    Test worker] org.hibernate.type.BasicTypeRegistry     : Adding type registration text -> org.hibernate.type.TextType@e62319f
2023-07-13 21:49:56.330 DEBUG 12153 --- [    Test worker] org.hibernate.type.BasicTypeRegistry     : Adding type registration ntext -> org.hibernate.type.NTextType@7f3c0399
2023-07-13 21:49:56.330 DEBUG 12153 --- [    Test worker] org.hibernate.type.BasicTypeRegistry     : Adding type registration blob -> org.hibernate.type.BlobType@3e4d40ea
2023-07-13 21:49:56.330 DEBUG 12153 --- [    Test worker] org.hibernate.type.BasicTypeRegistry     : Adding type registration java.sql.Blob -> org.hibernate.type.BlobType@3e4d40ea
2023-07-13 21:49:56.330 DEBUG 12153 --- [    Test worker] org.hibernate.type.BasicTypeRegistry     : Adding type registration materialized_blob -> org.hibernate.type.MaterializedBlobType@418f890f
2023-07-13 21:49:56.330 DEBUG 12153 --- [    Test worker] org.hibernate.type.BasicTypeRegistry     : Adding type registration clob -> org.hibernate.type.ClobType@5a4d4f9c
2023-07-13 21:49:56.330 DEBUG 12153 --- [    Test worker] org.hibernate.type.BasicTypeRegistry     : Adding type registration java.sql.Clob -> org.hibernate.type.ClobType@5a4d4f9c
2023-07-13 21:49:56.331 DEBUG 12153 --- [    Test worker] org.hibernate.type.BasicTypeRegistry     : Adding type registration nclob -> org.hibernate.type.NClobType@1b560eb0
2023-07-13 21:49:56.331 DEBUG 12153 --- [    Test worker] org.hibernate.type.BasicTypeRegistry     : Adding type registration java.sql.NClob -> org.hibernate.type.NClobType@1b560eb0
2023-07-13 21:49:56.331 DEBUG 12153 --- [    Test worker] org.hibernate.type.BasicTypeRegistry     : Adding type registration materialized_clob -> org.hibernate.type.MaterializedClobType@2c6c302f
2023-07-13 21:49:56.331 DEBUG 12153 --- [    Test worker] org.hibernate.type.BasicTypeRegistry     : Adding type registration materialized_nclob -> org.hibernate.type.MaterializedNClobType@570a62a5
2023-07-13 21:49:56.331 DEBUG 12153 --- [    Test worker] org.hibernate.type.BasicTypeRegistry     : Adding type registration serializable -> org.hibernate.type.SerializableType@634f58d2
2023-07-13 21:49:56.333 DEBUG 12153 --- [    Test worker] org.hibernate.type.BasicTypeRegistry     : Adding type registration object -> org.hibernate.type.ObjectType@2871ac91
2023-07-13 21:49:56.333 DEBUG 12153 --- [    Test worker] org.hibernate.type.BasicTypeRegistry     : Adding type registration java.lang.Object -> org.hibernate.type.ObjectType@2871ac91
2023-07-13 21:49:56.333 DEBUG 12153 --- [    Test worker] org.hibernate.type.BasicTypeRegistry     : Adding type registration imm_date -> org.hibernate.type.AdaptedImmutableType@257f30f7
2023-07-13 21:49:56.333 DEBUG 12153 --- [    Test worker] org.hibernate.type.BasicTypeRegistry     : Adding type registration imm_time -> org.hibernate.type.AdaptedImmutableType@3fde2209
2023-07-13 21:49:56.333 DEBUG 12153 --- [    Test worker] org.hibernate.type.BasicTypeRegistry     : Adding type registration imm_timestamp -> org.hibernate.type.AdaptedImmutableType@1f916219
2023-07-13 21:49:56.333 DEBUG 12153 --- [    Test worker] org.hibernate.type.BasicTypeRegistry     : Adding type registration imm_dbtimestamp -> org.hibernate.type.AdaptedImmutableType@67acfde9
2023-07-13 21:49:56.333 DEBUG 12153 --- [    Test worker] org.hibernate.type.BasicTypeRegistry     : Adding type registration imm_calendar -> org.hibernate.type.AdaptedImmutableType@3b088163
2023-07-13 21:49:56.333 DEBUG 12153 --- [    Test worker] org.hibernate.type.BasicTypeRegistry     : Adding type registration imm_calendar_date -> org.hibernate.type.AdaptedImmutableType@75882261
2023-07-13 21:49:56.333 DEBUG 12153 --- [    Test worker] org.hibernate.type.BasicTypeRegistry     : Adding type registration imm_binary -> org.hibernate.type.AdaptedImmutableType@611d0763
2023-07-13 21:49:56.333 DEBUG 12153 --- [    Test worker] org.hibernate.type.BasicTypeRegistry     : Adding type registration imm_serializable -> org.hibernate.type.AdaptedImmutableType@615efd1c
2023-07-13 21:49:56.362  INFO 12153 --- [    Test worker] org.hibernate.dialect.Dialect            : HHH000400: Using dialect: org.hibernate.dialect.H2Dialect
2023-07-13 21:49:56.375 DEBUG 12153 --- [    Test worker] o.h.type.spi.TypeConfiguration$Scope     : Scoping TypeConfiguration [org.hibernate.type.spi.TypeConfiguration@5bf4764d] to MetadataBuildingContext [org.hibernate.boot.internal.MetadataBuildingContextRootImpl@71789580]
2023-07-13 21:49:56.467 DEBUG 12153 --- [    Test worker] o.h.type.spi.TypeConfiguration$Scope     : Scoping TypeConfiguration [org.hibernate.type.spi.TypeConfiguration@5bf4764d] to SessionFactoryImpl [org.hibernate.internal.SessionFactoryImpl@49d42faf]
Hibernate: 
    
    drop table if exists cart_tb CASCADE 
Hibernate: 
    
    drop table if exists item_tb CASCADE 
Hibernate: 
    
    drop table if exists option_tb CASCADE 
Hibernate: 
    
    drop table if exists order_tb CASCADE 
Hibernate: 
    
    drop table if exists product_tb CASCADE 
Hibernate: 
    
    drop table if exists user_tb CASCADE 
Hibernate: 
    
    create table cart_tb (
       id integer generated by default as identity,
        price integer not null,
        quantity integer not null,
        option_id integer,
        user_id integer,
        primary key (id)
    )
Hibernate: 
    
    create table item_tb (
       id integer generated by default as identity,
        price integer not null,
        quantity integer not null,
        option_id integer,
        order_id integer,
        primary key (id)
    )
Hibernate: 
    
    create table option_tb (
       id integer generated by default as identity,
        option_name varchar(100) not null,
        price integer not null,
        product_id integer,
        primary key (id)
    )
Hibernate: 
    
    create table order_tb (
       id integer generated by default as identity,
        user_id integer,
        primary key (id)
    )
Hibernate: 
    
    create table product_tb (
       id integer generated by default as identity,
        description varchar(1000) not null,
        image varchar(500),
        price integer not null,
        product_name varchar(100) not null,
        primary key (id)
    )
Hibernate: 
    
    create table user_tb (
       id integer generated by default as identity,
        email varchar(100) not null,
        password varchar(256) not null,
        roles varchar(30),
        username varchar(45) not null,
        primary key (id)
    )
Hibernate: create index cart_user_id_idx on cart_tb (user_id)
Hibernate: create index cart_option_id_idx on cart_tb (option_id)
Hibernate: 
    
    alter table cart_tb 
       add constraint uk_cart_option_user unique (user_id, option_id)
Hibernate: create index item_option_id_idx on item_tb (option_id)
Hibernate: create index item_order_id_idx on item_tb (order_id)
Hibernate: create index option_product_id_idx on option_tb (product_id)
Hibernate: create index order_user_id_idx on order_tb (user_id)
Hibernate: 
    
    alter table user_tb 
       add constraint UK_2dlfg6wvnxboknkp9d1h75icb unique (email)
Hibernate: 
    
    alter table cart_tb 
       add constraint FKjv34r03v7eauvpfhwsci0deyp 
       foreign key (option_id) 
       references option_tb
Hibernate: 
    
    alter table cart_tb 
       add constraint FKi00yw2m90df70t3igqyjbbf91 
       foreign key (user_id) 
       references user_tb
Hibernate: 
    
    alter table item_tb 
       add constraint FKbgcgxbitac3tct8kqsvyqm85f 
       foreign key (option_id) 
       references option_tb
Hibernate: 
    
    alter table item_tb 
       add constraint FKofe121qxhn816wo07qr9jr0hb 
       foreign key (order_id) 
       references order_tb
Hibernate: 
    
    alter table option_tb 
       add constraint FK6j02px4ow9xxw0o3rc59buyew 
       foreign key (product_id) 
       references product_tb
Hibernate: 
    
    alter table order_tb 
       add constraint FK9wkv8x8yfgaaquhn4vquq4aps 
       foreign key (user_id) 
       references user_tb
2023-07-13 21:49:56.617  INFO 12153 --- [    Test worker] o.h.e.t.j.p.i.JtaPlatformInitiator       : HHH000490: Using JtaPlatform implementation: [org.hibernate.engine.transaction.jta.platform.internal.NoJtaPlatform]
2023-07-13 21:49:56.619 TRACE 12153 --- [    Test worker] o.h.type.spi.TypeConfiguration$Scope     : Handling #sessionFactoryCreated from [org.hibernate.internal.SessionFactoryImpl@49d42faf] for TypeConfiguration
2023-07-13 21:49:56.620  INFO 12153 --- [    Test worker] j.LocalContainerEntityManagerFactoryBean : Initialized JPA EntityManagerFactory for persistence unit 'default'
2023-07-13 21:49:56.893  INFO 12153 --- [    Test worker] c.e.kakao.cart.CartJPARepositoryTest     : Started CartJPARepositoryTest in 1.343 seconds (JVM running for 1.868)
2023-07-13 21:49:56.905  INFO 12153 --- [    Test worker] o.s.t.c.transaction.TransactionContext   : Began transaction (1) for test context [DefaultTestContext@62f4ff3b testClass = CartJPARepositoryTest, testInstance = com.example.kakao.cart.CartJPARepositoryTest@291028d7, testMethod = deleteTest@CartJPARepositoryTest, testException = [null], mergedContextConfiguration = [MergedContextConfiguration@1698fc68 testClass = CartJPARepositoryTest, locations = '{}', classes = '{class com.example.kakao.KakaoApplication}', contextInitializerClasses = '[]', activeProfiles = '{}', propertySourceLocations = '{}', propertySourceProperties = '{org.springframework.boot.test.autoconfigure.orm.jpa.DataJpaTestContextBootstrapper=true}', contextCustomizers = set[org.springframework.boot.test.autoconfigure.OverrideAutoConfigurationContextCustomizerFactory$DisableAutoConfigurationContextCustomizer@3a5ecce3, org.springframework.boot.test.autoconfigure.actuate.metrics.MetricsExportContextCustomizerFactory$DisableMetricExportContextCustomizer@388526fb, org.springframework.boot.test.autoconfigure.filter.TypeExcludeFiltersContextCustomizer@351584c0, org.springframework.boot.test.autoconfigure.properties.PropertyMappingContextCustomizer@776ef49f, org.springframework.boot.test.autoconfigure.web.servlet.WebDriverContextCustomizerFactory$Customizer@6ee6f53, [ImportsContextCustomizer@4504d271 key = [org.springframework.boot.autoconfigure.cache.CacheAutoConfiguration, org.springframework.boot.autoconfigure.data.jpa.JpaRepositoriesAutoConfiguration, org.springframework.boot.autoconfigure.flyway.FlywayAutoConfiguration, org.springframework.boot.autoconfigure.jdbc.DataSourceAutoConfiguration, org.springframework.boot.autoconfigure.jdbc.DataSourceTransactionManagerAutoConfiguration, org.springframework.boot.autoconfigure.jdbc.JdbcTemplateAutoConfiguration, org.springframework.boot.autoconfigure.liquibase.LiquibaseAutoConfiguration, org.springframework.boot.autoconfigure.orm.jpa.HibernateJpaAutoConfiguration, org.springframework.boot.autoconfigure.sql.init.SqlInitializationAutoConfiguration, org.springframework.boot.autoconfigure.transaction.TransactionAutoConfiguration, org.springframework.boot.test.autoconfigure.jdbc.TestDatabaseAutoConfiguration, org.springframework.boot.test.autoconfigure.orm.jpa.TestEntityManagerAutoConfiguration, com.fasterxml.jackson.databind.ObjectMapper]], org.springframework.boot.test.context.filter.ExcludeFilterContextCustomizer@736caf7a, org.springframework.boot.test.json.DuplicateJsonObjectContextCustomizerFactory$DuplicateJsonObjectContextCustomizer@63f8276e, org.springframework.boot.test.mock.mockito.MockitoContextCustomizer@0, org.springframework.boot.test.context.SpringBootTestArgs@1, org.springframework.boot.test.context.SpringBootTestWebEnvironment@0], contextLoader = 'org.springframework.boot.test.context.SpringBootContextLoader', parent = [null]], attributes = map['org.springframework.test.context.event.ApplicationEventsTestExecutionListener.recordApplicationEvents' -> false]]; transaction manager [org.springframework.orm.jpa.JpaTransactionManager@196d684b]; rollback [true]
Hibernate: 
    insert 
    into
        user_tb
        (id, email, password, roles, username) 
    values
        (default, ?, ?, ?, ?)
2023-07-13 21:49:57.050 TRACE 12153 --- [    Test worker] o.h.type.descriptor.sql.BasicBinder      : binding parameter [1] as [VARCHAR] - [ssar@nate.com]
2023-07-13 21:49:57.050 TRACE 12153 --- [    Test worker] o.h.type.descriptor.sql.BasicBinder      : binding parameter [2] as [VARCHAR] - [$2a$10$igibfE.5O3KbeCx/ll.NcuRPU6O5/gH2wdnt3Ct9NgnW3QEdTnlve]
2023-07-13 21:49:57.051 TRACE 12153 --- [    Test worker] o.h.type.descriptor.sql.BasicBinder      : binding parameter [3] as [VARCHAR] - [ROLE_USER]
2023-07-13 21:49:57.051 TRACE 12153 --- [    Test worker] o.h.type.descriptor.sql.BasicBinder      : binding parameter [4] as [VARCHAR] - [ssar]
Hibernate: 
    insert 
    into
        option_tb
        (id, option_name, price, product_id) 
    values
        (default, ?, ?, ?)
2023-07-13 21:49:57.061 TRACE 12153 --- [    Test worker] o.h.type.descriptor.sql.BasicBinder      : binding parameter [1] as [VARCHAR] - [01. 슬라이딩 지퍼백 크리스마스에디션 4종]
2023-07-13 21:49:57.061 TRACE 12153 --- [    Test worker] o.h.type.descriptor.sql.BasicBinder      : binding parameter [2] as [INTEGER] - [10000]
2023-07-13 21:49:57.061 TRACE 12153 --- [    Test worker] o.h.type.descriptor.sql.BasicBinder      : binding parameter [3] as [INTEGER] - [null]
Hibernate: 
    insert 
    into
        option_tb
        (id, option_name, price, product_id) 
    values
        (default, ?, ?, ?)
2023-07-13 21:49:57.062 TRACE 12153 --- [    Test worker] o.h.type.descriptor.sql.BasicBinder      : binding parameter [1] as [VARCHAR] - [02. 슬라이딩 지퍼백 플라워에디션 5종]
2023-07-13 21:49:57.062 TRACE 12153 --- [    Test worker] o.h.type.descriptor.sql.BasicBinder      : binding parameter [2] as [INTEGER] - [10900]
2023-07-13 21:49:57.062 TRACE 12153 --- [    Test worker] o.h.type.descriptor.sql.BasicBinder      : binding parameter [3] as [INTEGER] - [null]
Hibernate: 
    insert 
    into
        option_tb
        (id, option_name, price, product_id) 
    values
        (default, ?, ?, ?)
2023-07-13 21:49:57.062 TRACE 12153 --- [    Test worker] o.h.type.descriptor.sql.BasicBinder      : binding parameter [1] as [VARCHAR] - [고무장갑 베이지 S(소형) 6팩]
2023-07-13 21:49:57.062 TRACE 12153 --- [    Test worker] o.h.type.descriptor.sql.BasicBinder      : binding parameter [2] as [INTEGER] - [9900]
2023-07-13 21:49:57.063 TRACE 12153 --- [    Test worker] o.h.type.descriptor.sql.BasicBinder      : binding parameter [3] as [INTEGER] - [null]
Hibernate: 
    insert 
    into
        option_tb
        (id, option_name, price, product_id) 
    values
        (default, ?, ?, ?)
2023-07-13 21:49:57.063 TRACE 12153 --- [    Test worker] o.h.type.descriptor.sql.BasicBinder      : binding parameter [1] as [VARCHAR] - [뽑아쓰는 키친타올 130매 12팩]
2023-07-13 21:49:57.063 TRACE 12153 --- [    Test worker] o.h.type.descriptor.sql.BasicBinder      : binding parameter [2] as [INTEGER] - [16900]
2023-07-13 21:49:57.063 TRACE 12153 --- [    Test worker] o.h.type.descriptor.sql.BasicBinder      : binding parameter [3] as [INTEGER] - [null]
Hibernate: 
    insert 
    into
        option_tb
        (id, option_name, price, product_id) 
    values
        (default, ?, ?, ?)
2023-07-13 21:49:57.063 TRACE 12153 --- [    Test worker] o.h.type.descriptor.sql.BasicBinder      : binding parameter [1] as [VARCHAR] - [2겹 식빵수세미 6매]
2023-07-13 21:49:57.064 TRACE 12153 --- [    Test worker] o.h.type.descriptor.sql.BasicBinder      : binding parameter [2] as [INTEGER] - [8900]
2023-07-13 21:49:57.064 TRACE 12153 --- [    Test worker] o.h.type.descriptor.sql.BasicBinder      : binding parameter [3] as [INTEGER] - [null]
Hibernate: 
    insert 
    into
        option_tb
        (id, option_name, price, product_id) 
    values
        (default, ?, ?, ?)
2023-07-13 21:49:57.064 TRACE 12153 --- [    Test worker] o.h.type.descriptor.sql.BasicBinder      : binding parameter [1] as [VARCHAR] - [22년산 햇단밤 700g(한정판매)]
2023-07-13 21:49:57.064 TRACE 12153 --- [    Test worker] o.h.type.descriptor.sql.BasicBinder      : binding parameter [2] as [INTEGER] - [9900]
2023-07-13 21:49:57.064 TRACE 12153 --- [    Test worker] o.h.type.descriptor.sql.BasicBinder      : binding parameter [3] as [INTEGER] - [null]
Hibernate: 
    insert 
    into
        option_tb
        (id, option_name, price, product_id) 
    values
        (default, ?, ?, ?)
2023-07-13 21:49:57.064 TRACE 12153 --- [    Test worker] o.h.type.descriptor.sql.BasicBinder      : binding parameter [1] as [VARCHAR] - [22년산 햇단밤 1kg(한정판매)]
2023-07-13 21:49:57.064 TRACE 12153 --- [    Test worker] o.h.type.descriptor.sql.BasicBinder      : binding parameter [2] as [INTEGER] - [14500]
2023-07-13 21:49:57.064 TRACE 12153 --- [    Test worker] o.h.type.descriptor.sql.BasicBinder      : binding parameter [3] as [INTEGER] - [null]
Hibernate: 
    insert 
    into
        option_tb
        (id, option_name, price, product_id) 
    values
        (default, ?, ?, ?)
2023-07-13 21:49:57.065 TRACE 12153 --- [    Test worker] o.h.type.descriptor.sql.BasicBinder      : binding parameter [1] as [VARCHAR] - [밤깎기+다회용 구이판 세트]
2023-07-13 21:49:57.065 TRACE 12153 --- [    Test worker] o.h.type.descriptor.sql.BasicBinder      : binding parameter [2] as [INTEGER] - [5500]
2023-07-13 21:49:57.065 TRACE 12153 --- [    Test worker] o.h.type.descriptor.sql.BasicBinder      : binding parameter [3] as [INTEGER] - [null]
Hibernate: 
    insert 
    into
        option_tb
        (id, option_name, price, product_id) 
    values
        (default, ?, ?, ?)
2023-07-13 21:49:57.065 TRACE 12153 --- [    Test worker] o.h.type.descriptor.sql.BasicBinder      : binding parameter [1] as [VARCHAR] - [JR310 (유선 전용) - 블루]
2023-07-13 21:49:57.065 TRACE 12153 --- [    Test worker] o.h.type.descriptor.sql.BasicBinder      : binding parameter [2] as [INTEGER] - [29900]
2023-07-13 21:49:57.065 TRACE 12153 --- [    Test worker] o.h.type.descriptor.sql.BasicBinder      : binding parameter [3] as [INTEGER] - [null]
Hibernate: 
    insert 
    into
        option_tb
        (id, option_name, price, product_id) 
    values
        (default, ?, ?, ?)
2023-07-13 21:49:57.065 TRACE 12153 --- [    Test worker] o.h.type.descriptor.sql.BasicBinder      : binding parameter [1] as [VARCHAR] - [JR310BT (무선 전용) - 레드]
2023-07-13 21:49:57.065 TRACE 12153 --- [    Test worker] o.h.type.descriptor.sql.BasicBinder      : binding parameter [2] as [INTEGER] - [49900]
2023-07-13 21:49:57.065 TRACE 12153 --- [    Test worker] o.h.type.descriptor.sql.BasicBinder      : binding parameter [3] as [INTEGER] - [null]
Hibernate: 
    insert 
    into
        option_tb
        (id, option_name, price, product_id) 
    values
        (default, ?, ?, ?)
2023-07-13 21:49:57.066 TRACE 12153 --- [    Test worker] o.h.type.descriptor.sql.BasicBinder      : binding parameter [1] as [VARCHAR] - [JR310BT (무선 전용) - 그린]
2023-07-13 21:49:57.066 TRACE 12153 --- [    Test worker] o.h.type.descriptor.sql.BasicBinder      : binding parameter [2] as [INTEGER] - [49900]
2023-07-13 21:49:57.066 TRACE 12153 --- [    Test worker] o.h.type.descriptor.sql.BasicBinder      : binding parameter [3] as [INTEGER] - [null]
Hibernate: 
    insert 
    into
        option_tb
        (id, option_name, price, product_id) 
    values
        (default, ?, ?, ?)
2023-07-13 21:49:57.066 TRACE 12153 --- [    Test worker] o.h.type.descriptor.sql.BasicBinder      : binding parameter [1] as [VARCHAR] - [JR310BT (무선 전용) - 블루]
2023-07-13 21:49:57.066 TRACE 12153 --- [    Test worker] o.h.type.descriptor.sql.BasicBinder      : binding parameter [2] as [INTEGER] - [49900]
2023-07-13 21:49:57.066 TRACE 12153 --- [    Test worker] o.h.type.descriptor.sql.BasicBinder      : binding parameter [3] as [INTEGER] - [null]
Hibernate: 
    insert 
    into
        option_tb
        (id, option_name, price, product_id) 
    values
        (default, ?, ?, ?)
2023-07-13 21:49:57.067 TRACE 12153 --- [    Test worker] o.h.type.descriptor.sql.BasicBinder      : binding parameter [1] as [VARCHAR] - [T510BT (무선 전용) - 블랙]
2023-07-13 21:49:57.067 TRACE 12153 --- [    Test worker] o.h.type.descriptor.sql.BasicBinder      : binding parameter [2] as [INTEGER] - [52900]
2023-07-13 21:49:57.067 TRACE 12153 --- [    Test worker] o.h.type.descriptor.sql.BasicBinder      : binding parameter [3] as [INTEGER] - [null]
Hibernate: 
    insert 
    into
        option_tb
        (id, option_name, price, product_id) 
    values
        (default, ?, ?, ?)
2023-07-13 21:49:57.067 TRACE 12153 --- [    Test worker] o.h.type.descriptor.sql.BasicBinder      : binding parameter [1] as [VARCHAR] - [T510BT (무선 전용) - 화이트]
2023-07-13 21:49:57.067 TRACE 12153 --- [    Test worker] o.h.type.descriptor.sql.BasicBinder      : binding parameter [2] as [INTEGER] - [52900]
2023-07-13 21:49:57.067 TRACE 12153 --- [    Test worker] o.h.type.descriptor.sql.BasicBinder      : binding parameter [3] as [INTEGER] - [null]
Hibernate: 
    insert 
    into
        option_tb
        (id, option_name, price, product_id) 
    values
        (default, ?, ?, ?)
2023-07-13 21:49:57.068 TRACE 12153 --- [    Test worker] o.h.type.descriptor.sql.BasicBinder      : binding parameter [1] as [VARCHAR] - [선택01_바른곡물효소 누룽지맛 2박스]
2023-07-13 21:49:57.068 TRACE 12153 --- [    Test worker] o.h.type.descriptor.sql.BasicBinder      : binding parameter [2] as [INTEGER] - [17900]
2023-07-13 21:49:57.068 TRACE 12153 --- [    Test worker] o.h.type.descriptor.sql.BasicBinder      : binding parameter [3] as [INTEGER] - [null]
Hibernate: 
    insert 
    into
        option_tb
        (id, option_name, price, product_id) 
    values
        (default, ?, ?, ?)
2023-07-13 21:49:57.068 TRACE 12153 --- [    Test worker] o.h.type.descriptor.sql.BasicBinder      : binding parameter [1] as [VARCHAR] - [선택02_바른곡물효소누룽지맛 6박스]
2023-07-13 21:49:57.068 TRACE 12153 --- [    Test worker] o.h.type.descriptor.sql.BasicBinder      : binding parameter [2] as [INTEGER] - [50000]
2023-07-13 21:49:57.068 TRACE 12153 --- [    Test worker] o.h.type.descriptor.sql.BasicBinder      : binding parameter [3] as [INTEGER] - [null]
Hibernate: 
    insert 
    into
        option_tb
        (id, option_name, price, product_id) 
    values
        (default, ?, ?, ?)
2023-07-13 21:49:57.069 TRACE 12153 --- [    Test worker] o.h.type.descriptor.sql.BasicBinder      : binding parameter [1] as [VARCHAR] - [선택03_바른곡물효소3박스+유산균효소3박스]
2023-07-13 21:49:57.069 TRACE 12153 --- [    Test worker] o.h.type.descriptor.sql.BasicBinder      : binding parameter [2] as [INTEGER] - [50000]
2023-07-13 21:49:57.069 TRACE 12153 --- [    Test worker] o.h.type.descriptor.sql.BasicBinder      : binding parameter [3] as [INTEGER] - [null]
Hibernate: 
    insert 
    into
        option_tb
        (id, option_name, price, product_id) 
    values
        (default, ?, ?, ?)
2023-07-13 21:49:57.069 TRACE 12153 --- [    Test worker] o.h.type.descriptor.sql.BasicBinder      : binding parameter [1] as [VARCHAR] - [선택04_바른곡물효소3박스+19종유산균3박스]
2023-07-13 21:49:57.069 TRACE 12153 --- [    Test worker] o.h.type.descriptor.sql.BasicBinder      : binding parameter [2] as [INTEGER] - [50000]
2023-07-13 21:49:57.069 TRACE 12153 --- [    Test worker] o.h.type.descriptor.sql.BasicBinder      : binding parameter [3] as [INTEGER] - [null]
Hibernate: 
    insert 
    into
        option_tb
        (id, option_name, price, product_id) 
    values
        (default, ?, ?, ?)
2023-07-13 21:49:57.069 TRACE 12153 --- [    Test worker] o.h.type.descriptor.sql.BasicBinder      : binding parameter [1] as [VARCHAR] - [01. 말랑컷팅장족 100g]
2023-07-13 21:49:57.069 TRACE 12153 --- [    Test worker] o.h.type.descriptor.sql.BasicBinder      : binding parameter [2] as [INTEGER] - [4900]
2023-07-13 21:49:57.069 TRACE 12153 --- [    Test worker] o.h.type.descriptor.sql.BasicBinder      : binding parameter [3] as [INTEGER] - [null]
Hibernate: 
    insert 
    into
        option_tb
        (id, option_name, price, product_id) 
    values
        (default, ?, ?, ?)
2023-07-13 21:49:57.070 TRACE 12153 --- [    Test worker] o.h.type.descriptor.sql.BasicBinder      : binding parameter [1] as [VARCHAR] - [02. 말랑컷팅장족 300g]
2023-07-13 21:49:57.070 TRACE 12153 --- [    Test worker] o.h.type.descriptor.sql.BasicBinder      : binding parameter [2] as [INTEGER] - [12800]
2023-07-13 21:49:57.070 TRACE 12153 --- [    Test worker] o.h.type.descriptor.sql.BasicBinder      : binding parameter [3] as [INTEGER] - [null]
Hibernate: 
    insert 
    into
        option_tb
        (id, option_name, price, product_id) 
    values
        (default, ?, ?, ?)
2023-07-13 21:49:57.070 TRACE 12153 --- [    Test worker] o.h.type.descriptor.sql.BasicBinder      : binding parameter [1] as [VARCHAR] - [03. 눌린장족 100g]
2023-07-13 21:49:57.070 TRACE 12153 --- [    Test worker] o.h.type.descriptor.sql.BasicBinder      : binding parameter [2] as [INTEGER] - [4900]
2023-07-13 21:49:57.070 TRACE 12153 --- [    Test worker] o.h.type.descriptor.sql.BasicBinder      : binding parameter [3] as [INTEGER] - [null]
Hibernate: 
    insert 
    into
        option_tb
        (id, option_name, price, product_id) 
    values
        (default, ?, ?, ?)
2023-07-13 21:49:57.071 TRACE 12153 --- [    Test worker] o.h.type.descriptor.sql.BasicBinder      : binding parameter [1] as [VARCHAR] - [굳지않는 쑥 앙금 절편 1050g]
2023-07-13 21:49:57.071 TRACE 12153 --- [    Test worker] o.h.type.descriptor.sql.BasicBinder      : binding parameter [2] as [INTEGER] - [15900]
2023-07-13 21:49:57.071 TRACE 12153 --- [    Test worker] o.h.type.descriptor.sql.BasicBinder      : binding parameter [3] as [INTEGER] - [null]
Hibernate: 
    insert 
    into
        option_tb
        (id, option_name, price, product_id) 
    values
        (default, ?, ?, ?)
2023-07-13 21:49:57.071 TRACE 12153 --- [    Test worker] o.h.type.descriptor.sql.BasicBinder      : binding parameter [1] as [VARCHAR] - [굳지않는 흑미 앙금 절편 1050g]
2023-07-13 21:49:57.071 TRACE 12153 --- [    Test worker] o.h.type.descriptor.sql.BasicBinder      : binding parameter [2] as [INTEGER] - [15900]
2023-07-13 21:49:57.071 TRACE 12153 --- [    Test worker] o.h.type.descriptor.sql.BasicBinder      : binding parameter [3] as [INTEGER] - [null]
Hibernate: 
    insert 
    into
        option_tb
        (id, option_name, price, product_id) 
    values
        (default, ?, ?, ?)
2023-07-13 21:49:57.071 TRACE 12153 --- [    Test worker] o.h.type.descriptor.sql.BasicBinder      : binding parameter [1] as [VARCHAR] - [굳지않는 흰 가래떡 1050g]
2023-07-13 21:49:57.071 TRACE 12153 --- [    Test worker] o.h.type.descriptor.sql.BasicBinder      : binding parameter [2] as [INTEGER] - [15900]
2023-07-13 21:49:57.071 TRACE 12153 --- [    Test worker] o.h.type.descriptor.sql.BasicBinder      : binding parameter [3] as [INTEGER] - [null]
Hibernate: 
    insert 
    into
        option_tb
        (id, option_name, price, product_id) 
    values
        (default, ?, ?, ?)
2023-07-13 21:49:57.072 TRACE 12153 --- [    Test worker] o.h.type.descriptor.sql.BasicBinder      : binding parameter [1] as [VARCHAR] - [이너딜리티 1박스]
2023-07-13 21:49:57.072 TRACE 12153 --- [    Test worker] o.h.type.descriptor.sql.BasicBinder      : binding parameter [2] as [INTEGER] - [26800]
2023-07-13 21:49:57.072 TRACE 12153 --- [    Test worker] o.h.type.descriptor.sql.BasicBinder      : binding parameter [3] as [INTEGER] - [null]
Hibernate: 
    insert 
    into
        option_tb
        (id, option_name, price, product_id) 
    values
        (default, ?, ?, ?)
2023-07-13 21:49:57.072 TRACE 12153 --- [    Test worker] o.h.type.descriptor.sql.BasicBinder      : binding parameter [1] as [VARCHAR] - [이너딜리티 2박스+사은품 2종]
2023-07-13 21:49:57.072 TRACE 12153 --- [    Test worker] o.h.type.descriptor.sql.BasicBinder      : binding parameter [2] as [INTEGER] - [49800]
2023-07-13 21:49:57.072 TRACE 12153 --- [    Test worker] o.h.type.descriptor.sql.BasicBinder      : binding parameter [3] as [INTEGER] - [null]
Hibernate: 
    insert 
    into
        option_tb
        (id, option_name, price, product_id) 
    values
        (default, ?, ?, ?)
2023-07-13 21:49:57.073 TRACE 12153 --- [    Test worker] o.h.type.descriptor.sql.BasicBinder      : binding parameter [1] as [VARCHAR] - [제나벨 PDRN 자생크림 1+1]
2023-07-13 21:49:57.073 TRACE 12153 --- [    Test worker] o.h.type.descriptor.sql.BasicBinder      : binding parameter [2] as [INTEGER] - [25900]
2023-07-13 21:49:57.073 TRACE 12153 --- [    Test worker] o.h.type.descriptor.sql.BasicBinder      : binding parameter [3] as [INTEGER] - [null]
Hibernate: 
    insert 
    into
        option_tb
        (id, option_name, price, product_id) 
    values
        (default, ?, ?, ?)
2023-07-13 21:49:57.073 TRACE 12153 --- [    Test worker] o.h.type.descriptor.sql.BasicBinder      : binding parameter [1] as [VARCHAR] - [플레이스테이션 VR2 호라이즌 번들]
2023-07-13 21:49:57.073 TRACE 12153 --- [    Test worker] o.h.type.descriptor.sql.BasicBinder      : binding parameter [2] as [INTEGER] - [839000]
2023-07-13 21:49:57.073 TRACE 12153 --- [    Test worker] o.h.type.descriptor.sql.BasicBinder      : binding parameter [3] as [INTEGER] - [null]
Hibernate: 
    insert 
    into
        option_tb
        (id, option_name, price, product_id) 
    values
        (default, ?, ?, ?)
2023-07-13 21:49:57.073 TRACE 12153 --- [    Test worker] o.h.type.descriptor.sql.BasicBinder      : binding parameter [1] as [VARCHAR] - [플레이스테이션 VR2]
2023-07-13 21:49:57.073 TRACE 12153 --- [    Test worker] o.h.type.descriptor.sql.BasicBinder      : binding parameter [2] as [INTEGER] - [797000]
2023-07-13 21:49:57.073 TRACE 12153 --- [    Test worker] o.h.type.descriptor.sql.BasicBinder      : binding parameter [3] as [INTEGER] - [null]
Hibernate: 
    insert 
    into
        option_tb
        (id, option_name, price, product_id) 
    values
        (default, ?, ?, ?)
2023-07-13 21:49:57.074 TRACE 12153 --- [    Test worker] o.h.type.descriptor.sql.BasicBinder      : binding parameter [1] as [VARCHAR] - [홍가리비2kg(50미이내)]
2023-07-13 21:49:57.074 TRACE 12153 --- [    Test worker] o.h.type.descriptor.sql.BasicBinder      : binding parameter [2] as [INTEGER] - [8900]
2023-07-13 21:49:57.074 TRACE 12153 --- [    Test worker] o.h.type.descriptor.sql.BasicBinder      : binding parameter [3] as [INTEGER] - [null]
Hibernate: 
    insert 
    into
        option_tb
        (id, option_name, price, product_id) 
    values
        (default, ?, ?, ?)
2023-07-13 21:49:57.074 TRACE 12153 --- [    Test worker] o.h.type.descriptor.sql.BasicBinder      : binding parameter [1] as [VARCHAR] - [궁채 절임 1kg]
2023-07-13 21:49:57.074 TRACE 12153 --- [    Test worker] o.h.type.descriptor.sql.BasicBinder      : binding parameter [2] as [INTEGER] - [6900]
2023-07-13 21:49:57.074 TRACE 12153 --- [    Test worker] o.h.type.descriptor.sql.BasicBinder      : binding parameter [3] as [INTEGER] - [null]
Hibernate: 
    insert 
    into
        option_tb
        (id, option_name, price, product_id) 
    values
        (default, ?, ?, ?)
2023-07-13 21:49:57.074 TRACE 12153 --- [    Test worker] o.h.type.descriptor.sql.BasicBinder      : binding parameter [1] as [VARCHAR] - [양념 깻잎 1kg]
2023-07-13 21:49:57.074 TRACE 12153 --- [    Test worker] o.h.type.descriptor.sql.BasicBinder      : binding parameter [2] as [INTEGER] - [8900]
2023-07-13 21:49:57.074 TRACE 12153 --- [    Test worker] o.h.type.descriptor.sql.BasicBinder      : binding parameter [3] as [INTEGER] - [null]
Hibernate: 
    insert 
    into
        option_tb
        (id, option_name, price, product_id) 
    values
        (default, ?, ?, ?)
2023-07-13 21:49:57.075 TRACE 12153 --- [    Test worker] o.h.type.descriptor.sql.BasicBinder      : binding parameter [1] as [VARCHAR] - [된장 깻잎 1kg]
2023-07-13 21:49:57.075 TRACE 12153 --- [    Test worker] o.h.type.descriptor.sql.BasicBinder      : binding parameter [2] as [INTEGER] - [8900]
2023-07-13 21:49:57.075 TRACE 12153 --- [    Test worker] o.h.type.descriptor.sql.BasicBinder      : binding parameter [3] as [INTEGER] - [null]
Hibernate: 
    insert 
    into
        option_tb
        (id, option_name, price, product_id) 
    values
        (default, ?, ?, ?)
2023-07-13 21:49:57.075 TRACE 12153 --- [    Test worker] o.h.type.descriptor.sql.BasicBinder      : binding parameter [1] as [VARCHAR] - [간장 깻잎 1kg]
2023-07-13 21:49:57.075 TRACE 12153 --- [    Test worker] o.h.type.descriptor.sql.BasicBinder      : binding parameter [2] as [INTEGER] - [7900]
2023-07-13 21:49:57.075 TRACE 12153 --- [    Test worker] o.h.type.descriptor.sql.BasicBinder      : binding parameter [3] as [INTEGER] - [null]
Hibernate: 
    insert 
    into
        option_tb
        (id, option_name, price, product_id) 
    values
        (default, ?, ?, ?)
2023-07-13 21:49:57.076 TRACE 12153 --- [    Test worker] o.h.type.descriptor.sql.BasicBinder      : binding parameter [1] as [VARCHAR] - [고추 무침 1kg]
2023-07-13 21:49:57.076 TRACE 12153 --- [    Test worker] o.h.type.descriptor.sql.BasicBinder      : binding parameter [2] as [INTEGER] - [8900]
2023-07-13 21:49:57.076 TRACE 12153 --- [    Test worker] o.h.type.descriptor.sql.BasicBinder      : binding parameter [3] as [INTEGER] - [null]
Hibernate: 
    insert 
    into
        option_tb
        (id, option_name, price, product_id) 
    values
        (default, ?, ?, ?)
2023-07-13 21:49:57.076 TRACE 12153 --- [    Test worker] o.h.type.descriptor.sql.BasicBinder      : binding parameter [1] as [VARCHAR] - [파래 무침 1kg]
2023-07-13 21:49:57.076 TRACE 12153 --- [    Test worker] o.h.type.descriptor.sql.BasicBinder      : binding parameter [2] as [INTEGER] - [9900]
2023-07-13 21:49:57.076 TRACE 12153 --- [    Test worker] o.h.type.descriptor.sql.BasicBinder      : binding parameter [3] as [INTEGER] - [null]
Hibernate: 
    insert 
    into
        option_tb
        (id, option_name, price, product_id) 
    values
        (default, ?, ?, ?)
2023-07-13 21:49:57.076 TRACE 12153 --- [    Test worker] o.h.type.descriptor.sql.BasicBinder      : binding parameter [1] as [VARCHAR] - [01_순수소프트 27m 30롤 2팩]
2023-07-13 21:49:57.076 TRACE 12153 --- [    Test worker] o.h.type.descriptor.sql.BasicBinder      : binding parameter [2] as [INTEGER] - [28900]
2023-07-13 21:49:57.076 TRACE 12153 --- [    Test worker] o.h.type.descriptor.sql.BasicBinder      : binding parameter [3] as [INTEGER] - [null]
Hibernate: 
    insert 
    into
        option_tb
        (id, option_name, price, product_id) 
    values
        (default, ?, ?, ?)
2023-07-13 21:49:57.077 TRACE 12153 --- [    Test worker] o.h.type.descriptor.sql.BasicBinder      : binding parameter [1] as [VARCHAR] - [02_벚꽃 프리미엄 27m 30롤 2팩]
2023-07-13 21:49:57.077 TRACE 12153 --- [    Test worker] o.h.type.descriptor.sql.BasicBinder      : binding parameter [2] as [INTEGER] - [32900]
2023-07-13 21:49:57.077 TRACE 12153 --- [    Test worker] o.h.type.descriptor.sql.BasicBinder      : binding parameter [3] as [INTEGER] - [null]
Hibernate: 
    insert 
    into
        option_tb
        (id, option_name, price, product_id) 
    values
        (default, ?, ?, ?)
2023-07-13 21:49:57.077 TRACE 12153 --- [    Test worker] o.h.type.descriptor.sql.BasicBinder      : binding parameter [1] as [VARCHAR] - [(증정) 초미세모 칫솔 12개 x 2개]
2023-07-13 21:49:57.077 TRACE 12153 --- [    Test worker] o.h.type.descriptor.sql.BasicBinder      : binding parameter [2] as [INTEGER] - [11900]
2023-07-13 21:49:57.077 TRACE 12153 --- [    Test worker] o.h.type.descriptor.sql.BasicBinder      : binding parameter [3] as [INTEGER] - [null]
Hibernate: 
    insert 
    into
        option_tb
        (id, option_name, price, product_id) 
    values
        (default, ?, ?, ?)
2023-07-13 21:49:57.078 TRACE 12153 --- [    Test worker] o.h.type.descriptor.sql.BasicBinder      : binding parameter [1] as [VARCHAR] - [(증정) 잇몸케어 치약 100G 3개 x 2개]
2023-07-13 21:49:57.078 TRACE 12153 --- [    Test worker] o.h.type.descriptor.sql.BasicBinder      : binding parameter [2] as [INTEGER] - [16900]
2023-07-13 21:49:57.078 TRACE 12153 --- [    Test worker] o.h.type.descriptor.sql.BasicBinder      : binding parameter [3] as [INTEGER] - [null]
Hibernate: 
    insert 
    into
        option_tb
        (id, option_name, price, product_id) 
    values
        (default, ?, ?, ?)
2023-07-13 21:49:57.078 TRACE 12153 --- [    Test worker] o.h.type.descriptor.sql.BasicBinder      : binding parameter [1] as [VARCHAR] - [(증정) 구취케어 치약 100G 3개 x 2개]
2023-07-13 21:49:57.078 TRACE 12153 --- [    Test worker] o.h.type.descriptor.sql.BasicBinder      : binding parameter [2] as [INTEGER] - [16900]
2023-07-13 21:49:57.078 TRACE 12153 --- [    Test worker] o.h.type.descriptor.sql.BasicBinder      : binding parameter [3] as [INTEGER] - [null]
Hibernate: 
    insert 
    into
        option_tb
        (id, option_name, price, product_id) 
    values
        (default, ?, ?, ?)
2023-07-13 21:49:57.078 TRACE 12153 --- [    Test worker] o.h.type.descriptor.sql.BasicBinder      : binding parameter [1] as [VARCHAR] - [(증정)화이트케어 치약 100G 3개 x 2개]
2023-07-13 21:49:57.078 TRACE 12153 --- [    Test worker] o.h.type.descriptor.sql.BasicBinder      : binding parameter [2] as [INTEGER] - [19900]
2023-07-13 21:49:57.078 TRACE 12153 --- [    Test worker] o.h.type.descriptor.sql.BasicBinder      : binding parameter [3] as [INTEGER] - [null]
Hibernate: 
    insert 
    into
        option_tb
        (id, option_name, price, product_id) 
    values
        (default, ?, ?, ?)
2023-07-13 21:49:57.079 TRACE 12153 --- [    Test worker] o.h.type.descriptor.sql.BasicBinder      : binding parameter [1] as [VARCHAR] - [(증정) 어린이 칫솔 12EA]
2023-07-13 21:49:57.079 TRACE 12153 --- [    Test worker] o.h.type.descriptor.sql.BasicBinder      : binding parameter [2] as [INTEGER] - [9900]
2023-07-13 21:49:57.079 TRACE 12153 --- [    Test worker] o.h.type.descriptor.sql.BasicBinder      : binding parameter [3] as [INTEGER] - [null]
Hibernate: 
    insert 
    into
        option_tb
        (id, option_name, price, product_id) 
    values
        (default, ?, ?, ?)
2023-07-13 21:49:57.079 TRACE 12153 --- [    Test worker] o.h.type.descriptor.sql.BasicBinder      : binding parameter [1] as [VARCHAR] - [[가정용] 샤인머스켓 1kg 2수내외]
2023-07-13 21:49:57.079 TRACE 12153 --- [    Test worker] o.h.type.descriptor.sql.BasicBinder      : binding parameter [2] as [INTEGER] - [9900]
2023-07-13 21:49:57.079 TRACE 12153 --- [    Test worker] o.h.type.descriptor.sql.BasicBinder      : binding parameter [3] as [INTEGER] - [null]
Hibernate: 
    insert 
    into
        option_tb
        (id, option_name, price, product_id) 
    values
        (default, ?, ?, ?)
2023-07-13 21:49:57.079 TRACE 12153 --- [    Test worker] o.h.type.descriptor.sql.BasicBinder      : binding parameter [1] as [VARCHAR] - [[특품] 샤인머스켓 1kg 1-2수]
2023-07-13 21:49:57.079 TRACE 12153 --- [    Test worker] o.h.type.descriptor.sql.BasicBinder      : binding parameter [2] as [INTEGER] - [12900]
2023-07-13 21:49:57.079 TRACE 12153 --- [    Test worker] o.h.type.descriptor.sql.BasicBinder      : binding parameter [3] as [INTEGER] - [null]
Hibernate: 
    insert 
    into
        option_tb
        (id, option_name, price, product_id) 
    values
        (default, ?, ?, ?)
2023-07-13 21:49:57.079 TRACE 12153 --- [    Test worker] o.h.type.descriptor.sql.BasicBinder      : binding parameter [1] as [VARCHAR] - [[특품] 샤인머스켓 2kg 2-3수]
2023-07-13 21:49:57.079 TRACE 12153 --- [    Test worker] o.h.type.descriptor.sql.BasicBinder      : binding parameter [2] as [INTEGER] - [23900]
2023-07-13 21:49:57.079 TRACE 12153 --- [    Test worker] o.h.type.descriptor.sql.BasicBinder      : binding parameter [3] as [INTEGER] - [null]
Hibernate: 
    insert 
    into
        option_tb
        (id, option_name, price, product_id) 
    values
        (default, ?, ?, ?)
2023-07-13 21:49:57.080 TRACE 12153 --- [    Test worker] o.h.type.descriptor.sql.BasicBinder      : binding parameter [1] as [VARCHAR] - [화이트]
2023-07-13 21:49:57.080 TRACE 12153 --- [    Test worker] o.h.type.descriptor.sql.BasicBinder      : binding parameter [2] as [INTEGER] - [148000]
2023-07-13 21:49:57.080 TRACE 12153 --- [    Test worker] o.h.type.descriptor.sql.BasicBinder      : binding parameter [3] as [INTEGER] - [null]
Hibernate: 
    insert 
    into
        option_tb
        (id, option_name, price, product_id) 
    values
        (default, ?, ?, ?)
2023-07-13 21:49:57.080 TRACE 12153 --- [    Test worker] o.h.type.descriptor.sql.BasicBinder      : binding parameter [1] as [VARCHAR] - [블랙]
2023-07-13 21:49:57.080 TRACE 12153 --- [    Test worker] o.h.type.descriptor.sql.BasicBinder      : binding parameter [2] as [INTEGER] - [148000]
2023-07-13 21:49:57.080 TRACE 12153 --- [    Test worker] o.h.type.descriptor.sql.BasicBinder      : binding parameter [3] as [INTEGER] - [null]
Hibernate: 
    insert 
    into
        cart_tb
        (id, option_id, price, quantity, user_id) 
    values
        (default, ?, ?, ?, ?)
2023-07-13 21:49:57.082 TRACE 12153 --- [    Test worker] o.h.type.descriptor.sql.BasicBinder      : binding parameter [1] as [INTEGER] - [1]
2023-07-13 21:49:57.082 TRACE 12153 --- [    Test worker] o.h.type.descriptor.sql.BasicBinder      : binding parameter [2] as [INTEGER] - [50000]
2023-07-13 21:49:57.082 TRACE 12153 --- [    Test worker] o.h.type.descriptor.sql.BasicBinder      : binding parameter [3] as [INTEGER] - [5]
2023-07-13 21:49:57.082 TRACE 12153 --- [    Test worker] o.h.type.descriptor.sql.BasicBinder      : binding parameter [4] as [INTEGER] - [1]
Hibernate: 
    insert 
    into
        cart_tb
        (id, option_id, price, quantity, user_id) 
    values
        (default, ?, ?, ?, ?)
2023-07-13 21:49:57.083 TRACE 12153 --- [    Test worker] o.h.type.descriptor.sql.BasicBinder      : binding parameter [1] as [INTEGER] - [3]
2023-07-13 21:49:57.083 TRACE 12153 --- [    Test worker] o.h.type.descriptor.sql.BasicBinder      : binding parameter [2] as [INTEGER] - [29700]
2023-07-13 21:49:57.083 TRACE 12153 --- [    Test worker] o.h.type.descriptor.sql.BasicBinder      : binding parameter [3] as [INTEGER] - [3]
2023-07-13 21:49:57.083 TRACE 12153 --- [    Test worker] o.h.type.descriptor.sql.BasicBinder      : binding parameter [4] as [INTEGER] - [1]
Hibernate: 
    insert 
    into
        cart_tb
        (id, option_id, price, quantity, user_id) 
    values
        (default, ?, ?, ?, ?)
2023-07-13 21:49:57.083 TRACE 12153 --- [    Test worker] o.h.type.descriptor.sql.BasicBinder      : binding parameter [1] as [INTEGER] - [8]
2023-07-13 21:49:57.083 TRACE 12153 --- [    Test worker] o.h.type.descriptor.sql.BasicBinder      : binding parameter [2] as [INTEGER] - [11000]
2023-07-13 21:49:57.083 TRACE 12153 --- [    Test worker] o.h.type.descriptor.sql.BasicBinder      : binding parameter [3] as [INTEGER] - [2]
2023-07-13 21:49:57.083 TRACE 12153 --- [    Test worker] o.h.type.descriptor.sql.BasicBinder      : binding parameter [4] as [INTEGER] - [1]
Hibernate: 
    insert 
    into
        cart_tb
        (id, option_id, price, quantity, user_id) 
    values
        (default, ?, ?, ?, ?)
2023-07-13 21:49:57.083 TRACE 12153 --- [    Test worker] o.h.type.descriptor.sql.BasicBinder      : binding parameter [1] as [INTEGER] - [14]
2023-07-13 21:49:57.083 TRACE 12153 --- [    Test worker] o.h.type.descriptor.sql.BasicBinder      : binding parameter [2] as [INTEGER] - [264500]
2023-07-13 21:49:57.083 TRACE 12153 --- [    Test worker] o.h.type.descriptor.sql.BasicBinder      : binding parameter [3] as [INTEGER] - [5]
2023-07-13 21:49:57.083 TRACE 12153 --- [    Test worker] o.h.type.descriptor.sql.BasicBinder      : binding parameter [4] as [INTEGER] - [1]
Hibernate: 
    insert 
    into
        cart_tb
        (id, option_id, price, quantity, user_id) 
    values
        (default, ?, ?, ?, ?)
2023-07-13 21:49:57.084 TRACE 12153 --- [    Test worker] o.h.type.descriptor.sql.BasicBinder      : binding parameter [1] as [INTEGER] - [16]
2023-07-13 21:49:57.084 TRACE 12153 --- [    Test worker] o.h.type.descriptor.sql.BasicBinder      : binding parameter [2] as [INTEGER] - [50000]
2023-07-13 21:49:57.084 TRACE 12153 --- [    Test worker] o.h.type.descriptor.sql.BasicBinder      : binding parameter [3] as [INTEGER] - [1]
2023-07-13 21:49:57.084 TRACE 12153 --- [    Test worker] o.h.type.descriptor.sql.BasicBinder      : binding parameter [4] as [INTEGER] - [1]
Hibernate: 
    select
        count(*) as col_0_0_ 
    from
        cart_tb cart0_
2023-07-13 21:49:57.090 TRACE 12153 --- [    Test worker] o.h.type.descriptor.sql.BasicExtractor   : extracted value ([col_0_0_] : [BIGINT]) - [5]
Hibernate: 
    select
        cart0_.id as id1_0_0_,
        user1_.id as id1_5_1_,
        option2_.id as id1_2_2_,
        cart0_.option_id as option_i4_0_0_,
        cart0_.price as price2_0_0_,
        cart0_.quantity as quantity3_0_0_,
        cart0_.user_id as user_id5_0_0_,
        user1_.email as email2_5_1_,
        user1_.password as password3_5_1_,
        user1_.roles as roles4_5_1_,
        user1_.username as username5_5_1_,
        option2_.option_name as option_n2_2_2_,
        option2_.price as price3_2_2_,
        option2_.product_id as product_4_2_2_ 
    from
        cart_tb cart0_ 
    inner join
        user_tb user1_ 
            on cart0_.user_id=user1_.id 
    inner join
        option_tb option2_ 
            on cart0_.option_id=option2_.id 
    where
        cart0_.id=?
2023-07-13 21:49:57.095 TRACE 12153 --- [    Test worker] o.h.type.descriptor.sql.BasicBinder      : binding parameter [1] as [INTEGER] - [1]
2023-07-13 21:49:57.096 TRACE 12153 --- [    Test worker] o.h.type.descriptor.sql.BasicExtractor   : extracted value ([id1_0_0_] : [INTEGER]) - [1]
2023-07-13 21:49:57.096 TRACE 12153 --- [    Test worker] o.h.type.descriptor.sql.BasicExtractor   : extracted value ([id1_5_1_] : [INTEGER]) - [1]
2023-07-13 21:49:57.096 TRACE 12153 --- [    Test worker] o.h.type.descriptor.sql.BasicExtractor   : extracted value ([id1_2_2_] : [INTEGER]) - [1]
2023-07-13 21:49:57.096 TRACE 12153 --- [    Test worker] o.h.type.descriptor.sql.BasicExtractor   : extracted value ([option_i4_0_0_] : [INTEGER]) - [1]
2023-07-13 21:49:57.097 TRACE 12153 --- [    Test worker] o.h.type.descriptor.sql.BasicExtractor   : extracted value ([price2_0_0_] : [INTEGER]) - [50000]
2023-07-13 21:49:57.097 TRACE 12153 --- [    Test worker] o.h.type.descriptor.sql.BasicExtractor   : extracted value ([quantity3_0_0_] : [INTEGER]) - [5]
2023-07-13 21:49:57.097 TRACE 12153 --- [    Test worker] o.h.type.descriptor.sql.BasicExtractor   : extracted value ([user_id5_0_0_] : [INTEGER]) - [1]
2023-07-13 21:49:57.097 TRACE 12153 --- [    Test worker] o.h.type.descriptor.sql.BasicExtractor   : extracted value ([email2_5_1_] : [VARCHAR]) - [ssar@nate.com]
2023-07-13 21:49:57.097 TRACE 12153 --- [    Test worker] o.h.type.descriptor.sql.BasicExtractor   : extracted value ([password3_5_1_] : [VARCHAR]) - [$2a$10$igibfE.5O3KbeCx/ll.NcuRPU6O5/gH2wdnt3Ct9NgnW3QEdTnlve]
2023-07-13 21:49:57.097 TRACE 12153 --- [    Test worker] o.h.type.descriptor.sql.BasicExtractor   : extracted value ([roles4_5_1_] : [VARCHAR]) - [ROLE_USER]
2023-07-13 21:49:57.097 TRACE 12153 --- [    Test worker] o.h.type.descriptor.sql.BasicExtractor   : extracted value ([username5_5_1_] : [VARCHAR]) - [ssar]
2023-07-13 21:49:57.097 TRACE 12153 --- [    Test worker] o.h.type.descriptor.sql.BasicExtractor   : extracted value ([option_n2_2_2_] : [VARCHAR]) - [01. 슬라이딩 지퍼백 크리스마스에디션 4종]
2023-07-13 21:49:57.097 TRACE 12153 --- [    Test worker] o.h.type.descriptor.sql.BasicExtractor   : extracted value ([price3_2_2_] : [INTEGER]) - [10000]
2023-07-13 21:49:57.097 TRACE 12153 --- [    Test worker] o.h.type.descriptor.sql.BasicExtractor   : extracted value ([product_4_2_2_] : [INTEGER]) - [null]
Hibernate: 
    delete 
    from
        cart_tb 
    where
        id=?
2023-07-13 21:49:57.103 TRACE 12153 --- [    Test worker] o.h.type.descriptor.sql.BasicBinder      : binding parameter [1] as [INTEGER] - [1]
Hibernate: 
    select
        count(*) as col_0_0_ 
    from
        cart_tb cart0_
2023-07-13 21:49:57.104 TRACE 12153 --- [    Test worker] o.h.type.descriptor.sql.BasicExtractor   : extracted value ([col_0_0_] : [BIGINT]) - [4]
2023-07-13 21:49:57.130  INFO 12153 --- [    Test worker] o.s.t.c.transaction.TransactionContext   : Rolled back transaction for test: [DefaultTestContext@62f4ff3b testClass = CartJPARepositoryTest, testInstance = com.example.kakao.cart.CartJPARepositoryTest@291028d7, testMethod = deleteTest@CartJPARepositoryTest, testException = [null], mergedContextConfiguration = [MergedContextConfiguration@1698fc68 testClass = CartJPARepositoryTest, locations = '{}', classes = '{class com.example.kakao.KakaoApplication}', contextInitializerClasses = '[]', activeProfiles = '{}', propertySourceLocations = '{}', propertySourceProperties = '{org.springframework.boot.test.autoconfigure.orm.jpa.DataJpaTestContextBootstrapper=true}', contextCustomizers = set[org.springframework.boot.test.autoconfigure.OverrideAutoConfigurationContextCustomizerFactory$DisableAutoConfigurationContextCustomizer@3a5ecce3, org.springframework.boot.test.autoconfigure.actuate.metrics.MetricsExportContextCustomizerFactory$DisableMetricExportContextCustomizer@388526fb, org.springframework.boot.test.autoconfigure.filter.TypeExcludeFiltersContextCustomizer@351584c0, org.springframework.boot.test.autoconfigure.properties.PropertyMappingContextCustomizer@776ef49f, org.springframework.boot.test.autoconfigure.web.servlet.WebDriverContextCustomizerFactory$Customizer@6ee6f53, [ImportsContextCustomizer@4504d271 key = [org.springframework.boot.autoconfigure.cache.CacheAutoConfiguration, org.springframework.boot.autoconfigure.data.jpa.JpaRepositoriesAutoConfiguration, org.springframework.boot.autoconfigure.flyway.FlywayAutoConfiguration, org.springframework.boot.autoconfigure.jdbc.DataSourceAutoConfiguration, org.springframework.boot.autoconfigure.jdbc.DataSourceTransactionManagerAutoConfiguration, org.springframework.boot.autoconfigure.jdbc.JdbcTemplateAutoConfiguration, org.springframework.boot.autoconfigure.liquibase.LiquibaseAutoConfiguration, org.springframework.boot.autoconfigure.orm.jpa.HibernateJpaAutoConfiguration, org.springframework.boot.autoconfigure.sql.init.SqlInitializationAutoConfiguration, org.springframework.boot.autoconfigure.transaction.TransactionAutoConfiguration, org.springframework.boot.test.autoconfigure.jdbc.TestDatabaseAutoConfiguration, org.springframework.boot.test.autoconfigure.orm.jpa.TestEntityManagerAutoConfiguration, com.fasterxml.jackson.databind.ObjectMapper]], org.springframework.boot.test.context.filter.ExcludeFilterContextCustomizer@736caf7a, org.springframework.boot.test.json.DuplicateJsonObjectContextCustomizerFactory$DuplicateJsonObjectContextCustomizer@63f8276e, org.springframework.boot.test.mock.mockito.MockitoContextCustomizer@0, org.springframework.boot.test.context.SpringBootTestArgs@1, org.springframework.boot.test.context.SpringBootTestWebEnvironment@0], contextLoader = 'org.springframework.boot.test.context.SpringBootContextLoader', parent = [null]], attributes = map['org.springframework.test.context.event.ApplicationEventsTestExecutionListener.recordApplicationEvents' -> false]]
]]></system-out>
  <system-err><![CDATA[]]></system-err>
</testsuite>
