<?xml version="1.0" encoding="UTF-8"?>
<testsuite name="com.example.kakaoshop.order.OrderRestControllerTest" tests="2" skipped="0" failures="0" errors="0" timestamp="2023-07-07T12:51:04" hostname="MacBook-Pro.local" time="0.137">
  <properties/>
  <testcase name="주문 결과 확인" classname="com.example.kakaoshop.order.OrderRestControllerTest" time="0.131"/>
  <testcase name="결제하기(주문 인서트)" classname="com.example.kakaoshop.order.OrderRestControllerTest" time="0.005"/>
  <system-out><![CDATA[21:51:01.807 [Test worker] DEBUG org.springframework.test.context.BootstrapUtils - Instantiating CacheAwareContextLoaderDelegate from class [org.springframework.test.context.cache.DefaultCacheAwareContextLoaderDelegate]
21:51:01.811 [Test worker] DEBUG org.springframework.test.context.BootstrapUtils - Instantiating BootstrapContext using constructor [public org.springframework.test.context.support.DefaultBootstrapContext(java.lang.Class,org.springframework.test.context.CacheAwareContextLoaderDelegate)]
21:51:01.830 [Test worker] DEBUG org.springframework.test.context.BootstrapUtils - Instantiating TestContextBootstrapper for test class [com.example.kakaoshop.order.OrderRestControllerTest] from class [org.springframework.boot.test.context.SpringBootTestContextBootstrapper]
21:51:01.835 [Test worker] INFO org.springframework.boot.test.context.SpringBootTestContextBootstrapper - Neither @ContextConfiguration nor @ContextHierarchy found for test class [com.example.kakaoshop.order.OrderRestControllerTest], using SpringBootContextLoader
21:51:01.837 [Test worker] DEBUG org.springframework.test.context.support.AbstractContextLoader - Did not detect default resource location for test class [com.example.kakaoshop.order.OrderRestControllerTest]: class path resource [com/example/kakaoshop/order/OrderRestControllerTest-context.xml] does not exist
21:51:01.837 [Test worker] DEBUG org.springframework.test.context.support.AbstractContextLoader - Did not detect default resource location for test class [com.example.kakaoshop.order.OrderRestControllerTest]: class path resource [com/example/kakaoshop/order/OrderRestControllerTestContext.groovy] does not exist
21:51:01.838 [Test worker] INFO org.springframework.test.context.support.AbstractContextLoader - Could not detect default resource locations for test class [com.example.kakaoshop.order.OrderRestControllerTest]: no resource found for suffixes {-context.xml, Context.groovy}.
21:51:01.838 [Test worker] INFO org.springframework.test.context.support.AnnotationConfigContextLoaderUtils - Could not detect default configuration classes for test class [com.example.kakaoshop.order.OrderRestControllerTest]: OrderRestControllerTest does not declare any static, non-private, non-final, nested classes annotated with @Configuration.
21:51:01.864 [Test worker] DEBUG org.springframework.test.context.support.ActiveProfilesUtils - Could not find an 'annotation declaring class' for annotation type [org.springframework.test.context.ActiveProfiles] and class [com.example.kakaoshop.order.OrderRestControllerTest]
21:51:01.901 [Test worker] DEBUG org.springframework.context.annotation.ClassPathScanningCandidateComponentProvider - Identified candidate component class: file [/Users/mae/Desktop/KTC/step2-BE-kakao-shop/week2/build/classes/java/main/com/example/kakaoshop/KakaoshopApplication.class]
21:51:01.901 [Test worker] INFO org.springframework.boot.test.context.SpringBootTestContextBootstrapper - Found @SpringBootConfiguration com.example.kakaoshop.KakaoshopApplication for test class com.example.kakaoshop.order.OrderRestControllerTest
21:51:01.940 [Test worker] DEBUG org.springframework.boot.test.context.SpringBootTestContextBootstrapper - @TestExecutionListeners is not present for class [com.example.kakaoshop.order.OrderRestControllerTest]: using defaults.
21:51:01.940 [Test worker] INFO org.springframework.boot.test.context.SpringBootTestContextBootstrapper - Loaded default TestExecutionListener class names from location [META-INF/spring.factories]: [org.springframework.security.test.context.support.WithSecurityContextTestExecutionListener, org.springframework.security.test.context.support.ReactorContextTestExecutionListener, org.springframework.boot.test.autoconfigure.restdocs.RestDocsTestExecutionListener, org.springframework.boot.test.autoconfigure.web.client.MockRestServiceServerResetTestExecutionListener, org.springframework.boot.test.autoconfigure.web.servlet.MockMvcPrintOnlyOnFailureTestExecutionListener, org.springframework.boot.test.autoconfigure.web.servlet.WebDriverTestExecutionListener, org.springframework.boot.test.autoconfigure.webservices.client.MockWebServiceServerTestExecutionListener, org.springframework.boot.test.mock.mockito.MockitoTestExecutionListener, org.springframework.boot.test.mock.mockito.ResetMocksTestExecutionListener, org.springframework.test.context.web.ServletTestExecutionListener, org.springframework.test.context.support.DirtiesContextBeforeModesTestExecutionListener, org.springframework.test.context.event.ApplicationEventsTestExecutionListener, org.springframework.test.context.support.DependencyInjectionTestExecutionListener, org.springframework.test.context.support.DirtiesContextTestExecutionListener, org.springframework.test.context.transaction.TransactionalTestExecutionListener, org.springframework.test.context.jdbc.SqlScriptsTestExecutionListener, org.springframework.test.context.event.EventPublishingTestExecutionListener]
21:51:01.948 [Test worker] INFO org.springframework.boot.test.context.SpringBootTestContextBootstrapper - Using TestExecutionListeners: [org.springframework.test.context.web.ServletTestExecutionListener@315df4bb, org.springframework.test.context.support.DirtiesContextBeforeModesTestExecutionListener@3fc08eec, org.springframework.test.context.event.ApplicationEventsTestExecutionListener@5cad8b7d, org.springframework.boot.test.mock.mockito.MockitoTestExecutionListener@7b02e036, org.springframework.boot.test.autoconfigure.SpringBootDependencyInjectionTestExecutionListener@25243bc1, org.springframework.test.context.support.DirtiesContextTestExecutionListener@1e287667, org.springframework.test.context.transaction.TransactionalTestExecutionListener@2e6ee0bc, org.springframework.test.context.jdbc.SqlScriptsTestExecutionListener@4201a617, org.springframework.security.test.context.support.WithSecurityContextTestExecutionListener@467f77a5, org.springframework.test.context.event.EventPublishingTestExecutionListener@1bb9aa43, org.springframework.security.test.context.support.ReactorContextTestExecutionListener@420bc288, org.springframework.boot.test.autoconfigure.restdocs.RestDocsTestExecutionListener@df5f5c0, org.springframework.boot.test.autoconfigure.web.client.MockRestServiceServerResetTestExecutionListener@308a6984, org.springframework.boot.test.autoconfigure.web.servlet.MockMvcPrintOnlyOnFailureTestExecutionListener@66b72664, org.springframework.boot.test.autoconfigure.web.servlet.WebDriverTestExecutionListener@7a34b7b8, org.springframework.boot.test.autoconfigure.webservices.client.MockWebServiceServerTestExecutionListener@58cd06cb, org.springframework.boot.test.mock.mockito.ResetMocksTestExecutionListener@3be8821f]
21:51:01.950 [Test worker] DEBUG org.springframework.test.context.support.AbstractDirtiesContextTestExecutionListener - Before test class: context [DefaultTestContext@6e5bfdfc testClass = OrderRestControllerTest, testInstance = [null], testMethod = [null], testException = [null], mergedContextConfiguration = [WebMergedContextConfiguration@3d829787 testClass = OrderRestControllerTest, locations = '{}', classes = '{class com.example.kakaoshop.KakaoshopApplication}', contextInitializerClasses = '[]', activeProfiles = '{}', propertySourceLocations = '{}', propertySourceProperties = '{org.springframework.boot.test.context.SpringBootTestContextBootstrapper=true}', contextCustomizers = set[org.springframework.boot.test.autoconfigure.actuate.metrics.MetricsExportContextCustomizerFactory$DisableMetricExportContextCustomizer@58359ebd, org.springframework.boot.test.autoconfigure.properties.PropertyMappingContextCustomizer@4b3fa0b3, org.springframework.boot.test.autoconfigure.web.servlet.WebDriverContextCustomizerFactory$Customizer@2e11485, [ImportsContextCustomizer@71652c98 key = [org.springframework.boot.test.autoconfigure.web.servlet.MockMvcAutoConfiguration, org.springframework.boot.test.autoconfigure.web.servlet.MockMvcWebClientAutoConfiguration, org.springframework.boot.test.autoconfigure.web.servlet.MockMvcWebDriverAutoConfiguration, org.springframework.boot.autoconfigure.security.oauth2.client.servlet.OAuth2ClientAutoConfiguration, org.springframework.boot.autoconfigure.security.oauth2.resource.servlet.OAuth2ResourceServerAutoConfiguration, org.springframework.boot.autoconfigure.security.servlet.SecurityAutoConfiguration, org.springframework.boot.autoconfigure.security.servlet.SecurityFilterAutoConfiguration, org.springframework.boot.autoconfigure.security.servlet.UserDetailsServiceAutoConfiguration, org.springframework.boot.test.autoconfigure.web.servlet.MockMvcSecurityConfiguration, org.springframework.boot.test.autoconfigure.web.reactive.WebTestClientAutoConfiguration]], org.springframework.boot.test.context.filter.ExcludeFilterContextCustomizer@11eadcba, org.springframework.boot.test.json.DuplicateJsonObjectContextCustomizerFactory$DuplicateJsonObjectContextCustomizer@4bff1903, org.springframework.boot.test.mock.mockito.MockitoContextCustomizer@0, org.springframework.boot.test.web.client.TestRestTemplateContextCustomizer@150ab4ed, org.springframework.boot.test.context.SpringBootTestArgs@1, org.springframework.boot.test.context.SpringBootTestWebEnvironment@44be0077], resourceBasePath = 'src/main/webapp', contextLoader = 'org.springframework.boot.test.context.SpringBootContextLoader', parent = [null]], attributes = map['org.springframework.test.context.web.ServletTestExecutionListener.activateListener' -> true]], class annotated with @DirtiesContext [false] with mode [null].

  .   ____          _            __ _ _
 /\\ / ___'_ __ _ _(_)_ __  __ _ \ \ \ \
( ( )\___ | '_ | '_| | '_ \/ _` | \ \ \ \
 \\/  ___)| |_)| | | | | || (_| |  ) ) ) )
  '  |____| .__|_| |_|_| |_\__, | / / / /
 =========|_|==============|___/=/_/_/_/
?[32m :: Spring Boot :: ?[39m             ?[2m (v2.7.12)?[0;39m

?[2m2023-07-07 21:51:02.165?[0;39m ?[32m INFO?[0;39m ?[35m94974?[0;39m ?[2m---?[0;39m ?[2m[    Test worker]?[0;39m ?[36mc.e.k.order.OrderRestControllerTest     ?[0;39m ?[2m:?[0;39m Starting OrderRestControllerTest using Java 11.0.17 on MacBook-Pro.local with PID 94974 (started by mae in /Users/mae/Desktop/KTC/step2-BE-kakao-shop/week2)
?[2m2023-07-07 21:51:02.166?[0;39m ?[32mDEBUG?[0;39m ?[35m94974?[0;39m ?[2m---?[0;39m ?[2m[    Test worker]?[0;39m ?[36mc.e.k.order.OrderRestControllerTest     ?[0;39m ?[2m:?[0;39m Running with Spring Boot v2.7.12, Spring v5.3.27
?[2m2023-07-07 21:51:02.166?[0;39m ?[32m INFO?[0;39m ?[35m94974?[0;39m ?[2m---?[0;39m ?[2m[    Test worker]?[0;39m ?[36mc.e.k.order.OrderRestControllerTest     ?[0;39m ?[2m:?[0;39m No active profile set, falling back to 1 default profile: "default"
?[2m2023-07-07 21:51:02.578?[0;39m ?[32m INFO?[0;39m ?[35m94974?[0;39m ?[2m---?[0;39m ?[2m[    Test worker]?[0;39m ?[36m.s.d.r.c.RepositoryConfigurationDelegate?[0;39m ?[2m:?[0;39m Bootstrapping Spring Data JPA repositories in DEFAULT mode.
?[2m2023-07-07 21:51:02.607?[0;39m ?[32m INFO?[0;39m ?[35m94974?[0;39m ?[2m---?[0;39m ?[2m[    Test worker]?[0;39m ?[36m.s.d.r.c.RepositoryConfigurationDelegate?[0;39m ?[2m:?[0;39m Finished Spring Data repository scanning in 24 ms. Found 1 JPA repository interfaces.
?[2m2023-07-07 21:51:02.872?[0;39m ?[32m INFO?[0;39m ?[35m94974?[0;39m ?[2m---?[0;39m ?[2m[    Test worker]?[0;39m ?[36mo.hibernate.jpa.internal.util.LogHelper ?[0;39m ?[2m:?[0;39m HHH000204: Processing PersistenceUnitInfo [name: default]
?[2m2023-07-07 21:51:02.899?[0;39m ?[32m INFO?[0;39m ?[35m94974?[0;39m ?[2m---?[0;39m ?[2m[    Test worker]?[0;39m ?[36morg.hibernate.Version                   ?[0;39m ?[2m:?[0;39m HHH000412: Hibernate ORM core version 5.6.15.Final
?[2m2023-07-07 21:51:02.985?[0;39m ?[32m INFO?[0;39m ?[35m94974?[0;39m ?[2m---?[0;39m ?[2m[    Test worker]?[0;39m ?[36mo.hibernate.annotations.common.Version  ?[0;39m ?[2m:?[0;39m HCANN000001: Hibernate Commons Annotations {5.1.2.Final}
?[2m2023-07-07 21:51:02.997?[0;39m ?[32mDEBUG?[0;39m ?[35m94974?[0;39m ?[2m---?[0;39m ?[2m[    Test worker]?[0;39m ?[36morg.hibernate.type.BasicTypeRegistry    ?[0;39m ?[2m:?[0;39m Adding type registration boolean -> org.hibernate.type.BooleanType@203b953c
?[2m2023-07-07 21:51:02.998?[0;39m ?[32mDEBUG?[0;39m ?[35m94974?[0;39m ?[2m---?[0;39m ?[2m[    Test worker]?[0;39m ?[36morg.hibernate.type.BasicTypeRegistry    ?[0;39m ?[2m:?[0;39m Adding type registration boolean -> org.hibernate.type.BooleanType@203b953c
?[2m2023-07-07 21:51:02.998?[0;39m ?[32mDEBUG?[0;39m ?[35m94974?[0;39m ?[2m---?[0;39m ?[2m[    Test worker]?[0;39m ?[36morg.hibernate.type.BasicTypeRegistry    ?[0;39m ?[2m:?[0;39m Adding type registration java.lang.Boolean -> org.hibernate.type.BooleanType@203b953c
?[2m2023-07-07 21:51:02.998?[0;39m ?[32mDEBUG?[0;39m ?[35m94974?[0;39m ?[2m---?[0;39m ?[2m[    Test worker]?[0;39m ?[36morg.hibernate.type.BasicTypeRegistry    ?[0;39m ?[2m:?[0;39m Adding type registration numeric_boolean -> org.hibernate.type.NumericBooleanType@1b1252c8
?[2m2023-07-07 21:51:02.998?[0;39m ?[32mDEBUG?[0;39m ?[35m94974?[0;39m ?[2m---?[0;39m ?[2m[    Test worker]?[0;39m ?[36morg.hibernate.type.BasicTypeRegistry    ?[0;39m ?[2m:?[0;39m Adding type registration true_false -> org.hibernate.type.TrueFalseType@5873f3f0
?[2m2023-07-07 21:51:02.998?[0;39m ?[32mDEBUG?[0;39m ?[35m94974?[0;39m ?[2m---?[0;39m ?[2m[    Test worker]?[0;39m ?[36morg.hibernate.type.BasicTypeRegistry    ?[0;39m ?[2m:?[0;39m Adding type registration yes_no -> org.hibernate.type.YesNoType@652e345
?[2m2023-07-07 21:51:02.999?[0;39m ?[32mDEBUG?[0;39m ?[35m94974?[0;39m ?[2m---?[0;39m ?[2m[    Test worker]?[0;39m ?[36morg.hibernate.type.BasicTypeRegistry    ?[0;39m ?[2m:?[0;39m Adding type registration byte -> org.hibernate.type.ByteType@7a55fb81
?[2m2023-07-07 21:51:02.999?[0;39m ?[32mDEBUG?[0;39m ?[35m94974?[0;39m ?[2m---?[0;39m ?[2m[    Test worker]?[0;39m ?[36morg.hibernate.type.BasicTypeRegistry    ?[0;39m ?[2m:?[0;39m Adding type registration byte -> org.hibernate.type.ByteType@7a55fb81
?[2m2023-07-07 21:51:02.999?[0;39m ?[32mDEBUG?[0;39m ?[35m94974?[0;39m ?[2m---?[0;39m ?[2m[    Test worker]?[0;39m ?[36morg.hibernate.type.BasicTypeRegistry    ?[0;39m ?[2m:?[0;39m Adding type registration java.lang.Byte -> org.hibernate.type.ByteType@7a55fb81
?[2m2023-07-07 21:51:03.000?[0;39m ?[32mDEBUG?[0;39m ?[35m94974?[0;39m ?[2m---?[0;39m ?[2m[    Test worker]?[0;39m ?[36morg.hibernate.type.BasicTypeRegistry    ?[0;39m ?[2m:?[0;39m Adding type registration character -> org.hibernate.type.CharacterType@7272ee51
?[2m2023-07-07 21:51:03.000?[0;39m ?[32mDEBUG?[0;39m ?[35m94974?[0;39m ?[2m---?[0;39m ?[2m[    Test worker]?[0;39m ?[36morg.hibernate.type.BasicTypeRegistry    ?[0;39m ?[2m:?[0;39m Adding type registration char -> org.hibernate.type.CharacterType@7272ee51
?[2m2023-07-07 21:51:03.000?[0;39m ?[32mDEBUG?[0;39m ?[35m94974?[0;39m ?[2m---?[0;39m ?[2m[    Test worker]?[0;39m ?[36morg.hibernate.type.BasicTypeRegistry    ?[0;39m ?[2m:?[0;39m Adding type registration java.lang.Character -> org.hibernate.type.CharacterType@7272ee51
?[2m2023-07-07 21:51:03.000?[0;39m ?[32mDEBUG?[0;39m ?[35m94974?[0;39m ?[2m---?[0;39m ?[2m[    Test worker]?[0;39m ?[36morg.hibernate.type.BasicTypeRegistry    ?[0;39m ?[2m:?[0;39m Adding type registration short -> org.hibernate.type.ShortType@762a10b6
?[2m2023-07-07 21:51:03.000?[0;39m ?[32mDEBUG?[0;39m ?[35m94974?[0;39m ?[2m---?[0;39m ?[2m[    Test worker]?[0;39m ?[36morg.hibernate.type.BasicTypeRegistry    ?[0;39m ?[2m:?[0;39m Adding type registration short -> org.hibernate.type.ShortType@762a10b6
?[2m2023-07-07 21:51:03.000?[0;39m ?[32mDEBUG?[0;39m ?[35m94974?[0;39m ?[2m---?[0;39m ?[2m[    Test worker]?[0;39m ?[36morg.hibernate.type.BasicTypeRegistry    ?[0;39m ?[2m:?[0;39m Adding type registration java.lang.Short -> org.hibernate.type.ShortType@762a10b6
?[2m2023-07-07 21:51:03.001?[0;39m ?[32mDEBUG?[0;39m ?[35m94974?[0;39m ?[2m---?[0;39m ?[2m[    Test worker]?[0;39m ?[36morg.hibernate.type.BasicTypeRegistry    ?[0;39m ?[2m:?[0;39m Adding type registration integer -> org.hibernate.type.IntegerType@240a2619
?[2m2023-07-07 21:51:03.001?[0;39m ?[32mDEBUG?[0;39m ?[35m94974?[0;39m ?[2m---?[0;39m ?[2m[    Test worker]?[0;39m ?[36morg.hibernate.type.BasicTypeRegistry    ?[0;39m ?[2m:?[0;39m Adding type registration int -> org.hibernate.type.IntegerType@240a2619
?[2m2023-07-07 21:51:03.001?[0;39m ?[32mDEBUG?[0;39m ?[35m94974?[0;39m ?[2m---?[0;39m ?[2m[    Test worker]?[0;39m ?[36morg.hibernate.type.BasicTypeRegistry    ?[0;39m ?[2m:?[0;39m Adding type registration java.lang.Integer -> org.hibernate.type.IntegerType@240a2619
?[2m2023-07-07 21:51:03.001?[0;39m ?[32mDEBUG?[0;39m ?[35m94974?[0;39m ?[2m---?[0;39m ?[2m[    Test worker]?[0;39m ?[36morg.hibernate.type.BasicTypeRegistry    ?[0;39m ?[2m:?[0;39m Adding type registration long -> org.hibernate.type.LongType@3070f3e6
?[2m2023-07-07 21:51:03.002?[0;39m ?[32mDEBUG?[0;39m ?[35m94974?[0;39m ?[2m---?[0;39m ?[2m[    Test worker]?[0;39m ?[36morg.hibernate.type.BasicTypeRegistry    ?[0;39m ?[2m:?[0;39m Adding type registration long -> org.hibernate.type.LongType@3070f3e6
?[2m2023-07-07 21:51:03.002?[0;39m ?[32mDEBUG?[0;39m ?[35m94974?[0;39m ?[2m---?[0;39m ?[2m[    Test worker]?[0;39m ?[36morg.hibernate.type.BasicTypeRegistry    ?[0;39m ?[2m:?[0;39m Adding type registration java.lang.Long -> org.hibernate.type.LongType@3070f3e6
?[2m2023-07-07 21:51:03.002?[0;39m ?[32mDEBUG?[0;39m ?[35m94974?[0;39m ?[2m---?[0;39m ?[2m[    Test worker]?[0;39m ?[36morg.hibernate.type.BasicTypeRegistry    ?[0;39m ?[2m:?[0;39m Adding type registration float -> org.hibernate.type.FloatType@4fc6e776
?[2m2023-07-07 21:51:03.002?[0;39m ?[32mDEBUG?[0;39m ?[35m94974?[0;39m ?[2m---?[0;39m ?[2m[    Test worker]?[0;39m ?[36morg.hibernate.type.BasicTypeRegistry    ?[0;39m ?[2m:?[0;39m Adding type registration float -> org.hibernate.type.FloatType@4fc6e776
?[2m2023-07-07 21:51:03.002?[0;39m ?[32mDEBUG?[0;39m ?[35m94974?[0;39m ?[2m---?[0;39m ?[2m[    Test worker]?[0;39m ?[36morg.hibernate.type.BasicTypeRegistry    ?[0;39m ?[2m:?[0;39m Adding type registration java.lang.Float -> org.hibernate.type.FloatType@4fc6e776
?[2m2023-07-07 21:51:03.002?[0;39m ?[32mDEBUG?[0;39m ?[35m94974?[0;39m ?[2m---?[0;39m ?[2m[    Test worker]?[0;39m ?[36morg.hibernate.type.BasicTypeRegistry    ?[0;39m ?[2m:?[0;39m Adding type registration double -> org.hibernate.type.DoubleType@32da97fd
?[2m2023-07-07 21:51:03.002?[0;39m ?[32mDEBUG?[0;39m ?[35m94974?[0;39m ?[2m---?[0;39m ?[2m[    Test worker]?[0;39m ?[36morg.hibernate.type.BasicTypeRegistry    ?[0;39m ?[2m:?[0;39m Adding type registration double -> org.hibernate.type.DoubleType@32da97fd
?[2m2023-07-07 21:51:03.003?[0;39m ?[32mDEBUG?[0;39m ?[35m94974?[0;39m ?[2m---?[0;39m ?[2m[    Test worker]?[0;39m ?[36morg.hibernate.type.BasicTypeRegistry    ?[0;39m ?[2m:?[0;39m Adding type registration java.lang.Double -> org.hibernate.type.DoubleType@32da97fd
?[2m2023-07-07 21:51:03.003?[0;39m ?[32mDEBUG?[0;39m ?[35m94974?[0;39m ?[2m---?[0;39m ?[2m[    Test worker]?[0;39m ?[36morg.hibernate.type.BasicTypeRegistry    ?[0;39m ?[2m:?[0;39m Adding type registration big_decimal -> org.hibernate.type.BigDecimalType@365cef67
?[2m2023-07-07 21:51:03.003?[0;39m ?[32mDEBUG?[0;39m ?[35m94974?[0;39m ?[2m---?[0;39m ?[2m[    Test worker]?[0;39m ?[36morg.hibernate.type.BasicTypeRegistry    ?[0;39m ?[2m:?[0;39m Adding type registration java.math.BigDecimal -> org.hibernate.type.BigDecimalType@365cef67
?[2m2023-07-07 21:51:03.003?[0;39m ?[32mDEBUG?[0;39m ?[35m94974?[0;39m ?[2m---?[0;39m ?[2m[    Test worker]?[0;39m ?[36morg.hibernate.type.BasicTypeRegistry    ?[0;39m ?[2m:?[0;39m Adding type registration big_integer -> org.hibernate.type.BigIntegerType@b7d2d51
?[2m2023-07-07 21:51:03.004?[0;39m ?[32mDEBUG?[0;39m ?[35m94974?[0;39m ?[2m---?[0;39m ?[2m[    Test worker]?[0;39m ?[36morg.hibernate.type.BasicTypeRegistry    ?[0;39m ?[2m:?[0;39m Adding type registration java.math.BigInteger -> org.hibernate.type.BigIntegerType@b7d2d51
?[2m2023-07-07 21:51:03.004?[0;39m ?[32mDEBUG?[0;39m ?[35m94974?[0;39m ?[2m---?[0;39m ?[2m[    Test worker]?[0;39m ?[36morg.hibernate.type.BasicTypeRegistry    ?[0;39m ?[2m:?[0;39m Adding type registration string -> org.hibernate.type.StringType@5d601832
?[2m2023-07-07 21:51:03.004?[0;39m ?[32mDEBUG?[0;39m ?[35m94974?[0;39m ?[2m---?[0;39m ?[2m[    Test worker]?[0;39m ?[36morg.hibernate.type.BasicTypeRegistry    ?[0;39m ?[2m:?[0;39m Adding type registration java.lang.String -> org.hibernate.type.StringType@5d601832
?[2m2023-07-07 21:51:03.004?[0;39m ?[32mDEBUG?[0;39m ?[35m94974?[0;39m ?[2m---?[0;39m ?[2m[    Test worker]?[0;39m ?[36morg.hibernate.type.BasicTypeRegistry    ?[0;39m ?[2m:?[0;39m Adding type registration nstring -> org.hibernate.type.StringNVarcharType@c0c8f96
?[2m2023-07-07 21:51:03.004?[0;39m ?[32mDEBUG?[0;39m ?[35m94974?[0;39m ?[2m---?[0;39m ?[2m[    Test worker]?[0;39m ?[36morg.hibernate.type.BasicTypeRegistry    ?[0;39m ?[2m:?[0;39m Adding type registration ncharacter -> org.hibernate.type.CharacterNCharType@28e94c2
?[2m2023-07-07 21:51:03.005?[0;39m ?[32mDEBUG?[0;39m ?[35m94974?[0;39m ?[2m---?[0;39m ?[2m[    Test worker]?[0;39m ?[36morg.hibernate.type.BasicTypeRegistry    ?[0;39m ?[2m:?[0;39m Adding type registration url -> org.hibernate.type.UrlType@4e4894d
?[2m2023-07-07 21:51:03.005?[0;39m ?[32mDEBUG?[0;39m ?[35m94974?[0;39m ?[2m---?[0;39m ?[2m[    Test worker]?[0;39m ?[36morg.hibernate.type.BasicTypeRegistry    ?[0;39m ?[2m:?[0;39m Adding type registration java.net.URL -> org.hibernate.type.UrlType@4e4894d
?[2m2023-07-07 21:51:03.005?[0;39m ?[32mDEBUG?[0;39m ?[35m94974?[0;39m ?[2m---?[0;39m ?[2m[    Test worker]?[0;39m ?[36morg.hibernate.type.BasicTypeRegistry    ?[0;39m ?[2m:?[0;39m Adding type registration Duration -> org.hibernate.type.DurationType@5b332439
?[2m2023-07-07 21:51:03.005?[0;39m ?[32mDEBUG?[0;39m ?[35m94974?[0;39m ?[2m---?[0;39m ?[2m[    Test worker]?[0;39m ?[36morg.hibernate.type.BasicTypeRegistry    ?[0;39m ?[2m:?[0;39m Adding type registration java.time.Duration -> org.hibernate.type.DurationType@5b332439
?[2m2023-07-07 21:51:03.006?[0;39m ?[32mDEBUG?[0;39m ?[35m94974?[0;39m ?[2m---?[0;39m ?[2m[    Test worker]?[0;39m ?[36morg.hibernate.type.BasicTypeRegistry    ?[0;39m ?[2m:?[0;39m Adding type registration Instant -> org.hibernate.type.InstantType@45b7c97f
?[2m2023-07-07 21:51:03.006?[0;39m ?[32mDEBUG?[0;39m ?[35m94974?[0;39m ?[2m---?[0;39m ?[2m[    Test worker]?[0;39m ?[36morg.hibernate.type.BasicTypeRegistry    ?[0;39m ?[2m:?[0;39m Adding type registration java.time.Instant -> org.hibernate.type.InstantType@45b7c97f
?[2m2023-07-07 21:51:03.006?[0;39m ?[32mDEBUG?[0;39m ?[35m94974?[0;39m ?[2m---?[0;39m ?[2m[    Test worker]?[0;39m ?[36morg.hibernate.type.BasicTypeRegistry    ?[0;39m ?[2m:?[0;39m Adding type registration LocalDateTime -> org.hibernate.type.LocalDateTimeType@4e5c8ef3
?[2m2023-07-07 21:51:03.006?[0;39m ?[32mDEBUG?[0;39m ?[35m94974?[0;39m ?[2m---?[0;39m ?[2m[    Test worker]?[0;39m ?[36morg.hibernate.type.BasicTypeRegistry    ?[0;39m ?[2m:?[0;39m Adding type registration java.time.LocalDateTime -> org.hibernate.type.LocalDateTimeType@4e5c8ef3
?[2m2023-07-07 21:51:03.007?[0;39m ?[32mDEBUG?[0;39m ?[35m94974?[0;39m ?[2m---?[0;39m ?[2m[    Test worker]?[0;39m ?[36morg.hibernate.type.BasicTypeRegistry    ?[0;39m ?[2m:?[0;39m Adding type registration LocalDate -> org.hibernate.type.LocalDateType@6e0d16a4
?[2m2023-07-07 21:51:03.007?[0;39m ?[32mDEBUG?[0;39m ?[35m94974?[0;39m ?[2m---?[0;39m ?[2m[    Test worker]?[0;39m ?[36morg.hibernate.type.BasicTypeRegistry    ?[0;39m ?[2m:?[0;39m Adding type registration java.time.LocalDate -> org.hibernate.type.LocalDateType@6e0d16a4
?[2m2023-07-07 21:51:03.007?[0;39m ?[32mDEBUG?[0;39m ?[35m94974?[0;39m ?[2m---?[0;39m ?[2m[    Test worker]?[0;39m ?[36morg.hibernate.type.BasicTypeRegistry    ?[0;39m ?[2m:?[0;39m Adding type registration LocalTime -> org.hibernate.type.LocalTimeType@54c11750
?[2m2023-07-07 21:51:03.007?[0;39m ?[32mDEBUG?[0;39m ?[35m94974?[0;39m ?[2m---?[0;39m ?[2m[    Test worker]?[0;39m ?[36morg.hibernate.type.BasicTypeRegistry    ?[0;39m ?[2m:?[0;39m Adding type registration java.time.LocalTime -> org.hibernate.type.LocalTimeType@54c11750
?[2m2023-07-07 21:51:03.008?[0;39m ?[32mDEBUG?[0;39m ?[35m94974?[0;39m ?[2m---?[0;39m ?[2m[    Test worker]?[0;39m ?[36morg.hibernate.type.BasicTypeRegistry    ?[0;39m ?[2m:?[0;39m Adding type registration OffsetDateTime -> org.hibernate.type.OffsetDateTimeType@799c8758
?[2m2023-07-07 21:51:03.008?[0;39m ?[32mDEBUG?[0;39m ?[35m94974?[0;39m ?[2m---?[0;39m ?[2m[    Test worker]?[0;39m ?[36morg.hibernate.type.BasicTypeRegistry    ?[0;39m ?[2m:?[0;39m Adding type registration java.time.OffsetDateTime -> org.hibernate.type.OffsetDateTimeType@799c8758
?[2m2023-07-07 21:51:03.008?[0;39m ?[32mDEBUG?[0;39m ?[35m94974?[0;39m ?[2m---?[0;39m ?[2m[    Test worker]?[0;39m ?[36morg.hibernate.type.BasicTypeRegistry    ?[0;39m ?[2m:?[0;39m Adding type registration OffsetTime -> org.hibernate.type.OffsetTimeType@582dcd35
?[2m2023-07-07 21:51:03.009?[0;39m ?[32mDEBUG?[0;39m ?[35m94974?[0;39m ?[2m---?[0;39m ?[2m[    Test worker]?[0;39m ?[36morg.hibernate.type.BasicTypeRegistry    ?[0;39m ?[2m:?[0;39m Adding type registration java.time.OffsetTime -> org.hibernate.type.OffsetTimeType@582dcd35
?[2m2023-07-07 21:51:03.009?[0;39m ?[32mDEBUG?[0;39m ?[35m94974?[0;39m ?[2m---?[0;39m ?[2m[    Test worker]?[0;39m ?[36morg.hibernate.type.BasicTypeRegistry    ?[0;39m ?[2m:?[0;39m Adding type registration ZonedDateTime -> org.hibernate.type.ZonedDateTimeType@43e8f1c
?[2m2023-07-07 21:51:03.009?[0;39m ?[32mDEBUG?[0;39m ?[35m94974?[0;39m ?[2m---?[0;39m ?[2m[    Test worker]?[0;39m ?[36morg.hibernate.type.BasicTypeRegistry    ?[0;39m ?[2m:?[0;39m Adding type registration java.time.ZonedDateTime -> org.hibernate.type.ZonedDateTimeType@43e8f1c
?[2m2023-07-07 21:51:03.010?[0;39m ?[32mDEBUG?[0;39m ?[35m94974?[0;39m ?[2m---?[0;39m ?[2m[    Test worker]?[0;39m ?[36morg.hibernate.type.BasicTypeRegistry    ?[0;39m ?[2m:?[0;39m Adding type registration date -> org.hibernate.type.DateType@7871d261
?[2m2023-07-07 21:51:03.010?[0;39m ?[32mDEBUG?[0;39m ?[35m94974?[0;39m ?[2m---?[0;39m ?[2m[    Test worker]?[0;39m ?[36morg.hibernate.type.BasicTypeRegistry    ?[0;39m ?[2m:?[0;39m Adding type registration java.sql.Date -> org.hibernate.type.DateType@7871d261
?[2m2023-07-07 21:51:03.010?[0;39m ?[32mDEBUG?[0;39m ?[35m94974?[0;39m ?[2m---?[0;39m ?[2m[    Test worker]?[0;39m ?[36morg.hibernate.type.BasicTypeRegistry    ?[0;39m ?[2m:?[0;39m Adding type registration time -> org.hibernate.type.TimeType@4f26425b
?[2m2023-07-07 21:51:03.010?[0;39m ?[32mDEBUG?[0;39m ?[35m94974?[0;39m ?[2m---?[0;39m ?[2m[    Test worker]?[0;39m ?[36morg.hibernate.type.BasicTypeRegistry    ?[0;39m ?[2m:?[0;39m Adding type registration java.sql.Time -> org.hibernate.type.TimeType@4f26425b
?[2m2023-07-07 21:51:03.011?[0;39m ?[32mDEBUG?[0;39m ?[35m94974?[0;39m ?[2m---?[0;39m ?[2m[    Test worker]?[0;39m ?[36morg.hibernate.type.BasicTypeRegistry    ?[0;39m ?[2m:?[0;39m Adding type registration timestamp -> org.hibernate.type.TimestampType@4438938e
?[2m2023-07-07 21:51:03.011?[0;39m ?[32mDEBUG?[0;39m ?[35m94974?[0;39m ?[2m---?[0;39m ?[2m[    Test worker]?[0;39m ?[36morg.hibernate.type.BasicTypeRegistry    ?[0;39m ?[2m:?[0;39m Adding type registration java.sql.Timestamp -> org.hibernate.type.TimestampType@4438938e
?[2m2023-07-07 21:51:03.011?[0;39m ?[32mDEBUG?[0;39m ?[35m94974?[0;39m ?[2m---?[0;39m ?[2m[    Test worker]?[0;39m ?[36morg.hibernate.type.BasicTypeRegistry    ?[0;39m ?[2m:?[0;39m Adding type registration java.util.Date -> org.hibernate.type.TimestampType@4438938e
?[2m2023-07-07 21:51:03.012?[0;39m ?[32mDEBUG?[0;39m ?[35m94974?[0;39m ?[2m---?[0;39m ?[2m[    Test worker]?[0;39m ?[36morg.hibernate.type.BasicTypeRegistry    ?[0;39m ?[2m:?[0;39m Adding type registration dbtimestamp -> org.hibernate.type.DbTimestampType@91a2543
?[2m2023-07-07 21:51:03.012?[0;39m ?[32mDEBUG?[0;39m ?[35m94974?[0;39m ?[2m---?[0;39m ?[2m[    Test worker]?[0;39m ?[36morg.hibernate.type.BasicTypeRegistry    ?[0;39m ?[2m:?[0;39m Adding type registration calendar -> org.hibernate.type.CalendarType@5fb7ab9c
?[2m2023-07-07 21:51:03.012?[0;39m ?[32mDEBUG?[0;39m ?[35m94974?[0;39m ?[2m---?[0;39m ?[2m[    Test worker]?[0;39m ?[36morg.hibernate.type.BasicTypeRegistry    ?[0;39m ?[2m:?[0;39m Adding type registration java.util.Calendar -> org.hibernate.type.CalendarType@5fb7ab9c
?[2m2023-07-07 21:51:03.012?[0;39m ?[32mDEBUG?[0;39m ?[35m94974?[0;39m ?[2m---?[0;39m ?[2m[    Test worker]?[0;39m ?[36morg.hibernate.type.BasicTypeRegistry    ?[0;39m ?[2m:?[0;39m Adding type registration java.util.GregorianCalendar -> org.hibernate.type.CalendarType@5fb7ab9c
?[2m2023-07-07 21:51:03.013?[0;39m ?[32mDEBUG?[0;39m ?[35m94974?[0;39m ?[2m---?[0;39m ?[2m[    Test worker]?[0;39m ?[36morg.hibernate.type.BasicTypeRegistry    ?[0;39m ?[2m:?[0;39m Adding type registration calendar_date -> org.hibernate.type.CalendarDateType@6ee37ca7
?[2m2023-07-07 21:51:03.013?[0;39m ?[32mDEBUG?[0;39m ?[35m94974?[0;39m ?[2m---?[0;39m ?[2m[    Test worker]?[0;39m ?[36morg.hibernate.type.BasicTypeRegistry    ?[0;39m ?[2m:?[0;39m Adding type registration calendar_time -> org.hibernate.type.CalendarTimeType@7fc7152e
?[2m2023-07-07 21:51:03.014?[0;39m ?[32mDEBUG?[0;39m ?[35m94974?[0;39m ?[2m---?[0;39m ?[2m[    Test worker]?[0;39m ?[36morg.hibernate.type.BasicTypeRegistry    ?[0;39m ?[2m:?[0;39m Adding type registration locale -> org.hibernate.type.LocaleType@12cd129c
?[2m2023-07-07 21:51:03.014?[0;39m ?[32mDEBUG?[0;39m ?[35m94974?[0;39m ?[2m---?[0;39m ?[2m[    Test worker]?[0;39m ?[36morg.hibernate.type.BasicTypeRegistry    ?[0;39m ?[2m:?[0;39m Adding type registration java.util.Locale -> org.hibernate.type.LocaleType@12cd129c
?[2m2023-07-07 21:51:03.014?[0;39m ?[32mDEBUG?[0;39m ?[35m94974?[0;39m ?[2m---?[0;39m ?[2m[    Test worker]?[0;39m ?[36morg.hibernate.type.BasicTypeRegistry    ?[0;39m ?[2m:?[0;39m Adding type registration currency -> org.hibernate.type.CurrencyType@51ed2f68
?[2m2023-07-07 21:51:03.014?[0;39m ?[32mDEBUG?[0;39m ?[35m94974?[0;39m ?[2m---?[0;39m ?[2m[    Test worker]?[0;39m ?[36morg.hibernate.type.BasicTypeRegistry    ?[0;39m ?[2m:?[0;39m Adding type registration java.util.Currency -> org.hibernate.type.CurrencyType@51ed2f68
?[2m2023-07-07 21:51:03.015?[0;39m ?[32mDEBUG?[0;39m ?[35m94974?[0;39m ?[2m---?[0;39m ?[2m[    Test worker]?[0;39m ?[36morg.hibernate.type.BasicTypeRegistry    ?[0;39m ?[2m:?[0;39m Adding type registration timezone -> org.hibernate.type.TimeZoneType@4fbaa7f5
?[2m2023-07-07 21:51:03.015?[0;39m ?[32mDEBUG?[0;39m ?[35m94974?[0;39m ?[2m---?[0;39m ?[2m[    Test worker]?[0;39m ?[36morg.hibernate.type.BasicTypeRegistry    ?[0;39m ?[2m:?[0;39m Adding type registration java.util.TimeZone -> org.hibernate.type.TimeZoneType@4fbaa7f5
?[2m2023-07-07 21:51:03.015?[0;39m ?[32mDEBUG?[0;39m ?[35m94974?[0;39m ?[2m---?[0;39m ?[2m[    Test worker]?[0;39m ?[36morg.hibernate.type.BasicTypeRegistry    ?[0;39m ?[2m:?[0;39m Adding type registration class -> org.hibernate.type.ClassType@597a7afa
?[2m2023-07-07 21:51:03.016?[0;39m ?[32mDEBUG?[0;39m ?[35m94974?[0;39m ?[2m---?[0;39m ?[2m[    Test worker]?[0;39m ?[36morg.hibernate.type.BasicTypeRegistry    ?[0;39m ?[2m:?[0;39m Adding type registration java.lang.Class -> org.hibernate.type.ClassType@597a7afa
?[2m2023-07-07 21:51:03.016?[0;39m ?[32mDEBUG?[0;39m ?[35m94974?[0;39m ?[2m---?[0;39m ?[2m[    Test worker]?[0;39m ?[36morg.hibernate.type.BasicTypeRegistry    ?[0;39m ?[2m:?[0;39m Adding type registration uuid-binary -> org.hibernate.type.UUIDBinaryType@5599b5bb
?[2m2023-07-07 21:51:03.016?[0;39m ?[32mDEBUG?[0;39m ?[35m94974?[0;39m ?[2m---?[0;39m ?[2m[    Test worker]?[0;39m ?[36morg.hibernate.type.BasicTypeRegistry    ?[0;39m ?[2m:?[0;39m Adding type registration java.util.UUID -> org.hibernate.type.UUIDBinaryType@5599b5bb
?[2m2023-07-07 21:51:03.016?[0;39m ?[32mDEBUG?[0;39m ?[35m94974?[0;39m ?[2m---?[0;39m ?[2m[    Test worker]?[0;39m ?[36morg.hibernate.type.BasicTypeRegistry    ?[0;39m ?[2m:?[0;39m Adding type registration uuid-char -> org.hibernate.type.UUIDCharType@7cd3e0da
?[2m2023-07-07 21:51:03.017?[0;39m ?[32mDEBUG?[0;39m ?[35m94974?[0;39m ?[2m---?[0;39m ?[2m[    Test worker]?[0;39m ?[36morg.hibernate.type.BasicTypeRegistry    ?[0;39m ?[2m:?[0;39m Adding type registration binary -> org.hibernate.type.BinaryType@19705650
?[2m2023-07-07 21:51:03.017?[0;39m ?[32mDEBUG?[0;39m ?[35m94974?[0;39m ?[2m---?[0;39m ?[2m[    Test worker]?[0;39m ?[36morg.hibernate.type.BasicTypeRegistry    ?[0;39m ?[2m:?[0;39m Adding type registration byte[] -> org.hibernate.type.BinaryType@19705650
?[2m2023-07-07 21:51:03.017?[0;39m ?[32mDEBUG?[0;39m ?[35m94974?[0;39m ?[2m---?[0;39m ?[2m[    Test worker]?[0;39m ?[36morg.hibernate.type.BasicTypeRegistry    ?[0;39m ?[2m:?[0;39m Adding type registration [B -> org.hibernate.type.BinaryType@19705650
?[2m2023-07-07 21:51:03.017?[0;39m ?[32mDEBUG?[0;39m ?[35m94974?[0;39m ?[2m---?[0;39m ?[2m[    Test worker]?[0;39m ?[36morg.hibernate.type.BasicTypeRegistry    ?[0;39m ?[2m:?[0;39m Adding type registration wrapper-binary -> org.hibernate.type.WrapperBinaryType@6b9697ae
?[2m2023-07-07 21:51:03.017?[0;39m ?[32mDEBUG?[0;39m ?[35m94974?[0;39m ?[2m---?[0;39m ?[2m[    Test worker]?[0;39m ?[36morg.hibernate.type.BasicTypeRegistry    ?[0;39m ?[2m:?[0;39m Adding type registration Byte[] -> org.hibernate.type.WrapperBinaryType@6b9697ae
?[2m2023-07-07 21:51:03.017?[0;39m ?[32mDEBUG?[0;39m ?[35m94974?[0;39m ?[2m---?[0;39m ?[2m[    Test worker]?[0;39m ?[36morg.hibernate.type.BasicTypeRegistry    ?[0;39m ?[2m:?[0;39m Adding type registration [Ljava.lang.Byte; -> org.hibernate.type.WrapperBinaryType@6b9697ae
?[2m2023-07-07 21:51:03.018?[0;39m ?[32mDEBUG?[0;39m ?[35m94974?[0;39m ?[2m---?[0;39m ?[2m[    Test worker]?[0;39m ?[36morg.hibernate.type.BasicTypeRegistry    ?[0;39m ?[2m:?[0;39m Adding type registration row_version -> org.hibernate.type.RowVersionType@6a6da47a
?[2m2023-07-07 21:51:03.018?[0;39m ?[32mDEBUG?[0;39m ?[35m94974?[0;39m ?[2m---?[0;39m ?[2m[    Test worker]?[0;39m ?[36morg.hibernate.type.BasicTypeRegistry    ?[0;39m ?[2m:?[0;39m Adding type registration image -> org.hibernate.type.ImageType@44aa91e2
?[2m2023-07-07 21:51:03.018?[0;39m ?[32mDEBUG?[0;39m ?[35m94974?[0;39m ?[2m---?[0;39m ?[2m[    Test worker]?[0;39m ?[36morg.hibernate.type.BasicTypeRegistry    ?[0;39m ?[2m:?[0;39m Adding type registration characters -> org.hibernate.type.CharArrayType@49ced9c7
?[2m2023-07-07 21:51:03.018?[0;39m ?[32mDEBUG?[0;39m ?[35m94974?[0;39m ?[2m---?[0;39m ?[2m[    Test worker]?[0;39m ?[36morg.hibernate.type.BasicTypeRegistry    ?[0;39m ?[2m:?[0;39m Adding type registration char[] -> org.hibernate.type.CharArrayType@49ced9c7
?[2m2023-07-07 21:51:03.018?[0;39m ?[32mDEBUG?[0;39m ?[35m94974?[0;39m ?[2m---?[0;39m ?[2m[    Test worker]?[0;39m ?[36morg.hibernate.type.BasicTypeRegistry    ?[0;39m ?[2m:?[0;39m Adding type registration [C -> org.hibernate.type.CharArrayType@49ced9c7
?[2m2023-07-07 21:51:03.018?[0;39m ?[32mDEBUG?[0;39m ?[35m94974?[0;39m ?[2m---?[0;39m ?[2m[    Test worker]?[0;39m ?[36morg.hibernate.type.BasicTypeRegistry    ?[0;39m ?[2m:?[0;39m Adding type registration wrapper-characters -> org.hibernate.type.CharacterArrayType@5c4f4330
?[2m2023-07-07 21:51:03.018?[0;39m ?[32mDEBUG?[0;39m ?[35m94974?[0;39m ?[2m---?[0;39m ?[2m[    Test worker]?[0;39m ?[36morg.hibernate.type.BasicTypeRegistry    ?[0;39m ?[2m:?[0;39m Adding type registration [Ljava.lang.Character; -> org.hibernate.type.CharacterArrayType@5c4f4330
?[2m2023-07-07 21:51:03.018?[0;39m ?[32mDEBUG?[0;39m ?[35m94974?[0;39m ?[2m---?[0;39m ?[2m[    Test worker]?[0;39m ?[36morg.hibernate.type.BasicTypeRegistry    ?[0;39m ?[2m:?[0;39m Adding type registration Character[] -> org.hibernate.type.CharacterArrayType@5c4f4330
?[2m2023-07-07 21:51:03.019?[0;39m ?[32mDEBUG?[0;39m ?[35m94974?[0;39m ?[2m---?[0;39m ?[2m[    Test worker]?[0;39m ?[36morg.hibernate.type.BasicTypeRegistry    ?[0;39m ?[2m:?[0;39m Adding type registration text -> org.hibernate.type.TextType@59a09be
?[2m2023-07-07 21:51:03.019?[0;39m ?[32mDEBUG?[0;39m ?[35m94974?[0;39m ?[2m---?[0;39m ?[2m[    Test worker]?[0;39m ?[36morg.hibernate.type.BasicTypeRegistry    ?[0;39m ?[2m:?[0;39m Adding type registration ntext -> org.hibernate.type.NTextType@796c68bf
?[2m2023-07-07 21:51:03.028?[0;39m ?[32mDEBUG?[0;39m ?[35m94974?[0;39m ?[2m---?[0;39m ?[2m[    Test worker]?[0;39m ?[36morg.hibernate.type.BasicTypeRegistry    ?[0;39m ?[2m:?[0;39m Adding type registration blob -> org.hibernate.type.BlobType@42107318
?[2m2023-07-07 21:51:03.028?[0;39m ?[32mDEBUG?[0;39m ?[35m94974?[0;39m ?[2m---?[0;39m ?[2m[    Test worker]?[0;39m ?[36morg.hibernate.type.BasicTypeRegistry    ?[0;39m ?[2m:?[0;39m Adding type registration java.sql.Blob -> org.hibernate.type.BlobType@42107318
?[2m2023-07-07 21:51:03.029?[0;39m ?[32mDEBUG?[0;39m ?[35m94974?[0;39m ?[2m---?[0;39m ?[2m[    Test worker]?[0;39m ?[36morg.hibernate.type.BasicTypeRegistry    ?[0;39m ?[2m:?[0;39m Adding type registration materialized_blob -> org.hibernate.type.MaterializedBlobType@5dfc2a4
?[2m2023-07-07 21:51:03.029?[0;39m ?[32mDEBUG?[0;39m ?[35m94974?[0;39m ?[2m---?[0;39m ?[2m[    Test worker]?[0;39m ?[36morg.hibernate.type.BasicTypeRegistry    ?[0;39m ?[2m:?[0;39m Adding type registration clob -> org.hibernate.type.ClobType@3c60c681
?[2m2023-07-07 21:51:03.029?[0;39m ?[32mDEBUG?[0;39m ?[35m94974?[0;39m ?[2m---?[0;39m ?[2m[    Test worker]?[0;39m ?[36morg.hibernate.type.BasicTypeRegistry    ?[0;39m ?[2m:?[0;39m Adding type registration java.sql.Clob -> org.hibernate.type.ClobType@3c60c681
?[2m2023-07-07 21:51:03.030?[0;39m ?[32mDEBUG?[0;39m ?[35m94974?[0;39m ?[2m---?[0;39m ?[2m[    Test worker]?[0;39m ?[36morg.hibernate.type.BasicTypeRegistry    ?[0;39m ?[2m:?[0;39m Adding type registration nclob -> org.hibernate.type.NClobType@36211bbc
?[2m2023-07-07 21:51:03.030?[0;39m ?[32mDEBUG?[0;39m ?[35m94974?[0;39m ?[2m---?[0;39m ?[2m[    Test worker]?[0;39m ?[36morg.hibernate.type.BasicTypeRegistry    ?[0;39m ?[2m:?[0;39m Adding type registration java.sql.NClob -> org.hibernate.type.NClobType@36211bbc
?[2m2023-07-07 21:51:03.031?[0;39m ?[32mDEBUG?[0;39m ?[35m94974?[0;39m ?[2m---?[0;39m ?[2m[    Test worker]?[0;39m ?[36morg.hibernate.type.BasicTypeRegistry    ?[0;39m ?[2m:?[0;39m Adding type registration materialized_clob -> org.hibernate.type.MaterializedClobType@d70e9a
?[2m2023-07-07 21:51:03.031?[0;39m ?[32mDEBUG?[0;39m ?[35m94974?[0;39m ?[2m---?[0;39m ?[2m[    Test worker]?[0;39m ?[36morg.hibernate.type.BasicTypeRegistry    ?[0;39m ?[2m:?[0;39m Adding type registration materialized_nclob -> org.hibernate.type.MaterializedNClobType@61808ecd
?[2m2023-07-07 21:51:03.032?[0;39m ?[32mDEBUG?[0;39m ?[35m94974?[0;39m ?[2m---?[0;39m ?[2m[    Test worker]?[0;39m ?[36morg.hibernate.type.BasicTypeRegistry    ?[0;39m ?[2m:?[0;39m Adding type registration serializable -> org.hibernate.type.SerializableType@3d4ecc67
?[2m2023-07-07 21:51:03.034?[0;39m ?[32mDEBUG?[0;39m ?[35m94974?[0;39m ?[2m---?[0;39m ?[2m[    Test worker]?[0;39m ?[36morg.hibernate.type.BasicTypeRegistry    ?[0;39m ?[2m:?[0;39m Adding type registration object -> org.hibernate.type.ObjectType@6d7740f0
?[2m2023-07-07 21:51:03.034?[0;39m ?[32mDEBUG?[0;39m ?[35m94974?[0;39m ?[2m---?[0;39m ?[2m[    Test worker]?[0;39m ?[36morg.hibernate.type.BasicTypeRegistry    ?[0;39m ?[2m:?[0;39m Adding type registration java.lang.Object -> org.hibernate.type.ObjectType@6d7740f0
?[2m2023-07-07 21:51:03.034?[0;39m ?[32mDEBUG?[0;39m ?[35m94974?[0;39m ?[2m---?[0;39m ?[2m[    Test worker]?[0;39m ?[36morg.hibernate.type.BasicTypeRegistry    ?[0;39m ?[2m:?[0;39m Adding type registration imm_date -> org.hibernate.type.AdaptedImmutableType@63db743d
?[2m2023-07-07 21:51:03.034?[0;39m ?[32mDEBUG?[0;39m ?[35m94974?[0;39m ?[2m---?[0;39m ?[2m[    Test worker]?[0;39m ?[36morg.hibernate.type.BasicTypeRegistry    ?[0;39m ?[2m:?[0;39m Adding type registration imm_time -> org.hibernate.type.AdaptedImmutableType@496cedbb
?[2m2023-07-07 21:51:03.034?[0;39m ?[32mDEBUG?[0;39m ?[35m94974?[0;39m ?[2m---?[0;39m ?[2m[    Test worker]?[0;39m ?[36morg.hibernate.type.BasicTypeRegistry    ?[0;39m ?[2m:?[0;39m Adding type registration imm_timestamp -> org.hibernate.type.AdaptedImmutableType@6b6def36
?[2m2023-07-07 21:51:03.035?[0;39m ?[32mDEBUG?[0;39m ?[35m94974?[0;39m ?[2m---?[0;39m ?[2m[    Test worker]?[0;39m ?[36morg.hibernate.type.BasicTypeRegistry    ?[0;39m ?[2m:?[0;39m Adding type registration imm_dbtimestamp -> org.hibernate.type.AdaptedImmutableType@3957d88b
?[2m2023-07-07 21:51:03.035?[0;39m ?[32mDEBUG?[0;39m ?[35m94974?[0;39m ?[2m---?[0;39m ?[2m[    Test worker]?[0;39m ?[36morg.hibernate.type.BasicTypeRegistry    ?[0;39m ?[2m:?[0;39m Adding type registration imm_calendar -> org.hibernate.type.AdaptedImmutableType@1152900
?[2m2023-07-07 21:51:03.035?[0;39m ?[32mDEBUG?[0;39m ?[35m94974?[0;39m ?[2m---?[0;39m ?[2m[    Test worker]?[0;39m ?[36morg.hibernate.type.BasicTypeRegistry    ?[0;39m ?[2m:?[0;39m Adding type registration imm_calendar_date -> org.hibernate.type.AdaptedImmutableType@2fba0dac
?[2m2023-07-07 21:51:03.035?[0;39m ?[32mDEBUG?[0;39m ?[35m94974?[0;39m ?[2m---?[0;39m ?[2m[    Test worker]?[0;39m ?[36morg.hibernate.type.BasicTypeRegistry    ?[0;39m ?[2m:?[0;39m Adding type registration imm_binary -> org.hibernate.type.AdaptedImmutableType@2b2a4332
?[2m2023-07-07 21:51:03.035?[0;39m ?[32mDEBUG?[0;39m ?[35m94974?[0;39m ?[2m---?[0;39m ?[2m[    Test worker]?[0;39m ?[36morg.hibernate.type.BasicTypeRegistry    ?[0;39m ?[2m:?[0;39m Adding type registration imm_serializable -> org.hibernate.type.AdaptedImmutableType@2cbe455c
?[2m2023-07-07 21:51:03.056?[0;39m ?[32m INFO?[0;39m ?[35m94974?[0;39m ?[2m---?[0;39m ?[2m[    Test worker]?[0;39m ?[36mcom.zaxxer.hikari.HikariDataSource      ?[0;39m ?[2m:?[0;39m HikariPool-1 - Starting...
?[2m2023-07-07 21:51:03.158?[0;39m ?[32m INFO?[0;39m ?[35m94974?[0;39m ?[2m---?[0;39m ?[2m[    Test worker]?[0;39m ?[36mcom.zaxxer.hikari.HikariDataSource      ?[0;39m ?[2m:?[0;39m HikariPool-1 - Start completed.
?[2m2023-07-07 21:51:03.176?[0;39m ?[32m INFO?[0;39m ?[35m94974?[0;39m ?[2m---?[0;39m ?[2m[    Test worker]?[0;39m ?[36morg.hibernate.dialect.Dialect           ?[0;39m ?[2m:?[0;39m HHH000400: Using dialect: org.hibernate.dialect.H2Dialect
?[2m2023-07-07 21:51:03.194?[0;39m ?[32mDEBUG?[0;39m ?[35m94974?[0;39m ?[2m---?[0;39m ?[2m[    Test worker]?[0;39m ?[36mo.h.type.spi.TypeConfiguration$Scope    ?[0;39m ?[2m:?[0;39m Scoping TypeConfiguration [org.hibernate.type.spi.TypeConfiguration@69069866] to MetadataBuildingContext [org.hibernate.boot.internal.MetadataBuildingContextRootImpl@ac417a2]
?[2m2023-07-07 21:51:03.316?[0;39m ?[32mDEBUG?[0;39m ?[35m94974?[0;39m ?[2m---?[0;39m ?[2m[    Test worker]?[0;39m ?[36mo.h.type.spi.TypeConfiguration$Scope    ?[0;39m ?[2m:?[0;39m Scoping TypeConfiguration [org.hibernate.type.spi.TypeConfiguration@69069866] to SessionFactoryImpl [org.hibernate.internal.SessionFactoryImpl@1bea7b0]
Hibernate: 
    
    drop table if exists product_option_tb CASCADE 
Hibernate: 
    
    drop table if exists product_tb CASCADE 
Hibernate: 
    
    drop table if exists user_tb CASCADE 
Hibernate: 
    
    create table product_option_tb (
       id integer generated by default as identity,
        option_name varchar(100) not null,
        price integer not null,
        product_id integer,
        primary key (id)
    )
Hibernate: 
    
    create table product_tb (
       id integer generated by default as identity,
        description varchar(1000) not null,
        image varchar(500),
        price integer not null,
        product_name varchar(100) not null,
        primary key (id)
    )
Hibernate: 
    
    create table user_tb (
       id integer generated by default as identity,
        email varchar(100) not null,
        password varchar(256) not null,
        roles varchar(30),
        username varchar(45) not null,
        primary key (id)
    )
Hibernate: create index product_option_product_id_idx on product_option_tb (product_id)
Hibernate: 
    
    alter table user_tb 
       add constraint UK_2dlfg6wvnxboknkp9d1h75icb unique (email)
Hibernate: 
    
    alter table product_option_tb 
       add constraint FKsa4ntlamt4evxr95wdnk1yx4l 
       foreign key (product_id) 
       references product_tb
?[2m2023-07-07 21:51:03.520?[0;39m ?[32m INFO?[0;39m ?[35m94974?[0;39m ?[2m---?[0;39m ?[2m[    Test worker]?[0;39m ?[36mo.h.e.t.j.p.i.JtaPlatformInitiator      ?[0;39m ?[2m:?[0;39m HHH000490: Using JtaPlatform implementation: [org.hibernate.engine.transaction.jta.platform.internal.NoJtaPlatform]
?[2m2023-07-07 21:51:03.525?[0;39m ?[32mTRACE?[0;39m ?[35m94974?[0;39m ?[2m---?[0;39m ?[2m[    Test worker]?[0;39m ?[36mo.h.type.spi.TypeConfiguration$Scope    ?[0;39m ?[2m:?[0;39m Handling #sessionFactoryCreated from [org.hibernate.internal.SessionFactoryImpl@1bea7b0] for TypeConfiguration
?[2m2023-07-07 21:51:03.525?[0;39m ?[32m INFO?[0;39m ?[35m94974?[0;39m ?[2m---?[0;39m ?[2m[    Test worker]?[0;39m ?[36mj.LocalContainerEntityManagerFactoryBean?[0;39m ?[2m:?[0;39m Initialized JPA EntityManagerFactory for persistence unit 'default'
?[2m2023-07-07 21:51:03.826?[0;39m ?[32m INFO?[0;39m ?[35m94974?[0;39m ?[2m---?[0;39m ?[2m[    Test worker]?[0;39m ?[36mo.s.s.web.DefaultSecurityFilterChain    ?[0;39m ?[2m:?[0;39m Will secure any request with [org.springframework.security.web.session.DisableEncodeUrlFilter@2afe825a, org.springframework.security.web.context.request.async.WebAsyncManagerIntegrationFilter@49c6ee4a, org.springframework.security.web.context.SecurityContextPersistenceFilter@5d32f5db, org.springframework.security.web.header.HeaderWriterFilter@65f96d58, org.springframework.web.filter.CorsFilter@4dd425dc, org.springframework.security.web.authentication.logout.LogoutFilter@51eafec0, com.example.kakaoshop._core.security.JWTAuthenticationFilter@4549d616, org.springframework.security.web.savedrequest.RequestCacheAwareFilter@68a97fc1, org.springframework.security.web.servletapi.SecurityContextHolderAwareRequestFilter@227fc322, org.springframework.security.web.authentication.AnonymousAuthenticationFilter@1bfb60b7, org.springframework.security.web.session.SessionManagementFilter@37d8562f, org.springframework.security.web.access.ExceptionTranslationFilter@4e13af1b, org.springframework.security.web.access.intercept.FilterSecurityInterceptor@5ead245]
?[2m2023-07-07 21:51:04.065?[0;39m ?[32m INFO?[0;39m ?[35m94974?[0;39m ?[2m---?[0;39m ?[2m[    Test worker]?[0;39m ?[36mo.s.b.a.h2.H2ConsoleAutoConfiguration   ?[0;39m ?[2m:?[0;39m H2 console available at '/h2-console'. Database available at 'jdbc:h2:mem:test'
?[2m2023-07-07 21:51:04.288?[0;39m ?[32m INFO?[0;39m ?[35m94974?[0;39m ?[2m---?[0;39m ?[2m[    Test worker]?[0;39m ?[36mo.s.b.t.m.w.SpringBootMockServletContext?[0;39m ?[2m:?[0;39m Initializing Spring TestDispatcherServlet ''
?[2m2023-07-07 21:51:04.288?[0;39m ?[32m INFO?[0;39m ?[35m94974?[0;39m ?[2m---?[0;39m ?[2m[    Test worker]?[0;39m ?[36mo.s.t.web.servlet.TestDispatcherServlet ?[0;39m ?[2m:?[0;39m Initializing Servlet ''
?[2m2023-07-07 21:51:04.288?[0;39m ?[32m INFO?[0;39m ?[35m94974?[0;39m ?[2m---?[0;39m ?[2m[    Test worker]?[0;39m ?[36mo.s.t.web.servlet.TestDispatcherServlet ?[0;39m ?[2m:?[0;39m Completed initialization in 0 ms
?[2m2023-07-07 21:51:04.301?[0;39m ?[32m INFO?[0;39m ?[35m94974?[0;39m ?[2m---?[0;39m ?[2m[    Test worker]?[0;39m ?[36mc.e.k.order.OrderRestControllerTest     ?[0;39m ?[2m:?[0;39m Started OrderRestControllerTest in 2.323 seconds (JVM running for 2.924)
테스트 : {"success":true,"response":{"id":2,"products":[{"productName":"기본에 슬라이딩 지퍼백 크리스마스/플라워에디션 에디션 외 주방용품 특가전","items":[{"id":4,"optionName":"01. 슬라이딩 지퍼백 크리스마스에디션 4종","quantity":10,"price":100000},{"id":5,"optionName":"02. 슬라이딩 지퍼백 플라워에디션 5종","quantity":10,"price":109000}]}],"totalPrice":209000},"error":null}
테스트 : {"success":true,"response":{"id":2,"products":[{"productName":"기본에 슬라이딩 지퍼백 크리스마스/플라워에디션 에디션 외 주방용품 특가전","items":[{"id":4,"optionName":"01. 슬라이딩 지퍼백 크리스마스에디션 4종","quantity":10,"price":100000},{"id":5,"optionName":"02. 슬라이딩 지퍼백 플라워에디션 5종","quantity":10,"price":109000}]}],"totalPrice":209000},"error":null}
]]></system-out>
  <system-err><![CDATA[]]></system-err>
</testsuite>
