<?xml version="1.0" encoding="UTF-8"?>
<testsuite name="com.example.kakaoshop.product.ProductRestControllerTest" tests="1" skipped="0" failures="0" errors="0" timestamp="2023-07-05T10:08:05" hostname="MacBook-Pro.local" time="0.119">
  <properties/>
  <testcase name="findAll_test()" classname="com.example.kakaoshop.product.ProductRestControllerTest" time="0.119"/>
  <system-out><![CDATA[19:08:03.062 [Test worker] DEBUG org.springframework.test.context.BootstrapUtils - Instantiating CacheAwareContextLoaderDelegate from class [org.springframework.test.context.cache.DefaultCacheAwareContextLoaderDelegate]
19:08:03.067 [Test worker] DEBUG org.springframework.test.context.BootstrapUtils - Instantiating BootstrapContext using constructor [public org.springframework.test.context.support.DefaultBootstrapContext(java.lang.Class,org.springframework.test.context.CacheAwareContextLoaderDelegate)]
19:08:03.083 [Test worker] DEBUG org.springframework.test.context.BootstrapUtils - Instantiating TestContextBootstrapper for test class [com.example.kakaoshop.product.ProductRestControllerTest] from class [org.springframework.boot.test.context.SpringBootTestContextBootstrapper]
19:08:03.088 [Test worker] INFO org.springframework.boot.test.context.SpringBootTestContextBootstrapper - Neither @ContextConfiguration nor @ContextHierarchy found for test class [com.example.kakaoshop.product.ProductRestControllerTest], using SpringBootContextLoader
19:08:03.089 [Test worker] DEBUG org.springframework.test.context.support.AbstractContextLoader - Did not detect default resource location for test class [com.example.kakaoshop.product.ProductRestControllerTest]: class path resource [com/example/kakaoshop/product/ProductRestControllerTest-context.xml] does not exist
19:08:03.090 [Test worker] DEBUG org.springframework.test.context.support.AbstractContextLoader - Did not detect default resource location for test class [com.example.kakaoshop.product.ProductRestControllerTest]: class path resource [com/example/kakaoshop/product/ProductRestControllerTestContext.groovy] does not exist
19:08:03.090 [Test worker] INFO org.springframework.test.context.support.AbstractContextLoader - Could not detect default resource locations for test class [com.example.kakaoshop.product.ProductRestControllerTest]: no resource found for suffixes {-context.xml, Context.groovy}.
19:08:03.090 [Test worker] INFO org.springframework.test.context.support.AnnotationConfigContextLoaderUtils - Could not detect default configuration classes for test class [com.example.kakaoshop.product.ProductRestControllerTest]: ProductRestControllerTest does not declare any static, non-private, non-final, nested classes annotated with @Configuration.
19:08:03.114 [Test worker] DEBUG org.springframework.test.context.support.ActiveProfilesUtils - Could not find an 'annotation declaring class' for annotation type [org.springframework.test.context.ActiveProfiles] and class [com.example.kakaoshop.product.ProductRestControllerTest]
19:08:03.142 [Test worker] DEBUG org.springframework.context.annotation.ClassPathScanningCandidateComponentProvider - Identified candidate component class: file [/Users/mae/Desktop/KTC/step2-BE-kakao-shop/week2/build/classes/java/main/com/example/kakaoshop/KakaoshopApplication.class]
19:08:03.142 [Test worker] INFO org.springframework.boot.test.context.SpringBootTestContextBootstrapper - Found @SpringBootConfiguration com.example.kakaoshop.KakaoshopApplication for test class com.example.kakaoshop.product.ProductRestControllerTest
19:08:03.183 [Test worker] DEBUG org.springframework.boot.test.context.SpringBootTestContextBootstrapper - @TestExecutionListeners is not present for class [com.example.kakaoshop.product.ProductRestControllerTest]: using defaults.
19:08:03.183 [Test worker] INFO org.springframework.boot.test.context.SpringBootTestContextBootstrapper - Loaded default TestExecutionListener class names from location [META-INF/spring.factories]: [org.springframework.security.test.context.support.WithSecurityContextTestExecutionListener, org.springframework.security.test.context.support.ReactorContextTestExecutionListener, org.springframework.boot.test.autoconfigure.restdocs.RestDocsTestExecutionListener, org.springframework.boot.test.autoconfigure.web.client.MockRestServiceServerResetTestExecutionListener, org.springframework.boot.test.autoconfigure.web.servlet.MockMvcPrintOnlyOnFailureTestExecutionListener, org.springframework.boot.test.autoconfigure.web.servlet.WebDriverTestExecutionListener, org.springframework.boot.test.autoconfigure.webservices.client.MockWebServiceServerTestExecutionListener, org.springframework.boot.test.mock.mockito.MockitoTestExecutionListener, org.springframework.boot.test.mock.mockito.ResetMocksTestExecutionListener, org.springframework.test.context.web.ServletTestExecutionListener, org.springframework.test.context.support.DirtiesContextBeforeModesTestExecutionListener, org.springframework.test.context.event.ApplicationEventsTestExecutionListener, org.springframework.test.context.support.DependencyInjectionTestExecutionListener, org.springframework.test.context.support.DirtiesContextTestExecutionListener, org.springframework.test.context.transaction.TransactionalTestExecutionListener, org.springframework.test.context.jdbc.SqlScriptsTestExecutionListener, org.springframework.test.context.event.EventPublishingTestExecutionListener]
19:08:03.191 [Test worker] INFO org.springframework.boot.test.context.SpringBootTestContextBootstrapper - Using TestExecutionListeners: [org.springframework.test.context.web.ServletTestExecutionListener@315df4bb, org.springframework.test.context.support.DirtiesContextBeforeModesTestExecutionListener@3fc08eec, org.springframework.test.context.event.ApplicationEventsTestExecutionListener@5cad8b7d, org.springframework.boot.test.mock.mockito.MockitoTestExecutionListener@7b02e036, org.springframework.boot.test.autoconfigure.SpringBootDependencyInjectionTestExecutionListener@25243bc1, org.springframework.test.context.support.DirtiesContextTestExecutionListener@1e287667, org.springframework.test.context.transaction.TransactionalTestExecutionListener@2e6ee0bc, org.springframework.test.context.jdbc.SqlScriptsTestExecutionListener@4201a617, org.springframework.security.test.context.support.WithSecurityContextTestExecutionListener@467f77a5, org.springframework.test.context.event.EventPublishingTestExecutionListener@1bb9aa43, org.springframework.security.test.context.support.ReactorContextTestExecutionListener@420bc288, org.springframework.boot.test.autoconfigure.restdocs.RestDocsTestExecutionListener@df5f5c0, org.springframework.boot.test.autoconfigure.web.client.MockRestServiceServerResetTestExecutionListener@308a6984, org.springframework.boot.test.autoconfigure.web.servlet.MockMvcPrintOnlyOnFailureTestExecutionListener@66b72664, org.springframework.boot.test.autoconfigure.web.servlet.WebDriverTestExecutionListener@7a34b7b8, org.springframework.boot.test.autoconfigure.webservices.client.MockWebServiceServerTestExecutionListener@58cd06cb, org.springframework.boot.test.mock.mockito.ResetMocksTestExecutionListener@3be8821f]
19:08:03.193 [Test worker] DEBUG org.springframework.test.context.support.AbstractDirtiesContextTestExecutionListener - Before test class: context [DefaultTestContext@6e5bfdfc testClass = ProductRestControllerTest, testInstance = [null], testMethod = [null], testException = [null], mergedContextConfiguration = [WebMergedContextConfiguration@3d829787 testClass = ProductRestControllerTest, locations = '{}', classes = '{class com.example.kakaoshop.KakaoshopApplication}', contextInitializerClasses = '[]', activeProfiles = '{}', propertySourceLocations = '{}', propertySourceProperties = '{org.springframework.boot.test.context.SpringBootTestContextBootstrapper=true}', contextCustomizers = set[org.springframework.boot.test.autoconfigure.actuate.metrics.MetricsExportContextCustomizerFactory$DisableMetricExportContextCustomizer@4c4d27c8, org.springframework.boot.test.autoconfigure.properties.PropertyMappingContextCustomizer@4b3fa0b3, org.springframework.boot.test.autoconfigure.web.servlet.WebDriverContextCustomizerFactory$Customizer@ea9b7c6, [ImportsContextCustomizer@71652c98 key = [org.springframework.boot.test.autoconfigure.web.servlet.MockMvcAutoConfiguration, org.springframework.boot.test.autoconfigure.web.servlet.MockMvcWebClientAutoConfiguration, org.springframework.boot.test.autoconfigure.web.servlet.MockMvcWebDriverAutoConfiguration, org.springframework.boot.autoconfigure.security.oauth2.client.servlet.OAuth2ClientAutoConfiguration, org.springframework.boot.autoconfigure.security.oauth2.resource.servlet.OAuth2ResourceServerAutoConfiguration, org.springframework.boot.autoconfigure.security.servlet.SecurityAutoConfiguration, org.springframework.boot.autoconfigure.security.servlet.SecurityFilterAutoConfiguration, org.springframework.boot.autoconfigure.security.servlet.UserDetailsServiceAutoConfiguration, org.springframework.boot.test.autoconfigure.web.servlet.MockMvcSecurityConfiguration, org.springframework.boot.test.autoconfigure.web.reactive.WebTestClientAutoConfiguration]], org.springframework.boot.test.context.filter.ExcludeFilterContextCustomizer@1dd0e7c4, org.springframework.boot.test.json.DuplicateJsonObjectContextCustomizerFactory$DuplicateJsonObjectContextCustomizer@242aa8d9, org.springframework.boot.test.mock.mockito.MockitoContextCustomizer@0, org.springframework.boot.test.web.client.TestRestTemplateContextCustomizer@4f2c9ba6, org.springframework.boot.test.context.SpringBootTestArgs@1, org.springframework.boot.test.context.SpringBootTestWebEnvironment@cd1e646], resourceBasePath = 'src/main/webapp', contextLoader = 'org.springframework.boot.test.context.SpringBootContextLoader', parent = [null]], attributes = map['org.springframework.test.context.web.ServletTestExecutionListener.activateListener' -> true]], class annotated with @DirtiesContext [false] with mode [null].

  .   ____          _            __ _ _
 /\\ / ___'_ __ _ _(_)_ __  __ _ \ \ \ \
( ( )\___ | '_ | '_| | '_ \/ _` | \ \ \ \
 \\/  ___)| |_)| | | | | || (_| |  ) ) ) )
  '  |____| .__|_| |_|_| |_\__, | / / / /
 =========|_|==============|___/=/_/_/_/
?[32m :: Spring Boot :: ?[39m             ?[2m (v2.7.12)?[0;39m

?[2m2023-07-05 19:08:03.400?[0;39m ?[32m INFO?[0;39m ?[35m70197?[0;39m ?[2m---?[0;39m ?[2m[    Test worker]?[0;39m ?[36mc.e.k.product.ProductRestControllerTest ?[0;39m ?[2m:?[0;39m Starting ProductRestControllerTest using Java 11.0.17 on MacBook-Pro.local with PID 70197 (started by mae in /Users/mae/Desktop/KTC/step2-BE-kakao-shop/week2)
?[2m2023-07-05 19:08:03.401?[0;39m ?[32mDEBUG?[0;39m ?[35m70197?[0;39m ?[2m---?[0;39m ?[2m[    Test worker]?[0;39m ?[36mc.e.k.product.ProductRestControllerTest ?[0;39m ?[2m:?[0;39m Running with Spring Boot v2.7.12, Spring v5.3.27
?[2m2023-07-05 19:08:03.401?[0;39m ?[32m INFO?[0;39m ?[35m70197?[0;39m ?[2m---?[0;39m ?[2m[    Test worker]?[0;39m ?[36mc.e.k.product.ProductRestControllerTest ?[0;39m ?[2m:?[0;39m No active profile set, falling back to 1 default profile: "default"
?[2m2023-07-05 19:08:03.699?[0;39m ?[32m INFO?[0;39m ?[35m70197?[0;39m ?[2m---?[0;39m ?[2m[    Test worker]?[0;39m ?[36m.s.d.r.c.RepositoryConfigurationDelegate?[0;39m ?[2m:?[0;39m Bootstrapping Spring Data JPA repositories in DEFAULT mode.
?[2m2023-07-05 19:08:03.723?[0;39m ?[32m INFO?[0;39m ?[35m70197?[0;39m ?[2m---?[0;39m ?[2m[    Test worker]?[0;39m ?[36m.s.d.r.c.RepositoryConfigurationDelegate?[0;39m ?[2m:?[0;39m Finished Spring Data repository scanning in 20 ms. Found 1 JPA repository interfaces.
?[2m2023-07-05 19:08:03.982?[0;39m ?[32m INFO?[0;39m ?[35m70197?[0;39m ?[2m---?[0;39m ?[2m[    Test worker]?[0;39m ?[36mo.hibernate.jpa.internal.util.LogHelper ?[0;39m ?[2m:?[0;39m HHH000204: Processing PersistenceUnitInfo [name: default]
?[2m2023-07-05 19:08:04.021?[0;39m ?[32m INFO?[0;39m ?[35m70197?[0;39m ?[2m---?[0;39m ?[2m[    Test worker]?[0;39m ?[36morg.hibernate.Version                   ?[0;39m ?[2m:?[0;39m HHH000412: Hibernate ORM core version 5.6.15.Final
?[2m2023-07-05 19:08:04.130?[0;39m ?[32m INFO?[0;39m ?[35m70197?[0;39m ?[2m---?[0;39m ?[2m[    Test worker]?[0;39m ?[36mo.hibernate.annotations.common.Version  ?[0;39m ?[2m:?[0;39m HCANN000001: Hibernate Commons Annotations {5.1.2.Final}
?[2m2023-07-05 19:08:04.146?[0;39m ?[32mDEBUG?[0;39m ?[35m70197?[0;39m ?[2m---?[0;39m ?[2m[    Test worker]?[0;39m ?[36morg.hibernate.type.BasicTypeRegistry    ?[0;39m ?[2m:?[0;39m Adding type registration boolean -> org.hibernate.type.BooleanType@bb8ead8
?[2m2023-07-05 19:08:04.146?[0;39m ?[32mDEBUG?[0;39m ?[35m70197?[0;39m ?[2m---?[0;39m ?[2m[    Test worker]?[0;39m ?[36morg.hibernate.type.BasicTypeRegistry    ?[0;39m ?[2m:?[0;39m Adding type registration boolean -> org.hibernate.type.BooleanType@bb8ead8
?[2m2023-07-05 19:08:04.146?[0;39m ?[32mDEBUG?[0;39m ?[35m70197?[0;39m ?[2m---?[0;39m ?[2m[    Test worker]?[0;39m ?[36morg.hibernate.type.BasicTypeRegistry    ?[0;39m ?[2m:?[0;39m Adding type registration java.lang.Boolean -> org.hibernate.type.BooleanType@bb8ead8
?[2m2023-07-05 19:08:04.146?[0;39m ?[32mDEBUG?[0;39m ?[35m70197?[0;39m ?[2m---?[0;39m ?[2m[    Test worker]?[0;39m ?[36morg.hibernate.type.BasicTypeRegistry    ?[0;39m ?[2m:?[0;39m Adding type registration numeric_boolean -> org.hibernate.type.NumericBooleanType@203b953c
?[2m2023-07-05 19:08:04.146?[0;39m ?[32mDEBUG?[0;39m ?[35m70197?[0;39m ?[2m---?[0;39m ?[2m[    Test worker]?[0;39m ?[36morg.hibernate.type.BasicTypeRegistry    ?[0;39m ?[2m:?[0;39m Adding type registration true_false -> org.hibernate.type.TrueFalseType@1b1252c8
?[2m2023-07-05 19:08:04.147?[0;39m ?[32mDEBUG?[0;39m ?[35m70197?[0;39m ?[2m---?[0;39m ?[2m[    Test worker]?[0;39m ?[36morg.hibernate.type.BasicTypeRegistry    ?[0;39m ?[2m:?[0;39m Adding type registration yes_no -> org.hibernate.type.YesNoType@5873f3f0
?[2m2023-07-05 19:08:04.147?[0;39m ?[32mDEBUG?[0;39m ?[35m70197?[0;39m ?[2m---?[0;39m ?[2m[    Test worker]?[0;39m ?[36morg.hibernate.type.BasicTypeRegistry    ?[0;39m ?[2m:?[0;39m Adding type registration byte -> org.hibernate.type.ByteType@6060146b
?[2m2023-07-05 19:08:04.147?[0;39m ?[32mDEBUG?[0;39m ?[35m70197?[0;39m ?[2m---?[0;39m ?[2m[    Test worker]?[0;39m ?[36morg.hibernate.type.BasicTypeRegistry    ?[0;39m ?[2m:?[0;39m Adding type registration byte -> org.hibernate.type.ByteType@6060146b
?[2m2023-07-05 19:08:04.147?[0;39m ?[32mDEBUG?[0;39m ?[35m70197?[0;39m ?[2m---?[0;39m ?[2m[    Test worker]?[0;39m ?[36morg.hibernate.type.BasicTypeRegistry    ?[0;39m ?[2m:?[0;39m Adding type registration java.lang.Byte -> org.hibernate.type.ByteType@6060146b
?[2m2023-07-05 19:08:04.148?[0;39m ?[32mDEBUG?[0;39m ?[35m70197?[0;39m ?[2m---?[0;39m ?[2m[    Test worker]?[0;39m ?[36morg.hibernate.type.BasicTypeRegistry    ?[0;39m ?[2m:?[0;39m Adding type registration character -> org.hibernate.type.CharacterType@34cd65ac
?[2m2023-07-05 19:08:04.148?[0;39m ?[32mDEBUG?[0;39m ?[35m70197?[0;39m ?[2m---?[0;39m ?[2m[    Test worker]?[0;39m ?[36morg.hibernate.type.BasicTypeRegistry    ?[0;39m ?[2m:?[0;39m Adding type registration char -> org.hibernate.type.CharacterType@34cd65ac
?[2m2023-07-05 19:08:04.148?[0;39m ?[32mDEBUG?[0;39m ?[35m70197?[0;39m ?[2m---?[0;39m ?[2m[    Test worker]?[0;39m ?[36morg.hibernate.type.BasicTypeRegistry    ?[0;39m ?[2m:?[0;39m Adding type registration java.lang.Character -> org.hibernate.type.CharacterType@34cd65ac
?[2m2023-07-05 19:08:04.149?[0;39m ?[32mDEBUG?[0;39m ?[35m70197?[0;39m ?[2m---?[0;39m ?[2m[    Test worker]?[0;39m ?[36morg.hibernate.type.BasicTypeRegistry    ?[0;39m ?[2m:?[0;39m Adding type registration short -> org.hibernate.type.ShortType@1cba0321
?[2m2023-07-05 19:08:04.149?[0;39m ?[32mDEBUG?[0;39m ?[35m70197?[0;39m ?[2m---?[0;39m ?[2m[    Test worker]?[0;39m ?[36morg.hibernate.type.BasicTypeRegistry    ?[0;39m ?[2m:?[0;39m Adding type registration short -> org.hibernate.type.ShortType@1cba0321
?[2m2023-07-05 19:08:04.149?[0;39m ?[32mDEBUG?[0;39m ?[35m70197?[0;39m ?[2m---?[0;39m ?[2m[    Test worker]?[0;39m ?[36morg.hibernate.type.BasicTypeRegistry    ?[0;39m ?[2m:?[0;39m Adding type registration java.lang.Short -> org.hibernate.type.ShortType@1cba0321
?[2m2023-07-05 19:08:04.149?[0;39m ?[32mDEBUG?[0;39m ?[35m70197?[0;39m ?[2m---?[0;39m ?[2m[    Test worker]?[0;39m ?[36morg.hibernate.type.BasicTypeRegistry    ?[0;39m ?[2m:?[0;39m Adding type registration integer -> org.hibernate.type.IntegerType@1883871b
?[2m2023-07-05 19:08:04.149?[0;39m ?[32mDEBUG?[0;39m ?[35m70197?[0;39m ?[2m---?[0;39m ?[2m[    Test worker]?[0;39m ?[36morg.hibernate.type.BasicTypeRegistry    ?[0;39m ?[2m:?[0;39m Adding type registration int -> org.hibernate.type.IntegerType@1883871b
?[2m2023-07-05 19:08:04.150?[0;39m ?[32mDEBUG?[0;39m ?[35m70197?[0;39m ?[2m---?[0;39m ?[2m[    Test worker]?[0;39m ?[36morg.hibernate.type.BasicTypeRegistry    ?[0;39m ?[2m:?[0;39m Adding type registration java.lang.Integer -> org.hibernate.type.IntegerType@1883871b
?[2m2023-07-05 19:08:04.153?[0;39m ?[32mDEBUG?[0;39m ?[35m70197?[0;39m ?[2m---?[0;39m ?[2m[    Test worker]?[0;39m ?[36morg.hibernate.type.BasicTypeRegistry    ?[0;39m ?[2m:?[0;39m Adding type registration long -> org.hibernate.type.LongType@5d1a859c
?[2m2023-07-05 19:08:04.153?[0;39m ?[32mDEBUG?[0;39m ?[35m70197?[0;39m ?[2m---?[0;39m ?[2m[    Test worker]?[0;39m ?[36morg.hibernate.type.BasicTypeRegistry    ?[0;39m ?[2m:?[0;39m Adding type registration long -> org.hibernate.type.LongType@5d1a859c
?[2m2023-07-05 19:08:04.153?[0;39m ?[32mDEBUG?[0;39m ?[35m70197?[0;39m ?[2m---?[0;39m ?[2m[    Test worker]?[0;39m ?[36morg.hibernate.type.BasicTypeRegistry    ?[0;39m ?[2m:?[0;39m Adding type registration java.lang.Long -> org.hibernate.type.LongType@5d1a859c
?[2m2023-07-05 19:08:04.154?[0;39m ?[32mDEBUG?[0;39m ?[35m70197?[0;39m ?[2m---?[0;39m ?[2m[    Test worker]?[0;39m ?[36morg.hibernate.type.BasicTypeRegistry    ?[0;39m ?[2m:?[0;39m Adding type registration float -> org.hibernate.type.FloatType@1689527c
?[2m2023-07-05 19:08:04.154?[0;39m ?[32mDEBUG?[0;39m ?[35m70197?[0;39m ?[2m---?[0;39m ?[2m[    Test worker]?[0;39m ?[36morg.hibernate.type.BasicTypeRegistry    ?[0;39m ?[2m:?[0;39m Adding type registration float -> org.hibernate.type.FloatType@1689527c
?[2m2023-07-05 19:08:04.154?[0;39m ?[32mDEBUG?[0;39m ?[35m70197?[0;39m ?[2m---?[0;39m ?[2m[    Test worker]?[0;39m ?[36morg.hibernate.type.BasicTypeRegistry    ?[0;39m ?[2m:?[0;39m Adding type registration java.lang.Float -> org.hibernate.type.FloatType@1689527c
?[2m2023-07-05 19:08:04.154?[0;39m ?[32mDEBUG?[0;39m ?[35m70197?[0;39m ?[2m---?[0;39m ?[2m[    Test worker]?[0;39m ?[36morg.hibernate.type.BasicTypeRegistry    ?[0;39m ?[2m:?[0;39m Adding type registration double -> org.hibernate.type.DoubleType@e01a26b
?[2m2023-07-05 19:08:04.154?[0;39m ?[32mDEBUG?[0;39m ?[35m70197?[0;39m ?[2m---?[0;39m ?[2m[    Test worker]?[0;39m ?[36morg.hibernate.type.BasicTypeRegistry    ?[0;39m ?[2m:?[0;39m Adding type registration double -> org.hibernate.type.DoubleType@e01a26b
?[2m2023-07-05 19:08:04.154?[0;39m ?[32mDEBUG?[0;39m ?[35m70197?[0;39m ?[2m---?[0;39m ?[2m[    Test worker]?[0;39m ?[36morg.hibernate.type.BasicTypeRegistry    ?[0;39m ?[2m:?[0;39m Adding type registration java.lang.Double -> org.hibernate.type.DoubleType@e01a26b
?[2m2023-07-05 19:08:04.154?[0;39m ?[32mDEBUG?[0;39m ?[35m70197?[0;39m ?[2m---?[0;39m ?[2m[    Test worker]?[0;39m ?[36morg.hibernate.type.BasicTypeRegistry    ?[0;39m ?[2m:?[0;39m Adding type registration big_decimal -> org.hibernate.type.BigDecimalType@2049e582
?[2m2023-07-05 19:08:04.154?[0;39m ?[32mDEBUG?[0;39m ?[35m70197?[0;39m ?[2m---?[0;39m ?[2m[    Test worker]?[0;39m ?[36morg.hibernate.type.BasicTypeRegistry    ?[0;39m ?[2m:?[0;39m Adding type registration java.math.BigDecimal -> org.hibernate.type.BigDecimalType@2049e582
?[2m2023-07-05 19:08:04.155?[0;39m ?[32mDEBUG?[0;39m ?[35m70197?[0;39m ?[2m---?[0;39m ?[2m[    Test worker]?[0;39m ?[36morg.hibernate.type.BasicTypeRegistry    ?[0;39m ?[2m:?[0;39m Adding type registration big_integer -> org.hibernate.type.BigIntegerType@3214bad
?[2m2023-07-05 19:08:04.155?[0;39m ?[32mDEBUG?[0;39m ?[35m70197?[0;39m ?[2m---?[0;39m ?[2m[    Test worker]?[0;39m ?[36morg.hibernate.type.BasicTypeRegistry    ?[0;39m ?[2m:?[0;39m Adding type registration java.math.BigInteger -> org.hibernate.type.BigIntegerType@3214bad
?[2m2023-07-05 19:08:04.155?[0;39m ?[32mDEBUG?[0;39m ?[35m70197?[0;39m ?[2m---?[0;39m ?[2m[    Test worker]?[0;39m ?[36morg.hibernate.type.BasicTypeRegistry    ?[0;39m ?[2m:?[0;39m Adding type registration string -> org.hibernate.type.StringType@4c5406b
?[2m2023-07-05 19:08:04.155?[0;39m ?[32mDEBUG?[0;39m ?[35m70197?[0;39m ?[2m---?[0;39m ?[2m[    Test worker]?[0;39m ?[36morg.hibernate.type.BasicTypeRegistry    ?[0;39m ?[2m:?[0;39m Adding type registration java.lang.String -> org.hibernate.type.StringType@4c5406b
?[2m2023-07-05 19:08:04.156?[0;39m ?[32mDEBUG?[0;39m ?[35m70197?[0;39m ?[2m---?[0;39m ?[2m[    Test worker]?[0;39m ?[36morg.hibernate.type.BasicTypeRegistry    ?[0;39m ?[2m:?[0;39m Adding type registration nstring -> org.hibernate.type.StringNVarcharType@5d601832
?[2m2023-07-05 19:08:04.156?[0;39m ?[32mDEBUG?[0;39m ?[35m70197?[0;39m ?[2m---?[0;39m ?[2m[    Test worker]?[0;39m ?[36morg.hibernate.type.BasicTypeRegistry    ?[0;39m ?[2m:?[0;39m Adding type registration ncharacter -> org.hibernate.type.CharacterNCharType@c0c8f96
?[2m2023-07-05 19:08:04.157?[0;39m ?[32mDEBUG?[0;39m ?[35m70197?[0;39m ?[2m---?[0;39m ?[2m[    Test worker]?[0;39m ?[36morg.hibernate.type.BasicTypeRegistry    ?[0;39m ?[2m:?[0;39m Adding type registration url -> org.hibernate.type.UrlType@482a58c7
?[2m2023-07-05 19:08:04.157?[0;39m ?[32mDEBUG?[0;39m ?[35m70197?[0;39m ?[2m---?[0;39m ?[2m[    Test worker]?[0;39m ?[36morg.hibernate.type.BasicTypeRegistry    ?[0;39m ?[2m:?[0;39m Adding type registration java.net.URL -> org.hibernate.type.UrlType@482a58c7
?[2m2023-07-05 19:08:04.157?[0;39m ?[32mDEBUG?[0;39m ?[35m70197?[0;39m ?[2m---?[0;39m ?[2m[    Test worker]?[0;39m ?[36morg.hibernate.type.BasicTypeRegistry    ?[0;39m ?[2m:?[0;39m Adding type registration Duration -> org.hibernate.type.DurationType@2d4fb0d8
?[2m2023-07-05 19:08:04.157?[0;39m ?[32mDEBUG?[0;39m ?[35m70197?[0;39m ?[2m---?[0;39m ?[2m[    Test worker]?[0;39m ?[36morg.hibernate.type.BasicTypeRegistry    ?[0;39m ?[2m:?[0;39m Adding type registration java.time.Duration -> org.hibernate.type.DurationType@2d4fb0d8
?[2m2023-07-05 19:08:04.158?[0;39m ?[32mDEBUG?[0;39m ?[35m70197?[0;39m ?[2m---?[0;39m ?[2m[    Test worker]?[0;39m ?[36morg.hibernate.type.BasicTypeRegistry    ?[0;39m ?[2m:?[0;39m Adding type registration Instant -> org.hibernate.type.InstantType@2755617b
?[2m2023-07-05 19:08:04.158?[0;39m ?[32mDEBUG?[0;39m ?[35m70197?[0;39m ?[2m---?[0;39m ?[2m[    Test worker]?[0;39m ?[36morg.hibernate.type.BasicTypeRegistry    ?[0;39m ?[2m:?[0;39m Adding type registration java.time.Instant -> org.hibernate.type.InstantType@2755617b
?[2m2023-07-05 19:08:04.158?[0;39m ?[32mDEBUG?[0;39m ?[35m70197?[0;39m ?[2m---?[0;39m ?[2m[    Test worker]?[0;39m ?[36morg.hibernate.type.BasicTypeRegistry    ?[0;39m ?[2m:?[0;39m Adding type registration LocalDateTime -> org.hibernate.type.LocalDateTimeType@1b0e031b
?[2m2023-07-05 19:08:04.159?[0;39m ?[32mDEBUG?[0;39m ?[35m70197?[0;39m ?[2m---?[0;39m ?[2m[    Test worker]?[0;39m ?[36morg.hibernate.type.BasicTypeRegistry    ?[0;39m ?[2m:?[0;39m Adding type registration java.time.LocalDateTime -> org.hibernate.type.LocalDateTimeType@1b0e031b
?[2m2023-07-05 19:08:04.159?[0;39m ?[32mDEBUG?[0;39m ?[35m70197?[0;39m ?[2m---?[0;39m ?[2m[    Test worker]?[0;39m ?[36morg.hibernate.type.BasicTypeRegistry    ?[0;39m ?[2m:?[0;39m Adding type registration LocalDate -> org.hibernate.type.LocalDateType@8077c97
?[2m2023-07-05 19:08:04.159?[0;39m ?[32mDEBUG?[0;39m ?[35m70197?[0;39m ?[2m---?[0;39m ?[2m[    Test worker]?[0;39m ?[36morg.hibernate.type.BasicTypeRegistry    ?[0;39m ?[2m:?[0;39m Adding type registration java.time.LocalDate -> org.hibernate.type.LocalDateType@8077c97
?[2m2023-07-05 19:08:04.160?[0;39m ?[32mDEBUG?[0;39m ?[35m70197?[0;39m ?[2m---?[0;39m ?[2m[    Test worker]?[0;39m ?[36morg.hibernate.type.BasicTypeRegistry    ?[0;39m ?[2m:?[0;39m Adding type registration LocalTime -> org.hibernate.type.LocalTimeType@4601047
?[2m2023-07-05 19:08:04.160?[0;39m ?[32mDEBUG?[0;39m ?[35m70197?[0;39m ?[2m---?[0;39m ?[2m[    Test worker]?[0;39m ?[36morg.hibernate.type.BasicTypeRegistry    ?[0;39m ?[2m:?[0;39m Adding type registration java.time.LocalTime -> org.hibernate.type.LocalTimeType@4601047
?[2m2023-07-05 19:08:04.160?[0;39m ?[32mDEBUG?[0;39m ?[35m70197?[0;39m ?[2m---?[0;39m ?[2m[    Test worker]?[0;39m ?[36morg.hibernate.type.BasicTypeRegistry    ?[0;39m ?[2m:?[0;39m Adding type registration OffsetDateTime -> org.hibernate.type.OffsetDateTimeType@32a8ca06
?[2m2023-07-05 19:08:04.160?[0;39m ?[32mDEBUG?[0;39m ?[35m70197?[0;39m ?[2m---?[0;39m ?[2m[    Test worker]?[0;39m ?[36morg.hibernate.type.BasicTypeRegistry    ?[0;39m ?[2m:?[0;39m Adding type registration java.time.OffsetDateTime -> org.hibernate.type.OffsetDateTimeType@32a8ca06
?[2m2023-07-05 19:08:04.161?[0;39m ?[32mDEBUG?[0;39m ?[35m70197?[0;39m ?[2m---?[0;39m ?[2m[    Test worker]?[0;39m ?[36morg.hibernate.type.BasicTypeRegistry    ?[0;39m ?[2m:?[0;39m Adding type registration OffsetTime -> org.hibernate.type.OffsetTimeType@6a5dd083
?[2m2023-07-05 19:08:04.161?[0;39m ?[32mDEBUG?[0;39m ?[35m70197?[0;39m ?[2m---?[0;39m ?[2m[    Test worker]?[0;39m ?[36morg.hibernate.type.BasicTypeRegistry    ?[0;39m ?[2m:?[0;39m Adding type registration java.time.OffsetTime -> org.hibernate.type.OffsetTimeType@6a5dd083
?[2m2023-07-05 19:08:04.162?[0;39m ?[32mDEBUG?[0;39m ?[35m70197?[0;39m ?[2m---?[0;39m ?[2m[    Test worker]?[0;39m ?[36morg.hibernate.type.BasicTypeRegistry    ?[0;39m ?[2m:?[0;39m Adding type registration ZonedDateTime -> org.hibernate.type.ZonedDateTimeType@4ef5dd23
?[2m2023-07-05 19:08:04.163?[0;39m ?[32mDEBUG?[0;39m ?[35m70197?[0;39m ?[2m---?[0;39m ?[2m[    Test worker]?[0;39m ?[36morg.hibernate.type.BasicTypeRegistry    ?[0;39m ?[2m:?[0;39m Adding type registration java.time.ZonedDateTime -> org.hibernate.type.ZonedDateTimeType@4ef5dd23
?[2m2023-07-05 19:08:04.163?[0;39m ?[32mDEBUG?[0;39m ?[35m70197?[0;39m ?[2m---?[0;39m ?[2m[    Test worker]?[0;39m ?[36morg.hibernate.type.BasicTypeRegistry    ?[0;39m ?[2m:?[0;39m Adding type registration date -> org.hibernate.type.DateType@a457c2b
?[2m2023-07-05 19:08:04.163?[0;39m ?[32mDEBUG?[0;39m ?[35m70197?[0;39m ?[2m---?[0;39m ?[2m[    Test worker]?[0;39m ?[36morg.hibernate.type.BasicTypeRegistry    ?[0;39m ?[2m:?[0;39m Adding type registration java.sql.Date -> org.hibernate.type.DateType@a457c2b
?[2m2023-07-05 19:08:04.164?[0;39m ?[32mDEBUG?[0;39m ?[35m70197?[0;39m ?[2m---?[0;39m ?[2m[    Test worker]?[0;39m ?[36morg.hibernate.type.BasicTypeRegistry    ?[0;39m ?[2m:?[0;39m Adding type registration time -> org.hibernate.type.TimeType@1c6e3ff9
?[2m2023-07-05 19:08:04.164?[0;39m ?[32mDEBUG?[0;39m ?[35m70197?[0;39m ?[2m---?[0;39m ?[2m[    Test worker]?[0;39m ?[36morg.hibernate.type.BasicTypeRegistry    ?[0;39m ?[2m:?[0;39m Adding type registration java.sql.Time -> org.hibernate.type.TimeType@1c6e3ff9
?[2m2023-07-05 19:08:04.164?[0;39m ?[32mDEBUG?[0;39m ?[35m70197?[0;39m ?[2m---?[0;39m ?[2m[    Test worker]?[0;39m ?[36morg.hibernate.type.BasicTypeRegistry    ?[0;39m ?[2m:?[0;39m Adding type registration timestamp -> org.hibernate.type.TimestampType@4ebd6fd6
?[2m2023-07-05 19:08:04.164?[0;39m ?[32mDEBUG?[0;39m ?[35m70197?[0;39m ?[2m---?[0;39m ?[2m[    Test worker]?[0;39m ?[36morg.hibernate.type.BasicTypeRegistry    ?[0;39m ?[2m:?[0;39m Adding type registration java.sql.Timestamp -> org.hibernate.type.TimestampType@4ebd6fd6
?[2m2023-07-05 19:08:04.164?[0;39m ?[32mDEBUG?[0;39m ?[35m70197?[0;39m ?[2m---?[0;39m ?[2m[    Test worker]?[0;39m ?[36morg.hibernate.type.BasicTypeRegistry    ?[0;39m ?[2m:?[0;39m Adding type registration java.util.Date -> org.hibernate.type.TimestampType@4ebd6fd6
?[2m2023-07-05 19:08:04.165?[0;39m ?[32mDEBUG?[0;39m ?[35m70197?[0;39m ?[2m---?[0;39m ?[2m[    Test worker]?[0;39m ?[36morg.hibernate.type.BasicTypeRegistry    ?[0;39m ?[2m:?[0;39m Adding type registration dbtimestamp -> org.hibernate.type.DbTimestampType@4438938e
?[2m2023-07-05 19:08:04.166?[0;39m ?[32mDEBUG?[0;39m ?[35m70197?[0;39m ?[2m---?[0;39m ?[2m[    Test worker]?[0;39m ?[36morg.hibernate.type.BasicTypeRegistry    ?[0;39m ?[2m:?[0;39m Adding type registration calendar -> org.hibernate.type.CalendarType@3af36922
?[2m2023-07-05 19:08:04.166?[0;39m ?[32mDEBUG?[0;39m ?[35m70197?[0;39m ?[2m---?[0;39m ?[2m[    Test worker]?[0;39m ?[36morg.hibernate.type.BasicTypeRegistry    ?[0;39m ?[2m:?[0;39m Adding type registration java.util.Calendar -> org.hibernate.type.CalendarType@3af36922
?[2m2023-07-05 19:08:04.166?[0;39m ?[32mDEBUG?[0;39m ?[35m70197?[0;39m ?[2m---?[0;39m ?[2m[    Test worker]?[0;39m ?[36morg.hibernate.type.BasicTypeRegistry    ?[0;39m ?[2m:?[0;39m Adding type registration java.util.GregorianCalendar -> org.hibernate.type.CalendarType@3af36922
?[2m2023-07-05 19:08:04.166?[0;39m ?[32mDEBUG?[0;39m ?[35m70197?[0;39m ?[2m---?[0;39m ?[2m[    Test worker]?[0;39m ?[36morg.hibernate.type.BasicTypeRegistry    ?[0;39m ?[2m:?[0;39m Adding type registration calendar_date -> org.hibernate.type.CalendarDateType@6734ff92
?[2m2023-07-05 19:08:04.166?[0;39m ?[32mDEBUG?[0;39m ?[35m70197?[0;39m ?[2m---?[0;39m ?[2m[    Test worker]?[0;39m ?[36morg.hibernate.type.BasicTypeRegistry    ?[0;39m ?[2m:?[0;39m Adding type registration calendar_time -> org.hibernate.type.CalendarTimeType@4899799b
?[2m2023-07-05 19:08:04.167?[0;39m ?[32mDEBUG?[0;39m ?[35m70197?[0;39m ?[2m---?[0;39m ?[2m[    Test worker]?[0;39m ?[36morg.hibernate.type.BasicTypeRegistry    ?[0;39m ?[2m:?[0;39m Adding type registration locale -> org.hibernate.type.LocaleType@1412682c
?[2m2023-07-05 19:08:04.167?[0;39m ?[32mDEBUG?[0;39m ?[35m70197?[0;39m ?[2m---?[0;39m ?[2m[    Test worker]?[0;39m ?[36morg.hibernate.type.BasicTypeRegistry    ?[0;39m ?[2m:?[0;39m Adding type registration java.util.Locale -> org.hibernate.type.LocaleType@1412682c
?[2m2023-07-05 19:08:04.167?[0;39m ?[32mDEBUG?[0;39m ?[35m70197?[0;39m ?[2m---?[0;39m ?[2m[    Test worker]?[0;39m ?[36morg.hibernate.type.BasicTypeRegistry    ?[0;39m ?[2m:?[0;39m Adding type registration currency -> org.hibernate.type.CurrencyType@13aed42b
?[2m2023-07-05 19:08:04.167?[0;39m ?[32mDEBUG?[0;39m ?[35m70197?[0;39m ?[2m---?[0;39m ?[2m[    Test worker]?[0;39m ?[36morg.hibernate.type.BasicTypeRegistry    ?[0;39m ?[2m:?[0;39m Adding type registration java.util.Currency -> org.hibernate.type.CurrencyType@13aed42b
?[2m2023-07-05 19:08:04.167?[0;39m ?[32mDEBUG?[0;39m ?[35m70197?[0;39m ?[2m---?[0;39m ?[2m[    Test worker]?[0;39m ?[36morg.hibernate.type.BasicTypeRegistry    ?[0;39m ?[2m:?[0;39m Adding type registration timezone -> org.hibernate.type.TimeZoneType@10e56da9
?[2m2023-07-05 19:08:04.167?[0;39m ?[32mDEBUG?[0;39m ?[35m70197?[0;39m ?[2m---?[0;39m ?[2m[    Test worker]?[0;39m ?[36morg.hibernate.type.BasicTypeRegistry    ?[0;39m ?[2m:?[0;39m Adding type registration java.util.TimeZone -> org.hibernate.type.TimeZoneType@10e56da9
?[2m2023-07-05 19:08:04.168?[0;39m ?[32mDEBUG?[0;39m ?[35m70197?[0;39m ?[2m---?[0;39m ?[2m[    Test worker]?[0;39m ?[36morg.hibernate.type.BasicTypeRegistry    ?[0;39m ?[2m:?[0;39m Adding type registration class -> org.hibernate.type.ClassType@51d8f2f2
?[2m2023-07-05 19:08:04.168?[0;39m ?[32mDEBUG?[0;39m ?[35m70197?[0;39m ?[2m---?[0;39m ?[2m[    Test worker]?[0;39m ?[36morg.hibernate.type.BasicTypeRegistry    ?[0;39m ?[2m:?[0;39m Adding type registration java.lang.Class -> org.hibernate.type.ClassType@51d8f2f2
?[2m2023-07-05 19:08:04.168?[0;39m ?[32mDEBUG?[0;39m ?[35m70197?[0;39m ?[2m---?[0;39m ?[2m[    Test worker]?[0;39m ?[36morg.hibernate.type.BasicTypeRegistry    ?[0;39m ?[2m:?[0;39m Adding type registration uuid-binary -> org.hibernate.type.UUIDBinaryType@524f5ea5
?[2m2023-07-05 19:08:04.168?[0;39m ?[32mDEBUG?[0;39m ?[35m70197?[0;39m ?[2m---?[0;39m ?[2m[    Test worker]?[0;39m ?[36morg.hibernate.type.BasicTypeRegistry    ?[0;39m ?[2m:?[0;39m Adding type registration java.util.UUID -> org.hibernate.type.UUIDBinaryType@524f5ea5
?[2m2023-07-05 19:08:04.168?[0;39m ?[32mDEBUG?[0;39m ?[35m70197?[0;39m ?[2m---?[0;39m ?[2m[    Test worker]?[0;39m ?[36morg.hibernate.type.BasicTypeRegistry    ?[0;39m ?[2m:?[0;39m Adding type registration uuid-char -> org.hibernate.type.UUIDCharType@5599b5bb
?[2m2023-07-05 19:08:04.169?[0;39m ?[32mDEBUG?[0;39m ?[35m70197?[0;39m ?[2m---?[0;39m ?[2m[    Test worker]?[0;39m ?[36morg.hibernate.type.BasicTypeRegistry    ?[0;39m ?[2m:?[0;39m Adding type registration binary -> org.hibernate.type.BinaryType@1d1bf7bf
?[2m2023-07-05 19:08:04.169?[0;39m ?[32mDEBUG?[0;39m ?[35m70197?[0;39m ?[2m---?[0;39m ?[2m[    Test worker]?[0;39m ?[36morg.hibernate.type.BasicTypeRegistry    ?[0;39m ?[2m:?[0;39m Adding type registration byte[] -> org.hibernate.type.BinaryType@1d1bf7bf
?[2m2023-07-05 19:08:04.169?[0;39m ?[32mDEBUG?[0;39m ?[35m70197?[0;39m ?[2m---?[0;39m ?[2m[    Test worker]?[0;39m ?[36morg.hibernate.type.BasicTypeRegistry    ?[0;39m ?[2m:?[0;39m Adding type registration [B -> org.hibernate.type.BinaryType@1d1bf7bf
?[2m2023-07-05 19:08:04.169?[0;39m ?[32mDEBUG?[0;39m ?[35m70197?[0;39m ?[2m---?[0;39m ?[2m[    Test worker]?[0;39m ?[36morg.hibernate.type.BasicTypeRegistry    ?[0;39m ?[2m:?[0;39m Adding type registration wrapper-binary -> org.hibernate.type.WrapperBinaryType@362a561e
?[2m2023-07-05 19:08:04.169?[0;39m ?[32mDEBUG?[0;39m ?[35m70197?[0;39m ?[2m---?[0;39m ?[2m[    Test worker]?[0;39m ?[36morg.hibernate.type.BasicTypeRegistry    ?[0;39m ?[2m:?[0;39m Adding type registration Byte[] -> org.hibernate.type.WrapperBinaryType@362a561e
?[2m2023-07-05 19:08:04.169?[0;39m ?[32mDEBUG?[0;39m ?[35m70197?[0;39m ?[2m---?[0;39m ?[2m[    Test worker]?[0;39m ?[36morg.hibernate.type.BasicTypeRegistry    ?[0;39m ?[2m:?[0;39m Adding type registration [Ljava.lang.Byte; -> org.hibernate.type.WrapperBinaryType@362a561e
?[2m2023-07-05 19:08:04.169?[0;39m ?[32mDEBUG?[0;39m ?[35m70197?[0;39m ?[2m---?[0;39m ?[2m[    Test worker]?[0;39m ?[36morg.hibernate.type.BasicTypeRegistry    ?[0;39m ?[2m:?[0;39m Adding type registration row_version -> org.hibernate.type.RowVersionType@a323a5b
?[2m2023-07-05 19:08:04.170?[0;39m ?[32mDEBUG?[0;39m ?[35m70197?[0;39m ?[2m---?[0;39m ?[2m[    Test worker]?[0;39m ?[36morg.hibernate.type.BasicTypeRegistry    ?[0;39m ?[2m:?[0;39m Adding type registration image -> org.hibernate.type.ImageType@6a6da47a
?[2m2023-07-05 19:08:04.170?[0;39m ?[32mDEBUG?[0;39m ?[35m70197?[0;39m ?[2m---?[0;39m ?[2m[    Test worker]?[0;39m ?[36morg.hibernate.type.BasicTypeRegistry    ?[0;39m ?[2m:?[0;39m Adding type registration characters -> org.hibernate.type.CharArrayType@3babcaed
?[2m2023-07-05 19:08:04.170?[0;39m ?[32mDEBUG?[0;39m ?[35m70197?[0;39m ?[2m---?[0;39m ?[2m[    Test worker]?[0;39m ?[36morg.hibernate.type.BasicTypeRegistry    ?[0;39m ?[2m:?[0;39m Adding type registration char[] -> org.hibernate.type.CharArrayType@3babcaed
?[2m2023-07-05 19:08:04.170?[0;39m ?[32mDEBUG?[0;39m ?[35m70197?[0;39m ?[2m---?[0;39m ?[2m[    Test worker]?[0;39m ?[36morg.hibernate.type.BasicTypeRegistry    ?[0;39m ?[2m:?[0;39m Adding type registration [C -> org.hibernate.type.CharArrayType@3babcaed
?[2m2023-07-05 19:08:04.171?[0;39m ?[32mDEBUG?[0;39m ?[35m70197?[0;39m ?[2m---?[0;39m ?[2m[    Test worker]?[0;39m ?[36morg.hibernate.type.BasicTypeRegistry    ?[0;39m ?[2m:?[0;39m Adding type registration wrapper-characters -> org.hibernate.type.CharacterArrayType@653a5967
?[2m2023-07-05 19:08:04.171?[0;39m ?[32mDEBUG?[0;39m ?[35m70197?[0;39m ?[2m---?[0;39m ?[2m[    Test worker]?[0;39m ?[36morg.hibernate.type.BasicTypeRegistry    ?[0;39m ?[2m:?[0;39m Adding type registration [Ljava.lang.Character; -> org.hibernate.type.CharacterArrayType@653a5967
?[2m2023-07-05 19:08:04.171?[0;39m ?[32mDEBUG?[0;39m ?[35m70197?[0;39m ?[2m---?[0;39m ?[2m[    Test worker]?[0;39m ?[36morg.hibernate.type.BasicTypeRegistry    ?[0;39m ?[2m:?[0;39m Adding type registration Character[] -> org.hibernate.type.CharacterArrayType@653a5967
?[2m2023-07-05 19:08:04.171?[0;39m ?[32mDEBUG?[0;39m ?[35m70197?[0;39m ?[2m---?[0;39m ?[2m[    Test worker]?[0;39m ?[36morg.hibernate.type.BasicTypeRegistry    ?[0;39m ?[2m:?[0;39m Adding type registration text -> org.hibernate.type.TextType@5c4f4330
?[2m2023-07-05 19:08:04.171?[0;39m ?[32mDEBUG?[0;39m ?[35m70197?[0;39m ?[2m---?[0;39m ?[2m[    Test worker]?[0;39m ?[36morg.hibernate.type.BasicTypeRegistry    ?[0;39m ?[2m:?[0;39m Adding type registration ntext -> org.hibernate.type.NTextType@59a09be
?[2m2023-07-05 19:08:04.172?[0;39m ?[32mDEBUG?[0;39m ?[35m70197?[0;39m ?[2m---?[0;39m ?[2m[    Test worker]?[0;39m ?[36morg.hibernate.type.BasicTypeRegistry    ?[0;39m ?[2m:?[0;39m Adding type registration blob -> org.hibernate.type.BlobType@2c2e3460
?[2m2023-07-05 19:08:04.172?[0;39m ?[32mDEBUG?[0;39m ?[35m70197?[0;39m ?[2m---?[0;39m ?[2m[    Test worker]?[0;39m ?[36morg.hibernate.type.BasicTypeRegistry    ?[0;39m ?[2m:?[0;39m Adding type registration java.sql.Blob -> org.hibernate.type.BlobType@2c2e3460
?[2m2023-07-05 19:08:04.172?[0;39m ?[32mDEBUG?[0;39m ?[35m70197?[0;39m ?[2m---?[0;39m ?[2m[    Test worker]?[0;39m ?[36morg.hibernate.type.BasicTypeRegistry    ?[0;39m ?[2m:?[0;39m Adding type registration materialized_blob -> org.hibernate.type.MaterializedBlobType@42107318
?[2m2023-07-05 19:08:04.172?[0;39m ?[32mDEBUG?[0;39m ?[35m70197?[0;39m ?[2m---?[0;39m ?[2m[    Test worker]?[0;39m ?[36morg.hibernate.type.BasicTypeRegistry    ?[0;39m ?[2m:?[0;39m Adding type registration clob -> org.hibernate.type.ClobType@5a3cf824
?[2m2023-07-05 19:08:04.172?[0;39m ?[32mDEBUG?[0;39m ?[35m70197?[0;39m ?[2m---?[0;39m ?[2m[    Test worker]?[0;39m ?[36morg.hibernate.type.BasicTypeRegistry    ?[0;39m ?[2m:?[0;39m Adding type registration java.sql.Clob -> org.hibernate.type.ClobType@5a3cf824
?[2m2023-07-05 19:08:04.173?[0;39m ?[32mDEBUG?[0;39m ?[35m70197?[0;39m ?[2m---?[0;39m ?[2m[    Test worker]?[0;39m ?[36morg.hibernate.type.BasicTypeRegistry    ?[0;39m ?[2m:?[0;39m Adding type registration nclob -> org.hibernate.type.NClobType@239b98cb
?[2m2023-07-05 19:08:04.173?[0;39m ?[32mDEBUG?[0;39m ?[35m70197?[0;39m ?[2m---?[0;39m ?[2m[    Test worker]?[0;39m ?[36morg.hibernate.type.BasicTypeRegistry    ?[0;39m ?[2m:?[0;39m Adding type registration java.sql.NClob -> org.hibernate.type.NClobType@239b98cb
?[2m2023-07-05 19:08:04.173?[0;39m ?[32mDEBUG?[0;39m ?[35m70197?[0;39m ?[2m---?[0;39m ?[2m[    Test worker]?[0;39m ?[36morg.hibernate.type.BasicTypeRegistry    ?[0;39m ?[2m:?[0;39m Adding type registration materialized_clob -> org.hibernate.type.MaterializedClobType@36211bbc
?[2m2023-07-05 19:08:04.174?[0;39m ?[32mDEBUG?[0;39m ?[35m70197?[0;39m ?[2m---?[0;39m ?[2m[    Test worker]?[0;39m ?[36morg.hibernate.type.BasicTypeRegistry    ?[0;39m ?[2m:?[0;39m Adding type registration materialized_nclob -> org.hibernate.type.MaterializedNClobType@d70e9a
?[2m2023-07-05 19:08:04.175?[0;39m ?[32mDEBUG?[0;39m ?[35m70197?[0;39m ?[2m---?[0;39m ?[2m[    Test worker]?[0;39m ?[36morg.hibernate.type.BasicTypeRegistry    ?[0;39m ?[2m:?[0;39m Adding type registration serializable -> org.hibernate.type.SerializableType@33751d49
?[2m2023-07-05 19:08:04.177?[0;39m ?[32mDEBUG?[0;39m ?[35m70197?[0;39m ?[2m---?[0;39m ?[2m[    Test worker]?[0;39m ?[36morg.hibernate.type.BasicTypeRegistry    ?[0;39m ?[2m:?[0;39m Adding type registration object -> org.hibernate.type.ObjectType@18907af2
?[2m2023-07-05 19:08:04.177?[0;39m ?[32mDEBUG?[0;39m ?[35m70197?[0;39m ?[2m---?[0;39m ?[2m[    Test worker]?[0;39m ?[36morg.hibernate.type.BasicTypeRegistry    ?[0;39m ?[2m:?[0;39m Adding type registration java.lang.Object -> org.hibernate.type.ObjectType@18907af2
?[2m2023-07-05 19:08:04.178?[0;39m ?[32mDEBUG?[0;39m ?[35m70197?[0;39m ?[2m---?[0;39m ?[2m[    Test worker]?[0;39m ?[36morg.hibernate.type.BasicTypeRegistry    ?[0;39m ?[2m:?[0;39m Adding type registration imm_date -> org.hibernate.type.AdaptedImmutableType@6d7740f0
?[2m2023-07-05 19:08:04.178?[0;39m ?[32mDEBUG?[0;39m ?[35m70197?[0;39m ?[2m---?[0;39m ?[2m[    Test worker]?[0;39m ?[36morg.hibernate.type.BasicTypeRegistry    ?[0;39m ?[2m:?[0;39m Adding type registration imm_time -> org.hibernate.type.AdaptedImmutableType@7b1a30e5
?[2m2023-07-05 19:08:04.178?[0;39m ?[32mDEBUG?[0;39m ?[35m70197?[0;39m ?[2m---?[0;39m ?[2m[    Test worker]?[0;39m ?[36morg.hibernate.type.BasicTypeRegistry    ?[0;39m ?[2m:?[0;39m Adding type registration imm_timestamp -> org.hibernate.type.AdaptedImmutableType@1de7f898
?[2m2023-07-05 19:08:04.178?[0;39m ?[32mDEBUG?[0;39m ?[35m70197?[0;39m ?[2m---?[0;39m ?[2m[    Test worker]?[0;39m ?[36morg.hibernate.type.BasicTypeRegistry    ?[0;39m ?[2m:?[0;39m Adding type registration imm_dbtimestamp -> org.hibernate.type.AdaptedImmutableType@34fcd292
?[2m2023-07-05 19:08:04.178?[0;39m ?[32mDEBUG?[0;39m ?[35m70197?[0;39m ?[2m---?[0;39m ?[2m[    Test worker]?[0;39m ?[36morg.hibernate.type.BasicTypeRegistry    ?[0;39m ?[2m:?[0;39m Adding type registration imm_calendar -> org.hibernate.type.AdaptedImmutableType@63db743d
?[2m2023-07-05 19:08:04.178?[0;39m ?[32mDEBUG?[0;39m ?[35m70197?[0;39m ?[2m---?[0;39m ?[2m[    Test worker]?[0;39m ?[36morg.hibernate.type.BasicTypeRegistry    ?[0;39m ?[2m:?[0;39m Adding type registration imm_calendar_date -> org.hibernate.type.AdaptedImmutableType@496cedbb
?[2m2023-07-05 19:08:04.178?[0;39m ?[32mDEBUG?[0;39m ?[35m70197?[0;39m ?[2m---?[0;39m ?[2m[    Test worker]?[0;39m ?[36morg.hibernate.type.BasicTypeRegistry    ?[0;39m ?[2m:?[0;39m Adding type registration imm_binary -> org.hibernate.type.AdaptedImmutableType@6b6def36
?[2m2023-07-05 19:08:04.178?[0;39m ?[32mDEBUG?[0;39m ?[35m70197?[0;39m ?[2m---?[0;39m ?[2m[    Test worker]?[0;39m ?[36morg.hibernate.type.BasicTypeRegistry    ?[0;39m ?[2m:?[0;39m Adding type registration imm_serializable -> org.hibernate.type.AdaptedImmutableType@3957d88b
?[2m2023-07-05 19:08:04.202?[0;39m ?[32m INFO?[0;39m ?[35m70197?[0;39m ?[2m---?[0;39m ?[2m[    Test worker]?[0;39m ?[36mcom.zaxxer.hikari.HikariDataSource      ?[0;39m ?[2m:?[0;39m HikariPool-1 - Starting...
?[2m2023-07-05 19:08:04.307?[0;39m ?[32m INFO?[0;39m ?[35m70197?[0;39m ?[2m---?[0;39m ?[2m[    Test worker]?[0;39m ?[36mcom.zaxxer.hikari.HikariDataSource      ?[0;39m ?[2m:?[0;39m HikariPool-1 - Start completed.
?[2m2023-07-05 19:08:04.325?[0;39m ?[32m INFO?[0;39m ?[35m70197?[0;39m ?[2m---?[0;39m ?[2m[    Test worker]?[0;39m ?[36morg.hibernate.dialect.Dialect           ?[0;39m ?[2m:?[0;39m HHH000400: Using dialect: org.hibernate.dialect.H2Dialect
?[2m2023-07-05 19:08:04.343?[0;39m ?[32mDEBUG?[0;39m ?[35m70197?[0;39m ?[2m---?[0;39m ?[2m[    Test worker]?[0;39m ?[36mo.h.type.spi.TypeConfiguration$Scope    ?[0;39m ?[2m:?[0;39m Scoping TypeConfiguration [org.hibernate.type.spi.TypeConfiguration@333e5fb6] to MetadataBuildingContext [org.hibernate.boot.internal.MetadataBuildingContextRootImpl@3b7b0b57]
?[2m2023-07-05 19:08:04.472?[0;39m ?[32mDEBUG?[0;39m ?[35m70197?[0;39m ?[2m---?[0;39m ?[2m[    Test worker]?[0;39m ?[36mo.h.type.spi.TypeConfiguration$Scope    ?[0;39m ?[2m:?[0;39m Scoping TypeConfiguration [org.hibernate.type.spi.TypeConfiguration@333e5fb6] to SessionFactoryImpl [org.hibernate.internal.SessionFactoryImpl@321c2a7]
Hibernate: 
    
    drop table if exists product_option_tb CASCADE 
Hibernate: 
    
    drop table if exists product_tb CASCADE 
Hibernate: 
    
    drop table if exists user_tb CASCADE 
Hibernate: 
    
    create table product_option_tb (
       id integer generated by default as identity,
        option_name varchar(100) not null,
        price integer not null,
        product_id integer,
        primary key (id)
    )
Hibernate: 
    
    create table product_tb (
       id integer generated by default as identity,
        description varchar(1000) not null,
        image varchar(500),
        price integer not null,
        product_name varchar(100) not null,
        primary key (id)
    )
Hibernate: 
    
    create table user_tb (
       id integer generated by default as identity,
        email varchar(100) not null,
        password varchar(256) not null,
        roles varchar(30),
        username varchar(45) not null,
        primary key (id)
    )
Hibernate: create index product_option_product_id_idx on product_option_tb (product_id)
Hibernate: 
    
    alter table user_tb 
       add constraint UK_2dlfg6wvnxboknkp9d1h75icb unique (email)
Hibernate: 
    
    alter table product_option_tb 
       add constraint FKsa4ntlamt4evxr95wdnk1yx4l 
       foreign key (product_id) 
       references product_tb
?[2m2023-07-05 19:08:04.668?[0;39m ?[32m INFO?[0;39m ?[35m70197?[0;39m ?[2m---?[0;39m ?[2m[    Test worker]?[0;39m ?[36mo.h.e.t.j.p.i.JtaPlatformInitiator      ?[0;39m ?[2m:?[0;39m HHH000490: Using JtaPlatform implementation: [org.hibernate.engine.transaction.jta.platform.internal.NoJtaPlatform]
?[2m2023-07-05 19:08:04.672?[0;39m ?[32mTRACE?[0;39m ?[35m70197?[0;39m ?[2m---?[0;39m ?[2m[    Test worker]?[0;39m ?[36mo.h.type.spi.TypeConfiguration$Scope    ?[0;39m ?[2m:?[0;39m Handling #sessionFactoryCreated from [org.hibernate.internal.SessionFactoryImpl@321c2a7] for TypeConfiguration
?[2m2023-07-05 19:08:04.673?[0;39m ?[32m INFO?[0;39m ?[35m70197?[0;39m ?[2m---?[0;39m ?[2m[    Test worker]?[0;39m ?[36mj.LocalContainerEntityManagerFactoryBean?[0;39m ?[2m:?[0;39m Initialized JPA EntityManagerFactory for persistence unit 'default'
?[2m2023-07-05 19:08:04.960?[0;39m ?[32m INFO?[0;39m ?[35m70197?[0;39m ?[2m---?[0;39m ?[2m[    Test worker]?[0;39m ?[36mo.s.s.web.DefaultSecurityFilterChain    ?[0;39m ?[2m:?[0;39m Will secure any request with [org.springframework.security.web.session.DisableEncodeUrlFilter@35630ee8, org.springframework.security.web.context.request.async.WebAsyncManagerIntegrationFilter@6e80de85, org.springframework.security.web.context.SecurityContextPersistenceFilter@37d8562f, org.springframework.security.web.header.HeaderWriterFilter@16f2d883, org.springframework.web.filter.CorsFilter@173b24c4, org.springframework.security.web.authentication.logout.LogoutFilter@775a5a67, com.example.kakaoshop._core.security.JWTAuthenticationFilter@21084a6d, org.springframework.security.web.savedrequest.RequestCacheAwareFilter@2cd31214, org.springframework.security.web.servletapi.SecurityContextHolderAwareRequestFilter@594f508f, org.springframework.security.web.authentication.AnonymousAuthenticationFilter@c3114ea, org.springframework.security.web.session.SessionManagementFilter@69988d42, org.springframework.security.web.access.ExceptionTranslationFilter@498503cb, org.springframework.security.web.access.intercept.FilterSecurityInterceptor@5b0d480c]
?[2m2023-07-05 19:08:05.182?[0;39m ?[32m INFO?[0;39m ?[35m70197?[0;39m ?[2m---?[0;39m ?[2m[    Test worker]?[0;39m ?[36mo.s.b.a.h2.H2ConsoleAutoConfiguration   ?[0;39m ?[2m:?[0;39m H2 console available at '/h2-console'. Database available at 'jdbc:h2:mem:test'
?[2m2023-07-05 19:08:05.328?[0;39m ?[32m INFO?[0;39m ?[35m70197?[0;39m ?[2m---?[0;39m ?[2m[    Test worker]?[0;39m ?[36mo.s.b.t.m.w.SpringBootMockServletContext?[0;39m ?[2m:?[0;39m Initializing Spring TestDispatcherServlet ''
?[2m2023-07-05 19:08:05.328?[0;39m ?[32m INFO?[0;39m ?[35m70197?[0;39m ?[2m---?[0;39m ?[2m[    Test worker]?[0;39m ?[36mo.s.t.web.servlet.TestDispatcherServlet ?[0;39m ?[2m:?[0;39m Initializing Servlet ''
?[2m2023-07-05 19:08:05.329?[0;39m ?[32m INFO?[0;39m ?[35m70197?[0;39m ?[2m---?[0;39m ?[2m[    Test worker]?[0;39m ?[36mo.s.t.web.servlet.TestDispatcherServlet ?[0;39m ?[2m:?[0;39m Completed initialization in 0 ms
?[2m2023-07-05 19:08:05.340?[0;39m ?[32m INFO?[0;39m ?[35m70197?[0;39m ?[2m---?[0;39m ?[2m[    Test worker]?[0;39m ?[36mc.e.k.product.ProductRestControllerTest ?[0;39m ?[2m:?[0;39m Started ProductRestControllerTest in 2.123 seconds (JVM running for 2.676)
테스트 : {"success":true,"response":[{"id":1,"productName":"기본에 슬라이딩 지퍼백 크리스마스/플라워에디션 에디션 외 주방용품 특가전","description":"","image":"/images/1.jpg","price":1000},{"id":2,"productName":"[황금약단밤 골드]2022년산 햇밤 칼집밤700g외/군밤용/생율","description":"","image":"/images/2.jpg","price":2000},{"id":3,"productName":"삼성전자 JBL JR310 외 어린이용/성인용 헤드셋 3종!","description":"","image":"/images/3.jpg","price":30000},{"id":4,"productName":"바른 누룽지맛 발효효소 2박스 역가수치보장 / 외 7종","description":"","image":"/images/4.jpg","price":4000},{"id":5,"productName":"[더주] 컷팅말랑장족, 숏다리 100g/300g 외 주전부리 모음 /중독성 최고/마른안주","description":"","image":"/images/5.jpg","price":5000},{"id":6,"productName":"굳지않는 앙금절편 1,050g 2팩 외 우리쌀떡 모음전","description":"","image":"/images/6.jpg","price":15900},{"id":7,"productName":"eoe 이너딜리티 30포, 오렌지맛 고 식이섬유 보충제","description":"","image":"/images/7.jpg","price":26800},{"id":8,"productName":"제나벨 PDRN 크림 2개. 피부보습/진정 케어","description":"","image":"/images/8.jpg","price":25900},{"id":9,"productName":"플레이스테이션 VR2 호라이즌 번들. 생생한 몰입감","description":"","image":"/images/9.jpg","price":797000}],"error":null}
]]></system-out>
  <system-err><![CDATA[]]></system-err>
</testsuite>
