<?xml version="1.0" encoding="UTF-8"?>
<testsuite name="com.example.kakao.order.OrderRestControllerTest" tests="1" skipped="0" failures="0" errors="0" timestamp="2023-08-02T15:58:16" hostname="hoyaiui-MacBookAir.local" time="0.211">
  <properties/>
  <testcase name="save_test()" classname="com.example.kakao.order.OrderRestControllerTest" time="0.211"/>
  <system-out><![CDATA[00:58:14.121 [Test worker] DEBUG org.springframework.test.context.BootstrapUtils - Instantiating CacheAwareContextLoaderDelegate from class [org.springframework.test.context.cache.DefaultCacheAwareContextLoaderDelegate]
00:58:14.125 [Test worker] DEBUG org.springframework.test.context.BootstrapUtils - Instantiating BootstrapContext using constructor [public org.springframework.test.context.support.DefaultBootstrapContext(java.lang.Class,org.springframework.test.context.CacheAwareContextLoaderDelegate)]
00:58:14.139 [Test worker] DEBUG org.springframework.test.context.BootstrapUtils - Instantiating TestContextBootstrapper for test class [com.example.kakao.order.OrderRestControllerTest] from class [org.springframework.boot.test.context.SpringBootTestContextBootstrapper]
00:58:14.142 [Test worker] INFO org.springframework.boot.test.context.SpringBootTestContextBootstrapper - Neither @ContextConfiguration nor @ContextHierarchy found for test class [com.example.kakao.order.OrderRestControllerTest], using SpringBootContextLoader
00:58:14.143 [Test worker] DEBUG org.springframework.test.context.support.AbstractContextLoader - Did not detect default resource location for test class [com.example.kakao.order.OrderRestControllerTest]: class path resource [com/example/kakao/order/OrderRestControllerTest-context.xml] does not exist
00:58:14.144 [Test worker] DEBUG org.springframework.test.context.support.AbstractContextLoader - Did not detect default resource location for test class [com.example.kakao.order.OrderRestControllerTest]: class path resource [com/example/kakao/order/OrderRestControllerTestContext.groovy] does not exist
00:58:14.144 [Test worker] INFO org.springframework.test.context.support.AbstractContextLoader - Could not detect default resource locations for test class [com.example.kakao.order.OrderRestControllerTest]: no resource found for suffixes {-context.xml, Context.groovy}.
00:58:14.144 [Test worker] INFO org.springframework.test.context.support.AnnotationConfigContextLoaderUtils - Could not detect default configuration classes for test class [com.example.kakao.order.OrderRestControllerTest]: OrderRestControllerTest does not declare any static, non-private, non-final, nested classes annotated with @Configuration.
00:58:14.191 [Test worker] DEBUG org.springframework.context.annotation.ClassPathScanningCandidateComponentProvider - Identified candidate component class: file [/Users/lhh/step2-BE-kakao-shop/6week/build/classes/java/main/com/example/kakao/KakaoApplication.class]
00:58:14.191 [Test worker] INFO org.springframework.boot.test.context.SpringBootTestContextBootstrapper - Found @SpringBootConfiguration com.example.kakao.KakaoApplication for test class com.example.kakao.order.OrderRestControllerTest
00:58:14.223 [Test worker] DEBUG org.springframework.boot.test.context.SpringBootTestContextBootstrapper - @TestExecutionListeners is not present for class [com.example.kakao.order.OrderRestControllerTest]: using defaults.
00:58:14.223 [Test worker] INFO org.springframework.boot.test.context.SpringBootTestContextBootstrapper - Loaded default TestExecutionListener class names from location [META-INF/spring.factories]: [org.springframework.security.test.context.support.WithSecurityContextTestExecutionListener, org.springframework.security.test.context.support.ReactorContextTestExecutionListener, org.springframework.boot.test.autoconfigure.restdocs.RestDocsTestExecutionListener, org.springframework.boot.test.autoconfigure.web.client.MockRestServiceServerResetTestExecutionListener, org.springframework.boot.test.autoconfigure.web.servlet.MockMvcPrintOnlyOnFailureTestExecutionListener, org.springframework.boot.test.autoconfigure.web.servlet.WebDriverTestExecutionListener, org.springframework.boot.test.autoconfigure.webservices.client.MockWebServiceServerTestExecutionListener, org.springframework.boot.test.mock.mockito.MockitoTestExecutionListener, org.springframework.boot.test.mock.mockito.ResetMocksTestExecutionListener, org.springframework.test.context.web.ServletTestExecutionListener, org.springframework.test.context.support.DirtiesContextBeforeModesTestExecutionListener, org.springframework.test.context.event.ApplicationEventsTestExecutionListener, org.springframework.test.context.support.DependencyInjectionTestExecutionListener, org.springframework.test.context.support.DirtiesContextTestExecutionListener, org.springframework.test.context.transaction.TransactionalTestExecutionListener, org.springframework.test.context.jdbc.SqlScriptsTestExecutionListener, org.springframework.test.context.event.EventPublishingTestExecutionListener]
00:58:14.233 [Test worker] INFO org.springframework.boot.test.context.SpringBootTestContextBootstrapper - Using TestExecutionListeners: [org.springframework.test.context.web.ServletTestExecutionListener@76f10035, org.springframework.test.context.support.DirtiesContextBeforeModesTestExecutionListener@4f8caaf3, org.springframework.test.context.event.ApplicationEventsTestExecutionListener@2b50150, org.springframework.boot.test.mock.mockito.MockitoTestExecutionListener@15b986cd, org.springframework.boot.test.autoconfigure.SpringBootDependencyInjectionTestExecutionListener@6bb7cce7, org.springframework.test.context.support.DirtiesContextTestExecutionListener@41c62850, org.springframework.test.context.transaction.TransactionalTestExecutionListener@6b530eb9, org.springframework.test.context.jdbc.SqlScriptsTestExecutionListener@328572f0, org.springframework.security.test.context.support.WithSecurityContextTestExecutionListener@678040b3, org.springframework.test.context.event.EventPublishingTestExecutionListener@17f460bb, org.springframework.security.test.context.support.ReactorContextTestExecutionListener@64a1923a, org.springframework.boot.test.autoconfigure.restdocs.RestDocsTestExecutionListener@7d2a6eac, org.springframework.boot.test.autoconfigure.web.client.MockRestServiceServerResetTestExecutionListener@18ca3c62, org.springframework.boot.test.autoconfigure.web.servlet.MockMvcPrintOnlyOnFailureTestExecutionListener@2c0f7678, org.springframework.boot.test.autoconfigure.web.servlet.WebDriverTestExecutionListener@44d70181, org.springframework.boot.test.autoconfigure.webservices.client.MockWebServiceServerTestExecutionListener@6aa648b9, org.springframework.boot.test.mock.mockito.ResetMocksTestExecutionListener@23c650a3]
00:58:14.235 [Test worker] DEBUG org.springframework.test.context.support.AbstractDirtiesContextTestExecutionListener - Before test class: context [DefaultTestContext@169da7f2 testClass = OrderRestControllerTest, testInstance = [null], testMethod = [null], testException = [null], mergedContextConfiguration = [WebMergedContextConfiguration@3c1e23ff testClass = OrderRestControllerTest, locations = '{}', classes = '{class com.example.kakao.KakaoApplication}', contextInitializerClasses = '[]', activeProfiles = '{test}', propertySourceLocations = '{}', propertySourceProperties = '{org.springframework.boot.test.context.SpringBootTestContextBootstrapper=true}', contextCustomizers = set[org.springframework.boot.test.autoconfigure.actuate.metrics.MetricsExportContextCustomizerFactory$DisableMetricExportContextCustomizer@1623134f, org.springframework.boot.test.autoconfigure.properties.PropertyMappingContextCustomizer@63da79bb, org.springframework.boot.test.autoconfigure.web.servlet.WebDriverContextCustomizerFactory$Customizer@305f7627, [ImportsContextCustomizer@ceb4bd2 key = [@org.springframework.boot.autoconfigure.ImportAutoConfiguration(value={}, exclude={}, classes={}), @org.springframework.context.annotation.Import(value={org.springframework.boot.autoconfigure.ImportAutoConfigurationImportSelector.class}), @org.springframework.test.context.jdbc.Sql(executionPhase=BEFORE_TEST_METHOD, statements={}, scripts={}, value={"classpath:db/teardown.sql"}, config=@org.springframework.test.context.jdbc.SqlConfig(blockCommentStartDelimiter="", commentPrefix="", transactionMode=DEFAULT, blockCommentEndDelimiter="", commentPrefixes={}, transactionManager="", errorMode=DEFAULT, encoding="", separator="", dataSource="")), @org.springframework.boot.test.context.SpringBootTest(args={}, webEnvironment=MOCK, value={}, properties={}, classes={}), @org.springframework.boot.test.autoconfigure.web.servlet.AutoConfigureMockMvc(webDriverEnabled=true, print=DEFAULT, webClientEnabled=true, printOnlyOnFailure=true, addFilters=true), @org.springframework.boot.test.autoconfigure.restdocs.AutoConfigureRestDocs(uriScheme="http", outputDir="", uriPort=8080, value="", uriHost="localhost"), @org.springframework.context.annotation.Import(value={org.springframework.boot.test.autoconfigure.restdocs.RestDocumentationContextProviderRegistrar.class}), @org.springframework.test.context.ActiveProfiles(profiles={}, resolver=org.springframework.test.context.ActiveProfilesResolver.class, value={"test"}, inheritProfiles=true), @org.springframework.boot.test.autoconfigure.properties.PropertyMapping(value="spring.test.restdocs", skip=NO), @org.springframework.boot.test.autoconfigure.properties.PropertyMapping(value="spring.test.mockmvc", skip=NO), @org.springframework.test.context.BootstrapWith(value=org.springframework.boot.test.context.SpringBootTestContextBootstrapper.class)]], org.springframework.boot.test.context.filter.ExcludeFilterContextCustomizer@3ce3db41, org.springframework.boot.test.json.DuplicateJsonObjectContextCustomizerFactory$DuplicateJsonObjectContextCustomizer@34a97744, org.springframework.boot.test.mock.mockito.MockitoContextCustomizer@0, org.springframework.boot.test.web.client.TestRestTemplateContextCustomizer@65aa6596, org.springframework.boot.test.context.SpringBootTestArgs@1, org.springframework.boot.test.context.SpringBootTestWebEnvironment@1e81f160], resourceBasePath = 'src/main/webapp', contextLoader = 'org.springframework.boot.test.context.SpringBootContextLoader', parent = [null]], attributes = map['org.springframework.test.context.web.ServletTestExecutionListener.activateListener' -> true]], class annotated with @DirtiesContext [false] with mode [null].

  .   ____          _            __ _ _
 /\\ / ___'_ __ _ _(_)_ __  __ _ \ \ \ \
( ( )\___ | '_ | '_| | '_ \/ _` | \ \ \ \
 \\/  ___)| |_)| | | | | || (_| |  ) ) ) )
  '  |____| .__|_| |_|_| |_\__, | / / / /
 =========|_|==============|___/=/_/_/_/
 :: Spring Boot ::                (v2.7.6)

2023-08-03 00:58:14.398  INFO 3403 --- [    Test worker] c.e.kakao.order.OrderRestControllerTest  : Starting OrderRestControllerTest using Java 11.0.18 on hoyaiui-MacBookAir.local with PID 3403 (started by lhh in /Users/lhh/step2-BE-kakao-shop/6week)
2023-08-03 00:58:14.399 DEBUG 3403 --- [    Test worker] c.e.kakao.order.OrderRestControllerTest  : Running with Spring Boot v2.7.6, Spring v5.3.24
2023-08-03 00:58:14.399  INFO 3403 --- [    Test worker] c.e.kakao.order.OrderRestControllerTest  : The following 1 profile is active: "test"
2023-08-03 00:58:14.659  INFO 3403 --- [    Test worker] .s.d.r.c.RepositoryConfigurationDelegate : Bootstrapping Spring Data JPA repositories in DEFAULT mode.
2023-08-03 00:58:14.685  INFO 3403 --- [    Test worker] .s.d.r.c.RepositoryConfigurationDelegate : Finished Spring Data repository scanning in 22 ms. Found 7 JPA repository interfaces.
2023-08-03 00:58:14.955  INFO 3403 --- [    Test worker] o.hibernate.jpa.internal.util.LogHelper  : HHH000204: Processing PersistenceUnitInfo [name: default]
2023-08-03 00:58:14.977  INFO 3403 --- [    Test worker] org.hibernate.Version                    : HHH000412: Hibernate ORM core version 5.6.14.Final
2023-08-03 00:58:15.049  INFO 3403 --- [    Test worker] o.hibernate.annotations.common.Version   : HCANN000001: Hibernate Commons Annotations {5.1.2.Final}
2023-08-03 00:58:15.060 DEBUG 3403 --- [    Test worker] org.hibernate.type.BasicTypeRegistry     : Adding type registration boolean -> org.hibernate.type.BooleanType@5ef2cbe6
2023-08-03 00:58:15.060 DEBUG 3403 --- [    Test worker] org.hibernate.type.BasicTypeRegistry     : Adding type registration boolean -> org.hibernate.type.BooleanType@5ef2cbe6
2023-08-03 00:58:15.060 DEBUG 3403 --- [    Test worker] org.hibernate.type.BasicTypeRegistry     : Adding type registration java.lang.Boolean -> org.hibernate.type.BooleanType@5ef2cbe6
2023-08-03 00:58:15.060 DEBUG 3403 --- [    Test worker] org.hibernate.type.BasicTypeRegistry     : Adding type registration numeric_boolean -> org.hibernate.type.NumericBooleanType@45e11627
2023-08-03 00:58:15.060 DEBUG 3403 --- [    Test worker] org.hibernate.type.BasicTypeRegistry     : Adding type registration true_false -> org.hibernate.type.TrueFalseType@3973b6d4
2023-08-03 00:58:15.060 DEBUG 3403 --- [    Test worker] org.hibernate.type.BasicTypeRegistry     : Adding type registration yes_no -> org.hibernate.type.YesNoType@2f1f9515
2023-08-03 00:58:15.061 DEBUG 3403 --- [    Test worker] org.hibernate.type.BasicTypeRegistry     : Adding type registration byte -> org.hibernate.type.ByteType@5fd18419
2023-08-03 00:58:15.061 DEBUG 3403 --- [    Test worker] org.hibernate.type.BasicTypeRegistry     : Adding type registration byte -> org.hibernate.type.ByteType@5fd18419
2023-08-03 00:58:15.061 DEBUG 3403 --- [    Test worker] org.hibernate.type.BasicTypeRegistry     : Adding type registration java.lang.Byte -> org.hibernate.type.ByteType@5fd18419
2023-08-03 00:58:15.061 DEBUG 3403 --- [    Test worker] org.hibernate.type.BasicTypeRegistry     : Adding type registration character -> org.hibernate.type.CharacterType@5ab5924c
2023-08-03 00:58:15.061 DEBUG 3403 --- [    Test worker] org.hibernate.type.BasicTypeRegistry     : Adding type registration char -> org.hibernate.type.CharacterType@5ab5924c
2023-08-03 00:58:15.061 DEBUG 3403 --- [    Test worker] org.hibernate.type.BasicTypeRegistry     : Adding type registration java.lang.Character -> org.hibernate.type.CharacterType@5ab5924c
2023-08-03 00:58:15.062 DEBUG 3403 --- [    Test worker] org.hibernate.type.BasicTypeRegistry     : Adding type registration short -> org.hibernate.type.ShortType@704d3b00
2023-08-03 00:58:15.062 DEBUG 3403 --- [    Test worker] org.hibernate.type.BasicTypeRegistry     : Adding type registration short -> org.hibernate.type.ShortType@704d3b00
2023-08-03 00:58:15.062 DEBUG 3403 --- [    Test worker] org.hibernate.type.BasicTypeRegistry     : Adding type registration java.lang.Short -> org.hibernate.type.ShortType@704d3b00
2023-08-03 00:58:15.062 DEBUG 3403 --- [    Test worker] org.hibernate.type.BasicTypeRegistry     : Adding type registration integer -> org.hibernate.type.IntegerType@59baf2c7
2023-08-03 00:58:15.062 DEBUG 3403 --- [    Test worker] org.hibernate.type.BasicTypeRegistry     : Adding type registration int -> org.hibernate.type.IntegerType@59baf2c7
2023-08-03 00:58:15.062 DEBUG 3403 --- [    Test worker] org.hibernate.type.BasicTypeRegistry     : Adding type registration java.lang.Integer -> org.hibernate.type.IntegerType@59baf2c7
2023-08-03 00:58:15.062 DEBUG 3403 --- [    Test worker] org.hibernate.type.BasicTypeRegistry     : Adding type registration long -> org.hibernate.type.LongType@5ad57e90
2023-08-03 00:58:15.062 DEBUG 3403 --- [    Test worker] org.hibernate.type.BasicTypeRegistry     : Adding type registration long -> org.hibernate.type.LongType@5ad57e90
2023-08-03 00:58:15.062 DEBUG 3403 --- [    Test worker] org.hibernate.type.BasicTypeRegistry     : Adding type registration java.lang.Long -> org.hibernate.type.LongType@5ad57e90
2023-08-03 00:58:15.063 DEBUG 3403 --- [    Test worker] org.hibernate.type.BasicTypeRegistry     : Adding type registration float -> org.hibernate.type.FloatType@4beae1e3
2023-08-03 00:58:15.063 DEBUG 3403 --- [    Test worker] org.hibernate.type.BasicTypeRegistry     : Adding type registration float -> org.hibernate.type.FloatType@4beae1e3
2023-08-03 00:58:15.063 DEBUG 3403 --- [    Test worker] org.hibernate.type.BasicTypeRegistry     : Adding type registration java.lang.Float -> org.hibernate.type.FloatType@4beae1e3
2023-08-03 00:58:15.063 DEBUG 3403 --- [    Test worker] org.hibernate.type.BasicTypeRegistry     : Adding type registration double -> org.hibernate.type.DoubleType@5408d4b3
2023-08-03 00:58:15.063 DEBUG 3403 --- [    Test worker] org.hibernate.type.BasicTypeRegistry     : Adding type registration double -> org.hibernate.type.DoubleType@5408d4b3
2023-08-03 00:58:15.063 DEBUG 3403 --- [    Test worker] org.hibernate.type.BasicTypeRegistry     : Adding type registration java.lang.Double -> org.hibernate.type.DoubleType@5408d4b3
2023-08-03 00:58:15.063 DEBUG 3403 --- [    Test worker] org.hibernate.type.BasicTypeRegistry     : Adding type registration big_decimal -> org.hibernate.type.BigDecimalType@1a4083f6
2023-08-03 00:58:15.063 DEBUG 3403 --- [    Test worker] org.hibernate.type.BasicTypeRegistry     : Adding type registration java.math.BigDecimal -> org.hibernate.type.BigDecimalType@1a4083f6
2023-08-03 00:58:15.064 DEBUG 3403 --- [    Test worker] org.hibernate.type.BasicTypeRegistry     : Adding type registration big_integer -> org.hibernate.type.BigIntegerType@bd273b2
2023-08-03 00:58:15.064 DEBUG 3403 --- [    Test worker] org.hibernate.type.BasicTypeRegistry     : Adding type registration java.math.BigInteger -> org.hibernate.type.BigIntegerType@bd273b2
2023-08-03 00:58:15.064 DEBUG 3403 --- [    Test worker] org.hibernate.type.BasicTypeRegistry     : Adding type registration string -> org.hibernate.type.StringType@6f24ce45
2023-08-03 00:58:15.064 DEBUG 3403 --- [    Test worker] org.hibernate.type.BasicTypeRegistry     : Adding type registration java.lang.String -> org.hibernate.type.StringType@6f24ce45
2023-08-03 00:58:15.064 DEBUG 3403 --- [    Test worker] org.hibernate.type.BasicTypeRegistry     : Adding type registration nstring -> org.hibernate.type.StringNVarcharType@65753724
2023-08-03 00:58:15.064 DEBUG 3403 --- [    Test worker] org.hibernate.type.BasicTypeRegistry     : Adding type registration ncharacter -> org.hibernate.type.CharacterNCharType@34549979
2023-08-03 00:58:15.065 DEBUG 3403 --- [    Test worker] org.hibernate.type.BasicTypeRegistry     : Adding type registration url -> org.hibernate.type.UrlType@5635bcd2
2023-08-03 00:58:15.065 DEBUG 3403 --- [    Test worker] org.hibernate.type.BasicTypeRegistry     : Adding type registration java.net.URL -> org.hibernate.type.UrlType@5635bcd2
2023-08-03 00:58:15.065 DEBUG 3403 --- [    Test worker] org.hibernate.type.BasicTypeRegistry     : Adding type registration Duration -> org.hibernate.type.DurationType@595814a1
2023-08-03 00:58:15.065 DEBUG 3403 --- [    Test worker] org.hibernate.type.BasicTypeRegistry     : Adding type registration java.time.Duration -> org.hibernate.type.DurationType@595814a1
2023-08-03 00:58:15.065 DEBUG 3403 --- [    Test worker] org.hibernate.type.BasicTypeRegistry     : Adding type registration Instant -> org.hibernate.type.InstantType@66715ca9
2023-08-03 00:58:15.065 DEBUG 3403 --- [    Test worker] org.hibernate.type.BasicTypeRegistry     : Adding type registration java.time.Instant -> org.hibernate.type.InstantType@66715ca9
2023-08-03 00:58:15.066 DEBUG 3403 --- [    Test worker] org.hibernate.type.BasicTypeRegistry     : Adding type registration LocalDateTime -> org.hibernate.type.LocalDateTimeType@3c09a350
2023-08-03 00:58:15.066 DEBUG 3403 --- [    Test worker] org.hibernate.type.BasicTypeRegistry     : Adding type registration java.time.LocalDateTime -> org.hibernate.type.LocalDateTimeType@3c09a350
2023-08-03 00:58:15.066 DEBUG 3403 --- [    Test worker] org.hibernate.type.BasicTypeRegistry     : Adding type registration LocalDate -> org.hibernate.type.LocalDateType@156cfa20
2023-08-03 00:58:15.066 DEBUG 3403 --- [    Test worker] org.hibernate.type.BasicTypeRegistry     : Adding type registration java.time.LocalDate -> org.hibernate.type.LocalDateType@156cfa20
2023-08-03 00:58:15.066 DEBUG 3403 --- [    Test worker] org.hibernate.type.BasicTypeRegistry     : Adding type registration LocalTime -> org.hibernate.type.LocalTimeType@5d27b4c1
2023-08-03 00:58:15.066 DEBUG 3403 --- [    Test worker] org.hibernate.type.BasicTypeRegistry     : Adding type registration java.time.LocalTime -> org.hibernate.type.LocalTimeType@5d27b4c1
2023-08-03 00:58:15.067 DEBUG 3403 --- [    Test worker] org.hibernate.type.BasicTypeRegistry     : Adding type registration OffsetDateTime -> org.hibernate.type.OffsetDateTimeType@270f28cf
2023-08-03 00:58:15.067 DEBUG 3403 --- [    Test worker] org.hibernate.type.BasicTypeRegistry     : Adding type registration java.time.OffsetDateTime -> org.hibernate.type.OffsetDateTimeType@270f28cf
2023-08-03 00:58:15.067 DEBUG 3403 --- [    Test worker] org.hibernate.type.BasicTypeRegistry     : Adding type registration OffsetTime -> org.hibernate.type.OffsetTimeType@74707df8
2023-08-03 00:58:15.067 DEBUG 3403 --- [    Test worker] org.hibernate.type.BasicTypeRegistry     : Adding type registration java.time.OffsetTime -> org.hibernate.type.OffsetTimeType@74707df8
2023-08-03 00:58:15.068 DEBUG 3403 --- [    Test worker] org.hibernate.type.BasicTypeRegistry     : Adding type registration ZonedDateTime -> org.hibernate.type.ZonedDateTimeType@30eedaa4
2023-08-03 00:58:15.068 DEBUG 3403 --- [    Test worker] org.hibernate.type.BasicTypeRegistry     : Adding type registration java.time.ZonedDateTime -> org.hibernate.type.ZonedDateTimeType@30eedaa4
2023-08-03 00:58:15.068 DEBUG 3403 --- [    Test worker] org.hibernate.type.BasicTypeRegistry     : Adding type registration date -> org.hibernate.type.DateType@69ce14e6
2023-08-03 00:58:15.068 DEBUG 3403 --- [    Test worker] org.hibernate.type.BasicTypeRegistry     : Adding type registration java.sql.Date -> org.hibernate.type.DateType@69ce14e6
2023-08-03 00:58:15.068 DEBUG 3403 --- [    Test worker] org.hibernate.type.BasicTypeRegistry     : Adding type registration time -> org.hibernate.type.TimeType@2d2fc130
2023-08-03 00:58:15.069 DEBUG 3403 --- [    Test worker] org.hibernate.type.BasicTypeRegistry     : Adding type registration java.sql.Time -> org.hibernate.type.TimeType@2d2fc130
2023-08-03 00:58:15.069 DEBUG 3403 --- [    Test worker] org.hibernate.type.BasicTypeRegistry     : Adding type registration timestamp -> org.hibernate.type.TimestampType@5df64b2a
2023-08-03 00:58:15.069 DEBUG 3403 --- [    Test worker] org.hibernate.type.BasicTypeRegistry     : Adding type registration java.sql.Timestamp -> org.hibernate.type.TimestampType@5df64b2a
2023-08-03 00:58:15.069 DEBUG 3403 --- [    Test worker] org.hibernate.type.BasicTypeRegistry     : Adding type registration java.util.Date -> org.hibernate.type.TimestampType@5df64b2a
2023-08-03 00:58:15.069 DEBUG 3403 --- [    Test worker] org.hibernate.type.BasicTypeRegistry     : Adding type registration dbtimestamp -> org.hibernate.type.DbTimestampType@2c678c7b
2023-08-03 00:58:15.070 DEBUG 3403 --- [    Test worker] org.hibernate.type.BasicTypeRegistry     : Adding type registration calendar -> org.hibernate.type.CalendarType@1be8c122
2023-08-03 00:58:15.070 DEBUG 3403 --- [    Test worker] org.hibernate.type.BasicTypeRegistry     : Adding type registration java.util.Calendar -> org.hibernate.type.CalendarType@1be8c122
2023-08-03 00:58:15.070 DEBUG 3403 --- [    Test worker] org.hibernate.type.BasicTypeRegistry     : Adding type registration java.util.GregorianCalendar -> org.hibernate.type.CalendarType@1be8c122
2023-08-03 00:58:15.070 DEBUG 3403 --- [    Test worker] org.hibernate.type.BasicTypeRegistry     : Adding type registration calendar_date -> org.hibernate.type.CalendarDateType@52cb52bd
2023-08-03 00:58:15.070 DEBUG 3403 --- [    Test worker] org.hibernate.type.BasicTypeRegistry     : Adding type registration calendar_time -> org.hibernate.type.CalendarTimeType@51132514
2023-08-03 00:58:15.071 DEBUG 3403 --- [    Test worker] org.hibernate.type.BasicTypeRegistry     : Adding type registration locale -> org.hibernate.type.LocaleType@5cffec7
2023-08-03 00:58:15.071 DEBUG 3403 --- [    Test worker] org.hibernate.type.BasicTypeRegistry     : Adding type registration java.util.Locale -> org.hibernate.type.LocaleType@5cffec7
2023-08-03 00:58:15.071 DEBUG 3403 --- [    Test worker] org.hibernate.type.BasicTypeRegistry     : Adding type registration currency -> org.hibernate.type.CurrencyType@76b305e1
2023-08-03 00:58:15.071 DEBUG 3403 --- [    Test worker] org.hibernate.type.BasicTypeRegistry     : Adding type registration java.util.Currency -> org.hibernate.type.CurrencyType@76b305e1
2023-08-03 00:58:15.071 DEBUG 3403 --- [    Test worker] org.hibernate.type.BasicTypeRegistry     : Adding type registration timezone -> org.hibernate.type.TimeZoneType@521ba38f
2023-08-03 00:58:15.071 DEBUG 3403 --- [    Test worker] org.hibernate.type.BasicTypeRegistry     : Adding type registration java.util.TimeZone -> org.hibernate.type.TimeZoneType@521ba38f
2023-08-03 00:58:15.071 DEBUG 3403 --- [    Test worker] org.hibernate.type.BasicTypeRegistry     : Adding type registration class -> org.hibernate.type.ClassType@53dba9cd
2023-08-03 00:58:15.071 DEBUG 3403 --- [    Test worker] org.hibernate.type.BasicTypeRegistry     : Adding type registration java.lang.Class -> org.hibernate.type.ClassType@53dba9cd
2023-08-03 00:58:15.072 DEBUG 3403 --- [    Test worker] org.hibernate.type.BasicTypeRegistry     : Adding type registration uuid-binary -> org.hibernate.type.UUIDBinaryType@3e753289
2023-08-03 00:58:15.072 DEBUG 3403 --- [    Test worker] org.hibernate.type.BasicTypeRegistry     : Adding type registration java.util.UUID -> org.hibernate.type.UUIDBinaryType@3e753289
2023-08-03 00:58:15.072 DEBUG 3403 --- [    Test worker] org.hibernate.type.BasicTypeRegistry     : Adding type registration uuid-char -> org.hibernate.type.UUIDCharType@7e8f23ad
2023-08-03 00:58:15.072 DEBUG 3403 --- [    Test worker] org.hibernate.type.BasicTypeRegistry     : Adding type registration binary -> org.hibernate.type.BinaryType@70f4abc1
2023-08-03 00:58:15.072 DEBUG 3403 --- [    Test worker] org.hibernate.type.BasicTypeRegistry     : Adding type registration byte[] -> org.hibernate.type.BinaryType@70f4abc1
2023-08-03 00:58:15.072 DEBUG 3403 --- [    Test worker] org.hibernate.type.BasicTypeRegistry     : Adding type registration [B -> org.hibernate.type.BinaryType@70f4abc1
2023-08-03 00:58:15.072 DEBUG 3403 --- [    Test worker] org.hibernate.type.BasicTypeRegistry     : Adding type registration wrapper-binary -> org.hibernate.type.WrapperBinaryType@71b0289b
2023-08-03 00:58:15.072 DEBUG 3403 --- [    Test worker] org.hibernate.type.BasicTypeRegistry     : Adding type registration Byte[] -> org.hibernate.type.WrapperBinaryType@71b0289b
2023-08-03 00:58:15.072 DEBUG 3403 --- [    Test worker] org.hibernate.type.BasicTypeRegistry     : Adding type registration [Ljava.lang.Byte; -> org.hibernate.type.WrapperBinaryType@71b0289b
2023-08-03 00:58:15.073 DEBUG 3403 --- [    Test worker] org.hibernate.type.BasicTypeRegistry     : Adding type registration row_version -> org.hibernate.type.RowVersionType@3ef0e576
2023-08-03 00:58:15.073 DEBUG 3403 --- [    Test worker] org.hibernate.type.BasicTypeRegistry     : Adding type registration image -> org.hibernate.type.ImageType@3b5da0b0
2023-08-03 00:58:15.073 DEBUG 3403 --- [    Test worker] org.hibernate.type.BasicTypeRegistry     : Adding type registration characters -> org.hibernate.type.CharArrayType@bb12f41
2023-08-03 00:58:15.073 DEBUG 3403 --- [    Test worker] org.hibernate.type.BasicTypeRegistry     : Adding type registration char[] -> org.hibernate.type.CharArrayType@bb12f41
2023-08-03 00:58:15.073 DEBUG 3403 --- [    Test worker] org.hibernate.type.BasicTypeRegistry     : Adding type registration [C -> org.hibernate.type.CharArrayType@bb12f41
2023-08-03 00:58:15.074 DEBUG 3403 --- [    Test worker] org.hibernate.type.BasicTypeRegistry     : Adding type registration wrapper-characters -> org.hibernate.type.CharacterArrayType@40fe8fd5
2023-08-03 00:58:15.074 DEBUG 3403 --- [    Test worker] org.hibernate.type.BasicTypeRegistry     : Adding type registration [Ljava.lang.Character; -> org.hibernate.type.CharacterArrayType@40fe8fd5
2023-08-03 00:58:15.074 DEBUG 3403 --- [    Test worker] org.hibernate.type.BasicTypeRegistry     : Adding type registration Character[] -> org.hibernate.type.CharacterArrayType@40fe8fd5
2023-08-03 00:58:15.074 DEBUG 3403 --- [    Test worker] org.hibernate.type.BasicTypeRegistry     : Adding type registration text -> org.hibernate.type.TextType@141bb6b8
2023-08-03 00:58:15.074 DEBUG 3403 --- [    Test worker] org.hibernate.type.BasicTypeRegistry     : Adding type registration ntext -> org.hibernate.type.NTextType@5aa6da2
2023-08-03 00:58:15.074 DEBUG 3403 --- [    Test worker] org.hibernate.type.BasicTypeRegistry     : Adding type registration blob -> org.hibernate.type.BlobType@642c72cf
2023-08-03 00:58:15.074 DEBUG 3403 --- [    Test worker] org.hibernate.type.BasicTypeRegistry     : Adding type registration java.sql.Blob -> org.hibernate.type.BlobType@642c72cf
2023-08-03 00:58:15.074 DEBUG 3403 --- [    Test worker] org.hibernate.type.BasicTypeRegistry     : Adding type registration materialized_blob -> org.hibernate.type.MaterializedBlobType@5dae5a70
2023-08-03 00:58:15.075 DEBUG 3403 --- [    Test worker] org.hibernate.type.BasicTypeRegistry     : Adding type registration clob -> org.hibernate.type.ClobType@3316527e
2023-08-03 00:58:15.075 DEBUG 3403 --- [    Test worker] org.hibernate.type.BasicTypeRegistry     : Adding type registration java.sql.Clob -> org.hibernate.type.ClobType@3316527e
2023-08-03 00:58:15.075 DEBUG 3403 --- [    Test worker] org.hibernate.type.BasicTypeRegistry     : Adding type registration nclob -> org.hibernate.type.NClobType@1aac0a47
2023-08-03 00:58:15.075 DEBUG 3403 --- [    Test worker] org.hibernate.type.BasicTypeRegistry     : Adding type registration java.sql.NClob -> org.hibernate.type.NClobType@1aac0a47
2023-08-03 00:58:15.075 DEBUG 3403 --- [    Test worker] org.hibernate.type.BasicTypeRegistry     : Adding type registration materialized_clob -> org.hibernate.type.MaterializedClobType@194b9783
2023-08-03 00:58:15.076 DEBUG 3403 --- [    Test worker] org.hibernate.type.BasicTypeRegistry     : Adding type registration materialized_nclob -> org.hibernate.type.MaterializedNClobType@1109730f
2023-08-03 00:58:15.076 DEBUG 3403 --- [    Test worker] org.hibernate.type.BasicTypeRegistry     : Adding type registration serializable -> org.hibernate.type.SerializableType@1752e45c
2023-08-03 00:58:15.077 DEBUG 3403 --- [    Test worker] org.hibernate.type.BasicTypeRegistry     : Adding type registration object -> org.hibernate.type.ObjectType@984de01
2023-08-03 00:58:15.077 DEBUG 3403 --- [    Test worker] org.hibernate.type.BasicTypeRegistry     : Adding type registration java.lang.Object -> org.hibernate.type.ObjectType@984de01
2023-08-03 00:58:15.077 DEBUG 3403 --- [    Test worker] org.hibernate.type.BasicTypeRegistry     : Adding type registration imm_date -> org.hibernate.type.AdaptedImmutableType@e521067
2023-08-03 00:58:15.077 DEBUG 3403 --- [    Test worker] org.hibernate.type.BasicTypeRegistry     : Adding type registration imm_time -> org.hibernate.type.AdaptedImmutableType@3bab95ca
2023-08-03 00:58:15.077 DEBUG 3403 --- [    Test worker] org.hibernate.type.BasicTypeRegistry     : Adding type registration imm_timestamp -> org.hibernate.type.AdaptedImmutableType@71ad959b
2023-08-03 00:58:15.077 DEBUG 3403 --- [    Test worker] org.hibernate.type.BasicTypeRegistry     : Adding type registration imm_dbtimestamp -> org.hibernate.type.AdaptedImmutableType@1d7c9811
2023-08-03 00:58:15.077 DEBUG 3403 --- [    Test worker] org.hibernate.type.BasicTypeRegistry     : Adding type registration imm_calendar -> org.hibernate.type.AdaptedImmutableType@3b362f1
2023-08-03 00:58:15.077 DEBUG 3403 --- [    Test worker] org.hibernate.type.BasicTypeRegistry     : Adding type registration imm_calendar_date -> org.hibernate.type.AdaptedImmutableType@6451a288
2023-08-03 00:58:15.078 DEBUG 3403 --- [    Test worker] org.hibernate.type.BasicTypeRegistry     : Adding type registration imm_binary -> org.hibernate.type.AdaptedImmutableType@79cdf2d4
2023-08-03 00:58:15.078 DEBUG 3403 --- [    Test worker] org.hibernate.type.BasicTypeRegistry     : Adding type registration imm_serializable -> org.hibernate.type.AdaptedImmutableType@8851ec
2023-08-03 00:58:15.097  INFO 3403 --- [    Test worker] com.zaxxer.hikari.HikariDataSource       : HikariPool-1 - Starting...
2023-08-03 00:58:15.179  INFO 3403 --- [    Test worker] com.zaxxer.hikari.HikariDataSource       : HikariPool-1 - Start completed.
2023-08-03 00:58:15.193  INFO 3403 --- [    Test worker] org.hibernate.dialect.Dialect            : HHH000400: Using dialect: org.hibernate.dialect.H2Dialect
2023-08-03 00:58:15.206 DEBUG 3403 --- [    Test worker] o.h.type.spi.TypeConfiguration$Scope     : Scoping TypeConfiguration [org.hibernate.type.spi.TypeConfiguration@66e12c3b] to MetadataBuildingContext [org.hibernate.boot.internal.MetadataBuildingContextRootImpl@44485db]
2023-08-03 00:58:15.305 DEBUG 3403 --- [    Test worker] o.h.type.spi.TypeConfiguration$Scope     : Scoping TypeConfiguration [org.hibernate.type.spi.TypeConfiguration@66e12c3b] to SessionFactoryImpl [org.hibernate.internal.SessionFactoryImpl@484a5ddd]
Hibernate: 
    
    drop table if exists cart_tb CASCADE 
Hibernate: 
    
    drop table if exists error_log_tb CASCADE 
Hibernate: 
    
    drop table if exists item_tb CASCADE 
Hibernate: 
    
    drop table if exists option_tb CASCADE 
Hibernate: 
    
    drop table if exists order_tb CASCADE 
Hibernate: 
    
    drop table if exists product_tb CASCADE 
Hibernate: 
    
    drop table if exists user_tb CASCADE 
Hibernate: 
    
    create table cart_tb (
       id integer generated by default as identity,
        price integer not null,
        quantity integer not null,
        option_id integer,
        user_id integer,
        primary key (id)
    )
Hibernate: 
    
    create table error_log_tb (
       id integer generated by default as identity,
        created_at timestamp,
        message varchar(1000) not null,
        user_agent varchar(255) not null,
        user_id integer,
        user_ip varchar(255) not null,
        primary key (id)
    )
Hibernate: 
    
    create table item_tb (
       id integer generated by default as identity,
        price integer not null,
        quantity integer not null,
        option_id integer,
        order_id integer,
        primary key (id)
    )
Hibernate: 
    
    create table option_tb (
       id integer generated by default as identity,
        option_name varchar(100) not null,
        price integer not null,
        product_id integer,
        primary key (id)
    )
Hibernate: 
    
    create table order_tb (
       id integer generated by default as identity,
        user_id integer,
        primary key (id)
    )
Hibernate: 
    
    create table product_tb (
       id integer generated by default as identity,
        description varchar(1000) not null,
        image varchar(500),
        price integer not null,
        product_name varchar(100) not null,
        primary key (id)
    )
Hibernate: 
    
    create table user_tb (
       id integer generated by default as identity,
        email varchar(100) not null,
        password varchar(256) not null,
        roles varchar(30),
        username varchar(45) not null,
        primary key (id)
    )
Hibernate: create index cart_user_id_idx on cart_tb (user_id)
Hibernate: create index cart_option_id_idx on cart_tb (option_id)
Hibernate: 
    
    alter table cart_tb 
       add constraint uk_cart_option_user unique (user_id, option_id)
Hibernate: create index item_option_id_idx on item_tb (option_id)
Hibernate: create index item_order_id_idx on item_tb (order_id)
Hibernate: create index option_product_id_idx on option_tb (product_id)
Hibernate: create index order_user_id_idx on order_tb (user_id)
Hibernate: 
    
    alter table user_tb 
       add constraint UK_2dlfg6wvnxboknkp9d1h75icb unique (email)
Hibernate: 
    
    alter table cart_tb 
       add constraint FKjv34r03v7eauvpfhwsci0deyp 
       foreign key (option_id) 
       references option_tb
Hibernate: 
    
    alter table cart_tb 
       add constraint FKi00yw2m90df70t3igqyjbbf91 
       foreign key (user_id) 
       references user_tb
Hibernate: 
    
    alter table item_tb 
       add constraint FKbgcgxbitac3tct8kqsvyqm85f 
       foreign key (option_id) 
       references option_tb
Hibernate: 
    
    alter table item_tb 
       add constraint FKofe121qxhn816wo07qr9jr0hb 
       foreign key (order_id) 
       references order_tb
Hibernate: 
    
    alter table option_tb 
       add constraint FK6j02px4ow9xxw0o3rc59buyew 
       foreign key (product_id) 
       references product_tb
Hibernate: 
    
    alter table order_tb 
       add constraint FK9wkv8x8yfgaaquhn4vquq4aps 
       foreign key (user_id) 
       references user_tb
2023-08-03 00:58:15.488  INFO 3403 --- [    Test worker] o.h.e.t.j.p.i.JtaPlatformInitiator       : HHH000490: Using JtaPlatform implementation: [org.hibernate.engine.transaction.jta.platform.internal.NoJtaPlatform]
2023-08-03 00:58:15.491 TRACE 3403 --- [    Test worker] o.h.type.spi.TypeConfiguration$Scope     : Handling #sessionFactoryCreated from [org.hibernate.internal.SessionFactoryImpl@484a5ddd] for TypeConfiguration
2023-08-03 00:58:15.492  INFO 3403 --- [    Test worker] j.LocalContainerEntityManagerFactoryBean : Initialized JPA EntityManagerFactory for persistence unit 'default'
2023-08-03 00:58:16.109  INFO 3403 --- [    Test worker] o.s.s.web.DefaultSecurityFilterChain     : Will secure any request with [org.springframework.security.web.session.DisableEncodeUrlFilter@7b9f7087, org.springframework.security.web.context.request.async.WebAsyncManagerIntegrationFilter@22e650e, org.springframework.security.web.context.SecurityContextPersistenceFilter@cbaabfb, org.springframework.security.web.header.HeaderWriterFilter@1d5fc340, org.springframework.web.filter.CorsFilter@30a79476, org.springframework.security.web.authentication.logout.LogoutFilter@4b3b2a4f, com.example.kakao._core.security.JwtAuthenticationFilter@376bae20, org.springframework.security.web.savedrequest.RequestCacheAwareFilter@1d01fa0c, org.springframework.security.web.servletapi.SecurityContextHolderAwareRequestFilter@44bd7f24, org.springframework.security.web.authentication.AnonymousAuthenticationFilter@37f0fb02, org.springframework.security.web.session.SessionManagementFilter@d8751de, org.springframework.security.web.access.ExceptionTranslationFilter@36bd07ec, org.springframework.security.web.access.intercept.FilterSecurityInterceptor@294b045b]
2023-08-03 00:58:16.310  INFO 3403 --- [    Test worker] o.s.b.a.h2.H2ConsoleAutoConfiguration    : H2 console available at '/h2-console'. Database available at 'jdbc:h2:mem:test'
2023-08-03 00:58:16.469  INFO 3403 --- [    Test worker] o.s.b.t.m.w.SpringBootMockServletContext : Initializing Spring TestDispatcherServlet ''
2023-08-03 00:58:16.469  INFO 3403 --- [    Test worker] o.s.t.web.servlet.TestDispatcherServlet  : Initializing Servlet ''
2023-08-03 00:58:16.469  INFO 3403 --- [    Test worker] o.s.t.web.servlet.TestDispatcherServlet  : Completed initialization in 0 ms
2023-08-03 00:58:16.479  INFO 3403 --- [    Test worker] c.e.kakao.order.OrderRestControllerTest  : Started OrderRestControllerTest in 2.23 seconds (JVM running for 2.733)
Hibernate: 
    select
        user0_.id as id1_6_,
        user0_.email as email2_6_,
        user0_.password as password3_6_,
        user0_.roles as roles4_6_,
        user0_.username as username5_6_ 
    from
        user_tb user0_ 
    where
        user0_.email=?
2023-08-03 00:58:16.534 TRACE 3403 --- [    Test worker] o.h.type.descriptor.sql.BasicBinder      : binding parameter [1] as [VARCHAR] - [ssarmango@nate.com]
2023-08-03 00:58:16.538 TRACE 3403 --- [    Test worker] o.h.type.descriptor.sql.BasicExtractor   : extracted value ([id1_6_] : [INTEGER]) - [1]
2023-08-03 00:58:16.540 TRACE 3403 --- [    Test worker] o.h.type.descriptor.sql.BasicExtractor   : extracted value ([email2_6_] : [VARCHAR]) - [ssarmango@nate.com]
2023-08-03 00:58:16.540 TRACE 3403 --- [    Test worker] o.h.type.descriptor.sql.BasicExtractor   : extracted value ([password3_6_] : [VARCHAR]) - [{bcrypt}$2a$10$8H0OT8wgtALJkig6fmypi.Y7jzI5Y7W9PGgRKqnVeS2cLWGifwHF2]
2023-08-03 00:58:16.540 TRACE 3403 --- [    Test worker] o.h.type.descriptor.sql.BasicExtractor   : extracted value ([roles4_6_] : [VARCHAR]) - [ROLE_USER]
2023-08-03 00:58:16.540 TRACE 3403 --- [    Test worker] o.h.type.descriptor.sql.BasicExtractor   : extracted value ([username5_6_] : [VARCHAR]) - [ssarmango]
2023-08-03 00:58:16.589  INFO 3403 --- [    Test worker] o.s.b.t.m.w.SpringBootMockServletContext : Initializing Spring TestDispatcherServlet ''
2023-08-03 00:58:16.589  INFO 3403 --- [    Test worker] o.s.t.web.servlet.TestDispatcherServlet  : Initializing Servlet ''
2023-08-03 00:58:16.590  INFO 3403 --- [    Test worker] o.s.t.web.servlet.TestDispatcherServlet  : Completed initialization in 1 ms
Hibernate: 
    select
        cart0_.id as id1_0_,
        cart0_.option_id as option_i4_0_,
        cart0_.price as price2_0_,
        cart0_.quantity as quantity3_0_,
        cart0_.user_id as user_id5_0_ 
    from
        cart_tb cart0_
2023-08-03 00:58:16.623 TRACE 3403 --- [    Test worker] o.h.type.descriptor.sql.BasicExtractor   : extracted value ([id1_0_] : [INTEGER]) - [1]
2023-08-03 00:58:16.623 TRACE 3403 --- [    Test worker] o.h.type.descriptor.sql.BasicExtractor   : extracted value ([option_i4_0_] : [INTEGER]) - [1]
2023-08-03 00:58:16.623 TRACE 3403 --- [    Test worker] o.h.type.descriptor.sql.BasicExtractor   : extracted value ([price2_0_] : [INTEGER]) - [50000]
2023-08-03 00:58:16.623 TRACE 3403 --- [    Test worker] o.h.type.descriptor.sql.BasicExtractor   : extracted value ([quantity3_0_] : [INTEGER]) - [5]
2023-08-03 00:58:16.623 TRACE 3403 --- [    Test worker] o.h.type.descriptor.sql.BasicExtractor   : extracted value ([user_id5_0_] : [INTEGER]) - [1]
2023-08-03 00:58:16.623 TRACE 3403 --- [    Test worker] o.h.type.descriptor.sql.BasicExtractor   : extracted value ([id1_0_] : [INTEGER]) - [2]
2023-08-03 00:58:16.623 TRACE 3403 --- [    Test worker] o.h.type.descriptor.sql.BasicExtractor   : extracted value ([option_i4_0_] : [INTEGER]) - [2]
2023-08-03 00:58:16.623 TRACE 3403 --- [    Test worker] o.h.type.descriptor.sql.BasicExtractor   : extracted value ([price2_0_] : [INTEGER]) - [10900]
2023-08-03 00:58:16.623 TRACE 3403 --- [    Test worker] o.h.type.descriptor.sql.BasicExtractor   : extracted value ([quantity3_0_] : [INTEGER]) - [1]
2023-08-03 00:58:16.623 TRACE 3403 --- [    Test worker] o.h.type.descriptor.sql.BasicExtractor   : extracted value ([user_id5_0_] : [INTEGER]) - [1]
2023-08-03 00:58:16.623 TRACE 3403 --- [    Test worker] o.h.type.descriptor.sql.BasicExtractor   : extracted value ([id1_0_] : [INTEGER]) - [3]
2023-08-03 00:58:16.623 TRACE 3403 --- [    Test worker] o.h.type.descriptor.sql.BasicExtractor   : extracted value ([option_i4_0_] : [INTEGER]) - [16]
2023-08-03 00:58:16.623 TRACE 3403 --- [    Test worker] o.h.type.descriptor.sql.BasicExtractor   : extracted value ([price2_0_] : [INTEGER]) - [250000]
2023-08-03 00:58:16.623 TRACE 3403 --- [    Test worker] o.h.type.descriptor.sql.BasicExtractor   : extracted value ([quantity3_0_] : [INTEGER]) - [5]
2023-08-03 00:58:16.623 TRACE 3403 --- [    Test worker] o.h.type.descriptor.sql.BasicExtractor   : extracted value ([user_id5_0_] : [INTEGER]) - [1]
Hibernate: 
    insert 
    into
        order_tb
        (id, user_id) 
    values
        (default, ?)
2023-08-03 00:58:16.634 TRACE 3403 --- [    Test worker] o.h.type.descriptor.sql.BasicBinder      : binding parameter [1] as [INTEGER] - [1]
Hibernate: 
    insert 
    into
        item_tb
        (id, option_id, order_id, price, quantity) 
    values
        (default, ?, ?, ?, ?)
2023-08-03 00:58:16.637 TRACE 3403 --- [    Test worker] o.h.type.descriptor.sql.BasicBinder      : binding parameter [1] as [INTEGER] - [1]
2023-08-03 00:58:16.637 TRACE 3403 --- [    Test worker] o.h.type.descriptor.sql.BasicBinder      : binding parameter [2] as [INTEGER] - [2]
2023-08-03 00:58:16.637 TRACE 3403 --- [    Test worker] o.h.type.descriptor.sql.BasicBinder      : binding parameter [3] as [INTEGER] - [50000]
2023-08-03 00:58:16.637 TRACE 3403 --- [    Test worker] o.h.type.descriptor.sql.BasicBinder      : binding parameter [4] as [INTEGER] - [5]
Hibernate: 
    insert 
    into
        item_tb
        (id, option_id, order_id, price, quantity) 
    values
        (default, ?, ?, ?, ?)
2023-08-03 00:58:16.637 TRACE 3403 --- [    Test worker] o.h.type.descriptor.sql.BasicBinder      : binding parameter [1] as [INTEGER] - [2]
2023-08-03 00:58:16.638 TRACE 3403 --- [    Test worker] o.h.type.descriptor.sql.BasicBinder      : binding parameter [2] as [INTEGER] - [2]
2023-08-03 00:58:16.638 TRACE 3403 --- [    Test worker] o.h.type.descriptor.sql.BasicBinder      : binding parameter [3] as [INTEGER] - [10900]
2023-08-03 00:58:16.638 TRACE 3403 --- [    Test worker] o.h.type.descriptor.sql.BasicBinder      : binding parameter [4] as [INTEGER] - [1]
Hibernate: 
    insert 
    into
        item_tb
        (id, option_id, order_id, price, quantity) 
    values
        (default, ?, ?, ?, ?)
2023-08-03 00:58:16.638 TRACE 3403 --- [    Test worker] o.h.type.descriptor.sql.BasicBinder      : binding parameter [1] as [INTEGER] - [16]
2023-08-03 00:58:16.638 TRACE 3403 --- [    Test worker] o.h.type.descriptor.sql.BasicBinder      : binding parameter [2] as [INTEGER] - [2]
2023-08-03 00:58:16.638 TRACE 3403 --- [    Test worker] o.h.type.descriptor.sql.BasicBinder      : binding parameter [3] as [INTEGER] - [250000]
2023-08-03 00:58:16.639 TRACE 3403 --- [    Test worker] o.h.type.descriptor.sql.BasicBinder      : binding parameter [4] as [INTEGER] - [5]
테스트 : {"success":true,"response":null,"error":null}

MockHttpServletRequest:
      HTTP Method = POST
      Request URI = /orders/save
       Parameters = {}
          Headers = [Content-Type:"application/json;charset=UTF-8"]
             Body = null
    Session Attrs = {}

Handler:
             Type = com.example.kakao.order.OrderRestController
           Method = com.example.kakao.order.OrderRestController#save(CustomUserDetails)

Async:
    Async started = false
     Async result = null

Resolved Exception:
             Type = null

ModelAndView:
        View name = null
             View = null
            Model = null

FlashMap:
       Attributes = null

MockHttpServletResponse:
           Status = 200
    Error message = null
          Headers = [Vary:"Origin", "Access-Control-Request-Method", "Access-Control-Request-Headers", Content-Type:"application/json;charset=UTF-8", X-Content-Type-Options:"nosniff", X-XSS-Protection:"1; mode=block", Cache-Control:"no-cache, no-store, max-age=0, must-revalidate", Pragma:"no-cache", Expires:"0", X-Frame-Options:"SAMEORIGIN"]
     Content type = application/json;charset=UTF-8
             Body = {"success":true,"response":null,"error":null}
    Forwarded URL = null
   Redirected URL = null
          Cookies = []
]]></system-out>
  <system-err><![CDATA[]]></system-err>
</testsuite>
