<?xml version="1.0" encoding="UTF-8"?>
<testsuite name="com.example.kakao.cart.CartRestControllerTest" tests="4" skipped="0" failures="0" errors="0" timestamp="2023-08-03T03:08:22" hostname="gim-yuseon-ui-MacBookPro-2.local" time="1.436">
  <properties/>
  <testcase name="delete_test()" classname="com.example.kakao.cart.CartRestControllerTest" time="0.887"/>
  <testcase name="update_test()" classname="com.example.kakao.cart.CartRestControllerTest" time="0.259"/>
  <testcase name="addCartList_test()" classname="com.example.kakao.cart.CartRestControllerTest" time="0.169"/>
  <testcase name="findAll_test()" classname="com.example.kakao.cart.CartRestControllerTest" time="0.114"/>
  <system-out><![CDATA[12:08:11.016 [Test worker] DEBUG org.springframework.test.context.BootstrapUtils - Instantiating CacheAwareContextLoaderDelegate from class [org.springframework.test.context.cache.DefaultCacheAwareContextLoaderDelegate]
12:08:11.037 [Test worker] DEBUG org.springframework.test.context.BootstrapUtils - Instantiating BootstrapContext using constructor [public org.springframework.test.context.support.DefaultBootstrapContext(java.lang.Class,org.springframework.test.context.CacheAwareContextLoaderDelegate)]
12:08:11.123 [Test worker] DEBUG org.springframework.test.context.BootstrapUtils - Instantiating TestContextBootstrapper for test class [com.example.kakao.cart.CartRestControllerTest] from class [org.springframework.boot.test.context.SpringBootTestContextBootstrapper]
12:08:11.145 [Test worker] INFO org.springframework.boot.test.context.SpringBootTestContextBootstrapper - Neither @ContextConfiguration nor @ContextHierarchy found for test class [com.example.kakao.cart.CartRestControllerTest], using SpringBootContextLoader
12:08:11.157 [Test worker] DEBUG org.springframework.test.context.support.AbstractContextLoader - Did not detect default resource location for test class [com.example.kakao.cart.CartRestControllerTest]: class path resource [com/example/kakao/cart/CartRestControllerTest-context.xml] does not exist
12:08:11.159 [Test worker] DEBUG org.springframework.test.context.support.AbstractContextLoader - Did not detect default resource location for test class [com.example.kakao.cart.CartRestControllerTest]: class path resource [com/example/kakao/cart/CartRestControllerTestContext.groovy] does not exist
12:08:11.160 [Test worker] INFO org.springframework.test.context.support.AbstractContextLoader - Could not detect default resource locations for test class [com.example.kakao.cart.CartRestControllerTest]: no resource found for suffixes {-context.xml, Context.groovy}.
12:08:11.163 [Test worker] INFO org.springframework.test.context.support.AnnotationConfigContextLoaderUtils - Could not detect default configuration classes for test class [com.example.kakao.cart.CartRestControllerTest]: CartRestControllerTest does not declare any static, non-private, non-final, nested classes annotated with @Configuration.
12:08:11.570 [Test worker] DEBUG org.springframework.context.annotation.ClassPathScanningCandidateComponentProvider - Identified candidate component class: file [/Users/yuling/Desktop/공부/kakao-6th-deploy/build/classes/java/main/com/example/kakao/KakaoApplication.class]
12:08:11.571 [Test worker] INFO org.springframework.boot.test.context.SpringBootTestContextBootstrapper - Found @SpringBootConfiguration com.example.kakao.KakaoApplication for test class com.example.kakao.cart.CartRestControllerTest
12:08:11.818 [Test worker] DEBUG org.springframework.boot.test.context.SpringBootTestContextBootstrapper - @TestExecutionListeners is not present for class [com.example.kakao.cart.CartRestControllerTest]: using defaults.
12:08:11.819 [Test worker] INFO org.springframework.boot.test.context.SpringBootTestContextBootstrapper - Loaded default TestExecutionListener class names from location [META-INF/spring.factories]: [org.springframework.security.test.context.support.WithSecurityContextTestExecutionListener, org.springframework.security.test.context.support.ReactorContextTestExecutionListener, org.springframework.boot.test.autoconfigure.restdocs.RestDocsTestExecutionListener, org.springframework.boot.test.autoconfigure.web.client.MockRestServiceServerResetTestExecutionListener, org.springframework.boot.test.autoconfigure.web.servlet.MockMvcPrintOnlyOnFailureTestExecutionListener, org.springframework.boot.test.autoconfigure.web.servlet.WebDriverTestExecutionListener, org.springframework.boot.test.autoconfigure.webservices.client.MockWebServiceServerTestExecutionListener, org.springframework.boot.test.mock.mockito.MockitoTestExecutionListener, org.springframework.boot.test.mock.mockito.ResetMocksTestExecutionListener, org.springframework.test.context.web.ServletTestExecutionListener, org.springframework.test.context.support.DirtiesContextBeforeModesTestExecutionListener, org.springframework.test.context.event.ApplicationEventsTestExecutionListener, org.springframework.test.context.support.DependencyInjectionTestExecutionListener, org.springframework.test.context.support.DirtiesContextTestExecutionListener, org.springframework.test.context.transaction.TransactionalTestExecutionListener, org.springframework.test.context.jdbc.SqlScriptsTestExecutionListener, org.springframework.test.context.event.EventPublishingTestExecutionListener]
12:08:11.859 [Test worker] INFO org.springframework.boot.test.context.SpringBootTestContextBootstrapper - Using TestExecutionListeners: [org.springframework.test.context.web.ServletTestExecutionListener@37ff4054, org.springframework.test.context.support.DirtiesContextBeforeModesTestExecutionListener@894858, org.springframework.test.context.event.ApplicationEventsTestExecutionListener@7af707e0, org.springframework.boot.test.mock.mockito.MockitoTestExecutionListener@737edcfa, org.springframework.boot.test.autoconfigure.SpringBootDependencyInjectionTestExecutionListener@3ecedf21, org.springframework.test.context.support.DirtiesContextTestExecutionListener@74cf8b28, org.springframework.test.context.transaction.TransactionalTestExecutionListener@36c54a56, org.springframework.test.context.jdbc.SqlScriptsTestExecutionListener@3359c978, org.springframework.security.test.context.support.WithSecurityContextTestExecutionListener@7ba63fe5, org.springframework.test.context.event.EventPublishingTestExecutionListener@73386d72, org.springframework.security.test.context.support.ReactorContextTestExecutionListener@6f330eb9, org.springframework.boot.test.autoconfigure.restdocs.RestDocsTestExecutionListener@125c082e, org.springframework.boot.test.autoconfigure.web.client.MockRestServiceServerResetTestExecutionListener@584f5497, org.springframework.boot.test.autoconfigure.web.servlet.MockMvcPrintOnlyOnFailureTestExecutionListener@68ace111, org.springframework.boot.test.autoconfigure.web.servlet.WebDriverTestExecutionListener@1f9d6c7b, org.springframework.boot.test.autoconfigure.webservices.client.MockWebServiceServerTestExecutionListener@6df20ade, org.springframework.boot.test.mock.mockito.ResetMocksTestExecutionListener@4fbb001b]
12:08:11.866 [Test worker] DEBUG org.springframework.test.context.support.AbstractDirtiesContextTestExecutionListener - Before test class: context [DefaultTestContext@a53bb6f testClass = CartRestControllerTest, testInstance = [null], testMethod = [null], testException = [null], mergedContextConfiguration = [WebMergedContextConfiguration@5e63cad testClass = CartRestControllerTest, locations = '{}', classes = '{class com.example.kakao.KakaoApplication}', contextInitializerClasses = '[]', activeProfiles = '{test}', propertySourceLocations = '{}', propertySourceProperties = '{org.springframework.boot.test.context.SpringBootTestContextBootstrapper=true}', contextCustomizers = set[org.springframework.boot.test.autoconfigure.actuate.metrics.MetricsExportContextCustomizerFactory$DisableMetricExportContextCustomizer@4baf352a, org.springframework.boot.test.autoconfigure.properties.PropertyMappingContextCustomizer@63da79bb, org.springframework.boot.test.autoconfigure.web.servlet.WebDriverContextCustomizerFactory$Customizer@366ef90e, [ImportsContextCustomizer@6759f091 key = [@org.springframework.test.context.BootstrapWith(value=org.springframework.boot.test.context.SpringBootTestContextBootstrapper.class), @org.springframework.boot.test.autoconfigure.web.servlet.AutoConfigureMockMvc(webDriverEnabled=true, print=DEFAULT, webClientEnabled=true, printOnlyOnFailure=true, addFilters=true), @org.springframework.boot.autoconfigure.ImportAutoConfiguration(value={}, exclude={}, classes={}), @org.springframework.context.annotation.Import(value={org.springframework.boot.autoconfigure.ImportAutoConfigurationImportSelector.class}), @org.springframework.test.context.jdbc.Sql(executionPhase=BEFORE_TEST_METHOD, statements={}, scripts={}, config=@org.springframework.test.context.jdbc.SqlConfig(blockCommentStartDelimiter="", commentPrefix="", transactionMode=DEFAULT, blockCommentEndDelimiter="", commentPrefixes={}, transactionManager="", errorMode=DEFAULT, encoding="", dataSource="", separator=""), value={"classpath:db/teardown.sql"}), @org.springframework.boot.test.autoconfigure.restdocs.AutoConfigureRestDocs(uriScheme="http", outputDir="", uriPort=8080, value="", uriHost="localhost"), @org.springframework.context.annotation.Import(value={org.springframework.boot.test.autoconfigure.restdocs.RestDocumentationContextProviderRegistrar.class}), @org.springframework.boot.test.context.SpringBootTest(args={}, webEnvironment=MOCK, value={}, properties={}, classes={}), @org.springframework.test.context.ActiveProfiles(profiles={}, resolver=org.springframework.test.context.ActiveProfilesResolver.class, value={"test"}, inheritProfiles=true), @org.springframework.boot.test.autoconfigure.properties.PropertyMapping(value="spring.test.restdocs", skip=NO), @org.springframework.boot.test.autoconfigure.properties.PropertyMapping(value="spring.test.mockmvc", skip=NO)]], org.springframework.boot.test.context.filter.ExcludeFilterContextCustomizer@73c60324, org.springframework.boot.test.json.DuplicateJsonObjectContextCustomizerFactory$DuplicateJsonObjectContextCustomizer@2cb3d0f7, org.springframework.boot.test.mock.mockito.MockitoContextCustomizer@0, org.springframework.boot.test.web.client.TestRestTemplateContextCustomizer@f6c03cb, org.springframework.boot.test.context.SpringBootTestArgs@1, org.springframework.boot.test.context.SpringBootTestWebEnvironment@379614be], resourceBasePath = 'src/main/webapp', contextLoader = 'org.springframework.boot.test.context.SpringBootContextLoader', parent = [null]], attributes = map['org.springframework.test.context.web.ServletTestExecutionListener.activateListener' -> true]], class annotated with @DirtiesContext [false] with mode [null].

  .   ____          _            __ _ _
 /\\ / ___'_ __ _ _(_)_ __  __ _ \ \ \ \
( ( )\___ | '_ | '_| | '_ \/ _` | \ \ \ \
 \\/  ___)| |_)| | | | | || (_| |  ) ) ) )
  '  |____| .__|_| |_|_| |_\__, | / / / /
 =========|_|==============|___/=/_/_/_/
 :: Spring Boot ::                (v2.7.6)

2023-08-03 12:08:12.609  INFO 8406 --- [    Test worker] c.e.kakao.cart.CartRestControllerTest    : Starting CartRestControllerTest using Java 11.0.2 on gim-yuseon-ui-MacBookPro-2.local with PID 8406 (started by yuling in /Users/yuling/Desktop/공부/kakao-6th-deploy)
2023-08-03 12:08:12.610 DEBUG 8406 --- [    Test worker] c.e.kakao.cart.CartRestControllerTest    : Running with Spring Boot v2.7.6, Spring v5.3.24
2023-08-03 12:08:12.611  INFO 8406 --- [    Test worker] c.e.kakao.cart.CartRestControllerTest    : The following 1 profile is active: "test"
2023-08-03 12:08:14.055  INFO 8406 --- [    Test worker] .s.d.r.c.RepositoryConfigurationDelegate : Bootstrapping Spring Data JPA repositories in DEFAULT mode.
2023-08-03 12:08:14.219  INFO 8406 --- [    Test worker] .s.d.r.c.RepositoryConfigurationDelegate : Finished Spring Data repository scanning in 146 ms. Found 7 JPA repository interfaces.
2023-08-03 12:08:15.818  INFO 8406 --- [    Test worker] o.hibernate.jpa.internal.util.LogHelper  : HHH000204: Processing PersistenceUnitInfo [name: default]
2023-08-03 12:08:15.979  INFO 8406 --- [    Test worker] org.hibernate.Version                    : HHH000412: Hibernate ORM core version 5.6.14.Final
2023-08-03 12:08:16.436  INFO 8406 --- [    Test worker] o.hibernate.annotations.common.Version   : HCANN000001: Hibernate Commons Annotations {5.1.2.Final}
2023-08-03 12:08:16.514 DEBUG 8406 --- [    Test worker] org.hibernate.type.BasicTypeRegistry     : Adding type registration boolean -> org.hibernate.type.BooleanType@9205c0a
2023-08-03 12:08:16.514 DEBUG 8406 --- [    Test worker] org.hibernate.type.BasicTypeRegistry     : Adding type registration boolean -> org.hibernate.type.BooleanType@9205c0a
2023-08-03 12:08:16.515 DEBUG 8406 --- [    Test worker] org.hibernate.type.BasicTypeRegistry     : Adding type registration java.lang.Boolean -> org.hibernate.type.BooleanType@9205c0a
2023-08-03 12:08:16.517 DEBUG 8406 --- [    Test worker] org.hibernate.type.BasicTypeRegistry     : Adding type registration numeric_boolean -> org.hibernate.type.NumericBooleanType@57416e49
2023-08-03 12:08:16.518 DEBUG 8406 --- [    Test worker] org.hibernate.type.BasicTypeRegistry     : Adding type registration true_false -> org.hibernate.type.TrueFalseType@283d3628
2023-08-03 12:08:16.519 DEBUG 8406 --- [    Test worker] org.hibernate.type.BasicTypeRegistry     : Adding type registration yes_no -> org.hibernate.type.YesNoType@7b451bf4
2023-08-03 12:08:16.521 DEBUG 8406 --- [    Test worker] org.hibernate.type.BasicTypeRegistry     : Adding type registration byte -> org.hibernate.type.ByteType@29147c12
2023-08-03 12:08:16.522 DEBUG 8406 --- [    Test worker] org.hibernate.type.BasicTypeRegistry     : Adding type registration byte -> org.hibernate.type.ByteType@29147c12
2023-08-03 12:08:16.522 DEBUG 8406 --- [    Test worker] org.hibernate.type.BasicTypeRegistry     : Adding type registration java.lang.Byte -> org.hibernate.type.ByteType@29147c12
2023-08-03 12:08:16.524 DEBUG 8406 --- [    Test worker] org.hibernate.type.BasicTypeRegistry     : Adding type registration character -> org.hibernate.type.CharacterType@7a2a7492
2023-08-03 12:08:16.524 DEBUG 8406 --- [    Test worker] org.hibernate.type.BasicTypeRegistry     : Adding type registration char -> org.hibernate.type.CharacterType@7a2a7492
2023-08-03 12:08:16.524 DEBUG 8406 --- [    Test worker] org.hibernate.type.BasicTypeRegistry     : Adding type registration java.lang.Character -> org.hibernate.type.CharacterType@7a2a7492
2023-08-03 12:08:16.527 DEBUG 8406 --- [    Test worker] org.hibernate.type.BasicTypeRegistry     : Adding type registration short -> org.hibernate.type.ShortType@5731caaf
2023-08-03 12:08:16.527 DEBUG 8406 --- [    Test worker] org.hibernate.type.BasicTypeRegistry     : Adding type registration short -> org.hibernate.type.ShortType@5731caaf
2023-08-03 12:08:16.527 DEBUG 8406 --- [    Test worker] org.hibernate.type.BasicTypeRegistry     : Adding type registration java.lang.Short -> org.hibernate.type.ShortType@5731caaf
2023-08-03 12:08:16.529 DEBUG 8406 --- [    Test worker] org.hibernate.type.BasicTypeRegistry     : Adding type registration integer -> org.hibernate.type.IntegerType@c318864
2023-08-03 12:08:16.530 DEBUG 8406 --- [    Test worker] org.hibernate.type.BasicTypeRegistry     : Adding type registration int -> org.hibernate.type.IntegerType@c318864
2023-08-03 12:08:16.530 DEBUG 8406 --- [    Test worker] org.hibernate.type.BasicTypeRegistry     : Adding type registration java.lang.Integer -> org.hibernate.type.IntegerType@c318864
2023-08-03 12:08:16.532 DEBUG 8406 --- [    Test worker] org.hibernate.type.BasicTypeRegistry     : Adding type registration long -> org.hibernate.type.LongType@3866c96e
2023-08-03 12:08:16.532 DEBUG 8406 --- [    Test worker] org.hibernate.type.BasicTypeRegistry     : Adding type registration long -> org.hibernate.type.LongType@3866c96e
2023-08-03 12:08:16.532 DEBUG 8406 --- [    Test worker] org.hibernate.type.BasicTypeRegistry     : Adding type registration java.lang.Long -> org.hibernate.type.LongType@3866c96e
2023-08-03 12:08:16.534 DEBUG 8406 --- [    Test worker] org.hibernate.type.BasicTypeRegistry     : Adding type registration float -> org.hibernate.type.FloatType@655621fd
2023-08-03 12:08:16.535 DEBUG 8406 --- [    Test worker] org.hibernate.type.BasicTypeRegistry     : Adding type registration float -> org.hibernate.type.FloatType@655621fd
2023-08-03 12:08:16.535 DEBUG 8406 --- [    Test worker] org.hibernate.type.BasicTypeRegistry     : Adding type registration java.lang.Float -> org.hibernate.type.FloatType@655621fd
2023-08-03 12:08:16.537 DEBUG 8406 --- [    Test worker] org.hibernate.type.BasicTypeRegistry     : Adding type registration double -> org.hibernate.type.DoubleType@62108cd3
2023-08-03 12:08:16.537 DEBUG 8406 --- [    Test worker] org.hibernate.type.BasicTypeRegistry     : Adding type registration double -> org.hibernate.type.DoubleType@62108cd3
2023-08-03 12:08:16.538 DEBUG 8406 --- [    Test worker] org.hibernate.type.BasicTypeRegistry     : Adding type registration java.lang.Double -> org.hibernate.type.DoubleType@62108cd3
2023-08-03 12:08:16.539 DEBUG 8406 --- [    Test worker] org.hibernate.type.BasicTypeRegistry     : Adding type registration big_decimal -> org.hibernate.type.BigDecimalType@28dd81ad
2023-08-03 12:08:16.540 DEBUG 8406 --- [    Test worker] org.hibernate.type.BasicTypeRegistry     : Adding type registration java.math.BigDecimal -> org.hibernate.type.BigDecimalType@28dd81ad
2023-08-03 12:08:16.542 DEBUG 8406 --- [    Test worker] org.hibernate.type.BasicTypeRegistry     : Adding type registration big_integer -> org.hibernate.type.BigIntegerType@2cea921a
2023-08-03 12:08:16.542 DEBUG 8406 --- [    Test worker] org.hibernate.type.BasicTypeRegistry     : Adding type registration java.math.BigInteger -> org.hibernate.type.BigIntegerType@2cea921a
2023-08-03 12:08:16.544 DEBUG 8406 --- [    Test worker] org.hibernate.type.BasicTypeRegistry     : Adding type registration string -> org.hibernate.type.StringType@2707c790
2023-08-03 12:08:16.544 DEBUG 8406 --- [    Test worker] org.hibernate.type.BasicTypeRegistry     : Adding type registration java.lang.String -> org.hibernate.type.StringType@2707c790
2023-08-03 12:08:16.546 DEBUG 8406 --- [    Test worker] org.hibernate.type.BasicTypeRegistry     : Adding type registration nstring -> org.hibernate.type.StringNVarcharType@32b112a1
2023-08-03 12:08:16.547 DEBUG 8406 --- [    Test worker] org.hibernate.type.BasicTypeRegistry     : Adding type registration ncharacter -> org.hibernate.type.CharacterNCharType@56b9d43f
2023-08-03 12:08:16.550 DEBUG 8406 --- [    Test worker] org.hibernate.type.BasicTypeRegistry     : Adding type registration url -> org.hibernate.type.UrlType@4948daec
2023-08-03 12:08:16.550 DEBUG 8406 --- [    Test worker] org.hibernate.type.BasicTypeRegistry     : Adding type registration java.net.URL -> org.hibernate.type.UrlType@4948daec
2023-08-03 12:08:16.552 DEBUG 8406 --- [    Test worker] org.hibernate.type.BasicTypeRegistry     : Adding type registration Duration -> org.hibernate.type.DurationType@30afb481
2023-08-03 12:08:16.552 DEBUG 8406 --- [    Test worker] org.hibernate.type.BasicTypeRegistry     : Adding type registration java.time.Duration -> org.hibernate.type.DurationType@30afb481
2023-08-03 12:08:16.554 DEBUG 8406 --- [    Test worker] org.hibernate.type.BasicTypeRegistry     : Adding type registration Instant -> org.hibernate.type.InstantType@41a23470
2023-08-03 12:08:16.554 DEBUG 8406 --- [    Test worker] org.hibernate.type.BasicTypeRegistry     : Adding type registration java.time.Instant -> org.hibernate.type.InstantType@41a23470
2023-08-03 12:08:16.557 DEBUG 8406 --- [    Test worker] org.hibernate.type.BasicTypeRegistry     : Adding type registration LocalDateTime -> org.hibernate.type.LocalDateTimeType@c11332b
2023-08-03 12:08:16.557 DEBUG 8406 --- [    Test worker] org.hibernate.type.BasicTypeRegistry     : Adding type registration java.time.LocalDateTime -> org.hibernate.type.LocalDateTimeType@c11332b
2023-08-03 12:08:16.560 DEBUG 8406 --- [    Test worker] org.hibernate.type.BasicTypeRegistry     : Adding type registration LocalDate -> org.hibernate.type.LocalDateType@41143873
2023-08-03 12:08:16.561 DEBUG 8406 --- [    Test worker] org.hibernate.type.BasicTypeRegistry     : Adding type registration java.time.LocalDate -> org.hibernate.type.LocalDateType@41143873
2023-08-03 12:08:16.563 DEBUG 8406 --- [    Test worker] org.hibernate.type.BasicTypeRegistry     : Adding type registration LocalTime -> org.hibernate.type.LocalTimeType@43786627
2023-08-03 12:08:16.564 DEBUG 8406 --- [    Test worker] org.hibernate.type.BasicTypeRegistry     : Adding type registration java.time.LocalTime -> org.hibernate.type.LocalTimeType@43786627
2023-08-03 12:08:16.566 DEBUG 8406 --- [    Test worker] org.hibernate.type.BasicTypeRegistry     : Adding type registration OffsetDateTime -> org.hibernate.type.OffsetDateTimeType@7956f93a
2023-08-03 12:08:16.567 DEBUG 8406 --- [    Test worker] org.hibernate.type.BasicTypeRegistry     : Adding type registration java.time.OffsetDateTime -> org.hibernate.type.OffsetDateTimeType@7956f93a
2023-08-03 12:08:16.570 DEBUG 8406 --- [    Test worker] org.hibernate.type.BasicTypeRegistry     : Adding type registration OffsetTime -> org.hibernate.type.OffsetTimeType@21b744ec
2023-08-03 12:08:16.570 DEBUG 8406 --- [    Test worker] org.hibernate.type.BasicTypeRegistry     : Adding type registration java.time.OffsetTime -> org.hibernate.type.OffsetTimeType@21b744ec
2023-08-03 12:08:16.573 DEBUG 8406 --- [    Test worker] org.hibernate.type.BasicTypeRegistry     : Adding type registration ZonedDateTime -> org.hibernate.type.ZonedDateTimeType@382faf51
2023-08-03 12:08:16.573 DEBUG 8406 --- [    Test worker] org.hibernate.type.BasicTypeRegistry     : Adding type registration java.time.ZonedDateTime -> org.hibernate.type.ZonedDateTimeType@382faf51
2023-08-03 12:08:16.576 DEBUG 8406 --- [    Test worker] org.hibernate.type.BasicTypeRegistry     : Adding type registration date -> org.hibernate.type.DateType@6d001fbe
2023-08-03 12:08:16.576 DEBUG 8406 --- [    Test worker] org.hibernate.type.BasicTypeRegistry     : Adding type registration java.sql.Date -> org.hibernate.type.DateType@6d001fbe
2023-08-03 12:08:16.578 DEBUG 8406 --- [    Test worker] org.hibernate.type.BasicTypeRegistry     : Adding type registration time -> org.hibernate.type.TimeType@30d15e4a
2023-08-03 12:08:16.579 DEBUG 8406 --- [    Test worker] org.hibernate.type.BasicTypeRegistry     : Adding type registration java.sql.Time -> org.hibernate.type.TimeType@30d15e4a
2023-08-03 12:08:16.581 DEBUG 8406 --- [    Test worker] org.hibernate.type.BasicTypeRegistry     : Adding type registration timestamp -> org.hibernate.type.TimestampType@2905b568
2023-08-03 12:08:16.582 DEBUG 8406 --- [    Test worker] org.hibernate.type.BasicTypeRegistry     : Adding type registration java.sql.Timestamp -> org.hibernate.type.TimestampType@2905b568
2023-08-03 12:08:16.582 DEBUG 8406 --- [    Test worker] org.hibernate.type.BasicTypeRegistry     : Adding type registration java.util.Date -> org.hibernate.type.TimestampType@2905b568
2023-08-03 12:08:16.585 DEBUG 8406 --- [    Test worker] org.hibernate.type.BasicTypeRegistry     : Adding type registration dbtimestamp -> org.hibernate.type.DbTimestampType@59a2d756
2023-08-03 12:08:16.588 DEBUG 8406 --- [    Test worker] org.hibernate.type.BasicTypeRegistry     : Adding type registration calendar -> org.hibernate.type.CalendarType@55053f81
2023-08-03 12:08:16.588 DEBUG 8406 --- [    Test worker] org.hibernate.type.BasicTypeRegistry     : Adding type registration java.util.Calendar -> org.hibernate.type.CalendarType@55053f81
2023-08-03 12:08:16.588 DEBUG 8406 --- [    Test worker] org.hibernate.type.BasicTypeRegistry     : Adding type registration java.util.GregorianCalendar -> org.hibernate.type.CalendarType@55053f81
2023-08-03 12:08:16.590 DEBUG 8406 --- [    Test worker] org.hibernate.type.BasicTypeRegistry     : Adding type registration calendar_date -> org.hibernate.type.CalendarDateType@3193e21d
2023-08-03 12:08:16.595 DEBUG 8406 --- [    Test worker] org.hibernate.type.BasicTypeRegistry     : Adding type registration calendar_time -> org.hibernate.type.CalendarTimeType@3e28dc96
2023-08-03 12:08:16.597 DEBUG 8406 --- [    Test worker] org.hibernate.type.BasicTypeRegistry     : Adding type registration locale -> org.hibernate.type.LocaleType@49c83262
2023-08-03 12:08:16.598 DEBUG 8406 --- [    Test worker] org.hibernate.type.BasicTypeRegistry     : Adding type registration java.util.Locale -> org.hibernate.type.LocaleType@49c83262
2023-08-03 12:08:16.601 DEBUG 8406 --- [    Test worker] org.hibernate.type.BasicTypeRegistry     : Adding type registration currency -> org.hibernate.type.CurrencyType@17c53dfb
2023-08-03 12:08:16.601 DEBUG 8406 --- [    Test worker] org.hibernate.type.BasicTypeRegistry     : Adding type registration java.util.Currency -> org.hibernate.type.CurrencyType@17c53dfb
2023-08-03 12:08:16.603 DEBUG 8406 --- [    Test worker] org.hibernate.type.BasicTypeRegistry     : Adding type registration timezone -> org.hibernate.type.TimeZoneType@4eb63dc8
2023-08-03 12:08:16.603 DEBUG 8406 --- [    Test worker] org.hibernate.type.BasicTypeRegistry     : Adding type registration java.util.TimeZone -> org.hibernate.type.TimeZoneType@4eb63dc8
2023-08-03 12:08:16.605 DEBUG 8406 --- [    Test worker] org.hibernate.type.BasicTypeRegistry     : Adding type registration class -> org.hibernate.type.ClassType@69f9b561
2023-08-03 12:08:16.605 DEBUG 8406 --- [    Test worker] org.hibernate.type.BasicTypeRegistry     : Adding type registration java.lang.Class -> org.hibernate.type.ClassType@69f9b561
2023-08-03 12:08:16.607 DEBUG 8406 --- [    Test worker] org.hibernate.type.BasicTypeRegistry     : Adding type registration uuid-binary -> org.hibernate.type.UUIDBinaryType@59fea5f5
2023-08-03 12:08:16.607 DEBUG 8406 --- [    Test worker] org.hibernate.type.BasicTypeRegistry     : Adding type registration java.util.UUID -> org.hibernate.type.UUIDBinaryType@59fea5f5
2023-08-03 12:08:16.609 DEBUG 8406 --- [    Test worker] org.hibernate.type.BasicTypeRegistry     : Adding type registration uuid-char -> org.hibernate.type.UUIDCharType@a2df0d5
2023-08-03 12:08:16.611 DEBUG 8406 --- [    Test worker] org.hibernate.type.BasicTypeRegistry     : Adding type registration binary -> org.hibernate.type.BinaryType@5086623f
2023-08-03 12:08:16.612 DEBUG 8406 --- [    Test worker] org.hibernate.type.BasicTypeRegistry     : Adding type registration byte[] -> org.hibernate.type.BinaryType@5086623f
2023-08-03 12:08:16.612 DEBUG 8406 --- [    Test worker] org.hibernate.type.BasicTypeRegistry     : Adding type registration [B -> org.hibernate.type.BinaryType@5086623f
2023-08-03 12:08:16.614 DEBUG 8406 --- [    Test worker] org.hibernate.type.BasicTypeRegistry     : Adding type registration wrapper-binary -> org.hibernate.type.WrapperBinaryType@2bf3ec4
2023-08-03 12:08:16.614 DEBUG 8406 --- [    Test worker] org.hibernate.type.BasicTypeRegistry     : Adding type registration Byte[] -> org.hibernate.type.WrapperBinaryType@2bf3ec4
2023-08-03 12:08:16.614 DEBUG 8406 --- [    Test worker] org.hibernate.type.BasicTypeRegistry     : Adding type registration [Ljava.lang.Byte; -> org.hibernate.type.WrapperBinaryType@2bf3ec4
2023-08-03 12:08:16.616 DEBUG 8406 --- [    Test worker] org.hibernate.type.BasicTypeRegistry     : Adding type registration row_version -> org.hibernate.type.RowVersionType@559fd5ec
2023-08-03 12:08:16.617 DEBUG 8406 --- [    Test worker] org.hibernate.type.BasicTypeRegistry     : Adding type registration image -> org.hibernate.type.ImageType@2a120c88
2023-08-03 12:08:16.619 DEBUG 8406 --- [    Test worker] org.hibernate.type.BasicTypeRegistry     : Adding type registration characters -> org.hibernate.type.CharArrayType@202f054f
2023-08-03 12:08:16.619 DEBUG 8406 --- [    Test worker] org.hibernate.type.BasicTypeRegistry     : Adding type registration char[] -> org.hibernate.type.CharArrayType@202f054f
2023-08-03 12:08:16.619 DEBUG 8406 --- [    Test worker] org.hibernate.type.BasicTypeRegistry     : Adding type registration [C -> org.hibernate.type.CharArrayType@202f054f
2023-08-03 12:08:16.621 DEBUG 8406 --- [    Test worker] org.hibernate.type.BasicTypeRegistry     : Adding type registration wrapper-characters -> org.hibernate.type.CharacterArrayType@13908f9c
2023-08-03 12:08:16.622 DEBUG 8406 --- [    Test worker] org.hibernate.type.BasicTypeRegistry     : Adding type registration [Ljava.lang.Character; -> org.hibernate.type.CharacterArrayType@13908f9c
2023-08-03 12:08:16.623 DEBUG 8406 --- [    Test worker] org.hibernate.type.BasicTypeRegistry     : Adding type registration Character[] -> org.hibernate.type.CharacterArrayType@13908f9c
2023-08-03 12:08:16.624 DEBUG 8406 --- [    Test worker] org.hibernate.type.BasicTypeRegistry     : Adding type registration text -> org.hibernate.type.TextType@74ce7fdf
2023-08-03 12:08:16.624 DEBUG 8406 --- [    Test worker] org.hibernate.type.BasicTypeRegistry     : Adding type registration ntext -> org.hibernate.type.NTextType@642c72cf
2023-08-03 12:08:16.629 DEBUG 8406 --- [    Test worker] org.hibernate.type.BasicTypeRegistry     : Adding type registration blob -> org.hibernate.type.BlobType@60816371
2023-08-03 12:08:16.629 DEBUG 8406 --- [    Test worker] org.hibernate.type.BasicTypeRegistry     : Adding type registration java.sql.Blob -> org.hibernate.type.BlobType@60816371
2023-08-03 12:08:16.630 DEBUG 8406 --- [    Test worker] org.hibernate.type.BasicTypeRegistry     : Adding type registration materialized_blob -> org.hibernate.type.MaterializedBlobType@3316527e
2023-08-03 12:08:16.633 DEBUG 8406 --- [    Test worker] org.hibernate.type.BasicTypeRegistry     : Adding type registration clob -> org.hibernate.type.ClobType@1aac0a47
2023-08-03 12:08:16.633 DEBUG 8406 --- [    Test worker] org.hibernate.type.BasicTypeRegistry     : Adding type registration java.sql.Clob -> org.hibernate.type.ClobType@1aac0a47
2023-08-03 12:08:16.636 DEBUG 8406 --- [    Test worker] org.hibernate.type.BasicTypeRegistry     : Adding type registration nclob -> org.hibernate.type.NClobType@46c662f2
2023-08-03 12:08:16.636 DEBUG 8406 --- [    Test worker] org.hibernate.type.BasicTypeRegistry     : Adding type registration java.sql.NClob -> org.hibernate.type.NClobType@46c662f2
2023-08-03 12:08:16.637 DEBUG 8406 --- [    Test worker] org.hibernate.type.BasicTypeRegistry     : Adding type registration materialized_clob -> org.hibernate.type.MaterializedClobType@455da438
2023-08-03 12:08:16.637 DEBUG 8406 --- [    Test worker] org.hibernate.type.BasicTypeRegistry     : Adding type registration materialized_nclob -> org.hibernate.type.MaterializedNClobType@1752e45c
2023-08-03 12:08:16.640 DEBUG 8406 --- [    Test worker] org.hibernate.type.BasicTypeRegistry     : Adding type registration serializable -> org.hibernate.type.SerializableType@7848321e
2023-08-03 12:08:16.646 DEBUG 8406 --- [    Test worker] org.hibernate.type.BasicTypeRegistry     : Adding type registration object -> org.hibernate.type.ObjectType@79cdf2d4
2023-08-03 12:08:16.646 DEBUG 8406 --- [    Test worker] org.hibernate.type.BasicTypeRegistry     : Adding type registration java.lang.Object -> org.hibernate.type.ObjectType@79cdf2d4
2023-08-03 12:08:16.648 DEBUG 8406 --- [    Test worker] org.hibernate.type.BasicTypeRegistry     : Adding type registration imm_date -> org.hibernate.type.AdaptedImmutableType@67d5ac2f
2023-08-03 12:08:16.648 DEBUG 8406 --- [    Test worker] org.hibernate.type.BasicTypeRegistry     : Adding type registration imm_time -> org.hibernate.type.AdaptedImmutableType@25109608
2023-08-03 12:08:16.648 DEBUG 8406 --- [    Test worker] org.hibernate.type.BasicTypeRegistry     : Adding type registration imm_timestamp -> org.hibernate.type.AdaptedImmutableType@1d637673
2023-08-03 12:08:16.648 DEBUG 8406 --- [    Test worker] org.hibernate.type.BasicTypeRegistry     : Adding type registration imm_dbtimestamp -> org.hibernate.type.AdaptedImmutableType@2913ca3e
2023-08-03 12:08:16.649 DEBUG 8406 --- [    Test worker] org.hibernate.type.BasicTypeRegistry     : Adding type registration imm_calendar -> org.hibernate.type.AdaptedImmutableType@636dbfe7
2023-08-03 12:08:16.649 DEBUG 8406 --- [    Test worker] org.hibernate.type.BasicTypeRegistry     : Adding type registration imm_calendar_date -> org.hibernate.type.AdaptedImmutableType@42ecc554
2023-08-03 12:08:16.649 DEBUG 8406 --- [    Test worker] org.hibernate.type.BasicTypeRegistry     : Adding type registration imm_binary -> org.hibernate.type.AdaptedImmutableType@443af394
2023-08-03 12:08:16.650 DEBUG 8406 --- [    Test worker] org.hibernate.type.BasicTypeRegistry     : Adding type registration imm_serializable -> org.hibernate.type.AdaptedImmutableType@734f8317
2023-08-03 12:08:16.749  INFO 8406 --- [    Test worker] com.zaxxer.hikari.HikariDataSource       : HikariPool-1 - Starting...
2023-08-03 12:08:17.252  INFO 8406 --- [    Test worker] com.zaxxer.hikari.HikariDataSource       : HikariPool-1 - Start completed.
2023-08-03 12:08:17.325  INFO 8406 --- [    Test worker] org.hibernate.dialect.Dialect            : HHH000400: Using dialect: org.hibernate.dialect.H2Dialect
2023-08-03 12:08:17.408 DEBUG 8406 --- [    Test worker] o.h.type.spi.TypeConfiguration$Scope     : Scoping TypeConfiguration [org.hibernate.type.spi.TypeConfiguration@41f7c02d] to MetadataBuildingContext [org.hibernate.boot.internal.MetadataBuildingContextRootImpl@66314fee]
2023-08-03 12:08:17.942 DEBUG 8406 --- [    Test worker] o.h.type.spi.TypeConfiguration$Scope     : Scoping TypeConfiguration [org.hibernate.type.spi.TypeConfiguration@41f7c02d] to SessionFactoryImpl [org.hibernate.internal.SessionFactoryImpl@26f204a4]
Hibernate: 
    
    drop table if exists cart_tb CASCADE 
Hibernate: 
    
    drop table if exists error_log_tb CASCADE 
Hibernate: 
    
    drop table if exists item_tb CASCADE 
Hibernate: 
    
    drop table if exists option_tb CASCADE 
Hibernate: 
    
    drop table if exists order_tb CASCADE 
Hibernate: 
    
    drop table if exists product_tb CASCADE 
Hibernate: 
    
    drop table if exists user_tb CASCADE 
Hibernate: 
    
    create table cart_tb (
       id integer generated by default as identity,
        price integer not null,
        quantity integer not null,
        option_id integer,
        user_id integer,
        primary key (id)
    )
Hibernate: 
    
    create table error_log_tb (
       id integer generated by default as identity,
        created_at timestamp,
        message varchar(1000) not null,
        user_agent varchar(255) not null,
        user_id integer,
        user_ip varchar(255) not null,
        primary key (id)
    )
Hibernate: 
    
    create table item_tb (
       id integer generated by default as identity,
        price integer not null,
        quantity integer not null,
        option_id integer,
        order_id integer,
        primary key (id)
    )
Hibernate: 
    
    create table option_tb (
       id integer generated by default as identity,
        option_name varchar(100) not null,
        price integer not null,
        product_id integer,
        primary key (id)
    )
Hibernate: 
    
    create table order_tb (
       id integer generated by default as identity,
        user_id integer,
        primary key (id)
    )
Hibernate: 
    
    create table product_tb (
       id integer generated by default as identity,
        description varchar(1000) not null,
        image varchar(500),
        price integer not null,
        product_name varchar(100) not null,
        primary key (id)
    )
Hibernate: 
    
    create table user_tb (
       id integer generated by default as identity,
        email varchar(100) not null,
        password varchar(256) not null,
        roles varchar(30),
        username varchar(45) not null,
        primary key (id)
    )
Hibernate: create index cart_user_id_idx on cart_tb (user_id)
Hibernate: create index cart_option_id_idx on cart_tb (option_id)
Hibernate: 
    
    alter table cart_tb 
       add constraint uk_cart_option_user unique (user_id, option_id)
Hibernate: create index item_option_id_idx on item_tb (option_id)
Hibernate: create index item_order_id_idx on item_tb (order_id)
Hibernate: create index option_product_id_idx on option_tb (product_id)
Hibernate: create index order_user_id_idx on order_tb (user_id)
Hibernate: 
    
    alter table user_tb 
       add constraint UK_2dlfg6wvnxboknkp9d1h75icb unique (email)
Hibernate: 
    
    alter table cart_tb 
       add constraint FKjv34r03v7eauvpfhwsci0deyp 
       foreign key (option_id) 
       references option_tb
Hibernate: 
    
    alter table cart_tb 
       add constraint FKi00yw2m90df70t3igqyjbbf91 
       foreign key (user_id) 
       references user_tb
Hibernate: 
    
    alter table item_tb 
       add constraint FKbgcgxbitac3tct8kqsvyqm85f 
       foreign key (option_id) 
       references option_tb
Hibernate: 
    
    alter table item_tb 
       add constraint FKofe121qxhn816wo07qr9jr0hb 
       foreign key (order_id) 
       references order_tb
Hibernate: 
    
    alter table option_tb 
       add constraint FK6j02px4ow9xxw0o3rc59buyew 
       foreign key (product_id) 
       references product_tb
Hibernate: 
    
    alter table order_tb 
       add constraint FK9wkv8x8yfgaaquhn4vquq4aps 
       foreign key (user_id) 
       references user_tb
2023-08-03 12:08:18.770  INFO 8406 --- [    Test worker] o.h.e.t.j.p.i.JtaPlatformInitiator       : HHH000490: Using JtaPlatform implementation: [org.hibernate.engine.transaction.jta.platform.internal.NoJtaPlatform]
2023-08-03 12:08:18.785 TRACE 8406 --- [    Test worker] o.h.type.spi.TypeConfiguration$Scope     : Handling #sessionFactoryCreated from [org.hibernate.internal.SessionFactoryImpl@26f204a4] for TypeConfiguration
2023-08-03 12:08:18.787  INFO 8406 --- [    Test worker] j.LocalContainerEntityManagerFactoryBean : Initialized JPA EntityManagerFactory for persistence unit 'default'
2023-08-03 12:08:21.175  INFO 8406 --- [    Test worker] o.s.s.web.DefaultSecurityFilterChain     : Will secure any request with [org.springframework.security.web.session.DisableEncodeUrlFilter@1f5a1ad4, org.springframework.security.web.context.request.async.WebAsyncManagerIntegrationFilter@7866ffa, org.springframework.security.web.context.SecurityContextPersistenceFilter@2bf2523f, org.springframework.security.web.header.HeaderWriterFilter@78723798, org.springframework.web.filter.CorsFilter@25d87313, org.springframework.security.web.authentication.logout.LogoutFilter@580c4c0b, com.example.kakao._core.security.JwtAuthenticationFilter@3c130cb2, org.springframework.security.web.savedrequest.RequestCacheAwareFilter@7004cd44, org.springframework.security.web.servletapi.SecurityContextHolderAwareRequestFilter@495e1ad1, org.springframework.security.web.authentication.AnonymousAuthenticationFilter@73502d5e, org.springframework.security.web.session.SessionManagementFilter@6fc03cf6, org.springframework.security.web.access.ExceptionTranslationFilter@cbaabfb, org.springframework.security.web.access.intercept.FilterSecurityInterceptor@7136ad9a]
2023-08-03 12:08:21.997  INFO 8406 --- [    Test worker] o.s.b.a.h2.H2ConsoleAutoConfiguration    : H2 console available at '/h2-console'. Database available at 'jdbc:h2:mem:test'
2023-08-03 12:08:22.839  INFO 8406 --- [    Test worker] o.s.b.t.m.w.SpringBootMockServletContext : Initializing Spring TestDispatcherServlet ''
2023-08-03 12:08:22.839  INFO 8406 --- [    Test worker] o.s.t.web.servlet.TestDispatcherServlet  : Initializing Servlet ''
2023-08-03 12:08:22.841  INFO 8406 --- [    Test worker] o.s.t.web.servlet.TestDispatcherServlet  : Completed initialization in 2 ms
2023-08-03 12:08:22.881  INFO 8406 --- [    Test worker] c.e.kakao.cart.CartRestControllerTest    : Started CartRestControllerTest in 10.943 seconds (JVM running for 13.844)
Hibernate: 
    select
        user0_.id as id1_6_,
        user0_.email as email2_6_,
        user0_.password as password3_6_,
        user0_.roles as roles4_6_,
        user0_.username as username5_6_ 
    from
        user_tb user0_ 
    where
        user0_.email=?
2023-08-03 12:08:23.123 TRACE 8406 --- [    Test worker] o.h.type.descriptor.sql.BasicBinder      : binding parameter [1] as [VARCHAR] - [ssar@nate.com]
2023-08-03 12:08:23.139 TRACE 8406 --- [    Test worker] o.h.type.descriptor.sql.BasicExtractor   : extracted value ([id1_6_] : [INTEGER]) - [1]
2023-08-03 12:08:23.149 TRACE 8406 --- [    Test worker] o.h.type.descriptor.sql.BasicExtractor   : extracted value ([email2_6_] : [VARCHAR]) - [ssar@nate.com]
2023-08-03 12:08:23.149 TRACE 8406 --- [    Test worker] o.h.type.descriptor.sql.BasicExtractor   : extracted value ([password3_6_] : [VARCHAR]) - [{bcrypt}$2a$10$8H0OT8wgtALJkig6fmypi.Y7jzI5Y7W9PGgRKqnVeS2cLWGifwHF2]
2023-08-03 12:08:23.149 TRACE 8406 --- [    Test worker] o.h.type.descriptor.sql.BasicExtractor   : extracted value ([roles4_6_] : [VARCHAR]) - [ROLE_USER]
2023-08-03 12:08:23.149 TRACE 8406 --- [    Test worker] o.h.type.descriptor.sql.BasicExtractor   : extracted value ([username5_6_] : [VARCHAR]) - [ssarmango]
2023-08-03 12:08:23.384  INFO 8406 --- [    Test worker] o.s.b.t.m.w.SpringBootMockServletContext : Initializing Spring TestDispatcherServlet ''
2023-08-03 12:08:23.384  INFO 8406 --- [    Test worker] o.s.t.web.servlet.TestDispatcherServlet  : Initializing Servlet ''
2023-08-03 12:08:23.386  INFO 8406 --- [    Test worker] o.s.t.web.servlet.TestDispatcherServlet  : Completed initialization in 2 ms
Hibernate: 
    select
        cart0_.id as id1_0_,
        cart0_.option_id as option_i4_0_,
        cart0_.price as price2_0_,
        cart0_.quantity as quantity3_0_,
        cart0_.user_id as user_id5_0_ 
    from
        cart_tb cart0_ 
    left outer join
        user_tb user1_ 
            on cart0_.user_id=user1_.id 
    where
        user1_.id=?
2023-08-03 12:08:23.485 TRACE 8406 --- [    Test worker] o.h.type.descriptor.sql.BasicBinder      : binding parameter [1] as [INTEGER] - [1]
2023-08-03 12:08:23.486 TRACE 8406 --- [    Test worker] o.h.type.descriptor.sql.BasicExtractor   : extracted value ([id1_0_] : [INTEGER]) - [1]
2023-08-03 12:08:23.488 TRACE 8406 --- [    Test worker] o.h.type.descriptor.sql.BasicExtractor   : extracted value ([option_i4_0_] : [INTEGER]) - [1]
2023-08-03 12:08:23.488 TRACE 8406 --- [    Test worker] o.h.type.descriptor.sql.BasicExtractor   : extracted value ([price2_0_] : [INTEGER]) - [50000]
2023-08-03 12:08:23.488 TRACE 8406 --- [    Test worker] o.h.type.descriptor.sql.BasicExtractor   : extracted value ([quantity3_0_] : [INTEGER]) - [5]
2023-08-03 12:08:23.489 TRACE 8406 --- [    Test worker] o.h.type.descriptor.sql.BasicExtractor   : extracted value ([user_id5_0_] : [INTEGER]) - [1]
2023-08-03 12:08:23.489 TRACE 8406 --- [    Test worker] o.h.type.descriptor.sql.BasicExtractor   : extracted value ([id1_0_] : [INTEGER]) - [2]
2023-08-03 12:08:23.489 TRACE 8406 --- [    Test worker] o.h.type.descriptor.sql.BasicExtractor   : extracted value ([option_i4_0_] : [INTEGER]) - [2]
2023-08-03 12:08:23.489 TRACE 8406 --- [    Test worker] o.h.type.descriptor.sql.BasicExtractor   : extracted value ([price2_0_] : [INTEGER]) - [10900]
2023-08-03 12:08:23.490 TRACE 8406 --- [    Test worker] o.h.type.descriptor.sql.BasicExtractor   : extracted value ([quantity3_0_] : [INTEGER]) - [1]
2023-08-03 12:08:23.490 TRACE 8406 --- [    Test worker] o.h.type.descriptor.sql.BasicExtractor   : extracted value ([user_id5_0_] : [INTEGER]) - [1]
2023-08-03 12:08:23.490 TRACE 8406 --- [    Test worker] o.h.type.descriptor.sql.BasicExtractor   : extracted value ([id1_0_] : [INTEGER]) - [3]
2023-08-03 12:08:23.490 TRACE 8406 --- [    Test worker] o.h.type.descriptor.sql.BasicExtractor   : extracted value ([option_i4_0_] : [INTEGER]) - [16]
2023-08-03 12:08:23.491 TRACE 8406 --- [    Test worker] o.h.type.descriptor.sql.BasicExtractor   : extracted value ([price2_0_] : [INTEGER]) - [250000]
2023-08-03 12:08:23.491 TRACE 8406 --- [    Test worker] o.h.type.descriptor.sql.BasicExtractor   : extracted value ([quantity3_0_] : [INTEGER]) - [5]
2023-08-03 12:08:23.491 TRACE 8406 --- [    Test worker] o.h.type.descriptor.sql.BasicExtractor   : extracted value ([user_id5_0_] : [INTEGER]) - [1]
Hibernate: 
    select
        cart0_.id as id1_0_,
        cart0_.option_id as option_i4_0_,
        cart0_.price as price2_0_,
        cart0_.quantity as quantity3_0_,
        cart0_.user_id as user_id5_0_ 
    from
        cart_tb cart0_ 
    left outer join
        user_tb user1_ 
            on cart0_.user_id=user1_.id 
    where
        user1_.id=?
2023-08-03 12:08:23.529 TRACE 8406 --- [    Test worker] o.h.type.descriptor.sql.BasicBinder      : binding parameter [1] as [INTEGER] - [1]
2023-08-03 12:08:23.529 TRACE 8406 --- [    Test worker] o.h.type.descriptor.sql.BasicExtractor   : extracted value ([id1_0_] : [INTEGER]) - [1]
2023-08-03 12:08:23.530 TRACE 8406 --- [    Test worker] o.h.type.descriptor.sql.BasicExtractor   : extracted value ([id1_0_] : [INTEGER]) - [2]
2023-08-03 12:08:23.530 TRACE 8406 --- [    Test worker] o.h.type.descriptor.sql.BasicExtractor   : extracted value ([id1_0_] : [INTEGER]) - [3]
Hibernate: 
    delete 
    from
        cart_tb 
    where
        id=?
2023-08-03 12:08:23.551 TRACE 8406 --- [    Test worker] o.h.type.descriptor.sql.BasicBinder      : binding parameter [1] as [INTEGER] - [1]
Hibernate: 
    delete 
    from
        cart_tb 
    where
        id=?
2023-08-03 12:08:23.556 TRACE 8406 --- [    Test worker] o.h.type.descriptor.sql.BasicBinder      : binding parameter [1] as [INTEGER] - [2]
Hibernate: 
    delete 
    from
        cart_tb 
    where
        id=?
2023-08-03 12:08:23.557 TRACE 8406 --- [    Test worker] o.h.type.descriptor.sql.BasicBinder      : binding parameter [1] as [INTEGER] - [3]
테스트 : {"success":true,"response":null,"error":null}
Hibernate: 
    select
        user0_.id as id1_6_,
        user0_.email as email2_6_,
        user0_.password as password3_6_,
        user0_.roles as roles4_6_,
        user0_.username as username5_6_ 
    from
        user_tb user0_ 
    where
        user0_.email=?
2023-08-03 12:08:23.858 TRACE 8406 --- [    Test worker] o.h.type.descriptor.sql.BasicBinder      : binding parameter [1] as [VARCHAR] - [ssar@nate.com]
2023-08-03 12:08:23.859 TRACE 8406 --- [    Test worker] o.h.type.descriptor.sql.BasicExtractor   : extracted value ([id1_6_] : [INTEGER]) - [1]
2023-08-03 12:08:23.859 TRACE 8406 --- [    Test worker] o.h.type.descriptor.sql.BasicExtractor   : extracted value ([email2_6_] : [VARCHAR]) - [ssar@nate.com]
2023-08-03 12:08:23.859 TRACE 8406 --- [    Test worker] o.h.type.descriptor.sql.BasicExtractor   : extracted value ([password3_6_] : [VARCHAR]) - [{bcrypt}$2a$10$8H0OT8wgtALJkig6fmypi.Y7jzI5Y7W9PGgRKqnVeS2cLWGifwHF2]
2023-08-03 12:08:23.859 TRACE 8406 --- [    Test worker] o.h.type.descriptor.sql.BasicExtractor   : extracted value ([roles4_6_] : [VARCHAR]) - [ROLE_USER]
2023-08-03 12:08:23.860 TRACE 8406 --- [    Test worker] o.h.type.descriptor.sql.BasicExtractor   : extracted value ([username5_6_] : [VARCHAR]) - [ssarmango]
2023-08-03 12:08:23.862  INFO 8406 --- [    Test worker] o.s.b.t.m.w.SpringBootMockServletContext : Initializing Spring TestDispatcherServlet ''
2023-08-03 12:08:23.862  INFO 8406 --- [    Test worker] o.s.t.web.servlet.TestDispatcherServlet  : Initializing Servlet ''
2023-08-03 12:08:23.864  INFO 8406 --- [    Test worker] o.s.t.web.servlet.TestDispatcherServlet  : Completed initialization in 2 ms
Hibernate: 
    select
        cart0_.id as id1_0_,
        cart0_.option_id as option_i4_0_,
        cart0_.price as price2_0_,
        cart0_.quantity as quantity3_0_,
        cart0_.user_id as user_id5_0_ 
    from
        cart_tb cart0_ 
    left outer join
        user_tb user1_ 
            on cart0_.user_id=user1_.id 
    where
        user1_.id=?
2023-08-03 12:08:23.975 TRACE 8406 --- [    Test worker] o.h.type.descriptor.sql.BasicBinder      : binding parameter [1] as [INTEGER] - [1]
2023-08-03 12:08:23.975 TRACE 8406 --- [    Test worker] o.h.type.descriptor.sql.BasicExtractor   : extracted value ([id1_0_] : [INTEGER]) - [1]
2023-08-03 12:08:23.976 TRACE 8406 --- [    Test worker] o.h.type.descriptor.sql.BasicExtractor   : extracted value ([option_i4_0_] : [INTEGER]) - [1]
2023-08-03 12:08:23.976 TRACE 8406 --- [    Test worker] o.h.type.descriptor.sql.BasicExtractor   : extracted value ([price2_0_] : [INTEGER]) - [50000]
2023-08-03 12:08:23.976 TRACE 8406 --- [    Test worker] o.h.type.descriptor.sql.BasicExtractor   : extracted value ([quantity3_0_] : [INTEGER]) - [5]
2023-08-03 12:08:23.976 TRACE 8406 --- [    Test worker] o.h.type.descriptor.sql.BasicExtractor   : extracted value ([user_id5_0_] : [INTEGER]) - [1]
2023-08-03 12:08:23.976 TRACE 8406 --- [    Test worker] o.h.type.descriptor.sql.BasicExtractor   : extracted value ([id1_0_] : [INTEGER]) - [2]
2023-08-03 12:08:23.977 TRACE 8406 --- [    Test worker] o.h.type.descriptor.sql.BasicExtractor   : extracted value ([option_i4_0_] : [INTEGER]) - [2]
2023-08-03 12:08:23.977 TRACE 8406 --- [    Test worker] o.h.type.descriptor.sql.BasicExtractor   : extracted value ([price2_0_] : [INTEGER]) - [10900]
2023-08-03 12:08:23.977 TRACE 8406 --- [    Test worker] o.h.type.descriptor.sql.BasicExtractor   : extracted value ([quantity3_0_] : [INTEGER]) - [1]
2023-08-03 12:08:23.977 TRACE 8406 --- [    Test worker] o.h.type.descriptor.sql.BasicExtractor   : extracted value ([user_id5_0_] : [INTEGER]) - [1]
2023-08-03 12:08:23.977 TRACE 8406 --- [    Test worker] o.h.type.descriptor.sql.BasicExtractor   : extracted value ([id1_0_] : [INTEGER]) - [3]
2023-08-03 12:08:23.977 TRACE 8406 --- [    Test worker] o.h.type.descriptor.sql.BasicExtractor   : extracted value ([option_i4_0_] : [INTEGER]) - [16]
2023-08-03 12:08:23.978 TRACE 8406 --- [    Test worker] o.h.type.descriptor.sql.BasicExtractor   : extracted value ([price2_0_] : [INTEGER]) - [250000]
2023-08-03 12:08:23.978 TRACE 8406 --- [    Test worker] o.h.type.descriptor.sql.BasicExtractor   : extracted value ([quantity3_0_] : [INTEGER]) - [5]
2023-08-03 12:08:23.978 TRACE 8406 --- [    Test worker] o.h.type.descriptor.sql.BasicExtractor   : extracted value ([user_id5_0_] : [INTEGER]) - [1]
Hibernate: 
    select
        option0_.id as id1_3_0_,
        option0_.option_name as option_n2_3_0_,
        option0_.price as price3_3_0_,
        option0_.product_id as product_4_3_0_,
        product1_.id as id1_5_1_,
        product1_.description as descript2_5_1_,
        product1_.image as image3_5_1_,
        product1_.price as price4_5_1_,
        product1_.product_name as product_5_5_1_ 
    from
        option_tb option0_ 
    left outer join
        product_tb product1_ 
            on option0_.product_id=product1_.id 
    where
        option0_.id=?
2023-08-03 12:08:23.985 TRACE 8406 --- [    Test worker] o.h.type.descriptor.sql.BasicBinder      : binding parameter [1] as [INTEGER] - [1]
2023-08-03 12:08:23.991 TRACE 8406 --- [    Test worker] o.h.type.descriptor.sql.BasicExtractor   : extracted value ([id1_5_1_] : [INTEGER]) - [1]
2023-08-03 12:08:23.991 TRACE 8406 --- [    Test worker] o.h.type.descriptor.sql.BasicExtractor   : extracted value ([option_n2_3_0_] : [VARCHAR]) - [01. 슬라이딩 지퍼백 크리스마스에디션 4종]
2023-08-03 12:08:23.992 TRACE 8406 --- [    Test worker] o.h.type.descriptor.sql.BasicExtractor   : extracted value ([price3_3_0_] : [INTEGER]) - [10000]
2023-08-03 12:08:23.992 TRACE 8406 --- [    Test worker] o.h.type.descriptor.sql.BasicExtractor   : extracted value ([product_4_3_0_] : [INTEGER]) - [1]
2023-08-03 12:08:23.993 TRACE 8406 --- [    Test worker] o.h.type.descriptor.sql.BasicExtractor   : extracted value ([descript2_5_1_] : [VARCHAR]) - []
2023-08-03 12:08:23.993 TRACE 8406 --- [    Test worker] o.h.type.descriptor.sql.BasicExtractor   : extracted value ([image3_5_1_] : [VARCHAR]) - [/images/1.jpg]
2023-08-03 12:08:23.993 TRACE 8406 --- [    Test worker] o.h.type.descriptor.sql.BasicExtractor   : extracted value ([price4_5_1_] : [INTEGER]) - [1000]
2023-08-03 12:08:23.993 TRACE 8406 --- [    Test worker] o.h.type.descriptor.sql.BasicExtractor   : extracted value ([product_5_5_1_] : [VARCHAR]) - [기본에 슬라이딩 지퍼백 크리스마스/플라워에디션 에디션 외 주방용품 특가전]
Hibernate: 
    select
        option0_.id as id1_3_0_,
        option0_.option_name as option_n2_3_0_,
        option0_.price as price3_3_0_,
        option0_.product_id as product_4_3_0_,
        product1_.id as id1_5_1_,
        product1_.description as descript2_5_1_,
        product1_.image as image3_5_1_,
        product1_.price as price4_5_1_,
        product1_.product_name as product_5_5_1_ 
    from
        option_tb option0_ 
    left outer join
        product_tb product1_ 
            on option0_.product_id=product1_.id 
    where
        option0_.id=?
2023-08-03 12:08:23.997 TRACE 8406 --- [    Test worker] o.h.type.descriptor.sql.BasicBinder      : binding parameter [1] as [INTEGER] - [2]
2023-08-03 12:08:23.998 TRACE 8406 --- [    Test worker] o.h.type.descriptor.sql.BasicExtractor   : extracted value ([id1_5_1_] : [INTEGER]) - [1]
2023-08-03 12:08:23.998 TRACE 8406 --- [    Test worker] o.h.type.descriptor.sql.BasicExtractor   : extracted value ([option_n2_3_0_] : [VARCHAR]) - [02. 슬라이딩 지퍼백 플라워에디션 5종]
2023-08-03 12:08:23.998 TRACE 8406 --- [    Test worker] o.h.type.descriptor.sql.BasicExtractor   : extracted value ([price3_3_0_] : [INTEGER]) - [10900]
2023-08-03 12:08:23.999 TRACE 8406 --- [    Test worker] o.h.type.descriptor.sql.BasicExtractor   : extracted value ([product_4_3_0_] : [INTEGER]) - [1]
Hibernate: 
    select
        option0_.id as id1_3_0_,
        option0_.option_name as option_n2_3_0_,
        option0_.price as price3_3_0_,
        option0_.product_id as product_4_3_0_,
        product1_.id as id1_5_1_,
        product1_.description as descript2_5_1_,
        product1_.image as image3_5_1_,
        product1_.price as price4_5_1_,
        product1_.product_name as product_5_5_1_ 
    from
        option_tb option0_ 
    left outer join
        product_tb product1_ 
            on option0_.product_id=product1_.id 
    where
        option0_.id=?
2023-08-03 12:08:24.000 TRACE 8406 --- [    Test worker] o.h.type.descriptor.sql.BasicBinder      : binding parameter [1] as [INTEGER] - [16]
2023-08-03 12:08:24.000 TRACE 8406 --- [    Test worker] o.h.type.descriptor.sql.BasicExtractor   : extracted value ([id1_5_1_] : [INTEGER]) - [4]
2023-08-03 12:08:24.001 TRACE 8406 --- [    Test worker] o.h.type.descriptor.sql.BasicExtractor   : extracted value ([option_n2_3_0_] : [VARCHAR]) - [선택02_바른곡물효소누룽지맛 6박스]
2023-08-03 12:08:24.001 TRACE 8406 --- [    Test worker] o.h.type.descriptor.sql.BasicExtractor   : extracted value ([price3_3_0_] : [INTEGER]) - [50000]
2023-08-03 12:08:24.001 TRACE 8406 --- [    Test worker] o.h.type.descriptor.sql.BasicExtractor   : extracted value ([product_4_3_0_] : [INTEGER]) - [4]
2023-08-03 12:08:24.002 TRACE 8406 --- [    Test worker] o.h.type.descriptor.sql.BasicExtractor   : extracted value ([descript2_5_1_] : [VARCHAR]) - []
2023-08-03 12:08:24.002 TRACE 8406 --- [    Test worker] o.h.type.descriptor.sql.BasicExtractor   : extracted value ([image3_5_1_] : [VARCHAR]) - [/images/4.jpg]
2023-08-03 12:08:24.002 TRACE 8406 --- [    Test worker] o.h.type.descriptor.sql.BasicExtractor   : extracted value ([price4_5_1_] : [INTEGER]) - [4000]
2023-08-03 12:08:24.002 TRACE 8406 --- [    Test worker] o.h.type.descriptor.sql.BasicExtractor   : extracted value ([product_5_5_1_] : [VARCHAR]) - [바른 누룽지맛 발효효소 2박스 역가수치보장 / 외 7종]
Hibernate: 
    update
        cart_tb 
    set
        option_id=?,
        price=?,
        quantity=?,
        user_id=? 
    where
        id=?
2023-08-03 12:08:24.011 TRACE 8406 --- [    Test worker] o.h.type.descriptor.sql.BasicBinder      : binding parameter [1] as [INTEGER] - [1]
2023-08-03 12:08:24.011 TRACE 8406 --- [    Test worker] o.h.type.descriptor.sql.BasicBinder      : binding parameter [2] as [INTEGER] - [100000]
2023-08-03 12:08:24.011 TRACE 8406 --- [    Test worker] o.h.type.descriptor.sql.BasicBinder      : binding parameter [3] as [INTEGER] - [10]
2023-08-03 12:08:24.011 TRACE 8406 --- [    Test worker] o.h.type.descriptor.sql.BasicBinder      : binding parameter [4] as [INTEGER] - [1]
2023-08-03 12:08:24.011 TRACE 8406 --- [    Test worker] o.h.type.descriptor.sql.BasicBinder      : binding parameter [5] as [INTEGER] - [1]
테스트 : {"success":true,"response":{"carts":[{"cartId":1,"optionId":1,"optionName":"01. 슬라이딩 지퍼백 크리스마스에디션 4종","quantity":10,"price":100000},{"cartId":2,"optionId":2,"optionName":"02. 슬라이딩 지퍼백 플라워에디션 5종","quantity":1,"price":10900},{"cartId":3,"optionId":16,"optionName":"선택02_바른곡물효소누룽지맛 6박스","quantity":5,"price":250000}],"totalPrice":360900},"error":null}

MockHttpServletRequest:
      HTTP Method = POST
      Request URI = /carts/update
       Parameters = {}
          Headers = [Content-Type:"application/json;charset=UTF-8", Content-Length:"28"]
             Body = [{"cartId":1,"quantity":10}]
    Session Attrs = {}

Handler:
             Type = com.example.kakao.cart.CartRestController
           Method = com.example.kakao.cart.CartRestController#update(List, Errors, CustomUserDetails)

Async:
    Async started = false
     Async result = null

Resolved Exception:
             Type = null

ModelAndView:
        View name = null
             View = null
            Model = null

FlashMap:
       Attributes = null

MockHttpServletResponse:
           Status = 200
    Error message = null
          Headers = [Content-Type:"application/json;charset=UTF-8"]
     Content type = application/json;charset=UTF-8
             Body = {"success":true,"response":{"carts":[{"cartId":1,"optionId":1,"optionName":"01. 슬라이딩 지퍼백 크리스마스에디션 4종","quantity":10,"price":100000},{"cartId":2,"optionId":2,"optionName":"02. 슬라이딩 지퍼백 플라워에디션 5종","quantity":1,"price":10900},{"cartId":3,"optionId":16,"optionName":"선택02_바른곡물효소누룽지맛 6박스","quantity":5,"price":250000}],"totalPrice":360900},"error":null}
    Forwarded URL = null
   Redirected URL = null
          Cookies = []
Hibernate: 
    select
        user0_.id as id1_6_,
        user0_.email as email2_6_,
        user0_.password as password3_6_,
        user0_.roles as roles4_6_,
        user0_.username as username5_6_ 
    from
        user_tb user0_ 
    where
        user0_.email=?
2023-08-03 12:08:24.107 TRACE 8406 --- [    Test worker] o.h.type.descriptor.sql.BasicBinder      : binding parameter [1] as [VARCHAR] - [ssar@nate.com]
2023-08-03 12:08:24.108 TRACE 8406 --- [    Test worker] o.h.type.descriptor.sql.BasicExtractor   : extracted value ([id1_6_] : [INTEGER]) - [1]
2023-08-03 12:08:24.109 TRACE 8406 --- [    Test worker] o.h.type.descriptor.sql.BasicExtractor   : extracted value ([email2_6_] : [VARCHAR]) - [ssar@nate.com]
2023-08-03 12:08:24.109 TRACE 8406 --- [    Test worker] o.h.type.descriptor.sql.BasicExtractor   : extracted value ([password3_6_] : [VARCHAR]) - [{bcrypt}$2a$10$8H0OT8wgtALJkig6fmypi.Y7jzI5Y7W9PGgRKqnVeS2cLWGifwHF2]
2023-08-03 12:08:24.109 TRACE 8406 --- [    Test worker] o.h.type.descriptor.sql.BasicExtractor   : extracted value ([roles4_6_] : [VARCHAR]) - [ROLE_USER]
2023-08-03 12:08:24.109 TRACE 8406 --- [    Test worker] o.h.type.descriptor.sql.BasicExtractor   : extracted value ([username5_6_] : [VARCHAR]) - [ssarmango]
2023-08-03 12:08:24.111  INFO 8406 --- [    Test worker] o.s.b.t.m.w.SpringBootMockServletContext : Initializing Spring TestDispatcherServlet ''
2023-08-03 12:08:24.111  INFO 8406 --- [    Test worker] o.s.t.web.servlet.TestDispatcherServlet  : Initializing Servlet ''
2023-08-03 12:08:24.113  INFO 8406 --- [    Test worker] o.s.t.web.servlet.TestDispatcherServlet  : Completed initialization in 2 ms
Hibernate: 
    select
        user0_.id as id1_6_,
        user0_.email as email2_6_,
        user0_.password as password3_6_,
        user0_.roles as roles4_6_,
        user0_.username as username5_6_ 
    from
        user_tb user0_
2023-08-03 12:08:24.137 TRACE 8406 --- [    Test worker] o.h.type.descriptor.sql.BasicExtractor   : extracted value ([id1_6_] : [INTEGER]) - [1]
2023-08-03 12:08:24.137 TRACE 8406 --- [    Test worker] o.h.type.descriptor.sql.BasicExtractor   : extracted value ([email2_6_] : [VARCHAR]) - [ssar@nate.com]
2023-08-03 12:08:24.138 TRACE 8406 --- [    Test worker] o.h.type.descriptor.sql.BasicExtractor   : extracted value ([password3_6_] : [VARCHAR]) - [{bcrypt}$2a$10$8H0OT8wgtALJkig6fmypi.Y7jzI5Y7W9PGgRKqnVeS2cLWGifwHF2]
2023-08-03 12:08:24.138 TRACE 8406 --- [    Test worker] o.h.type.descriptor.sql.BasicExtractor   : extracted value ([roles4_6_] : [VARCHAR]) - [ROLE_USER]
2023-08-03 12:08:24.138 TRACE 8406 --- [    Test worker] o.h.type.descriptor.sql.BasicExtractor   : extracted value ([username5_6_] : [VARCHAR]) - [ssarmango]
User(id=1, email=ssar@nate.com, password={bcrypt}$2a$10$8H0OT8wgtALJkig6fmypi.Y7jzI5Y7W9PGgRKqnVeS2cLWGifwHF2, username=ssarmango, roles=ROLE_USER)
Hibernate: 
    select
        option0_.id as id1_3_0_,
        option0_.option_name as option_n2_3_0_,
        option0_.price as price3_3_0_,
        option0_.product_id as product_4_3_0_,
        product1_.id as id1_5_1_,
        product1_.description as descript2_5_1_,
        product1_.image as image3_5_1_,
        product1_.price as price4_5_1_,
        product1_.product_name as product_5_5_1_ 
    from
        option_tb option0_ 
    left outer join
        product_tb product1_ 
            on option0_.product_id=product1_.id 
    where
        option0_.id=?
2023-08-03 12:08:24.164 TRACE 8406 --- [    Test worker] o.h.type.descriptor.sql.BasicBinder      : binding parameter [1] as [INTEGER] - [3]
2023-08-03 12:08:24.165 TRACE 8406 --- [    Test worker] o.h.type.descriptor.sql.BasicExtractor   : extracted value ([id1_5_1_] : [INTEGER]) - [1]
2023-08-03 12:08:24.165 TRACE 8406 --- [    Test worker] o.h.type.descriptor.sql.BasicExtractor   : extracted value ([option_n2_3_0_] : [VARCHAR]) - [고무장갑 베이지 S(소형) 6팩]
2023-08-03 12:08:24.166 TRACE 8406 --- [    Test worker] o.h.type.descriptor.sql.BasicExtractor   : extracted value ([price3_3_0_] : [INTEGER]) - [9900]
2023-08-03 12:08:24.166 TRACE 8406 --- [    Test worker] o.h.type.descriptor.sql.BasicExtractor   : extracted value ([product_4_3_0_] : [INTEGER]) - [1]
2023-08-03 12:08:24.166 TRACE 8406 --- [    Test worker] o.h.type.descriptor.sql.BasicExtractor   : extracted value ([descript2_5_1_] : [VARCHAR]) - []
2023-08-03 12:08:24.166 TRACE 8406 --- [    Test worker] o.h.type.descriptor.sql.BasicExtractor   : extracted value ([image3_5_1_] : [VARCHAR]) - [/images/1.jpg]
2023-08-03 12:08:24.166 TRACE 8406 --- [    Test worker] o.h.type.descriptor.sql.BasicExtractor   : extracted value ([price4_5_1_] : [INTEGER]) - [1000]
2023-08-03 12:08:24.167 TRACE 8406 --- [    Test worker] o.h.type.descriptor.sql.BasicExtractor   : extracted value ([product_5_5_1_] : [VARCHAR]) - [기본에 슬라이딩 지퍼백 크리스마스/플라워에디션 에디션 외 주방용품 특가전]
Hibernate: 
    select
        cart0_.id as col_0_0_ 
    from
        cart_tb cart0_ 
    left outer join
        option_tb option1_ 
            on cart0_.option_id=option1_.id 
    left outer join
        user_tb user2_ 
            on cart0_.user_id=user2_.id 
    where
        option1_.id=? 
        and user2_.id=? limit ?
2023-08-03 12:08:24.180 TRACE 8406 --- [    Test worker] o.h.type.descriptor.sql.BasicBinder      : binding parameter [1] as [INTEGER] - [3]
2023-08-03 12:08:24.181 TRACE 8406 --- [    Test worker] o.h.type.descriptor.sql.BasicBinder      : binding parameter [2] as [INTEGER] - [1]
Hibernate: 
    insert 
    into
        cart_tb
        (id, option_id, price, quantity, user_id) 
    values
        (default, ?, ?, ?, ?)
2023-08-03 12:08:24.200 TRACE 8406 --- [    Test worker] o.h.type.descriptor.sql.BasicBinder      : binding parameter [1] as [INTEGER] - [3]
2023-08-03 12:08:24.200 TRACE 8406 --- [    Test worker] o.h.type.descriptor.sql.BasicBinder      : binding parameter [2] as [INTEGER] - [49500]
2023-08-03 12:08:24.200 TRACE 8406 --- [    Test worker] o.h.type.descriptor.sql.BasicBinder      : binding parameter [3] as [INTEGER] - [5]
2023-08-03 12:08:24.201 TRACE 8406 --- [    Test worker] o.h.type.descriptor.sql.BasicBinder      : binding parameter [4] as [INTEGER] - [1]
테스트 : {"success":true,"response":null,"error":null}

MockHttpServletRequest:
      HTTP Method = POST
      Request URI = /carts/add
       Parameters = {}
          Headers = [Content-Type:"application/json;charset=UTF-8", Content-Length:"29"]
             Body = [{"optionId":3,"quantity":5}]
    Session Attrs = {}

Handler:
             Type = com.example.kakao.cart.CartRestController
           Method = com.example.kakao.cart.CartRestController#addCartList(List, Errors, CustomUserDetails)

Async:
    Async started = false
     Async result = null

Resolved Exception:
             Type = null

ModelAndView:
        View name = null
             View = null
            Model = null

FlashMap:
       Attributes = null

MockHttpServletResponse:
           Status = 200
    Error message = null
          Headers = [Content-Type:"application/json;charset=UTF-8"]
     Content type = application/json;charset=UTF-8
             Body = {"success":true,"response":null,"error":null}
    Forwarded URL = null
   Redirected URL = null
          Cookies = []
Hibernate: 
    select
        user0_.id as id1_6_,
        user0_.email as email2_6_,
        user0_.password as password3_6_,
        user0_.roles as roles4_6_,
        user0_.username as username5_6_ 
    from
        user_tb user0_ 
    where
        user0_.email=?
2023-08-03 12:08:24.280 TRACE 8406 --- [    Test worker] o.h.type.descriptor.sql.BasicBinder      : binding parameter [1] as [VARCHAR] - [ssar@nate.com]
2023-08-03 12:08:24.280 TRACE 8406 --- [    Test worker] o.h.type.descriptor.sql.BasicExtractor   : extracted value ([id1_6_] : [INTEGER]) - [1]
2023-08-03 12:08:24.281 TRACE 8406 --- [    Test worker] o.h.type.descriptor.sql.BasicExtractor   : extracted value ([email2_6_] : [VARCHAR]) - [ssar@nate.com]
2023-08-03 12:08:24.281 TRACE 8406 --- [    Test worker] o.h.type.descriptor.sql.BasicExtractor   : extracted value ([password3_6_] : [VARCHAR]) - [{bcrypt}$2a$10$8H0OT8wgtALJkig6fmypi.Y7jzI5Y7W9PGgRKqnVeS2cLWGifwHF2]
2023-08-03 12:08:24.281 TRACE 8406 --- [    Test worker] o.h.type.descriptor.sql.BasicExtractor   : extracted value ([roles4_6_] : [VARCHAR]) - [ROLE_USER]
2023-08-03 12:08:24.281 TRACE 8406 --- [    Test worker] o.h.type.descriptor.sql.BasicExtractor   : extracted value ([username5_6_] : [VARCHAR]) - [ssarmango]
2023-08-03 12:08:24.283  INFO 8406 --- [    Test worker] o.s.b.t.m.w.SpringBootMockServletContext : Initializing Spring TestDispatcherServlet ''
2023-08-03 12:08:24.284  INFO 8406 --- [    Test worker] o.s.t.web.servlet.TestDispatcherServlet  : Initializing Servlet ''
2023-08-03 12:08:24.285  INFO 8406 --- [    Test worker] o.s.t.web.servlet.TestDispatcherServlet  : Completed initialization in 1 ms
Hibernate: 
    select
        cart0_.id as id1_0_,
        cart0_.option_id as option_i4_0_,
        cart0_.price as price2_0_,
        cart0_.quantity as quantity3_0_,
        cart0_.user_id as user_id5_0_ 
    from
        cart_tb cart0_ 
    where
        cart0_.user_id=? 
    order by
        cart0_.option_id asc
2023-08-03 12:08:24.293 TRACE 8406 --- [    Test worker] o.h.type.descriptor.sql.BasicBinder      : binding parameter [1] as [INTEGER] - [1]
2023-08-03 12:08:24.295 TRACE 8406 --- [    Test worker] o.h.type.descriptor.sql.BasicExtractor   : extracted value ([id1_0_] : [INTEGER]) - [1]
2023-08-03 12:08:24.295 TRACE 8406 --- [    Test worker] o.h.type.descriptor.sql.BasicExtractor   : extracted value ([option_i4_0_] : [INTEGER]) - [1]
2023-08-03 12:08:24.295 TRACE 8406 --- [    Test worker] o.h.type.descriptor.sql.BasicExtractor   : extracted value ([price2_0_] : [INTEGER]) - [50000]
2023-08-03 12:08:24.295 TRACE 8406 --- [    Test worker] o.h.type.descriptor.sql.BasicExtractor   : extracted value ([quantity3_0_] : [INTEGER]) - [5]
2023-08-03 12:08:24.295 TRACE 8406 --- [    Test worker] o.h.type.descriptor.sql.BasicExtractor   : extracted value ([user_id5_0_] : [INTEGER]) - [1]
2023-08-03 12:08:24.296 TRACE 8406 --- [    Test worker] o.h.type.descriptor.sql.BasicExtractor   : extracted value ([id1_0_] : [INTEGER]) - [2]
2023-08-03 12:08:24.296 TRACE 8406 --- [    Test worker] o.h.type.descriptor.sql.BasicExtractor   : extracted value ([option_i4_0_] : [INTEGER]) - [2]
2023-08-03 12:08:24.296 TRACE 8406 --- [    Test worker] o.h.type.descriptor.sql.BasicExtractor   : extracted value ([price2_0_] : [INTEGER]) - [10900]
2023-08-03 12:08:24.296 TRACE 8406 --- [    Test worker] o.h.type.descriptor.sql.BasicExtractor   : extracted value ([quantity3_0_] : [INTEGER]) - [1]
2023-08-03 12:08:24.296 TRACE 8406 --- [    Test worker] o.h.type.descriptor.sql.BasicExtractor   : extracted value ([user_id5_0_] : [INTEGER]) - [1]
2023-08-03 12:08:24.296 TRACE 8406 --- [    Test worker] o.h.type.descriptor.sql.BasicExtractor   : extracted value ([id1_0_] : [INTEGER]) - [3]
2023-08-03 12:08:24.296 TRACE 8406 --- [    Test worker] o.h.type.descriptor.sql.BasicExtractor   : extracted value ([option_i4_0_] : [INTEGER]) - [16]
2023-08-03 12:08:24.296 TRACE 8406 --- [    Test worker] o.h.type.descriptor.sql.BasicExtractor   : extracted value ([price2_0_] : [INTEGER]) - [250000]
2023-08-03 12:08:24.297 TRACE 8406 --- [    Test worker] o.h.type.descriptor.sql.BasicExtractor   : extracted value ([quantity3_0_] : [INTEGER]) - [5]
2023-08-03 12:08:24.297 TRACE 8406 --- [    Test worker] o.h.type.descriptor.sql.BasicExtractor   : extracted value ([user_id5_0_] : [INTEGER]) - [1]
Hibernate: 
    select
        option0_.id as id1_3_0_,
        option0_.option_name as option_n2_3_0_,
        option0_.price as price3_3_0_,
        option0_.product_id as product_4_3_0_,
        product1_.id as id1_5_1_,
        product1_.description as descript2_5_1_,
        product1_.image as image3_5_1_,
        product1_.price as price4_5_1_,
        product1_.product_name as product_5_5_1_ 
    from
        option_tb option0_ 
    left outer join
        product_tb product1_ 
            on option0_.product_id=product1_.id 
    where
        option0_.id=?
2023-08-03 12:08:24.301 TRACE 8406 --- [    Test worker] o.h.type.descriptor.sql.BasicBinder      : binding parameter [1] as [INTEGER] - [1]
2023-08-03 12:08:24.302 TRACE 8406 --- [    Test worker] o.h.type.descriptor.sql.BasicExtractor   : extracted value ([id1_5_1_] : [INTEGER]) - [1]
2023-08-03 12:08:24.302 TRACE 8406 --- [    Test worker] o.h.type.descriptor.sql.BasicExtractor   : extracted value ([option_n2_3_0_] : [VARCHAR]) - [01. 슬라이딩 지퍼백 크리스마스에디션 4종]
2023-08-03 12:08:24.302 TRACE 8406 --- [    Test worker] o.h.type.descriptor.sql.BasicExtractor   : extracted value ([price3_3_0_] : [INTEGER]) - [10000]
2023-08-03 12:08:24.302 TRACE 8406 --- [    Test worker] o.h.type.descriptor.sql.BasicExtractor   : extracted value ([product_4_3_0_] : [INTEGER]) - [1]
2023-08-03 12:08:24.302 TRACE 8406 --- [    Test worker] o.h.type.descriptor.sql.BasicExtractor   : extracted value ([descript2_5_1_] : [VARCHAR]) - []
2023-08-03 12:08:24.303 TRACE 8406 --- [    Test worker] o.h.type.descriptor.sql.BasicExtractor   : extracted value ([image3_5_1_] : [VARCHAR]) - [/images/1.jpg]
2023-08-03 12:08:24.303 TRACE 8406 --- [    Test worker] o.h.type.descriptor.sql.BasicExtractor   : extracted value ([price4_5_1_] : [INTEGER]) - [1000]
2023-08-03 12:08:24.303 TRACE 8406 --- [    Test worker] o.h.type.descriptor.sql.BasicExtractor   : extracted value ([product_5_5_1_] : [VARCHAR]) - [기본에 슬라이딩 지퍼백 크리스마스/플라워에디션 에디션 외 주방용품 특가전]
Hibernate: 
    select
        option0_.id as id1_3_0_,
        option0_.option_name as option_n2_3_0_,
        option0_.price as price3_3_0_,
        option0_.product_id as product_4_3_0_,
        product1_.id as id1_5_1_,
        product1_.description as descript2_5_1_,
        product1_.image as image3_5_1_,
        product1_.price as price4_5_1_,
        product1_.product_name as product_5_5_1_ 
    from
        option_tb option0_ 
    left outer join
        product_tb product1_ 
            on option0_.product_id=product1_.id 
    where
        option0_.id=?
2023-08-03 12:08:24.306 TRACE 8406 --- [    Test worker] o.h.type.descriptor.sql.BasicBinder      : binding parameter [1] as [INTEGER] - [2]
2023-08-03 12:08:24.307 TRACE 8406 --- [    Test worker] o.h.type.descriptor.sql.BasicExtractor   : extracted value ([id1_5_1_] : [INTEGER]) - [1]
2023-08-03 12:08:24.307 TRACE 8406 --- [    Test worker] o.h.type.descriptor.sql.BasicExtractor   : extracted value ([option_n2_3_0_] : [VARCHAR]) - [02. 슬라이딩 지퍼백 플라워에디션 5종]
2023-08-03 12:08:24.307 TRACE 8406 --- [    Test worker] o.h.type.descriptor.sql.BasicExtractor   : extracted value ([price3_3_0_] : [INTEGER]) - [10900]
2023-08-03 12:08:24.308 TRACE 8406 --- [    Test worker] o.h.type.descriptor.sql.BasicExtractor   : extracted value ([product_4_3_0_] : [INTEGER]) - [1]
Hibernate: 
    select
        option0_.id as id1_3_0_,
        option0_.option_name as option_n2_3_0_,
        option0_.price as price3_3_0_,
        option0_.product_id as product_4_3_0_,
        product1_.id as id1_5_1_,
        product1_.description as descript2_5_1_,
        product1_.image as image3_5_1_,
        product1_.price as price4_5_1_,
        product1_.product_name as product_5_5_1_ 
    from
        option_tb option0_ 
    left outer join
        product_tb product1_ 
            on option0_.product_id=product1_.id 
    where
        option0_.id=?
2023-08-03 12:08:24.309 TRACE 8406 --- [    Test worker] o.h.type.descriptor.sql.BasicBinder      : binding parameter [1] as [INTEGER] - [16]
2023-08-03 12:08:24.309 TRACE 8406 --- [    Test worker] o.h.type.descriptor.sql.BasicExtractor   : extracted value ([id1_5_1_] : [INTEGER]) - [4]
2023-08-03 12:08:24.309 TRACE 8406 --- [    Test worker] o.h.type.descriptor.sql.BasicExtractor   : extracted value ([option_n2_3_0_] : [VARCHAR]) - [선택02_바른곡물효소누룽지맛 6박스]
2023-08-03 12:08:24.310 TRACE 8406 --- [    Test worker] o.h.type.descriptor.sql.BasicExtractor   : extracted value ([price3_3_0_] : [INTEGER]) - [50000]
2023-08-03 12:08:24.310 TRACE 8406 --- [    Test worker] o.h.type.descriptor.sql.BasicExtractor   : extracted value ([product_4_3_0_] : [INTEGER]) - [4]
2023-08-03 12:08:24.310 TRACE 8406 --- [    Test worker] o.h.type.descriptor.sql.BasicExtractor   : extracted value ([descript2_5_1_] : [VARCHAR]) - []
2023-08-03 12:08:24.310 TRACE 8406 --- [    Test worker] o.h.type.descriptor.sql.BasicExtractor   : extracted value ([image3_5_1_] : [VARCHAR]) - [/images/4.jpg]
2023-08-03 12:08:24.310 TRACE 8406 --- [    Test worker] o.h.type.descriptor.sql.BasicExtractor   : extracted value ([price4_5_1_] : [INTEGER]) - [4000]
2023-08-03 12:08:24.311 TRACE 8406 --- [    Test worker] o.h.type.descriptor.sql.BasicExtractor   : extracted value ([product_5_5_1_] : [VARCHAR]) - [바른 누룽지맛 발효효소 2박스 역가수치보장 / 외 7종]
테스트 : {"success":true,"response":{"products":[{"id":1,"productName":"기본에 슬라이딩 지퍼백 크리스마스/플라워에디션 에디션 외 주방용품 특가전","carts":[{"id":1,"option":{"id":1,"optionName":"01. 슬라이딩 지퍼백 크리스마스에디션 4종","price":10000},"quantity":5,"price":50000},{"id":2,"option":{"id":2,"optionName":"02. 슬라이딩 지퍼백 플라워에디션 5종","price":10900},"quantity":1,"price":10900}]},{"id":4,"productName":"바른 누룽지맛 발효효소 2박스 역가수치보장 / 외 7종","carts":[{"id":3,"option":{"id":16,"optionName":"선택02_바른곡물효소누룽지맛 6박스","price":50000},"quantity":5,"price":250000}]}],"totalPrice":310900},"error":null}

MockHttpServletRequest:
      HTTP Method = GET
      Request URI = /carts
       Parameters = {}
          Headers = []
             Body = null
    Session Attrs = {}

Handler:
             Type = com.example.kakao.cart.CartRestController
           Method = com.example.kakao.cart.CartRestController#findAll(CustomUserDetails)

Async:
    Async started = false
     Async result = null

Resolved Exception:
             Type = null

ModelAndView:
        View name = null
             View = null
            Model = null

FlashMap:
       Attributes = null

MockHttpServletResponse:
           Status = 200
    Error message = null
          Headers = [Content-Type:"application/json;charset=UTF-8"]
     Content type = application/json;charset=UTF-8
             Body = {"success":true,"response":{"products":[{"id":1,"productName":"기본에 슬라이딩 지퍼백 크리스마스/플라워에디션 에디션 외 주방용품 특가전","carts":[{"id":1,"option":{"id":1,"optionName":"01. 슬라이딩 지퍼백 크리스마스에디션 4종","price":10000},"quantity":5,"price":50000},{"id":2,"option":{"id":2,"optionName":"02. 슬라이딩 지퍼백 플라워에디션 5종","price":10900},"quantity":1,"price":10900}]},{"id":4,"productName":"바른 누룽지맛 발효효소 2박스 역가수치보장 / 외 7종","carts":[{"id":3,"option":{"id":16,"optionName":"선택02_바른곡물효소누룽지맛 6박스","price":50000},"quantity":5,"price":250000}]}],"totalPrice":310900},"error":null}
    Forwarded URL = null
   Redirected URL = null
          Cookies = []
]]></system-out>
  <system-err><![CDATA[]]></system-err>
</testsuite>
