<?xml version="1.0" encoding="UTF-8"?>
<testsuite name="com.example.kakao.user.UserRestControllerTest" tests="5" skipped="0" failures="0" errors="0" timestamp="2023-08-03T03:08:25" hostname="gim-yuseon-ui-MacBookPro-2.local" time="0.662">
  <properties/>
  <testcase name="login_test()" classname="com.example.kakao.user.UserRestControllerTest" time="0.182"/>
  <testcase name="join_test()" classname="com.example.kakao.user.UserRestControllerTest" time="0.305"/>
  <testcase name="loginNotFoundEmail_test()" classname="com.example.kakao.user.UserRestControllerTest" time="0.064"/>
  <testcase name="join_password_validation_test()" classname="com.example.kakao.user.UserRestControllerTest" time="0.053"/>
  <testcase name="join_email_validation_test()" classname="com.example.kakao.user.UserRestControllerTest" time="0.048"/>
  <system-out><![CDATA[2023-08-03 12:08:25.029  INFO 8406 --- [    Test worker] .b.t.c.SpringBootTestContextBootstrapper : Neither @ContextConfiguration nor @ContextHierarchy found for test class [com.example.kakao.user.UserRestControllerTest], using SpringBootContextLoader
2023-08-03 12:08:25.030  INFO 8406 --- [    Test worker] o.s.t.c.support.AbstractContextLoader    : Could not detect default resource locations for test class [com.example.kakao.user.UserRestControllerTest]: no resource found for suffixes {-context.xml, Context.groovy}.
2023-08-03 12:08:25.031  INFO 8406 --- [    Test worker] t.c.s.AnnotationConfigContextLoaderUtils : Could not detect default configuration classes for test class [com.example.kakao.user.UserRestControllerTest]: UserRestControllerTest does not declare any static, non-private, non-final, nested classes annotated with @Configuration.
2023-08-03 12:08:25.048  INFO 8406 --- [    Test worker] .b.t.c.SpringBootTestContextBootstrapper : Found @SpringBootConfiguration com.example.kakao.KakaoApplication for test class com.example.kakao.user.UserRestControllerTest
2023-08-03 12:08:25.051  INFO 8406 --- [    Test worker] .b.t.c.SpringBootTestContextBootstrapper : Loaded default TestExecutionListener class names from location [META-INF/spring.factories]: [org.springframework.security.test.context.support.WithSecurityContextTestExecutionListener, org.springframework.security.test.context.support.ReactorContextTestExecutionListener, org.springframework.boot.test.autoconfigure.restdocs.RestDocsTestExecutionListener, org.springframework.boot.test.autoconfigure.web.client.MockRestServiceServerResetTestExecutionListener, org.springframework.boot.test.autoconfigure.web.servlet.MockMvcPrintOnlyOnFailureTestExecutionListener, org.springframework.boot.test.autoconfigure.web.servlet.WebDriverTestExecutionListener, org.springframework.boot.test.autoconfigure.webservices.client.MockWebServiceServerTestExecutionListener, org.springframework.boot.test.mock.mockito.MockitoTestExecutionListener, org.springframework.boot.test.mock.mockito.ResetMocksTestExecutionListener, org.springframework.test.context.web.ServletTestExecutionListener, org.springframework.test.context.support.DirtiesContextBeforeModesTestExecutionListener, org.springframework.test.context.event.ApplicationEventsTestExecutionListener, org.springframework.test.context.support.DependencyInjectionTestExecutionListener, org.springframework.test.context.support.DirtiesContextTestExecutionListener, org.springframework.test.context.transaction.TransactionalTestExecutionListener, org.springframework.test.context.jdbc.SqlScriptsTestExecutionListener, org.springframework.test.context.event.EventPublishingTestExecutionListener]
2023-08-03 12:08:25.052  INFO 8406 --- [    Test worker] .b.t.c.SpringBootTestContextBootstrapper : Using TestExecutionListeners: [org.springframework.test.context.web.ServletTestExecutionListener@43e7ca6f, org.springframework.test.context.support.DirtiesContextBeforeModesTestExecutionListener@2e3fdf30, org.springframework.test.context.event.ApplicationEventsTestExecutionListener@64934acd, org.springframework.boot.test.mock.mockito.MockitoTestExecutionListener@480b785a, org.springframework.boot.test.autoconfigure.SpringBootDependencyInjectionTestExecutionListener@35427786, org.springframework.test.context.support.DirtiesContextTestExecutionListener@6554f841, org.springframework.test.context.transaction.TransactionalTestExecutionListener@1bef1304, org.springframework.test.context.jdbc.SqlScriptsTestExecutionListener@835718b, org.springframework.security.test.context.support.WithSecurityContextTestExecutionListener@2e6dc94c, org.springframework.test.context.event.EventPublishingTestExecutionListener@6c39ba30, org.springframework.security.test.context.support.ReactorContextTestExecutionListener@f2df380, org.springframework.boot.test.autoconfigure.restdocs.RestDocsTestExecutionListener@2c3762c7, org.springframework.boot.test.autoconfigure.web.client.MockRestServiceServerResetTestExecutionListener@6cd0f9a4, org.springframework.boot.test.autoconfigure.web.servlet.MockMvcPrintOnlyOnFailureTestExecutionListener@4d992634, org.springframework.boot.test.autoconfigure.web.servlet.WebDriverTestExecutionListener@2d487df4, org.springframework.boot.test.autoconfigure.webservices.client.MockWebServiceServerTestExecutionListener@3a7e13c0, org.springframework.boot.test.mock.mockito.ResetMocksTestExecutionListener@5188c0f2]
2023-08-03 12:08:25.083  INFO 8406 --- [    Test worker] o.s.b.t.m.w.SpringBootMockServletContext : Initializing Spring TestDispatcherServlet ''
2023-08-03 12:08:25.083  INFO 8406 --- [    Test worker] o.s.t.web.servlet.TestDispatcherServlet  : Initializing Servlet ''
2023-08-03 12:08:25.084  INFO 8406 --- [    Test worker] o.s.t.web.servlet.TestDispatcherServlet  : Completed initialization in 1 ms

MockHttpServletRequest:
      HTTP Method = POST
      Request URI = /login
       Parameters = {}
          Headers = [Content-Type:"application/json;charset=UTF-8", Content-Length:"112"]
             Body = {"email":"ssarmango@nate.com","password":"{bcrypt}$2a$10$8H0OT8wgtALJkig6fmypi.Y7jzI5Y7W9PGgRKqnVeS2cLWGifwHF2"}
    Session Attrs = {}

Handler:
             Type = com.example.kakao.user.UserRestController
           Method = com.example.kakao.user.UserRestController#login(LoginDTO, Errors)

Async:
    Async started = false
     Async result = null

Resolved Exception:
             Type = com.example.kakao._core.errors.exception.Exception400

ModelAndView:
        View name = null
             View = null
            Model = null

FlashMap:
       Attributes = null

MockHttpServletResponse:
           Status = 400
    Error message = null
          Headers = [Content-Type:"application/json;charset=UTF-8"]
     Content type = application/json;charset=UTF-8
             Body = {"success":false,"response":null,"error":{"message":"8에서 20자 이내여야 합니다.:password","status":400}}
    Forwarded URL = null
   Redirected URL = null
          Cookies = []
2023-08-03 12:08:25.267  INFO 8406 --- [    Test worker] o.s.b.t.m.w.SpringBootMockServletContext : Initializing Spring TestDispatcherServlet ''
2023-08-03 12:08:25.267  INFO 8406 --- [    Test worker] o.s.t.web.servlet.TestDispatcherServlet  : Initializing Servlet ''
2023-08-03 12:08:25.269  INFO 8406 --- [    Test worker] o.s.t.web.servlet.TestDispatcherServlet  : Completed initialization in 2 ms
Hibernate: 
    select
        user0_.id as id1_6_,
        user0_.email as email2_6_,
        user0_.password as password3_6_,
        user0_.roles as roles4_6_,
        user0_.username as username5_6_ 
    from
        user_tb user0_ 
    where
        user0_.email=?
2023-08-03 12:08:25.297 TRACE 8406 --- [    Test worker] o.h.type.descriptor.sql.BasicBinder      : binding parameter [1] as [VARCHAR] - [yuseon@nate.com]
Hibernate: 
    insert 
    into
        user_tb
        (id, email, password, roles, username) 
    values
        (default, ?, ?, ?, ?)
2023-08-03 12:08:25.518 TRACE 8406 --- [    Test worker] o.h.type.descriptor.sql.BasicBinder      : binding parameter [1] as [VARCHAR] - [yuseon@nate.com]
2023-08-03 12:08:25.518 TRACE 8406 --- [    Test worker] o.h.type.descriptor.sql.BasicBinder      : binding parameter [2] as [VARCHAR] - [{bcrypt}$2a$10$yE3ytQVn84saS6kTlbD2P.JXCU4Qm91fS6alCeBSTL1xEUHjVDdGS]
2023-08-03 12:08:25.518 TRACE 8406 --- [    Test worker] o.h.type.descriptor.sql.BasicBinder      : binding parameter [3] as [VARCHAR] - [ROLE_USER]
2023-08-03 12:08:25.519 TRACE 8406 --- [    Test worker] o.h.type.descriptor.sql.BasicBinder      : binding parameter [4] as [VARCHAR] - [kimyuseon]
테스트 : {"success":true,"response":null,"error":null}

MockHttpServletRequest:
      HTTP Method = POST
      Request URI = /join
       Parameters = {}
          Headers = [Content-Type:"application/json;charset=UTF-8", Content-Length:"76"]
             Body = {"email":"yuseon@nate.com","password":"12341234!ab@","username":"kimyuseon"}
    Session Attrs = {}

Handler:
             Type = com.example.kakao.user.UserRestController
           Method = com.example.kakao.user.UserRestController#join(JoinDTO, Errors)

Async:
    Async started = false
     Async result = null

Resolved Exception:
             Type = null

ModelAndView:
        View name = null
             View = null
            Model = null

FlashMap:
       Attributes = null

MockHttpServletResponse:
           Status = 200
    Error message = null
          Headers = [Content-Type:"application/json;charset=UTF-8"]
     Content type = application/json;charset=UTF-8
             Body = {"success":true,"response":null,"error":null}
    Forwarded URL = null
   Redirected URL = null
          Cookies = []
2023-08-03 12:08:25.565  INFO 8406 --- [    Test worker] o.s.b.t.m.w.SpringBootMockServletContext : Initializing Spring TestDispatcherServlet ''
2023-08-03 12:08:25.565  INFO 8406 --- [    Test worker] o.s.t.web.servlet.TestDispatcherServlet  : Initializing Servlet ''
2023-08-03 12:08:25.566  INFO 8406 --- [    Test worker] o.s.t.web.servlet.TestDispatcherServlet  : Completed initialization in 1 ms
테스트 : {"success":false,"response":null,"error":{"message":"must not be empty:username","status":400}}

MockHttpServletRequest:
      HTTP Method = POST
      Request URI = /join
       Parameters = {}
          Headers = [Content-Type:"application/json;charset=UTF-8", Content-Length:"70"]
             Body = {"email":"whatthe@nate.com","password":"12341234!ab@","username":null}
    Session Attrs = {}

Handler:
             Type = com.example.kakao.user.UserRestController
           Method = com.example.kakao.user.UserRestController#join(JoinDTO, Errors)

Async:
    Async started = false
     Async result = null

Resolved Exception:
             Type = com.example.kakao._core.errors.exception.Exception400

ModelAndView:
        View name = null
             View = null
            Model = null

FlashMap:
       Attributes = null

MockHttpServletResponse:
           Status = 400
    Error message = null
          Headers = [Content-Type:"application/json;charset=UTF-8"]
     Content type = application/json;charset=UTF-8
             Body = {"success":false,"response":null,"error":{"message":"must not be empty:username","status":400}}
    Forwarded URL = null
   Redirected URL = null
          Cookies = []
2023-08-03 12:08:25.635  INFO 8406 --- [    Test worker] o.s.b.t.m.w.SpringBootMockServletContext : Initializing Spring TestDispatcherServlet ''
2023-08-03 12:08:25.636  INFO 8406 --- [    Test worker] o.s.t.web.servlet.TestDispatcherServlet  : Initializing Servlet ''
2023-08-03 12:08:25.637  INFO 8406 --- [    Test worker] o.s.t.web.servlet.TestDispatcherServlet  : Completed initialization in 1 ms

MockHttpServletRequest:
      HTTP Method = POST
      Request URI = /join
       Parameters = {}
          Headers = [Content-Type:"application/json;charset=UTF-8", Content-Length:"73"]
             Body = {"email":"yuseon715@nate.com","password":"1234!@","username":"yuseonkim"}
    Session Attrs = {}

Handler:
             Type = com.example.kakao.user.UserRestController
           Method = com.example.kakao.user.UserRestController#join(JoinDTO, Errors)

Async:
    Async started = false
     Async result = null

Resolved Exception:
             Type = com.example.kakao._core.errors.exception.Exception400

ModelAndView:
        View name = null
             View = null
            Model = null

FlashMap:
       Attributes = null

MockHttpServletResponse:
           Status = 400
    Error message = null
          Headers = [Content-Type:"application/json;charset=UTF-8"]
     Content type = application/json;charset=UTF-8
             Body = {"success":false,"response":null,"error":{"message":"영문, 숫자, 특수문자가 포함되어야하고 공백이 포함될 수 없습니다.:password","status":400}}
    Forwarded URL = null
   Redirected URL = null
          Cookies = []
2023-08-03 12:08:25.694  INFO 8406 --- [    Test worker] o.s.b.t.m.w.SpringBootMockServletContext : Initializing Spring TestDispatcherServlet ''
2023-08-03 12:08:25.694  INFO 8406 --- [    Test worker] o.s.t.web.servlet.TestDispatcherServlet  : Initializing Servlet ''
2023-08-03 12:08:25.695  INFO 8406 --- [    Test worker] o.s.t.web.servlet.TestDispatcherServlet  : Completed initialization in 1 ms

MockHttpServletRequest:
      HTTP Method = POST
      Request URI = /join
       Parameters = {}
          Headers = [Content-Type:"application/json;charset=UTF-8", Content-Length:"65"]
             Body = {"email":"yuseun","password":"1234abcd!@","username":"yuseonkim"}
    Session Attrs = {}

Handler:
             Type = com.example.kakao.user.UserRestController
           Method = com.example.kakao.user.UserRestController#join(JoinDTO, Errors)

Async:
    Async started = false
     Async result = null

Resolved Exception:
             Type = com.example.kakao._core.errors.exception.Exception400

ModelAndView:
        View name = null
             View = null
            Model = null

FlashMap:
       Attributes = null

MockHttpServletResponse:
           Status = 400
    Error message = null
          Headers = [Content-Type:"application/json;charset=UTF-8"]
     Content type = application/json;charset=UTF-8
             Body = {"success":false,"response":null,"error":{"message":"이메일 형식으로 작성해주세요:email","status":400}}
    Forwarded URL = null
   Redirected URL = null
          Cookies = []
]]></system-out>
  <system-err><![CDATA[]]></system-err>
</testsuite>
