<?xml version="1.0" encoding="UTF-8"?>
<testsuite name="com.example.kakao.user.UserRestControllerTest" tests="14" skipped="0" failures="0" errors="0" timestamp="2023-08-01T12:24:09" hostname="ijimin-ui-MacBookPro.local" time="0.326">
  <properties/>
  <testcase name="join_sameEmail_fail_test()" classname="com.example.kakao.user.UserRestControllerTest" time="0.032"/>
  <testcase name="sameCheckEmail_test()" classname="com.example.kakao.user.UserRestControllerTest" time="0.012"/>
  <testcase name="login_test()" classname="com.example.kakao.user.UserRestControllerTest" time="0.099"/>
  <testcase name="join_name_length_fail_test()" classname="com.example.kakao.user.UserRestControllerTest" time="0.014"/>
  <testcase name="join_password_fail_test()" classname="com.example.kakao.user.UserRestControllerTest" time="0.01"/>
  <testcase name="join_test()" classname="com.example.kakao.user.UserRestControllerTest" time="0.082"/>
  <testcase name="sameCheckEmail_same_fail_test()" classname="com.example.kakao.user.UserRestControllerTest" time="0.01"/>
  <testcase name="login_format_fail_test()" classname="com.example.kakao.user.UserRestControllerTest" time="0.008"/>
  <testcase name="join_password_length_fail_test()" classname="com.example.kakao.user.UserRestControllerTest" time="0.009"/>
  <testcase name="sameCheckEmail_format_fail_test()" classname="com.example.kakao.user.UserRestControllerTest" time="0.009"/>
  <testcase name="login_Auth_fail_test()" classname="com.example.kakao.user.UserRestControllerTest" time="0.009"/>
  <testcase name="join_format_fail_test()" classname="com.example.kakao.user.UserRestControllerTest" time="0.009"/>
  <testcase name="login_password_format_fail_test()" classname="com.example.kakao.user.UserRestControllerTest" time="0.009"/>
  <testcase name="login_password_fail_test()" classname="com.example.kakao.user.UserRestControllerTest" time="0.008"/>
  <system-out><![CDATA[2023-08-01 21:24:09.872  INFO 6415 --- [    Test worker] .b.t.c.SpringBootTestContextBootstrapper : Neither @ContextConfiguration nor @ContextHierarchy found for test class [com.example.kakao.user.UserRestControllerTest], using SpringBootContextLoader
2023-08-01 21:24:09.872  INFO 6415 --- [    Test worker] o.s.t.c.support.AbstractContextLoader    : Could not detect default resource locations for test class [com.example.kakao.user.UserRestControllerTest]: no resource found for suffixes {-context.xml, Context.groovy}.
2023-08-01 21:24:09.872  INFO 6415 --- [    Test worker] t.c.s.AnnotationConfigContextLoaderUtils : Could not detect default configuration classes for test class [com.example.kakao.user.UserRestControllerTest]: UserRestControllerTest does not declare any static, non-private, non-final, nested classes annotated with @Configuration.
2023-08-01 21:24:09.875  INFO 6415 --- [    Test worker] .b.t.c.SpringBootTestContextBootstrapper : Found @SpringBootConfiguration com.example.kakao.KakaoApplication for test class com.example.kakao.user.UserRestControllerTest
2023-08-01 21:24:09.875  INFO 6415 --- [    Test worker] .b.t.c.SpringBootTestContextBootstrapper : Loaded default TestExecutionListener class names from location [META-INF/spring.factories]: [org.springframework.security.test.context.support.WithSecurityContextTestExecutionListener, org.springframework.security.test.context.support.ReactorContextTestExecutionListener, org.springframework.boot.test.autoconfigure.restdocs.RestDocsTestExecutionListener, org.springframework.boot.test.autoconfigure.web.client.MockRestServiceServerResetTestExecutionListener, org.springframework.boot.test.autoconfigure.web.servlet.MockMvcPrintOnlyOnFailureTestExecutionListener, org.springframework.boot.test.autoconfigure.web.servlet.WebDriverTestExecutionListener, org.springframework.boot.test.autoconfigure.webservices.client.MockWebServiceServerTestExecutionListener, org.springframework.boot.test.mock.mockito.MockitoTestExecutionListener, org.springframework.boot.test.mock.mockito.ResetMocksTestExecutionListener, org.springframework.test.context.web.ServletTestExecutionListener, org.springframework.test.context.support.DirtiesContextBeforeModesTestExecutionListener, org.springframework.test.context.event.ApplicationEventsTestExecutionListener, org.springframework.test.context.support.DependencyInjectionTestExecutionListener, org.springframework.test.context.support.DirtiesContextTestExecutionListener, org.springframework.test.context.transaction.TransactionalTestExecutionListener, org.springframework.test.context.jdbc.SqlScriptsTestExecutionListener, org.springframework.test.context.event.EventPublishingTestExecutionListener]
2023-08-01 21:24:09.876  INFO 6415 --- [    Test worker] .b.t.c.SpringBootTestContextBootstrapper : Using TestExecutionListeners: [org.springframework.test.context.web.ServletTestExecutionListener@297c0311, org.springframework.test.context.support.DirtiesContextBeforeModesTestExecutionListener@3c251258, org.springframework.test.context.event.ApplicationEventsTestExecutionListener@3ad142f0, org.springframework.boot.test.mock.mockito.MockitoTestExecutionListener@59b5251d, org.springframework.boot.test.autoconfigure.SpringBootDependencyInjectionTestExecutionListener@1098c1b1, org.springframework.test.context.support.DirtiesContextTestExecutionListener@4bba628, org.springframework.test.context.transaction.TransactionalTestExecutionListener@344db28d, org.springframework.test.context.jdbc.SqlScriptsTestExecutionListener@4420f4d4, org.springframework.security.test.context.support.WithSecurityContextTestExecutionListener@126320a8, org.springframework.test.context.event.EventPublishingTestExecutionListener@4bb05e2a, org.springframework.security.test.context.support.ReactorContextTestExecutionListener@12b0440b, org.springframework.boot.test.autoconfigure.restdocs.RestDocsTestExecutionListener@517594dd, org.springframework.boot.test.autoconfigure.web.client.MockRestServiceServerResetTestExecutionListener@5a98983b, org.springframework.boot.test.autoconfigure.web.servlet.MockMvcPrintOnlyOnFailureTestExecutionListener@1390cc4c, org.springframework.boot.test.autoconfigure.web.servlet.WebDriverTestExecutionListener@3905229, org.springframework.boot.test.autoconfigure.webservices.client.MockWebServiceServerTestExecutionListener@7ebefdfa, org.springframework.boot.test.mock.mockito.ResetMocksTestExecutionListener@60f9fb56]
Hibernate: 
    select
        user0_.id as id1_6_,
        user0_.email as email2_6_,
        user0_.password as password3_6_,
        user0_.roles as roles4_6_,
        user0_.username as username5_6_ 
    from
        user_tb user0_ 
    where
        user0_.email=?
2023-08-01 21:24:09.881 TRACE 6415 --- [    Test worker] o.h.type.descriptor.sql.BasicBinder      : binding parameter [1] as [VARCHAR] - [ssarmango@nate.com]
2023-08-01 21:24:09.881 TRACE 6415 --- [    Test worker] o.h.type.descriptor.sql.BasicExtractor   : extracted value ([id1_6_] : [INTEGER]) - [1]
2023-08-01 21:24:09.881 TRACE 6415 --- [    Test worker] o.h.type.descriptor.sql.BasicExtractor   : extracted value ([email2_6_] : [VARCHAR]) - [ssarmango@nate.com]
2023-08-01 21:24:09.881 TRACE 6415 --- [    Test worker] o.h.type.descriptor.sql.BasicExtractor   : extracted value ([password3_6_] : [VARCHAR]) - [{bcrypt}$2a$10$8H0OT8wgtALJkig6fmypi.Y7jzI5Y7W9PGgRKqnVeS2cLWGifwHF2]
2023-08-01 21:24:09.881 TRACE 6415 --- [    Test worker] o.h.type.descriptor.sql.BasicExtractor   : extracted value ([roles4_6_] : [VARCHAR]) - [ROLE_USER]
2023-08-01 21:24:09.881 TRACE 6415 --- [    Test worker] o.h.type.descriptor.sql.BasicExtractor   : extracted value ([username5_6_] : [VARCHAR]) - [ssarmango]
2023-08-01 21:24:09.882  INFO 6415 --- [    Test worker] o.s.b.t.m.w.SpringBootMockServletContext : Initializing Spring TestDispatcherServlet ''
2023-08-01 21:24:09.882  INFO 6415 --- [    Test worker] o.s.t.web.servlet.TestDispatcherServlet  : Initializing Servlet ''
2023-08-01 21:24:09.882  INFO 6415 --- [    Test worker] o.s.t.web.servlet.TestDispatcherServlet  : Completed initialization in 0 ms
Hibernate: 
    select
        user0_.id as id1_6_,
        user0_.email as email2_6_,
        user0_.password as password3_6_,
        user0_.roles as roles4_6_,
        user0_.username as username5_6_ 
    from
        user_tb user0_ 
    where
        user0_.email=?
2023-08-01 21:24:09.904 TRACE 6415 --- [    Test worker] o.h.type.descriptor.sql.BasicBinder      : binding parameter [1] as [VARCHAR] - [ssarmango@nate.com]
2023-08-01 21:24:09.904 TRACE 6415 --- [    Test worker] o.h.type.descriptor.sql.BasicExtractor   : extracted value ([id1_6_] : [INTEGER]) - [1]
2023-08-01 21:24:09.904 TRACE 6415 --- [    Test worker] o.h.type.descriptor.sql.BasicExtractor   : extracted value ([email2_6_] : [VARCHAR]) - [ssarmango@nate.com]
2023-08-01 21:24:09.904 TRACE 6415 --- [    Test worker] o.h.type.descriptor.sql.BasicExtractor   : extracted value ([password3_6_] : [VARCHAR]) - [{bcrypt}$2a$10$8H0OT8wgtALJkig6fmypi.Y7jzI5Y7W9PGgRKqnVeS2cLWGifwHF2]
2023-08-01 21:24:09.904 TRACE 6415 --- [    Test worker] o.h.type.descriptor.sql.BasicExtractor   : extracted value ([roles4_6_] : [VARCHAR]) - [ROLE_USER]
2023-08-01 21:24:09.904 TRACE 6415 --- [    Test worker] o.h.type.descriptor.sql.BasicExtractor   : extracted value ([username5_6_] : [VARCHAR]) - [ssarmango]

MockHttpServletRequest:
      HTTP Method = POST
      Request URI = /join
       Parameters = {}
          Headers = [Content-Type:"application/json;charset=UTF-8", Content-Length:"76"]
             Body = {"email":"ssarmango@nate.com","password":"meta1234!","username":"ssarmango"}
    Session Attrs = {}

Handler:
             Type = com.example.kakao.user.UserRestController
           Method = com.example.kakao.user.UserRestController#join(JoinDTO, Errors)

Async:
    Async started = false
     Async result = null

Resolved Exception:
             Type = com.example.kakao._core.errors.exception.Exception400

ModelAndView:
        View name = null
             View = null
            Model = null

FlashMap:
       Attributes = null

MockHttpServletResponse:
           Status = 400
    Error message = null
          Headers = [Content-Type:"application/json;charset=UTF-8"]
     Content type = application/json;charset=UTF-8
             Body = {"success":false,"response":null,"error":{"message":"동일한 이메일이 존재합니다 : ssarmango@nate.com","status":400}}
    Forwarded URL = null
   Redirected URL = null
          Cookies = []
Hibernate: 
    select
        user0_.id as id1_6_,
        user0_.email as email2_6_,
        user0_.password as password3_6_,
        user0_.roles as roles4_6_,
        user0_.username as username5_6_ 
    from
        user_tb user0_ 
    where
        user0_.email=?
2023-08-01 21:24:09.913 TRACE 6415 --- [    Test worker] o.h.type.descriptor.sql.BasicBinder      : binding parameter [1] as [VARCHAR] - [ssarmango@nate.com]
2023-08-01 21:24:09.913 TRACE 6415 --- [    Test worker] o.h.type.descriptor.sql.BasicExtractor   : extracted value ([id1_6_] : [INTEGER]) - [1]
2023-08-01 21:24:09.913 TRACE 6415 --- [    Test worker] o.h.type.descriptor.sql.BasicExtractor   : extracted value ([email2_6_] : [VARCHAR]) - [ssarmango@nate.com]
2023-08-01 21:24:09.913 TRACE 6415 --- [    Test worker] o.h.type.descriptor.sql.BasicExtractor   : extracted value ([password3_6_] : [VARCHAR]) - [{bcrypt}$2a$10$8H0OT8wgtALJkig6fmypi.Y7jzI5Y7W9PGgRKqnVeS2cLWGifwHF2]
2023-08-01 21:24:09.913 TRACE 6415 --- [    Test worker] o.h.type.descriptor.sql.BasicExtractor   : extracted value ([roles4_6_] : [VARCHAR]) - [ROLE_USER]
2023-08-01 21:24:09.913 TRACE 6415 --- [    Test worker] o.h.type.descriptor.sql.BasicExtractor   : extracted value ([username5_6_] : [VARCHAR]) - [ssarmango]
2023-08-01 21:24:09.914  INFO 6415 --- [    Test worker] o.s.b.t.m.w.SpringBootMockServletContext : Initializing Spring TestDispatcherServlet ''
2023-08-01 21:24:09.914  INFO 6415 --- [    Test worker] o.s.t.web.servlet.TestDispatcherServlet  : Initializing Servlet ''
2023-08-01 21:24:09.914  INFO 6415 --- [    Test worker] o.s.t.web.servlet.TestDispatcherServlet  : Completed initialization in 0 ms
Hibernate: 
    select
        user0_.id as id1_6_,
        user0_.email as email2_6_,
        user0_.password as password3_6_,
        user0_.roles as roles4_6_,
        user0_.username as username5_6_ 
    from
        user_tb user0_ 
    where
        user0_.email=?
2023-08-01 21:24:09.916 TRACE 6415 --- [    Test worker] o.h.type.descriptor.sql.BasicBinder      : binding parameter [1] as [VARCHAR] - [ssarmangoo@nate.com]
테스트 : {"success":true,"response":null,"error":null}

MockHttpServletRequest:
      HTTP Method = POST
      Request URI = /check
       Parameters = {}
          Headers = [Content-Type:"application/json;charset=UTF-8", Content-Length:"31"]
             Body = {"email":"ssarmangoo@nate.com"}
    Session Attrs = {}

Handler:
             Type = com.example.kakao.user.UserRestController
           Method = com.example.kakao.user.UserRestController#check(EmailCheckDTO, Errors)

Async:
    Async started = false
     Async result = null

Resolved Exception:
             Type = null

ModelAndView:
        View name = null
             View = null
            Model = null

FlashMap:
       Attributes = null

MockHttpServletResponse:
           Status = 200
    Error message = null
          Headers = [Content-Type:"application/json;charset=UTF-8"]
     Content type = application/json;charset=UTF-8
             Body = {"success":true,"response":null,"error":null}
    Forwarded URL = null
   Redirected URL = null
          Cookies = []
Hibernate: 
    select
        user0_.id as id1_6_,
        user0_.email as email2_6_,
        user0_.password as password3_6_,
        user0_.roles as roles4_6_,
        user0_.username as username5_6_ 
    from
        user_tb user0_ 
    where
        user0_.email=?
2023-08-01 21:24:09.925 TRACE 6415 --- [    Test worker] o.h.type.descriptor.sql.BasicBinder      : binding parameter [1] as [VARCHAR] - [ssarmango@nate.com]
2023-08-01 21:24:09.925 TRACE 6415 --- [    Test worker] o.h.type.descriptor.sql.BasicExtractor   : extracted value ([id1_6_] : [INTEGER]) - [1]
2023-08-01 21:24:09.926 TRACE 6415 --- [    Test worker] o.h.type.descriptor.sql.BasicExtractor   : extracted value ([email2_6_] : [VARCHAR]) - [ssarmango@nate.com]
2023-08-01 21:24:09.926 TRACE 6415 --- [    Test worker] o.h.type.descriptor.sql.BasicExtractor   : extracted value ([password3_6_] : [VARCHAR]) - [{bcrypt}$2a$10$8H0OT8wgtALJkig6fmypi.Y7jzI5Y7W9PGgRKqnVeS2cLWGifwHF2]
2023-08-01 21:24:09.926 TRACE 6415 --- [    Test worker] o.h.type.descriptor.sql.BasicExtractor   : extracted value ([roles4_6_] : [VARCHAR]) - [ROLE_USER]
2023-08-01 21:24:09.926 TRACE 6415 --- [    Test worker] o.h.type.descriptor.sql.BasicExtractor   : extracted value ([username5_6_] : [VARCHAR]) - [ssarmango]
2023-08-01 21:24:09.926  INFO 6415 --- [    Test worker] o.s.b.t.m.w.SpringBootMockServletContext : Initializing Spring TestDispatcherServlet ''
2023-08-01 21:24:09.926  INFO 6415 --- [    Test worker] o.s.t.web.servlet.TestDispatcherServlet  : Initializing Servlet ''
2023-08-01 21:24:09.926  INFO 6415 --- [    Test worker] o.s.t.web.servlet.TestDispatcherServlet  : Completed initialization in 0 ms
Hibernate: 
    select
        user0_.id as id1_6_,
        user0_.email as email2_6_,
        user0_.password as password3_6_,
        user0_.roles as roles4_6_,
        user0_.username as username5_6_ 
    from
        user_tb user0_ 
    where
        user0_.email=?
2023-08-01 21:24:09.928 TRACE 6415 --- [    Test worker] o.h.type.descriptor.sql.BasicBinder      : binding parameter [1] as [VARCHAR] - [ssarmango@nate.com]
2023-08-01 21:24:09.928 TRACE 6415 --- [    Test worker] o.h.type.descriptor.sql.BasicExtractor   : extracted value ([id1_6_] : [INTEGER]) - [1]
2023-08-01 21:24:09.928 TRACE 6415 --- [    Test worker] o.h.type.descriptor.sql.BasicExtractor   : extracted value ([email2_6_] : [VARCHAR]) - [ssarmango@nate.com]
2023-08-01 21:24:09.928 TRACE 6415 --- [    Test worker] o.h.type.descriptor.sql.BasicExtractor   : extracted value ([password3_6_] : [VARCHAR]) - [{bcrypt}$2a$10$8H0OT8wgtALJkig6fmypi.Y7jzI5Y7W9PGgRKqnVeS2cLWGifwHF2]
2023-08-01 21:24:09.928 TRACE 6415 --- [    Test worker] o.h.type.descriptor.sql.BasicExtractor   : extracted value ([roles4_6_] : [VARCHAR]) - [ROLE_USER]
2023-08-01 21:24:09.928 TRACE 6415 --- [    Test worker] o.h.type.descriptor.sql.BasicExtractor   : extracted value ([username5_6_] : [VARCHAR]) - [ssarmango]
테스트 : {"success":true,"response":null,"error":null}

MockHttpServletRequest:
      HTTP Method = POST
      Request URI = /login
       Parameters = {}
          Headers = [Content-Type:"application/json;charset=UTF-8", Content-Length:"53"]
             Body = {"email":"ssarmango@nate.com","password":"meta1234!"}
    Session Attrs = {}

Handler:
             Type = com.example.kakao.user.UserRestController
           Method = com.example.kakao.user.UserRestController#login(LoginDTO, Errors)

Async:
    Async started = false
     Async result = null

Resolved Exception:
             Type = null

ModelAndView:
        View name = null
             View = null
            Model = null

FlashMap:
       Attributes = null

MockHttpServletResponse:
           Status = 200
    Error message = null
          Headers = [Authorization:"Bearer eyJ0eXAiOiJKV1QiLCJhbGciOiJIUzUxMiJ9.eyJzdWIiOiJzc2FybWFuZ29AbmF0ZS5jb20iLCJyb2xlIjoiUk9MRV9VU0VSIiwiaWQiOjEsImV4cCI6MTY5MTA2NTQ1MH0.LvEmVZYF_YHlJktTQL1-82wVbVdl8HzVnv0LhoXE8nFwPJMsV7B74TAPxxehjCqwQNs1r6F4trv1DUK7ppFe9A", Content-Type:"application/json;charset=UTF-8"]
     Content type = application/json;charset=UTF-8
             Body = {"success":true,"response":null,"error":null}
    Forwarded URL = null
   Redirected URL = null
          Cookies = []
Hibernate: 
    select
        user0_.id as id1_6_,
        user0_.email as email2_6_,
        user0_.password as password3_6_,
        user0_.roles as roles4_6_,
        user0_.username as username5_6_ 
    from
        user_tb user0_ 
    where
        user0_.email=?
2023-08-01 21:24:10.025 TRACE 6415 --- [    Test worker] o.h.type.descriptor.sql.BasicBinder      : binding parameter [1] as [VARCHAR] - [ssarmango@nate.com]
2023-08-01 21:24:10.025 TRACE 6415 --- [    Test worker] o.h.type.descriptor.sql.BasicExtractor   : extracted value ([id1_6_] : [INTEGER]) - [1]
2023-08-01 21:24:10.025 TRACE 6415 --- [    Test worker] o.h.type.descriptor.sql.BasicExtractor   : extracted value ([email2_6_] : [VARCHAR]) - [ssarmango@nate.com]
2023-08-01 21:24:10.026 TRACE 6415 --- [    Test worker] o.h.type.descriptor.sql.BasicExtractor   : extracted value ([password3_6_] : [VARCHAR]) - [{bcrypt}$2a$10$8H0OT8wgtALJkig6fmypi.Y7jzI5Y7W9PGgRKqnVeS2cLWGifwHF2]
2023-08-01 21:24:10.026 TRACE 6415 --- [    Test worker] o.h.type.descriptor.sql.BasicExtractor   : extracted value ([roles4_6_] : [VARCHAR]) - [ROLE_USER]
2023-08-01 21:24:10.026 TRACE 6415 --- [    Test worker] o.h.type.descriptor.sql.BasicExtractor   : extracted value ([username5_6_] : [VARCHAR]) - [ssarmango]
2023-08-01 21:24:10.026  INFO 6415 --- [    Test worker] o.s.b.t.m.w.SpringBootMockServletContext : Initializing Spring TestDispatcherServlet ''
2023-08-01 21:24:10.026  INFO 6415 --- [    Test worker] o.s.t.web.servlet.TestDispatcherServlet  : Initializing Servlet ''
2023-08-01 21:24:10.026  INFO 6415 --- [    Test worker] o.s.t.web.servlet.TestDispatcherServlet  : Completed initialization in 0 ms

MockHttpServletRequest:
      HTTP Method = POST
      Request URI = /join
       Parameters = {}
          Headers = [Content-Type:"application/json;charset=UTF-8", Content-Length:"72"]
             Body = {"email":"ssarmangoo@nate.com","password":"meta1234!","username":"ssar"}
    Session Attrs = {}

Handler:
             Type = com.example.kakao.user.UserRestController
           Method = com.example.kakao.user.UserRestController#join(JoinDTO, Errors)

Async:
    Async started = false
     Async result = null

Resolved Exception:
             Type = com.example.kakao._core.errors.exception.Exception400

ModelAndView:
        View name = null
             View = null
            Model = null

FlashMap:
       Attributes = null

MockHttpServletResponse:
           Status = 400
    Error message = null
          Headers = [Content-Type:"application/json;charset=UTF-8"]
     Content type = application/json;charset=UTF-8
             Body = {"success":false,"response":null,"error":{"message":"8에서 45자 이내여야 합니다.:username","status":400}}
    Forwarded URL = null
   Redirected URL = null
          Cookies = []
Hibernate: 
    select
        user0_.id as id1_6_,
        user0_.email as email2_6_,
        user0_.password as password3_6_,
        user0_.roles as roles4_6_,
        user0_.username as username5_6_ 
    from
        user_tb user0_ 
    where
        user0_.email=?
2023-08-01 21:24:10.039 TRACE 6415 --- [    Test worker] o.h.type.descriptor.sql.BasicBinder      : binding parameter [1] as [VARCHAR] - [ssarmango@nate.com]
2023-08-01 21:24:10.039 TRACE 6415 --- [    Test worker] o.h.type.descriptor.sql.BasicExtractor   : extracted value ([id1_6_] : [INTEGER]) - [1]
2023-08-01 21:24:10.039 TRACE 6415 --- [    Test worker] o.h.type.descriptor.sql.BasicExtractor   : extracted value ([email2_6_] : [VARCHAR]) - [ssarmango@nate.com]
2023-08-01 21:24:10.039 TRACE 6415 --- [    Test worker] o.h.type.descriptor.sql.BasicExtractor   : extracted value ([password3_6_] : [VARCHAR]) - [{bcrypt}$2a$10$8H0OT8wgtALJkig6fmypi.Y7jzI5Y7W9PGgRKqnVeS2cLWGifwHF2]
2023-08-01 21:24:10.040 TRACE 6415 --- [    Test worker] o.h.type.descriptor.sql.BasicExtractor   : extracted value ([roles4_6_] : [VARCHAR]) - [ROLE_USER]
2023-08-01 21:24:10.040 TRACE 6415 --- [    Test worker] o.h.type.descriptor.sql.BasicExtractor   : extracted value ([username5_6_] : [VARCHAR]) - [ssarmango]
2023-08-01 21:24:10.040  INFO 6415 --- [    Test worker] o.s.b.t.m.w.SpringBootMockServletContext : Initializing Spring TestDispatcherServlet ''
2023-08-01 21:24:10.040  INFO 6415 --- [    Test worker] o.s.t.web.servlet.TestDispatcherServlet  : Initializing Servlet ''
2023-08-01 21:24:10.040  INFO 6415 --- [    Test worker] o.s.t.web.servlet.TestDispatcherServlet  : Completed initialization in 0 ms

MockHttpServletRequest:
      HTTP Method = POST
      Request URI = /join
       Parameters = {}
          Headers = [Content-Type:"application/json;charset=UTF-8", Content-Length:"75"]
             Body = {"email":"ssarmango@nate.com","password":"meta1234","username":"ssarmango"}
    Session Attrs = {}

Handler:
             Type = com.example.kakao.user.UserRestController
           Method = com.example.kakao.user.UserRestController#join(JoinDTO, Errors)

Async:
    Async started = false
     Async result = null

Resolved Exception:
             Type = com.example.kakao._core.errors.exception.Exception400

ModelAndView:
        View name = null
             View = null
            Model = null

FlashMap:
       Attributes = null

MockHttpServletResponse:
           Status = 400
    Error message = null
          Headers = [Content-Type:"application/json;charset=UTF-8"]
     Content type = application/json;charset=UTF-8
             Body = {"success":false,"response":null,"error":{"message":"영문, 숫자, 특수문자가 포함되어야하고 공백이 포함될 수 없습니다.:password","status":400}}
    Forwarded URL = null
   Redirected URL = null
          Cookies = []
Hibernate: 
    select
        user0_.id as id1_6_,
        user0_.email as email2_6_,
        user0_.password as password3_6_,
        user0_.roles as roles4_6_,
        user0_.username as username5_6_ 
    from
        user_tb user0_ 
    where
        user0_.email=?
2023-08-01 21:24:10.050 TRACE 6415 --- [    Test worker] o.h.type.descriptor.sql.BasicBinder      : binding parameter [1] as [VARCHAR] - [ssarmango@nate.com]
2023-08-01 21:24:10.050 TRACE 6415 --- [    Test worker] o.h.type.descriptor.sql.BasicExtractor   : extracted value ([id1_6_] : [INTEGER]) - [1]
2023-08-01 21:24:10.050 TRACE 6415 --- [    Test worker] o.h.type.descriptor.sql.BasicExtractor   : extracted value ([email2_6_] : [VARCHAR]) - [ssarmango@nate.com]
2023-08-01 21:24:10.050 TRACE 6415 --- [    Test worker] o.h.type.descriptor.sql.BasicExtractor   : extracted value ([password3_6_] : [VARCHAR]) - [{bcrypt}$2a$10$8H0OT8wgtALJkig6fmypi.Y7jzI5Y7W9PGgRKqnVeS2cLWGifwHF2]
2023-08-01 21:24:10.050 TRACE 6415 --- [    Test worker] o.h.type.descriptor.sql.BasicExtractor   : extracted value ([roles4_6_] : [VARCHAR]) - [ROLE_USER]
2023-08-01 21:24:10.050 TRACE 6415 --- [    Test worker] o.h.type.descriptor.sql.BasicExtractor   : extracted value ([username5_6_] : [VARCHAR]) - [ssarmango]
2023-08-01 21:24:10.050  INFO 6415 --- [    Test worker] o.s.b.t.m.w.SpringBootMockServletContext : Initializing Spring TestDispatcherServlet ''
2023-08-01 21:24:10.050  INFO 6415 --- [    Test worker] o.s.t.web.servlet.TestDispatcherServlet  : Initializing Servlet ''
2023-08-01 21:24:10.051  INFO 6415 --- [    Test worker] o.s.t.web.servlet.TestDispatcherServlet  : Completed initialization in 1 ms
Hibernate: 
    select
        user0_.id as id1_6_,
        user0_.email as email2_6_,
        user0_.password as password3_6_,
        user0_.roles as roles4_6_,
        user0_.username as username5_6_ 
    from
        user_tb user0_ 
    where
        user0_.email=?
2023-08-01 21:24:10.051 TRACE 6415 --- [    Test worker] o.h.type.descriptor.sql.BasicBinder      : binding parameter [1] as [VARCHAR] - [ssarmangoo@nate.com]
Hibernate: 
    insert 
    into
        user_tb
        (id, email, password, roles, username) 
    values
        (default, ?, ?, ?, ?)
2023-08-01 21:24:10.123 TRACE 6415 --- [    Test worker] o.h.type.descriptor.sql.BasicBinder      : binding parameter [1] as [VARCHAR] - [ssarmangoo@nate.com]
2023-08-01 21:24:10.123 TRACE 6415 --- [    Test worker] o.h.type.descriptor.sql.BasicBinder      : binding parameter [2] as [VARCHAR] - [{bcrypt}$2a$10$sKqpOAV1UWPyDCNgiM7LQOVF8EsqCwIyhc/.LJSNuvviTCuRoiZBG]
2023-08-01 21:24:10.123 TRACE 6415 --- [    Test worker] o.h.type.descriptor.sql.BasicBinder      : binding parameter [3] as [VARCHAR] - [ROLE_USER]
2023-08-01 21:24:10.123 TRACE 6415 --- [    Test worker] o.h.type.descriptor.sql.BasicBinder      : binding parameter [4] as [VARCHAR] - [ssarmango]
테스트 : {"success":true,"response":null,"error":null}

MockHttpServletRequest:
      HTTP Method = POST
      Request URI = /join
       Parameters = {}
          Headers = [Content-Type:"application/json;charset=UTF-8", Content-Length:"77"]
             Body = {"email":"ssarmangoo@nate.com","password":"meta1234!","username":"ssarmango"}
    Session Attrs = {}

Handler:
             Type = com.example.kakao.user.UserRestController
           Method = com.example.kakao.user.UserRestController#join(JoinDTO, Errors)

Async:
    Async started = false
     Async result = null

Resolved Exception:
             Type = null

ModelAndView:
        View name = null
             View = null
            Model = null

FlashMap:
       Attributes = null

MockHttpServletResponse:
           Status = 200
    Error message = null
          Headers = [Content-Type:"application/json;charset=UTF-8"]
     Content type = application/json;charset=UTF-8
             Body = {"success":true,"response":null,"error":null}
    Forwarded URL = null
   Redirected URL = null
          Cookies = []
Hibernate: 
    select
        user0_.id as id1_6_,
        user0_.email as email2_6_,
        user0_.password as password3_6_,
        user0_.roles as roles4_6_,
        user0_.username as username5_6_ 
    from
        user_tb user0_ 
    where
        user0_.email=?
2023-08-01 21:24:10.132 TRACE 6415 --- [    Test worker] o.h.type.descriptor.sql.BasicBinder      : binding parameter [1] as [VARCHAR] - [ssarmango@nate.com]
2023-08-01 21:24:10.132 TRACE 6415 --- [    Test worker] o.h.type.descriptor.sql.BasicExtractor   : extracted value ([id1_6_] : [INTEGER]) - [1]
2023-08-01 21:24:10.132 TRACE 6415 --- [    Test worker] o.h.type.descriptor.sql.BasicExtractor   : extracted value ([email2_6_] : [VARCHAR]) - [ssarmango@nate.com]
2023-08-01 21:24:10.132 TRACE 6415 --- [    Test worker] o.h.type.descriptor.sql.BasicExtractor   : extracted value ([password3_6_] : [VARCHAR]) - [{bcrypt}$2a$10$8H0OT8wgtALJkig6fmypi.Y7jzI5Y7W9PGgRKqnVeS2cLWGifwHF2]
2023-08-01 21:24:10.132 TRACE 6415 --- [    Test worker] o.h.type.descriptor.sql.BasicExtractor   : extracted value ([roles4_6_] : [VARCHAR]) - [ROLE_USER]
2023-08-01 21:24:10.132 TRACE 6415 --- [    Test worker] o.h.type.descriptor.sql.BasicExtractor   : extracted value ([username5_6_] : [VARCHAR]) - [ssarmango]
2023-08-01 21:24:10.132  INFO 6415 --- [    Test worker] o.s.b.t.m.w.SpringBootMockServletContext : Initializing Spring TestDispatcherServlet ''
2023-08-01 21:24:10.132  INFO 6415 --- [    Test worker] o.s.t.web.servlet.TestDispatcherServlet  : Initializing Servlet ''
2023-08-01 21:24:10.133  INFO 6415 --- [    Test worker] o.s.t.web.servlet.TestDispatcherServlet  : Completed initialization in 1 ms
Hibernate: 
    select
        user0_.id as id1_6_,
        user0_.email as email2_6_,
        user0_.password as password3_6_,
        user0_.roles as roles4_6_,
        user0_.username as username5_6_ 
    from
        user_tb user0_ 
    where
        user0_.email=?
2023-08-01 21:24:10.133 TRACE 6415 --- [    Test worker] o.h.type.descriptor.sql.BasicBinder      : binding parameter [1] as [VARCHAR] - [ssarmango@nate.com]
2023-08-01 21:24:10.133 TRACE 6415 --- [    Test worker] o.h.type.descriptor.sql.BasicExtractor   : extracted value ([id1_6_] : [INTEGER]) - [1]
2023-08-01 21:24:10.133 TRACE 6415 --- [    Test worker] o.h.type.descriptor.sql.BasicExtractor   : extracted value ([email2_6_] : [VARCHAR]) - [ssarmango@nate.com]
2023-08-01 21:24:10.133 TRACE 6415 --- [    Test worker] o.h.type.descriptor.sql.BasicExtractor   : extracted value ([password3_6_] : [VARCHAR]) - [{bcrypt}$2a$10$8H0OT8wgtALJkig6fmypi.Y7jzI5Y7W9PGgRKqnVeS2cLWGifwHF2]
2023-08-01 21:24:10.134 TRACE 6415 --- [    Test worker] o.h.type.descriptor.sql.BasicExtractor   : extracted value ([roles4_6_] : [VARCHAR]) - [ROLE_USER]
2023-08-01 21:24:10.134 TRACE 6415 --- [    Test worker] o.h.type.descriptor.sql.BasicExtractor   : extracted value ([username5_6_] : [VARCHAR]) - [ssarmango]

MockHttpServletRequest:
      HTTP Method = POST
      Request URI = /check
       Parameters = {}
          Headers = [Content-Type:"application/json;charset=UTF-8", Content-Length:"30"]
             Body = {"email":"ssarmango@nate.com"}
    Session Attrs = {}

Handler:
             Type = com.example.kakao.user.UserRestController
           Method = com.example.kakao.user.UserRestController#check(EmailCheckDTO, Errors)

Async:
    Async started = false
     Async result = null

Resolved Exception:
             Type = com.example.kakao._core.errors.exception.Exception400

ModelAndView:
        View name = null
             View = null
            Model = null

FlashMap:
       Attributes = null

MockHttpServletResponse:
           Status = 400
    Error message = null
          Headers = [Content-Type:"application/json;charset=UTF-8"]
     Content type = application/json;charset=UTF-8
             Body = {"success":false,"response":null,"error":{"message":"동일한 이메일이 존재합니다 : ssarmango@nate.com","status":400}}
    Forwarded URL = null
   Redirected URL = null
          Cookies = []
Hibernate: 
    select
        user0_.id as id1_6_,
        user0_.email as email2_6_,
        user0_.password as password3_6_,
        user0_.roles as roles4_6_,
        user0_.username as username5_6_ 
    from
        user_tb user0_ 
    where
        user0_.email=?
2023-08-01 21:24:10.141 TRACE 6415 --- [    Test worker] o.h.type.descriptor.sql.BasicBinder      : binding parameter [1] as [VARCHAR] - [ssarmango@nate.com]
2023-08-01 21:24:10.141 TRACE 6415 --- [    Test worker] o.h.type.descriptor.sql.BasicExtractor   : extracted value ([id1_6_] : [INTEGER]) - [1]
2023-08-01 21:24:10.141 TRACE 6415 --- [    Test worker] o.h.type.descriptor.sql.BasicExtractor   : extracted value ([email2_6_] : [VARCHAR]) - [ssarmango@nate.com]
2023-08-01 21:24:10.141 TRACE 6415 --- [    Test worker] o.h.type.descriptor.sql.BasicExtractor   : extracted value ([password3_6_] : [VARCHAR]) - [{bcrypt}$2a$10$8H0OT8wgtALJkig6fmypi.Y7jzI5Y7W9PGgRKqnVeS2cLWGifwHF2]
2023-08-01 21:24:10.141 TRACE 6415 --- [    Test worker] o.h.type.descriptor.sql.BasicExtractor   : extracted value ([roles4_6_] : [VARCHAR]) - [ROLE_USER]
2023-08-01 21:24:10.141 TRACE 6415 --- [    Test worker] o.h.type.descriptor.sql.BasicExtractor   : extracted value ([username5_6_] : [VARCHAR]) - [ssarmango]
2023-08-01 21:24:10.142  INFO 6415 --- [    Test worker] o.s.b.t.m.w.SpringBootMockServletContext : Initializing Spring TestDispatcherServlet ''
2023-08-01 21:24:10.142  INFO 6415 --- [    Test worker] o.s.t.web.servlet.TestDispatcherServlet  : Initializing Servlet ''
2023-08-01 21:24:10.142  INFO 6415 --- [    Test worker] o.s.t.web.servlet.TestDispatcherServlet  : Completed initialization in 0 ms

MockHttpServletRequest:
      HTTP Method = POST
      Request URI = /login
       Parameters = {}
          Headers = [Content-Type:"application/json;charset=UTF-8", Content-Length:"48"]
             Body = {"email":"ssarmango.com","password":"meta1234!"}
    Session Attrs = {}

Handler:
             Type = com.example.kakao.user.UserRestController
           Method = com.example.kakao.user.UserRestController#login(LoginDTO, Errors)

Async:
    Async started = false
     Async result = null

Resolved Exception:
             Type = com.example.kakao._core.errors.exception.Exception400

ModelAndView:
        View name = null
             View = null
            Model = null

FlashMap:
       Attributes = null

MockHttpServletResponse:
           Status = 400
    Error message = null
          Headers = [Content-Type:"application/json;charset=UTF-8"]
     Content type = application/json;charset=UTF-8
             Body = {"success":false,"response":null,"error":{"message":"이메일 형식으로 작성해주세요:email","status":400}}
    Forwarded URL = null
   Redirected URL = null
          Cookies = []
Hibernate: 
    select
        user0_.id as id1_6_,
        user0_.email as email2_6_,
        user0_.password as password3_6_,
        user0_.roles as roles4_6_,
        user0_.username as username5_6_ 
    from
        user_tb user0_ 
    where
        user0_.email=?
2023-08-01 21:24:10.151 TRACE 6415 --- [    Test worker] o.h.type.descriptor.sql.BasicBinder      : binding parameter [1] as [VARCHAR] - [ssarmango@nate.com]
2023-08-01 21:24:10.151 TRACE 6415 --- [    Test worker] o.h.type.descriptor.sql.BasicExtractor   : extracted value ([id1_6_] : [INTEGER]) - [1]
2023-08-01 21:24:10.151 TRACE 6415 --- [    Test worker] o.h.type.descriptor.sql.BasicExtractor   : extracted value ([email2_6_] : [VARCHAR]) - [ssarmango@nate.com]
2023-08-01 21:24:10.151 TRACE 6415 --- [    Test worker] o.h.type.descriptor.sql.BasicExtractor   : extracted value ([password3_6_] : [VARCHAR]) - [{bcrypt}$2a$10$8H0OT8wgtALJkig6fmypi.Y7jzI5Y7W9PGgRKqnVeS2cLWGifwHF2]
2023-08-01 21:24:10.151 TRACE 6415 --- [    Test worker] o.h.type.descriptor.sql.BasicExtractor   : extracted value ([roles4_6_] : [VARCHAR]) - [ROLE_USER]
2023-08-01 21:24:10.151 TRACE 6415 --- [    Test worker] o.h.type.descriptor.sql.BasicExtractor   : extracted value ([username5_6_] : [VARCHAR]) - [ssarmango]
2023-08-01 21:24:10.151  INFO 6415 --- [    Test worker] o.s.b.t.m.w.SpringBootMockServletContext : Initializing Spring TestDispatcherServlet ''
2023-08-01 21:24:10.151  INFO 6415 --- [    Test worker] o.s.t.web.servlet.TestDispatcherServlet  : Initializing Servlet ''
2023-08-01 21:24:10.151  INFO 6415 --- [    Test worker] o.s.t.web.servlet.TestDispatcherServlet  : Completed initialization in 0 ms

MockHttpServletRequest:
      HTTP Method = POST
      Request URI = /join
       Parameters = {}
          Headers = [Content-Type:"application/json;charset=UTF-8", Content-Length:"75"]
             Body = {"email":"ssarmangoo@nate.com","password":"meta12!","username":"ssarmango"}
    Session Attrs = {}

Handler:
             Type = com.example.kakao.user.UserRestController
           Method = com.example.kakao.user.UserRestController#join(JoinDTO, Errors)

Async:
    Async started = false
     Async result = null

Resolved Exception:
             Type = com.example.kakao._core.errors.exception.Exception400

ModelAndView:
        View name = null
             View = null
            Model = null

FlashMap:
       Attributes = null

MockHttpServletResponse:
           Status = 400
    Error message = null
          Headers = [Content-Type:"application/json;charset=UTF-8"]
     Content type = application/json;charset=UTF-8
             Body = {"success":false,"response":null,"error":{"message":"8에서 20자 이내여야 합니다.:password","status":400}}
    Forwarded URL = null
   Redirected URL = null
          Cookies = []
Hibernate: 
    select
        user0_.id as id1_6_,
        user0_.email as email2_6_,
        user0_.password as password3_6_,
        user0_.roles as roles4_6_,
        user0_.username as username5_6_ 
    from
        user_tb user0_ 
    where
        user0_.email=?
2023-08-01 21:24:10.160 TRACE 6415 --- [    Test worker] o.h.type.descriptor.sql.BasicBinder      : binding parameter [1] as [VARCHAR] - [ssarmango@nate.com]
2023-08-01 21:24:10.160 TRACE 6415 --- [    Test worker] o.h.type.descriptor.sql.BasicExtractor   : extracted value ([id1_6_] : [INTEGER]) - [1]
2023-08-01 21:24:10.160 TRACE 6415 --- [    Test worker] o.h.type.descriptor.sql.BasicExtractor   : extracted value ([email2_6_] : [VARCHAR]) - [ssarmango@nate.com]
2023-08-01 21:24:10.160 TRACE 6415 --- [    Test worker] o.h.type.descriptor.sql.BasicExtractor   : extracted value ([password3_6_] : [VARCHAR]) - [{bcrypt}$2a$10$8H0OT8wgtALJkig6fmypi.Y7jzI5Y7W9PGgRKqnVeS2cLWGifwHF2]
2023-08-01 21:24:10.160 TRACE 6415 --- [    Test worker] o.h.type.descriptor.sql.BasicExtractor   : extracted value ([roles4_6_] : [VARCHAR]) - [ROLE_USER]
2023-08-01 21:24:10.160 TRACE 6415 --- [    Test worker] o.h.type.descriptor.sql.BasicExtractor   : extracted value ([username5_6_] : [VARCHAR]) - [ssarmango]
2023-08-01 21:24:10.161  INFO 6415 --- [    Test worker] o.s.b.t.m.w.SpringBootMockServletContext : Initializing Spring TestDispatcherServlet ''
2023-08-01 21:24:10.161  INFO 6415 --- [    Test worker] o.s.t.web.servlet.TestDispatcherServlet  : Initializing Servlet ''
2023-08-01 21:24:10.161  INFO 6415 --- [    Test worker] o.s.t.web.servlet.TestDispatcherServlet  : Completed initialization in 0 ms

MockHttpServletRequest:
      HTTP Method = POST
      Request URI = /check
       Parameters = {}
          Headers = [Content-Type:"application/json;charset=UTF-8", Content-Length:"25"]
             Body = {"email":"ssarmango.com"}
    Session Attrs = {}

Handler:
             Type = com.example.kakao.user.UserRestController
           Method = com.example.kakao.user.UserRestController#check(EmailCheckDTO, Errors)

Async:
    Async started = false
     Async result = null

Resolved Exception:
             Type = com.example.kakao._core.errors.exception.Exception400

ModelAndView:
        View name = null
             View = null
            Model = null

FlashMap:
       Attributes = null

MockHttpServletResponse:
           Status = 400
    Error message = null
          Headers = [Content-Type:"application/json;charset=UTF-8"]
     Content type = application/json;charset=UTF-8
             Body = {"success":false,"response":null,"error":{"message":"이메일 형식으로 작성해주세요:email","status":400}}
    Forwarded URL = null
   Redirected URL = null
          Cookies = []
Hibernate: 
    select
        user0_.id as id1_6_,
        user0_.email as email2_6_,
        user0_.password as password3_6_,
        user0_.roles as roles4_6_,
        user0_.username as username5_6_ 
    from
        user_tb user0_ 
    where
        user0_.email=?
2023-08-01 21:24:10.170 TRACE 6415 --- [    Test worker] o.h.type.descriptor.sql.BasicBinder      : binding parameter [1] as [VARCHAR] - [ssarmango@nate.com]
2023-08-01 21:24:10.170 TRACE 6415 --- [    Test worker] o.h.type.descriptor.sql.BasicExtractor   : extracted value ([id1_6_] : [INTEGER]) - [1]
2023-08-01 21:24:10.170 TRACE 6415 --- [    Test worker] o.h.type.descriptor.sql.BasicExtractor   : extracted value ([email2_6_] : [VARCHAR]) - [ssarmango@nate.com]
2023-08-01 21:24:10.170 TRACE 6415 --- [    Test worker] o.h.type.descriptor.sql.BasicExtractor   : extracted value ([password3_6_] : [VARCHAR]) - [{bcrypt}$2a$10$8H0OT8wgtALJkig6fmypi.Y7jzI5Y7W9PGgRKqnVeS2cLWGifwHF2]
2023-08-01 21:24:10.170 TRACE 6415 --- [    Test worker] o.h.type.descriptor.sql.BasicExtractor   : extracted value ([roles4_6_] : [VARCHAR]) - [ROLE_USER]
2023-08-01 21:24:10.170 TRACE 6415 --- [    Test worker] o.h.type.descriptor.sql.BasicExtractor   : extracted value ([username5_6_] : [VARCHAR]) - [ssarmango]
2023-08-01 21:24:10.170  INFO 6415 --- [    Test worker] o.s.b.t.m.w.SpringBootMockServletContext : Initializing Spring TestDispatcherServlet ''
2023-08-01 21:24:10.170  INFO 6415 --- [    Test worker] o.s.t.web.servlet.TestDispatcherServlet  : Initializing Servlet ''
2023-08-01 21:24:10.171  INFO 6415 --- [    Test worker] o.s.t.web.servlet.TestDispatcherServlet  : Completed initialization in 1 ms
Hibernate: 
    select
        user0_.id as id1_6_,
        user0_.email as email2_6_,
        user0_.password as password3_6_,
        user0_.roles as roles4_6_,
        user0_.username as username5_6_ 
    from
        user_tb user0_ 
    where
        user0_.email=?
2023-08-01 21:24:10.171 TRACE 6415 --- [    Test worker] o.h.type.descriptor.sql.BasicBinder      : binding parameter [1] as [VARCHAR] - [ssarmango1@nate.com]

MockHttpServletRequest:
      HTTP Method = POST
      Request URI = /login
       Parameters = {}
          Headers = [Content-Type:"application/json;charset=UTF-8", Content-Length:"54"]
             Body = {"email":"ssarmango1@nate.com","password":"meta1234!"}
    Session Attrs = {}

Handler:
             Type = com.example.kakao.user.UserRestController
           Method = com.example.kakao.user.UserRestController#login(LoginDTO, Errors)

Async:
    Async started = false
     Async result = null

Resolved Exception:
             Type = com.example.kakao._core.errors.exception.Exception400

ModelAndView:
        View name = null
             View = null
            Model = null

FlashMap:
       Attributes = null

MockHttpServletResponse:
           Status = 400
    Error message = null
          Headers = [Content-Type:"application/json;charset=UTF-8"]
     Content type = application/json;charset=UTF-8
             Body = {"success":false,"response":null,"error":{"message":"이메일을 찾을 수 없습니다 : ssarmango1@nate.com","status":400}}
    Forwarded URL = null
   Redirected URL = null
          Cookies = []
Hibernate: 
    select
        user0_.id as id1_6_,
        user0_.email as email2_6_,
        user0_.password as password3_6_,
        user0_.roles as roles4_6_,
        user0_.username as username5_6_ 
    from
        user_tb user0_ 
    where
        user0_.email=?
2023-08-01 21:24:10.179 TRACE 6415 --- [    Test worker] o.h.type.descriptor.sql.BasicBinder      : binding parameter [1] as [VARCHAR] - [ssarmango@nate.com]
2023-08-01 21:24:10.179 TRACE 6415 --- [    Test worker] o.h.type.descriptor.sql.BasicExtractor   : extracted value ([id1_6_] : [INTEGER]) - [1]
2023-08-01 21:24:10.179 TRACE 6415 --- [    Test worker] o.h.type.descriptor.sql.BasicExtractor   : extracted value ([email2_6_] : [VARCHAR]) - [ssarmango@nate.com]
2023-08-01 21:24:10.179 TRACE 6415 --- [    Test worker] o.h.type.descriptor.sql.BasicExtractor   : extracted value ([password3_6_] : [VARCHAR]) - [{bcrypt}$2a$10$8H0OT8wgtALJkig6fmypi.Y7jzI5Y7W9PGgRKqnVeS2cLWGifwHF2]
2023-08-01 21:24:10.179 TRACE 6415 --- [    Test worker] o.h.type.descriptor.sql.BasicExtractor   : extracted value ([roles4_6_] : [VARCHAR]) - [ROLE_USER]
2023-08-01 21:24:10.179 TRACE 6415 --- [    Test worker] o.h.type.descriptor.sql.BasicExtractor   : extracted value ([username5_6_] : [VARCHAR]) - [ssarmango]
2023-08-01 21:24:10.180  INFO 6415 --- [    Test worker] o.s.b.t.m.w.SpringBootMockServletContext : Initializing Spring TestDispatcherServlet ''
2023-08-01 21:24:10.180  INFO 6415 --- [    Test worker] o.s.t.web.servlet.TestDispatcherServlet  : Initializing Servlet ''
2023-08-01 21:24:10.180  INFO 6415 --- [    Test worker] o.s.t.web.servlet.TestDispatcherServlet  : Completed initialization in 0 ms

MockHttpServletRequest:
      HTTP Method = POST
      Request URI = /join
       Parameters = {}
          Headers = [Content-Type:"application/json;charset=UTF-8", Content-Length:"71"]
             Body = {"email":"ssarmango.com","password":"meta1234!","username":"ssarmango"}
    Session Attrs = {}

Handler:
             Type = com.example.kakao.user.UserRestController
           Method = com.example.kakao.user.UserRestController#join(JoinDTO, Errors)

Async:
    Async started = false
     Async result = null

Resolved Exception:
             Type = com.example.kakao._core.errors.exception.Exception400

ModelAndView:
        View name = null
             View = null
            Model = null

FlashMap:
       Attributes = null

MockHttpServletResponse:
           Status = 400
    Error message = null
          Headers = [Content-Type:"application/json;charset=UTF-8"]
     Content type = application/json;charset=UTF-8
             Body = {"success":false,"response":null,"error":{"message":"이메일 형식으로 작성해주세요:email","status":400}}
    Forwarded URL = null
   Redirected URL = null
          Cookies = []
Hibernate: 
    select
        user0_.id as id1_6_,
        user0_.email as email2_6_,
        user0_.password as password3_6_,
        user0_.roles as roles4_6_,
        user0_.username as username5_6_ 
    from
        user_tb user0_ 
    where
        user0_.email=?
2023-08-01 21:24:10.189 TRACE 6415 --- [    Test worker] o.h.type.descriptor.sql.BasicBinder      : binding parameter [1] as [VARCHAR] - [ssarmango@nate.com]
2023-08-01 21:24:10.189 TRACE 6415 --- [    Test worker] o.h.type.descriptor.sql.BasicExtractor   : extracted value ([id1_6_] : [INTEGER]) - [1]
2023-08-01 21:24:10.189 TRACE 6415 --- [    Test worker] o.h.type.descriptor.sql.BasicExtractor   : extracted value ([email2_6_] : [VARCHAR]) - [ssarmango@nate.com]
2023-08-01 21:24:10.189 TRACE 6415 --- [    Test worker] o.h.type.descriptor.sql.BasicExtractor   : extracted value ([password3_6_] : [VARCHAR]) - [{bcrypt}$2a$10$8H0OT8wgtALJkig6fmypi.Y7jzI5Y7W9PGgRKqnVeS2cLWGifwHF2]
2023-08-01 21:24:10.189 TRACE 6415 --- [    Test worker] o.h.type.descriptor.sql.BasicExtractor   : extracted value ([roles4_6_] : [VARCHAR]) - [ROLE_USER]
2023-08-01 21:24:10.189 TRACE 6415 --- [    Test worker] o.h.type.descriptor.sql.BasicExtractor   : extracted value ([username5_6_] : [VARCHAR]) - [ssarmango]
2023-08-01 21:24:10.189  INFO 6415 --- [    Test worker] o.s.b.t.m.w.SpringBootMockServletContext : Initializing Spring TestDispatcherServlet ''
2023-08-01 21:24:10.189  INFO 6415 --- [    Test worker] o.s.t.web.servlet.TestDispatcherServlet  : Initializing Servlet ''
2023-08-01 21:24:10.190  INFO 6415 --- [    Test worker] o.s.t.web.servlet.TestDispatcherServlet  : Completed initialization in 1 ms

MockHttpServletRequest:
      HTTP Method = POST
      Request URI = /login
       Parameters = {}
          Headers = [Content-Type:"application/json;charset=UTF-8", Content-Length:"52"]
             Body = {"email":"ssarmango1@nate.com","password":"meta12!"}
    Session Attrs = {}

Handler:
             Type = com.example.kakao.user.UserRestController
           Method = com.example.kakao.user.UserRestController#login(LoginDTO, Errors)

Async:
    Async started = false
     Async result = null

Resolved Exception:
             Type = com.example.kakao._core.errors.exception.Exception400

ModelAndView:
        View name = null
             View = null
            Model = null

FlashMap:
       Attributes = null

MockHttpServletResponse:
           Status = 400
    Error message = null
          Headers = [Content-Type:"application/json;charset=UTF-8"]
     Content type = application/json;charset=UTF-8
             Body = {"success":false,"response":null,"error":{"message":"8에서 20자 이내여야 합니다.:password","status":400}}
    Forwarded URL = null
   Redirected URL = null
          Cookies = []
Hibernate: 
    select
        user0_.id as id1_6_,
        user0_.email as email2_6_,
        user0_.password as password3_6_,
        user0_.roles as roles4_6_,
        user0_.username as username5_6_ 
    from
        user_tb user0_ 
    where
        user0_.email=?
2023-08-01 21:24:10.197 TRACE 6415 --- [    Test worker] o.h.type.descriptor.sql.BasicBinder      : binding parameter [1] as [VARCHAR] - [ssarmango@nate.com]
2023-08-01 21:24:10.198 TRACE 6415 --- [    Test worker] o.h.type.descriptor.sql.BasicExtractor   : extracted value ([id1_6_] : [INTEGER]) - [1]
2023-08-01 21:24:10.198 TRACE 6415 --- [    Test worker] o.h.type.descriptor.sql.BasicExtractor   : extracted value ([email2_6_] : [VARCHAR]) - [ssarmango@nate.com]
2023-08-01 21:24:10.198 TRACE 6415 --- [    Test worker] o.h.type.descriptor.sql.BasicExtractor   : extracted value ([password3_6_] : [VARCHAR]) - [{bcrypt}$2a$10$8H0OT8wgtALJkig6fmypi.Y7jzI5Y7W9PGgRKqnVeS2cLWGifwHF2]
2023-08-01 21:24:10.198 TRACE 6415 --- [    Test worker] o.h.type.descriptor.sql.BasicExtractor   : extracted value ([roles4_6_] : [VARCHAR]) - [ROLE_USER]
2023-08-01 21:24:10.198 TRACE 6415 --- [    Test worker] o.h.type.descriptor.sql.BasicExtractor   : extracted value ([username5_6_] : [VARCHAR]) - [ssarmango]
2023-08-01 21:24:10.198  INFO 6415 --- [    Test worker] o.s.b.t.m.w.SpringBootMockServletContext : Initializing Spring TestDispatcherServlet ''
2023-08-01 21:24:10.198  INFO 6415 --- [    Test worker] o.s.t.web.servlet.TestDispatcherServlet  : Initializing Servlet ''
2023-08-01 21:24:10.198  INFO 6415 --- [    Test worker] o.s.t.web.servlet.TestDispatcherServlet  : Completed initialization in 0 ms

MockHttpServletRequest:
      HTTP Method = POST
      Request URI = /login
       Parameters = {}
          Headers = [Content-Type:"application/json;charset=UTF-8", Content-Length:"52"]
             Body = {"email":"ssarmango@nate.com","password":"meta1234"}
    Session Attrs = {}

Handler:
             Type = com.example.kakao.user.UserRestController
           Method = com.example.kakao.user.UserRestController#login(LoginDTO, Errors)

Async:
    Async started = false
     Async result = null

Resolved Exception:
             Type = com.example.kakao._core.errors.exception.Exception400

ModelAndView:
        View name = null
             View = null
            Model = null

FlashMap:
       Attributes = null

MockHttpServletResponse:
           Status = 400
    Error message = null
          Headers = [Content-Type:"application/json;charset=UTF-8"]
     Content type = application/json;charset=UTF-8
             Body = {"success":false,"response":null,"error":{"message":"영문, 숫자, 특수문자가 포함되어야하고 공백이 포함될 수 없습니다.:password","status":400}}
    Forwarded URL = null
   Redirected URL = null
          Cookies = []
]]></system-out>
  <system-err><![CDATA[]]></system-err>
</testsuite>
