<?xml version="1.0" encoding="UTF-8"?>
<testsuite name="com.example.kakao.order.OrderRestControllerTest" tests="3" skipped="0" failures="0" errors="0" timestamp="2023-08-01T12:24:09" hostname="ijimin-ui-MacBookPro.local" time="0.06">
  <properties/>
  <testcase name="findById_test()" classname="com.example.kakao.order.OrderRestControllerTest" time="0.025"/>
  <testcase name="save_test()" classname="com.example.kakao.order.OrderRestControllerTest" time="0.022"/>
  <testcase name="findById_fail_test()" classname="com.example.kakao.order.OrderRestControllerTest" time="0.012"/>
  <system-out><![CDATA[2023-08-01 21:24:09.743  INFO 6415 --- [    Test worker] .b.t.c.SpringBootTestContextBootstrapper : Neither @ContextConfiguration nor @ContextHierarchy found for test class [com.example.kakao.order.OrderRestControllerTest], using SpringBootContextLoader
2023-08-01 21:24:09.744  INFO 6415 --- [    Test worker] o.s.t.c.support.AbstractContextLoader    : Could not detect default resource locations for test class [com.example.kakao.order.OrderRestControllerTest]: no resource found for suffixes {-context.xml, Context.groovy}.
2023-08-01 21:24:09.744  INFO 6415 --- [    Test worker] t.c.s.AnnotationConfigContextLoaderUtils : Could not detect default configuration classes for test class [com.example.kakao.order.OrderRestControllerTest]: OrderRestControllerTest does not declare any static, non-private, non-final, nested classes annotated with @Configuration.
2023-08-01 21:24:09.747  INFO 6415 --- [    Test worker] .b.t.c.SpringBootTestContextBootstrapper : Found @SpringBootConfiguration com.example.kakao.KakaoApplication for test class com.example.kakao.order.OrderRestControllerTest
2023-08-01 21:24:09.748  INFO 6415 --- [    Test worker] .b.t.c.SpringBootTestContextBootstrapper : Loaded default TestExecutionListener class names from location [META-INF/spring.factories]: [org.springframework.security.test.context.support.WithSecurityContextTestExecutionListener, org.springframework.security.test.context.support.ReactorContextTestExecutionListener, org.springframework.boot.test.autoconfigure.restdocs.RestDocsTestExecutionListener, org.springframework.boot.test.autoconfigure.web.client.MockRestServiceServerResetTestExecutionListener, org.springframework.boot.test.autoconfigure.web.servlet.MockMvcPrintOnlyOnFailureTestExecutionListener, org.springframework.boot.test.autoconfigure.web.servlet.WebDriverTestExecutionListener, org.springframework.boot.test.autoconfigure.webservices.client.MockWebServiceServerTestExecutionListener, org.springframework.boot.test.mock.mockito.MockitoTestExecutionListener, org.springframework.boot.test.mock.mockito.ResetMocksTestExecutionListener, org.springframework.test.context.web.ServletTestExecutionListener, org.springframework.test.context.support.DirtiesContextBeforeModesTestExecutionListener, org.springframework.test.context.event.ApplicationEventsTestExecutionListener, org.springframework.test.context.support.DependencyInjectionTestExecutionListener, org.springframework.test.context.support.DirtiesContextTestExecutionListener, org.springframework.test.context.transaction.TransactionalTestExecutionListener, org.springframework.test.context.jdbc.SqlScriptsTestExecutionListener, org.springframework.test.context.event.EventPublishingTestExecutionListener]
2023-08-01 21:24:09.748  INFO 6415 --- [    Test worker] .b.t.c.SpringBootTestContextBootstrapper : Using TestExecutionListeners: [org.springframework.test.context.web.ServletTestExecutionListener@79b9dfcd, org.springframework.test.context.support.DirtiesContextBeforeModesTestExecutionListener@7edb2a4b, org.springframework.test.context.event.ApplicationEventsTestExecutionListener@5811f080, org.springframework.boot.test.mock.mockito.MockitoTestExecutionListener@355e1080, org.springframework.boot.test.autoconfigure.SpringBootDependencyInjectionTestExecutionListener@2aef651, org.springframework.test.context.support.DirtiesContextTestExecutionListener@25000d3d, org.springframework.test.context.transaction.TransactionalTestExecutionListener@72426ced, org.springframework.test.context.jdbc.SqlScriptsTestExecutionListener@37ddb835, org.springframework.security.test.context.support.WithSecurityContextTestExecutionListener@42b4cce1, org.springframework.test.context.event.EventPublishingTestExecutionListener@67f8586f, org.springframework.security.test.context.support.ReactorContextTestExecutionListener@63c6579, org.springframework.boot.test.autoconfigure.restdocs.RestDocsTestExecutionListener@5c7a699b, org.springframework.boot.test.autoconfigure.web.client.MockRestServiceServerResetTestExecutionListener@38cd7531, org.springframework.boot.test.autoconfigure.web.servlet.MockMvcPrintOnlyOnFailureTestExecutionListener@1dd36967, org.springframework.boot.test.autoconfigure.web.servlet.WebDriverTestExecutionListener@7821d009, org.springframework.boot.test.autoconfigure.webservices.client.MockWebServiceServerTestExecutionListener@77984827, org.springframework.boot.test.mock.mockito.ResetMocksTestExecutionListener@24afdf18]
Hibernate: 
    select
        user0_.id as id1_6_,
        user0_.email as email2_6_,
        user0_.password as password3_6_,
        user0_.roles as roles4_6_,
        user0_.username as username5_6_ 
    from
        user_tb user0_ 
    where
        user0_.email=?
2023-08-01 21:24:09.753 TRACE 6415 --- [    Test worker] o.h.type.descriptor.sql.BasicBinder      : binding parameter [1] as [VARCHAR] - [ssarmango@nate.com]
2023-08-01 21:24:09.754 TRACE 6415 --- [    Test worker] o.h.type.descriptor.sql.BasicExtractor   : extracted value ([id1_6_] : [INTEGER]) - [1]
2023-08-01 21:24:09.754 TRACE 6415 --- [    Test worker] o.h.type.descriptor.sql.BasicExtractor   : extracted value ([email2_6_] : [VARCHAR]) - [ssarmango@nate.com]
2023-08-01 21:24:09.754 TRACE 6415 --- [    Test worker] o.h.type.descriptor.sql.BasicExtractor   : extracted value ([password3_6_] : [VARCHAR]) - [{bcrypt}$2a$10$8H0OT8wgtALJkig6fmypi.Y7jzI5Y7W9PGgRKqnVeS2cLWGifwHF2]
2023-08-01 21:24:09.754 TRACE 6415 --- [    Test worker] o.h.type.descriptor.sql.BasicExtractor   : extracted value ([roles4_6_] : [VARCHAR]) - [ROLE_USER]
2023-08-01 21:24:09.754 TRACE 6415 --- [    Test worker] o.h.type.descriptor.sql.BasicExtractor   : extracted value ([username5_6_] : [VARCHAR]) - [ssarmango]
2023-08-01 21:24:09.754  INFO 6415 --- [    Test worker] o.s.b.t.m.w.SpringBootMockServletContext : Initializing Spring TestDispatcherServlet ''
2023-08-01 21:24:09.754  INFO 6415 --- [    Test worker] o.s.t.web.servlet.TestDispatcherServlet  : Initializing Servlet ''
2023-08-01 21:24:09.755  INFO 6415 --- [    Test worker] o.s.t.web.servlet.TestDispatcherServlet  : Completed initialization in 1 ms
Hibernate: 
    select
        order0_.id as id1_4_0_,
        order0_.user_id as user_id2_4_0_ 
    from
        order_tb order0_ 
    where
        order0_.id=?
2023-08-01 21:24:09.760 TRACE 6415 --- [    Test worker] o.h.type.descriptor.sql.BasicBinder      : binding parameter [1] as [INTEGER] - [1]
2023-08-01 21:24:09.760 TRACE 6415 --- [    Test worker] o.h.type.descriptor.sql.BasicExtractor   : extracted value ([user_id2_4_0_] : [INTEGER]) - [1]
Hibernate: 
    select
        item0_.id as id1_2_0_,
        order1_.id as id1_4_1_,
        item0_.option_id as option_i4_2_0_,
        item0_.order_id as order_id5_2_0_,
        item0_.price as price2_2_0_,
        item0_.quantity as quantity3_2_0_,
        order1_.user_id as user_id2_4_1_ 
    from
        item_tb item0_ 
    inner join
        order_tb order1_ 
            on item0_.order_id=order1_.id 
    where
        item0_.order_id=? 
    order by
        item0_.order_id asc
2023-08-01 21:24:09.762 TRACE 6415 --- [    Test worker] o.h.type.descriptor.sql.BasicBinder      : binding parameter [1] as [INTEGER] - [1]
2023-08-01 21:24:09.762 TRACE 6415 --- [    Test worker] o.h.type.descriptor.sql.BasicExtractor   : extracted value ([id1_2_0_] : [INTEGER]) - [1]
2023-08-01 21:24:09.762 TRACE 6415 --- [    Test worker] o.h.type.descriptor.sql.BasicExtractor   : extracted value ([id1_4_1_] : [INTEGER]) - [1]
2023-08-01 21:24:09.762 TRACE 6415 --- [    Test worker] o.h.type.descriptor.sql.BasicExtractor   : extracted value ([option_i4_2_0_] : [INTEGER]) - [1]
2023-08-01 21:24:09.762 TRACE 6415 --- [    Test worker] o.h.type.descriptor.sql.BasicExtractor   : extracted value ([order_id5_2_0_] : [INTEGER]) - [1]
2023-08-01 21:24:09.762 TRACE 6415 --- [    Test worker] o.h.type.descriptor.sql.BasicExtractor   : extracted value ([price2_2_0_] : [INTEGER]) - [50000]
2023-08-01 21:24:09.762 TRACE 6415 --- [    Test worker] o.h.type.descriptor.sql.BasicExtractor   : extracted value ([quantity3_2_0_] : [INTEGER]) - [5]
2023-08-01 21:24:09.762 TRACE 6415 --- [    Test worker] o.h.type.descriptor.sql.BasicExtractor   : extracted value ([id1_2_0_] : [INTEGER]) - [2]
2023-08-01 21:24:09.762 TRACE 6415 --- [    Test worker] o.h.type.descriptor.sql.BasicExtractor   : extracted value ([id1_4_1_] : [INTEGER]) - [1]
2023-08-01 21:24:09.762 TRACE 6415 --- [    Test worker] o.h.type.descriptor.sql.BasicExtractor   : extracted value ([option_i4_2_0_] : [INTEGER]) - [2]
2023-08-01 21:24:09.762 TRACE 6415 --- [    Test worker] o.h.type.descriptor.sql.BasicExtractor   : extracted value ([order_id5_2_0_] : [INTEGER]) - [1]
2023-08-01 21:24:09.762 TRACE 6415 --- [    Test worker] o.h.type.descriptor.sql.BasicExtractor   : extracted value ([price2_2_0_] : [INTEGER]) - [10900]
2023-08-01 21:24:09.762 TRACE 6415 --- [    Test worker] o.h.type.descriptor.sql.BasicExtractor   : extracted value ([quantity3_2_0_] : [INTEGER]) - [1]
2023-08-01 21:24:09.762 TRACE 6415 --- [    Test worker] o.h.type.descriptor.sql.BasicExtractor   : extracted value ([id1_2_0_] : [INTEGER]) - [3]
2023-08-01 21:24:09.762 TRACE 6415 --- [    Test worker] o.h.type.descriptor.sql.BasicExtractor   : extracted value ([id1_4_1_] : [INTEGER]) - [1]
2023-08-01 21:24:09.762 TRACE 6415 --- [    Test worker] o.h.type.descriptor.sql.BasicExtractor   : extracted value ([option_i4_2_0_] : [INTEGER]) - [16]
2023-08-01 21:24:09.762 TRACE 6415 --- [    Test worker] o.h.type.descriptor.sql.BasicExtractor   : extracted value ([order_id5_2_0_] : [INTEGER]) - [1]
2023-08-01 21:24:09.762 TRACE 6415 --- [    Test worker] o.h.type.descriptor.sql.BasicExtractor   : extracted value ([price2_2_0_] : [INTEGER]) - [250000]
2023-08-01 21:24:09.762 TRACE 6415 --- [    Test worker] o.h.type.descriptor.sql.BasicExtractor   : extracted value ([quantity3_2_0_] : [INTEGER]) - [5]
Hibernate: 
    select
        option0_.id as id1_3_0_,
        option0_.option_name as option_n2_3_0_,
        option0_.price as price3_3_0_,
        option0_.product_id as product_4_3_0_,
        product1_.id as id1_5_1_,
        product1_.description as descript2_5_1_,
        product1_.image as image3_5_1_,
        product1_.price as price4_5_1_,
        product1_.product_name as product_5_5_1_ 
    from
        option_tb option0_ 
    left outer join
        product_tb product1_ 
            on option0_.product_id=product1_.id 
    where
        option0_.id=?
2023-08-01 21:24:09.763 TRACE 6415 --- [    Test worker] o.h.type.descriptor.sql.BasicBinder      : binding parameter [1] as [INTEGER] - [1]
2023-08-01 21:24:09.764 TRACE 6415 --- [    Test worker] o.h.type.descriptor.sql.BasicExtractor   : extracted value ([id1_5_1_] : [INTEGER]) - [1]
2023-08-01 21:24:09.764 TRACE 6415 --- [    Test worker] o.h.type.descriptor.sql.BasicExtractor   : extracted value ([option_n2_3_0_] : [VARCHAR]) - [01. 슬라이딩 지퍼백 크리스마스에디션 4종]
2023-08-01 21:24:09.764 TRACE 6415 --- [    Test worker] o.h.type.descriptor.sql.BasicExtractor   : extracted value ([price3_3_0_] : [INTEGER]) - [10000]
2023-08-01 21:24:09.764 TRACE 6415 --- [    Test worker] o.h.type.descriptor.sql.BasicExtractor   : extracted value ([product_4_3_0_] : [INTEGER]) - [1]
2023-08-01 21:24:09.764 TRACE 6415 --- [    Test worker] o.h.type.descriptor.sql.BasicExtractor   : extracted value ([descript2_5_1_] : [VARCHAR]) - []
2023-08-01 21:24:09.764 TRACE 6415 --- [    Test worker] o.h.type.descriptor.sql.BasicExtractor   : extracted value ([image3_5_1_] : [VARCHAR]) - [/images/1.jpg]
2023-08-01 21:24:09.764 TRACE 6415 --- [    Test worker] o.h.type.descriptor.sql.BasicExtractor   : extracted value ([price4_5_1_] : [INTEGER]) - [1000]
2023-08-01 21:24:09.764 TRACE 6415 --- [    Test worker] o.h.type.descriptor.sql.BasicExtractor   : extracted value ([product_5_5_1_] : [VARCHAR]) - [기본에 슬라이딩 지퍼백 크리스마스/플라워에디션 에디션 외 주방용품 특가전]
Hibernate: 
    select
        option0_.id as id1_3_0_,
        option0_.option_name as option_n2_3_0_,
        option0_.price as price3_3_0_,
        option0_.product_id as product_4_3_0_,
        product1_.id as id1_5_1_,
        product1_.description as descript2_5_1_,
        product1_.image as image3_5_1_,
        product1_.price as price4_5_1_,
        product1_.product_name as product_5_5_1_ 
    from
        option_tb option0_ 
    left outer join
        product_tb product1_ 
            on option0_.product_id=product1_.id 
    where
        option0_.id=?
2023-08-01 21:24:09.765 TRACE 6415 --- [    Test worker] o.h.type.descriptor.sql.BasicBinder      : binding parameter [1] as [INTEGER] - [2]
2023-08-01 21:24:09.765 TRACE 6415 --- [    Test worker] o.h.type.descriptor.sql.BasicExtractor   : extracted value ([id1_5_1_] : [INTEGER]) - [1]
2023-08-01 21:24:09.765 TRACE 6415 --- [    Test worker] o.h.type.descriptor.sql.BasicExtractor   : extracted value ([option_n2_3_0_] : [VARCHAR]) - [02. 슬라이딩 지퍼백 플라워에디션 5종]
2023-08-01 21:24:09.765 TRACE 6415 --- [    Test worker] o.h.type.descriptor.sql.BasicExtractor   : extracted value ([price3_3_0_] : [INTEGER]) - [10900]
2023-08-01 21:24:09.765 TRACE 6415 --- [    Test worker] o.h.type.descriptor.sql.BasicExtractor   : extracted value ([product_4_3_0_] : [INTEGER]) - [1]
Hibernate: 
    select
        option0_.id as id1_3_0_,
        option0_.option_name as option_n2_3_0_,
        option0_.price as price3_3_0_,
        option0_.product_id as product_4_3_0_,
        product1_.id as id1_5_1_,
        product1_.description as descript2_5_1_,
        product1_.image as image3_5_1_,
        product1_.price as price4_5_1_,
        product1_.product_name as product_5_5_1_ 
    from
        option_tb option0_ 
    left outer join
        product_tb product1_ 
            on option0_.product_id=product1_.id 
    where
        option0_.id=?
2023-08-01 21:24:09.765 TRACE 6415 --- [    Test worker] o.h.type.descriptor.sql.BasicBinder      : binding parameter [1] as [INTEGER] - [16]
2023-08-01 21:24:09.765 TRACE 6415 --- [    Test worker] o.h.type.descriptor.sql.BasicExtractor   : extracted value ([id1_5_1_] : [INTEGER]) - [4]
2023-08-01 21:24:09.765 TRACE 6415 --- [    Test worker] o.h.type.descriptor.sql.BasicExtractor   : extracted value ([option_n2_3_0_] : [VARCHAR]) - [선택02_바른곡물효소누룽지맛 6박스]
2023-08-01 21:24:09.765 TRACE 6415 --- [    Test worker] o.h.type.descriptor.sql.BasicExtractor   : extracted value ([price3_3_0_] : [INTEGER]) - [50000]
2023-08-01 21:24:09.765 TRACE 6415 --- [    Test worker] o.h.type.descriptor.sql.BasicExtractor   : extracted value ([product_4_3_0_] : [INTEGER]) - [4]
2023-08-01 21:24:09.765 TRACE 6415 --- [    Test worker] o.h.type.descriptor.sql.BasicExtractor   : extracted value ([descript2_5_1_] : [VARCHAR]) - []
2023-08-01 21:24:09.765 TRACE 6415 --- [    Test worker] o.h.type.descriptor.sql.BasicExtractor   : extracted value ([image3_5_1_] : [VARCHAR]) - [/images/4.jpg]
2023-08-01 21:24:09.765 TRACE 6415 --- [    Test worker] o.h.type.descriptor.sql.BasicExtractor   : extracted value ([price4_5_1_] : [INTEGER]) - [4000]
2023-08-01 21:24:09.765 TRACE 6415 --- [    Test worker] o.h.type.descriptor.sql.BasicExtractor   : extracted value ([product_5_5_1_] : [VARCHAR]) - [바른 누룽지맛 발효효소 2박스 역가수치보장 / 외 7종]
테스트 : {"success":true,"response":{"id":1,"products":[{"id":1,"productName":"기본에 슬라이딩 지퍼백 크리스마스/플라워에디션 에디션 외 주방용품 특가전","items":[{"id":1,"optionName":"01. 슬라이딩 지퍼백 크리스마스에디션 4종","quantity":5,"price":50000},{"id":2,"optionName":"02. 슬라이딩 지퍼백 플라워에디션 5종","quantity":1,"price":10900}]},{"id":4,"productName":"바른 누룽지맛 발효효소 2박스 역가수치보장 / 외 7종","items":[{"id":3,"optionName":"선택02_바른곡물효소누룽지맛 6박스","quantity":5,"price":250000}]}],"totalPrice":310900},"error":null}

MockHttpServletRequest:
      HTTP Method = GET
      Request URI = /orders/1
       Parameters = {}
          Headers = []
             Body = null
    Session Attrs = {}

Handler:
             Type = com.example.kakao.order.OrderRestController
           Method = com.example.kakao.order.OrderRestController#findById(int)

Async:
    Async started = false
     Async result = null

Resolved Exception:
             Type = null

ModelAndView:
        View name = null
             View = null
            Model = null

FlashMap:
       Attributes = null

MockHttpServletResponse:
           Status = 200
    Error message = null
          Headers = [Content-Type:"application/json;charset=UTF-8"]
     Content type = application/json;charset=UTF-8
             Body = {"success":true,"response":{"id":1,"products":[{"id":1,"productName":"기본에 슬라이딩 지퍼백 크리스마스/플라워에디션 에디션 외 주방용품 특가전","items":[{"id":1,"optionName":"01. 슬라이딩 지퍼백 크리스마스에디션 4종","quantity":5,"price":50000},{"id":2,"optionName":"02. 슬라이딩 지퍼백 플라워에디션 5종","quantity":1,"price":10900}]},{"id":4,"productName":"바른 누룽지맛 발효효소 2박스 역가수치보장 / 외 7종","items":[{"id":3,"optionName":"선택02_바른곡물효소누룽지맛 6박스","quantity":5,"price":250000}]}],"totalPrice":310900},"error":null}
    Forwarded URL = null
   Redirected URL = null
          Cookies = []
Hibernate: 
    select
        user0_.id as id1_6_,
        user0_.email as email2_6_,
        user0_.password as password3_6_,
        user0_.roles as roles4_6_,
        user0_.username as username5_6_ 
    from
        user_tb user0_ 
    where
        user0_.email=?
2023-08-01 21:24:09.779 TRACE 6415 --- [    Test worker] o.h.type.descriptor.sql.BasicBinder      : binding parameter [1] as [VARCHAR] - [ssarmango@nate.com]
2023-08-01 21:24:09.779 TRACE 6415 --- [    Test worker] o.h.type.descriptor.sql.BasicExtractor   : extracted value ([id1_6_] : [INTEGER]) - [1]
2023-08-01 21:24:09.779 TRACE 6415 --- [    Test worker] o.h.type.descriptor.sql.BasicExtractor   : extracted value ([email2_6_] : [VARCHAR]) - [ssarmango@nate.com]
2023-08-01 21:24:09.779 TRACE 6415 --- [    Test worker] o.h.type.descriptor.sql.BasicExtractor   : extracted value ([password3_6_] : [VARCHAR]) - [{bcrypt}$2a$10$8H0OT8wgtALJkig6fmypi.Y7jzI5Y7W9PGgRKqnVeS2cLWGifwHF2]
2023-08-01 21:24:09.779 TRACE 6415 --- [    Test worker] o.h.type.descriptor.sql.BasicExtractor   : extracted value ([roles4_6_] : [VARCHAR]) - [ROLE_USER]
2023-08-01 21:24:09.779 TRACE 6415 --- [    Test worker] o.h.type.descriptor.sql.BasicExtractor   : extracted value ([username5_6_] : [VARCHAR]) - [ssarmango]
2023-08-01 21:24:09.780  INFO 6415 --- [    Test worker] o.s.b.t.m.w.SpringBootMockServletContext : Initializing Spring TestDispatcherServlet ''
2023-08-01 21:24:09.780  INFO 6415 --- [    Test worker] o.s.t.web.servlet.TestDispatcherServlet  : Initializing Servlet ''
2023-08-01 21:24:09.780  INFO 6415 --- [    Test worker] o.s.t.web.servlet.TestDispatcherServlet  : Completed initialization in 0 ms
Hibernate: 
    select
        cart0_.id as id1_0_0_,
        option1_.id as id1_3_1_,
        product2_.id as id1_5_2_,
        cart0_.option_id as option_i4_0_0_,
        cart0_.price as price2_0_0_,
        cart0_.quantity as quantity3_0_0_,
        cart0_.user_id as user_id5_0_0_,
        option1_.option_name as option_n2_3_1_,
        option1_.price as price3_3_1_,
        option1_.product_id as product_4_3_1_,
        product2_.description as descript2_5_2_,
        product2_.image as image3_5_2_,
        product2_.price as price4_5_2_,
        product2_.product_name as product_5_5_2_ 
    from
        cart_tb cart0_ 
    inner join
        option_tb option1_ 
            on cart0_.option_id=option1_.id 
    inner join
        product_tb product2_ 
            on option1_.product_id=product2_.id 
    where
        cart0_.user_id=?
2023-08-01 21:24:09.781 TRACE 6415 --- [    Test worker] o.h.type.descriptor.sql.BasicBinder      : binding parameter [1] as [INTEGER] - [1]
2023-08-01 21:24:09.781 TRACE 6415 --- [    Test worker] o.h.type.descriptor.sql.BasicExtractor   : extracted value ([id1_0_0_] : [INTEGER]) - [1]
2023-08-01 21:24:09.782 TRACE 6415 --- [    Test worker] o.h.type.descriptor.sql.BasicExtractor   : extracted value ([id1_3_1_] : [INTEGER]) - [1]
2023-08-01 21:24:09.782 TRACE 6415 --- [    Test worker] o.h.type.descriptor.sql.BasicExtractor   : extracted value ([id1_5_2_] : [INTEGER]) - [1]
2023-08-01 21:24:09.782 TRACE 6415 --- [    Test worker] o.h.type.descriptor.sql.BasicExtractor   : extracted value ([option_i4_0_0_] : [INTEGER]) - [1]
2023-08-01 21:24:09.782 TRACE 6415 --- [    Test worker] o.h.type.descriptor.sql.BasicExtractor   : extracted value ([price2_0_0_] : [INTEGER]) - [50000]
2023-08-01 21:24:09.782 TRACE 6415 --- [    Test worker] o.h.type.descriptor.sql.BasicExtractor   : extracted value ([quantity3_0_0_] : [INTEGER]) - [5]
2023-08-01 21:24:09.782 TRACE 6415 --- [    Test worker] o.h.type.descriptor.sql.BasicExtractor   : extracted value ([user_id5_0_0_] : [INTEGER]) - [1]
2023-08-01 21:24:09.782 TRACE 6415 --- [    Test worker] o.h.type.descriptor.sql.BasicExtractor   : extracted value ([option_n2_3_1_] : [VARCHAR]) - [01. 슬라이딩 지퍼백 크리스마스에디션 4종]
2023-08-01 21:24:09.782 TRACE 6415 --- [    Test worker] o.h.type.descriptor.sql.BasicExtractor   : extracted value ([price3_3_1_] : [INTEGER]) - [10000]
2023-08-01 21:24:09.782 TRACE 6415 --- [    Test worker] o.h.type.descriptor.sql.BasicExtractor   : extracted value ([product_4_3_1_] : [INTEGER]) - [1]
2023-08-01 21:24:09.782 TRACE 6415 --- [    Test worker] o.h.type.descriptor.sql.BasicExtractor   : extracted value ([descript2_5_2_] : [VARCHAR]) - []
2023-08-01 21:24:09.782 TRACE 6415 --- [    Test worker] o.h.type.descriptor.sql.BasicExtractor   : extracted value ([image3_5_2_] : [VARCHAR]) - [/images/1.jpg]
2023-08-01 21:24:09.782 TRACE 6415 --- [    Test worker] o.h.type.descriptor.sql.BasicExtractor   : extracted value ([price4_5_2_] : [INTEGER]) - [1000]
2023-08-01 21:24:09.782 TRACE 6415 --- [    Test worker] o.h.type.descriptor.sql.BasicExtractor   : extracted value ([product_5_5_2_] : [VARCHAR]) - [기본에 슬라이딩 지퍼백 크리스마스/플라워에디션 에디션 외 주방용품 특가전]
2023-08-01 21:24:09.782 TRACE 6415 --- [    Test worker] o.h.type.descriptor.sql.BasicExtractor   : extracted value ([id1_0_0_] : [INTEGER]) - [2]
2023-08-01 21:24:09.782 TRACE 6415 --- [    Test worker] o.h.type.descriptor.sql.BasicExtractor   : extracted value ([id1_3_1_] : [INTEGER]) - [2]
2023-08-01 21:24:09.782 TRACE 6415 --- [    Test worker] o.h.type.descriptor.sql.BasicExtractor   : extracted value ([id1_5_2_] : [INTEGER]) - [1]
2023-08-01 21:24:09.782 TRACE 6415 --- [    Test worker] o.h.type.descriptor.sql.BasicExtractor   : extracted value ([option_i4_0_0_] : [INTEGER]) - [2]
2023-08-01 21:24:09.782 TRACE 6415 --- [    Test worker] o.h.type.descriptor.sql.BasicExtractor   : extracted value ([price2_0_0_] : [INTEGER]) - [10900]
2023-08-01 21:24:09.782 TRACE 6415 --- [    Test worker] o.h.type.descriptor.sql.BasicExtractor   : extracted value ([quantity3_0_0_] : [INTEGER]) - [1]
2023-08-01 21:24:09.782 TRACE 6415 --- [    Test worker] o.h.type.descriptor.sql.BasicExtractor   : extracted value ([user_id5_0_0_] : [INTEGER]) - [1]
2023-08-01 21:24:09.782 TRACE 6415 --- [    Test worker] o.h.type.descriptor.sql.BasicExtractor   : extracted value ([option_n2_3_1_] : [VARCHAR]) - [02. 슬라이딩 지퍼백 플라워에디션 5종]
2023-08-01 21:24:09.782 TRACE 6415 --- [    Test worker] o.h.type.descriptor.sql.BasicExtractor   : extracted value ([price3_3_1_] : [INTEGER]) - [10900]
2023-08-01 21:24:09.782 TRACE 6415 --- [    Test worker] o.h.type.descriptor.sql.BasicExtractor   : extracted value ([product_4_3_1_] : [INTEGER]) - [1]
2023-08-01 21:24:09.782 TRACE 6415 --- [    Test worker] o.h.type.descriptor.sql.BasicExtractor   : extracted value ([id1_0_0_] : [INTEGER]) - [3]
2023-08-01 21:24:09.782 TRACE 6415 --- [    Test worker] o.h.type.descriptor.sql.BasicExtractor   : extracted value ([id1_3_1_] : [INTEGER]) - [16]
2023-08-01 21:24:09.782 TRACE 6415 --- [    Test worker] o.h.type.descriptor.sql.BasicExtractor   : extracted value ([id1_5_2_] : [INTEGER]) - [4]
2023-08-01 21:24:09.782 TRACE 6415 --- [    Test worker] o.h.type.descriptor.sql.BasicExtractor   : extracted value ([option_i4_0_0_] : [INTEGER]) - [16]
2023-08-01 21:24:09.782 TRACE 6415 --- [    Test worker] o.h.type.descriptor.sql.BasicExtractor   : extracted value ([price2_0_0_] : [INTEGER]) - [250000]
2023-08-01 21:24:09.782 TRACE 6415 --- [    Test worker] o.h.type.descriptor.sql.BasicExtractor   : extracted value ([quantity3_0_0_] : [INTEGER]) - [5]
2023-08-01 21:24:09.782 TRACE 6415 --- [    Test worker] o.h.type.descriptor.sql.BasicExtractor   : extracted value ([user_id5_0_0_] : [INTEGER]) - [1]
2023-08-01 21:24:09.782 TRACE 6415 --- [    Test worker] o.h.type.descriptor.sql.BasicExtractor   : extracted value ([option_n2_3_1_] : [VARCHAR]) - [선택02_바른곡물효소누룽지맛 6박스]
2023-08-01 21:24:09.782 TRACE 6415 --- [    Test worker] o.h.type.descriptor.sql.BasicExtractor   : extracted value ([price3_3_1_] : [INTEGER]) - [50000]
2023-08-01 21:24:09.782 TRACE 6415 --- [    Test worker] o.h.type.descriptor.sql.BasicExtractor   : extracted value ([product_4_3_1_] : [INTEGER]) - [4]
2023-08-01 21:24:09.782 TRACE 6415 --- [    Test worker] o.h.type.descriptor.sql.BasicExtractor   : extracted value ([descript2_5_2_] : [VARCHAR]) - []
2023-08-01 21:24:09.783 TRACE 6415 --- [    Test worker] o.h.type.descriptor.sql.BasicExtractor   : extracted value ([image3_5_2_] : [VARCHAR]) - [/images/4.jpg]
2023-08-01 21:24:09.783 TRACE 6415 --- [    Test worker] o.h.type.descriptor.sql.BasicExtractor   : extracted value ([price4_5_2_] : [INTEGER]) - [4000]
2023-08-01 21:24:09.783 TRACE 6415 --- [    Test worker] o.h.type.descriptor.sql.BasicExtractor   : extracted value ([product_5_5_2_] : [VARCHAR]) - [바른 누룽지맛 발효효소 2박스 역가수치보장 / 외 7종]
Hibernate: 
    insert 
    into
        order_tb
        (id, user_id) 
    values
        (default, ?)
2023-08-01 21:24:09.784 TRACE 6415 --- [    Test worker] o.h.type.descriptor.sql.BasicBinder      : binding parameter [1] as [INTEGER] - [1]
Hibernate: 
    insert 
    into
        item_tb
        (id, option_id, order_id, price, quantity) 
    values
        (default, ?, ?, ?, ?)
2023-08-01 21:24:09.784 TRACE 6415 --- [    Test worker] o.h.type.descriptor.sql.BasicBinder      : binding parameter [1] as [INTEGER] - [1]
2023-08-01 21:24:09.784 TRACE 6415 --- [    Test worker] o.h.type.descriptor.sql.BasicBinder      : binding parameter [2] as [INTEGER] - [2]
2023-08-01 21:24:09.784 TRACE 6415 --- [    Test worker] o.h.type.descriptor.sql.BasicBinder      : binding parameter [3] as [INTEGER] - [50000]
2023-08-01 21:24:09.784 TRACE 6415 --- [    Test worker] o.h.type.descriptor.sql.BasicBinder      : binding parameter [4] as [INTEGER] - [5]
Hibernate: 
    insert 
    into
        item_tb
        (id, option_id, order_id, price, quantity) 
    values
        (default, ?, ?, ?, ?)
2023-08-01 21:24:09.785 TRACE 6415 --- [    Test worker] o.h.type.descriptor.sql.BasicBinder      : binding parameter [1] as [INTEGER] - [2]
2023-08-01 21:24:09.785 TRACE 6415 --- [    Test worker] o.h.type.descriptor.sql.BasicBinder      : binding parameter [2] as [INTEGER] - [2]
2023-08-01 21:24:09.785 TRACE 6415 --- [    Test worker] o.h.type.descriptor.sql.BasicBinder      : binding parameter [3] as [INTEGER] - [10900]
2023-08-01 21:24:09.785 TRACE 6415 --- [    Test worker] o.h.type.descriptor.sql.BasicBinder      : binding parameter [4] as [INTEGER] - [1]
Hibernate: 
    insert 
    into
        item_tb
        (id, option_id, order_id, price, quantity) 
    values
        (default, ?, ?, ?, ?)
2023-08-01 21:24:09.785 TRACE 6415 --- [    Test worker] o.h.type.descriptor.sql.BasicBinder      : binding parameter [1] as [INTEGER] - [16]
2023-08-01 21:24:09.785 TRACE 6415 --- [    Test worker] o.h.type.descriptor.sql.BasicBinder      : binding parameter [2] as [INTEGER] - [2]
2023-08-01 21:24:09.785 TRACE 6415 --- [    Test worker] o.h.type.descriptor.sql.BasicBinder      : binding parameter [3] as [INTEGER] - [250000]
2023-08-01 21:24:09.785 TRACE 6415 --- [    Test worker] o.h.type.descriptor.sql.BasicBinder      : binding parameter [4] as [INTEGER] - [5]
Hibernate: 
    select
        cart0_.id as id1_0_,
        cart0_.option_id as option_i4_0_,
        cart0_.price as price2_0_,
        cart0_.quantity as quantity3_0_,
        cart0_.user_id as user_id5_0_ 
    from
        cart_tb cart0_ 
    left outer join
        user_tb user1_ 
            on cart0_.user_id=user1_.id 
    where
        user1_.id=?
2023-08-01 21:24:09.787 TRACE 6415 --- [    Test worker] o.h.type.descriptor.sql.BasicBinder      : binding parameter [1] as [INTEGER] - [1]
2023-08-01 21:24:09.787 TRACE 6415 --- [    Test worker] o.h.type.descriptor.sql.BasicExtractor   : extracted value ([id1_0_] : [INTEGER]) - [1]
2023-08-01 21:24:09.787 TRACE 6415 --- [    Test worker] o.h.type.descriptor.sql.BasicExtractor   : extracted value ([id1_0_] : [INTEGER]) - [2]
2023-08-01 21:24:09.787 TRACE 6415 --- [    Test worker] o.h.type.descriptor.sql.BasicExtractor   : extracted value ([id1_0_] : [INTEGER]) - [3]
Hibernate: 
    delete 
    from
        cart_tb 
    where
        id=?
2023-08-01 21:24:09.789 TRACE 6415 --- [    Test worker] o.h.type.descriptor.sql.BasicBinder      : binding parameter [1] as [INTEGER] - [1]
Hibernate: 
    delete 
    from
        cart_tb 
    where
        id=?
2023-08-01 21:24:09.791 TRACE 6415 --- [    Test worker] o.h.type.descriptor.sql.BasicBinder      : binding parameter [1] as [INTEGER] - [2]
Hibernate: 
    delete 
    from
        cart_tb 
    where
        id=?
2023-08-01 21:24:09.791 TRACE 6415 --- [    Test worker] o.h.type.descriptor.sql.BasicBinder      : binding parameter [1] as [INTEGER] - [3]
테스트 : {"success":true,"response":{"id":2,"products":[{"id":1,"productName":"기본에 슬라이딩 지퍼백 크리스마스/플라워에디션 에디션 외 주방용품 특가전","items":[{"id":4,"optionName":"01. 슬라이딩 지퍼백 크리스마스에디션 4종","quantity":5,"price":50000},{"id":5,"optionName":"02. 슬라이딩 지퍼백 플라워에디션 5종","quantity":1,"price":10900}]},{"id":4,"productName":"바른 누룽지맛 발효효소 2박스 역가수치보장 / 외 7종","items":[{"id":6,"optionName":"선택02_바른곡물효소누룽지맛 6박스","quantity":5,"price":250000}]}],"totalPrice":310900},"error":null}

MockHttpServletRequest:
      HTTP Method = POST
      Request URI = /orders/save
       Parameters = {}
          Headers = [Content-Type:"application/json;charset=UTF-8"]
             Body = null
    Session Attrs = {}

Handler:
             Type = com.example.kakao.order.OrderRestController
           Method = com.example.kakao.order.OrderRestController#save(CustomUserDetails)

Async:
    Async started = false
     Async result = null

Resolved Exception:
             Type = null

ModelAndView:
        View name = null
             View = null
            Model = null

FlashMap:
       Attributes = null

MockHttpServletResponse:
           Status = 200
    Error message = null
          Headers = [Content-Type:"application/json;charset=UTF-8"]
     Content type = application/json;charset=UTF-8
             Body = {"success":true,"response":{"id":2,"products":[{"id":1,"productName":"기본에 슬라이딩 지퍼백 크리스마스/플라워에디션 에디션 외 주방용품 특가전","items":[{"id":4,"optionName":"01. 슬라이딩 지퍼백 크리스마스에디션 4종","quantity":5,"price":50000},{"id":5,"optionName":"02. 슬라이딩 지퍼백 플라워에디션 5종","quantity":1,"price":10900}]},{"id":4,"productName":"바른 누룽지맛 발효효소 2박스 역가수치보장 / 외 7종","items":[{"id":6,"optionName":"선택02_바른곡물효소누룽지맛 6박스","quantity":5,"price":250000}]}],"totalPrice":310900},"error":null}
    Forwarded URL = null
   Redirected URL = null
          Cookies = []
Hibernate: 
    select
        user0_.id as id1_6_,
        user0_.email as email2_6_,
        user0_.password as password3_6_,
        user0_.roles as roles4_6_,
        user0_.username as username5_6_ 
    from
        user_tb user0_ 
    where
        user0_.email=?
2023-08-01 21:24:09.801 TRACE 6415 --- [    Test worker] o.h.type.descriptor.sql.BasicBinder      : binding parameter [1] as [VARCHAR] - [ssarmango@nate.com]
2023-08-01 21:24:09.801 TRACE 6415 --- [    Test worker] o.h.type.descriptor.sql.BasicExtractor   : extracted value ([id1_6_] : [INTEGER]) - [1]
2023-08-01 21:24:09.801 TRACE 6415 --- [    Test worker] o.h.type.descriptor.sql.BasicExtractor   : extracted value ([email2_6_] : [VARCHAR]) - [ssarmango@nate.com]
2023-08-01 21:24:09.801 TRACE 6415 --- [    Test worker] o.h.type.descriptor.sql.BasicExtractor   : extracted value ([password3_6_] : [VARCHAR]) - [{bcrypt}$2a$10$8H0OT8wgtALJkig6fmypi.Y7jzI5Y7W9PGgRKqnVeS2cLWGifwHF2]
2023-08-01 21:24:09.801 TRACE 6415 --- [    Test worker] o.h.type.descriptor.sql.BasicExtractor   : extracted value ([roles4_6_] : [VARCHAR]) - [ROLE_USER]
2023-08-01 21:24:09.801 TRACE 6415 --- [    Test worker] o.h.type.descriptor.sql.BasicExtractor   : extracted value ([username5_6_] : [VARCHAR]) - [ssarmango]
2023-08-01 21:24:09.802  INFO 6415 --- [    Test worker] o.s.b.t.m.w.SpringBootMockServletContext : Initializing Spring TestDispatcherServlet ''
2023-08-01 21:24:09.802  INFO 6415 --- [    Test worker] o.s.t.web.servlet.TestDispatcherServlet  : Initializing Servlet ''
2023-08-01 21:24:09.802  INFO 6415 --- [    Test worker] o.s.t.web.servlet.TestDispatcherServlet  : Completed initialization in 0 ms
Hibernate: 
    select
        order0_.id as id1_4_0_,
        order0_.user_id as user_id2_4_0_ 
    from
        order_tb order0_ 
    where
        order0_.id=?
2023-08-01 21:24:09.802 TRACE 6415 --- [    Test worker] o.h.type.descriptor.sql.BasicBinder      : binding parameter [1] as [INTEGER] - [10]

MockHttpServletRequest:
      HTTP Method = GET
      Request URI = /orders/10
       Parameters = {}
          Headers = []
             Body = null
    Session Attrs = {}

Handler:
             Type = com.example.kakao.order.OrderRestController
           Method = com.example.kakao.order.OrderRestController#findById(int)

Async:
    Async started = false
     Async result = null

Resolved Exception:
             Type = com.example.kakao._core.errors.exception.Exception400

ModelAndView:
        View name = null
             View = null
            Model = null

FlashMap:
       Attributes = null

MockHttpServletResponse:
           Status = 400
    Error message = null
          Headers = [Content-Type:"application/json;charset=UTF-8"]
     Content type = application/json;charset=UTF-8
             Body = {"success":false,"response":null,"error":{"message":"해당 주문 내역을 찾을 수 없습니다.","status":400}}
    Forwarded URL = null
   Redirected URL = null
          Cookies = []
]]></system-out>
  <system-err><![CDATA[]]></system-err>
</testsuite>
