<?xml version="1.0" encoding="UTF-8"?>
<testsuite name="com.example.kakao.product.ProductRestControllerTest" tests="3" skipped="0" failures="0" errors="0" timestamp="2023-08-02T04:50:58" hostname="MacBook-Pro.local" time="0.104">
  <properties/>
  <testcase name="개별 상품 상세 조회" classname="com.example.kakao.product.ProductRestControllerTest" time="0.056"/>
  <testcase name="전체 상품 목록 조회 - Param 사용" classname="com.example.kakao.product.ProductRestControllerTest" time="0.027"/>
  <testcase name="전체 상품 목록 조회" classname="com.example.kakao.product.ProductRestControllerTest" time="0.02"/>
  <system-out><![CDATA[2023-08-02 13:50:58.345  INFO 48152 --- [    Test worker] .b.t.c.SpringBootTestContextBootstrapper : Neither @ContextConfiguration nor @ContextHierarchy found for test class [com.example.kakao.product.ProductRestControllerTest], using SpringBootContextLoader
2023-08-02 13:50:58.346  INFO 48152 --- [    Test worker] o.s.t.c.support.AbstractContextLoader    : Could not detect default resource locations for test class [com.example.kakao.product.ProductRestControllerTest]: no resource found for suffixes {-context.xml, Context.groovy}.
2023-08-02 13:50:58.346  INFO 48152 --- [    Test worker] t.c.s.AnnotationConfigContextLoaderUtils : Could not detect default configuration classes for test class [com.example.kakao.product.ProductRestControllerTest]: ProductRestControllerTest does not declare any static, non-private, non-final, nested classes annotated with @Configuration.
2023-08-02 13:50:58.351  INFO 48152 --- [    Test worker] .b.t.c.SpringBootTestContextBootstrapper : Found @SpringBootConfiguration com.example.kakao.KakaoApplication for test class com.example.kakao.product.ProductRestControllerTest
2023-08-02 13:50:58.353  INFO 48152 --- [    Test worker] .b.t.c.SpringBootTestContextBootstrapper : Loaded default TestExecutionListener class names from location [META-INF/spring.factories]: [org.springframework.security.test.context.support.WithSecurityContextTestExecutionListener, org.springframework.security.test.context.support.ReactorContextTestExecutionListener, org.springframework.boot.test.autoconfigure.restdocs.RestDocsTestExecutionListener, org.springframework.boot.test.autoconfigure.web.client.MockRestServiceServerResetTestExecutionListener, org.springframework.boot.test.autoconfigure.web.servlet.MockMvcPrintOnlyOnFailureTestExecutionListener, org.springframework.boot.test.autoconfigure.web.servlet.WebDriverTestExecutionListener, org.springframework.boot.test.autoconfigure.webservices.client.MockWebServiceServerTestExecutionListener, org.springframework.boot.test.mock.mockito.MockitoTestExecutionListener, org.springframework.boot.test.mock.mockito.ResetMocksTestExecutionListener, org.springframework.test.context.web.ServletTestExecutionListener, org.springframework.test.context.support.DirtiesContextBeforeModesTestExecutionListener, org.springframework.test.context.event.ApplicationEventsTestExecutionListener, org.springframework.test.context.support.DependencyInjectionTestExecutionListener, org.springframework.test.context.support.DirtiesContextTestExecutionListener, org.springframework.test.context.transaction.TransactionalTestExecutionListener, org.springframework.test.context.jdbc.SqlScriptsTestExecutionListener, org.springframework.test.context.event.EventPublishingTestExecutionListener]
2023-08-02 13:50:58.354  INFO 48152 --- [    Test worker] .b.t.c.SpringBootTestContextBootstrapper : Using TestExecutionListeners: [org.springframework.test.context.web.ServletTestExecutionListener@20fdf45a, org.springframework.test.context.support.DirtiesContextBeforeModesTestExecutionListener@74876292, org.springframework.test.context.event.ApplicationEventsTestExecutionListener@3bb59485, org.springframework.boot.test.mock.mockito.MockitoTestExecutionListener@27d9a016, org.springframework.boot.test.autoconfigure.SpringBootDependencyInjectionTestExecutionListener@68c9cf93, org.springframework.test.context.support.DirtiesContextTestExecutionListener@2715b3ea, org.springframework.test.context.transaction.TransactionalTestExecutionListener@30130a31, org.springframework.test.context.jdbc.SqlScriptsTestExecutionListener@5aa0d535, org.springframework.security.test.context.support.WithSecurityContextTestExecutionListener@7cb32ca5, org.springframework.test.context.event.EventPublishingTestExecutionListener@76334a3a, org.springframework.security.test.context.support.ReactorContextTestExecutionListener@5e59844f, org.springframework.boot.test.autoconfigure.restdocs.RestDocsTestExecutionListener@28cfbcc, org.springframework.boot.test.autoconfigure.web.client.MockRestServiceServerResetTestExecutionListener@67bf393c, org.springframework.boot.test.autoconfigure.web.servlet.MockMvcPrintOnlyOnFailureTestExecutionListener@b31cd6b, org.springframework.boot.test.autoconfigure.web.servlet.WebDriverTestExecutionListener@19d85bbe, org.springframework.boot.test.autoconfigure.webservices.client.MockWebServiceServerTestExecutionListener@7c6f91d2, org.springframework.boot.test.mock.mockito.ResetMocksTestExecutionListener@628721ba]
2023-08-02 13:50:58.370  INFO 48152 --- [    Test worker] o.s.b.t.m.w.SpringBootMockServletContext : Initializing Spring TestDispatcherServlet ''
2023-08-02 13:50:58.370  INFO 48152 --- [    Test worker] o.s.t.web.servlet.TestDispatcherServlet  : Initializing Servlet ''
2023-08-02 13:50:58.371  INFO 48152 --- [    Test worker] o.s.t.web.servlet.TestDispatcherServlet  : Completed initialization in 1 ms
Hibernate: 
    select
        product0_.id as id1_5_0_,
        product0_.description as descript2_5_0_,
        product0_.image as image3_5_0_,
        product0_.price as price4_5_0_,
        product0_.product_name as product_5_5_0_ 
    from
        product_tb product0_ 
    where
        product0_.id=?
2023-08-02 13:50:58.379 TRACE 48152 --- [    Test worker] o.h.type.descriptor.sql.BasicBinder      : binding parameter [1] as [INTEGER] - [1]
2023-08-02 13:50:58.379 TRACE 48152 --- [    Test worker] o.h.type.descriptor.sql.BasicExtractor   : extracted value ([descript2_5_0_] : [VARCHAR]) - []
2023-08-02 13:50:58.379 TRACE 48152 --- [    Test worker] o.h.type.descriptor.sql.BasicExtractor   : extracted value ([image3_5_0_] : [VARCHAR]) - [/images/1.jpg]
2023-08-02 13:50:58.379 TRACE 48152 --- [    Test worker] o.h.type.descriptor.sql.BasicExtractor   : extracted value ([price4_5_0_] : [INTEGER]) - [1000]
2023-08-02 13:50:58.379 TRACE 48152 --- [    Test worker] o.h.type.descriptor.sql.BasicExtractor   : extracted value ([product_5_5_0_] : [VARCHAR]) - [기본에 슬라이딩 지퍼백 크리스마스/플라워에디션 에디션 외 주방용품 특가전]
Hibernate: 
    select
        option0_.id as id1_3_,
        option0_.option_name as option_n2_3_,
        option0_.price as price3_3_,
        option0_.product_id as product_4_3_ 
    from
        option_tb option0_ 
    where
        option0_.product_id=?
2023-08-02 13:50:58.382 TRACE 48152 --- [    Test worker] o.h.type.descriptor.sql.BasicBinder      : binding parameter [1] as [INTEGER] - [1]
2023-08-02 13:50:58.382 TRACE 48152 --- [    Test worker] o.h.type.descriptor.sql.BasicExtractor   : extracted value ([id1_3_] : [INTEGER]) - [1]
2023-08-02 13:50:58.382 TRACE 48152 --- [    Test worker] o.h.type.descriptor.sql.BasicExtractor   : extracted value ([option_n2_3_] : [VARCHAR]) - [01. 슬라이딩 지퍼백 크리스마스에디션 4종]
2023-08-02 13:50:58.382 TRACE 48152 --- [    Test worker] o.h.type.descriptor.sql.BasicExtractor   : extracted value ([price3_3_] : [INTEGER]) - [10000]
2023-08-02 13:50:58.382 TRACE 48152 --- [    Test worker] o.h.type.descriptor.sql.BasicExtractor   : extracted value ([product_4_3_] : [INTEGER]) - [1]
2023-08-02 13:50:58.382 TRACE 48152 --- [    Test worker] o.h.type.descriptor.sql.BasicExtractor   : extracted value ([id1_3_] : [INTEGER]) - [2]
2023-08-02 13:50:58.382 TRACE 48152 --- [    Test worker] o.h.type.descriptor.sql.BasicExtractor   : extracted value ([option_n2_3_] : [VARCHAR]) - [02. 슬라이딩 지퍼백 플라워에디션 5종]
2023-08-02 13:50:58.382 TRACE 48152 --- [    Test worker] o.h.type.descriptor.sql.BasicExtractor   : extracted value ([price3_3_] : [INTEGER]) - [10900]
2023-08-02 13:50:58.382 TRACE 48152 --- [    Test worker] o.h.type.descriptor.sql.BasicExtractor   : extracted value ([product_4_3_] : [INTEGER]) - [1]
2023-08-02 13:50:58.382 TRACE 48152 --- [    Test worker] o.h.type.descriptor.sql.BasicExtractor   : extracted value ([id1_3_] : [INTEGER]) - [3]
2023-08-02 13:50:58.382 TRACE 48152 --- [    Test worker] o.h.type.descriptor.sql.BasicExtractor   : extracted value ([option_n2_3_] : [VARCHAR]) - [고무장갑 베이지 S(소형) 6팩]
2023-08-02 13:50:58.382 TRACE 48152 --- [    Test worker] o.h.type.descriptor.sql.BasicExtractor   : extracted value ([price3_3_] : [INTEGER]) - [9900]
2023-08-02 13:50:58.382 TRACE 48152 --- [    Test worker] o.h.type.descriptor.sql.BasicExtractor   : extracted value ([product_4_3_] : [INTEGER]) - [1]
2023-08-02 13:50:58.382 TRACE 48152 --- [    Test worker] o.h.type.descriptor.sql.BasicExtractor   : extracted value ([id1_3_] : [INTEGER]) - [4]
2023-08-02 13:50:58.382 TRACE 48152 --- [    Test worker] o.h.type.descriptor.sql.BasicExtractor   : extracted value ([option_n2_3_] : [VARCHAR]) - [뽑아쓰는 키친타올 130매 12팩]
2023-08-02 13:50:58.382 TRACE 48152 --- [    Test worker] o.h.type.descriptor.sql.BasicExtractor   : extracted value ([price3_3_] : [INTEGER]) - [16900]
2023-08-02 13:50:58.382 TRACE 48152 --- [    Test worker] o.h.type.descriptor.sql.BasicExtractor   : extracted value ([product_4_3_] : [INTEGER]) - [1]
2023-08-02 13:50:58.382 TRACE 48152 --- [    Test worker] o.h.type.descriptor.sql.BasicExtractor   : extracted value ([id1_3_] : [INTEGER]) - [5]
2023-08-02 13:50:58.382 TRACE 48152 --- [    Test worker] o.h.type.descriptor.sql.BasicExtractor   : extracted value ([option_n2_3_] : [VARCHAR]) - [2겹 식빵수세미 6매]
2023-08-02 13:50:58.382 TRACE 48152 --- [    Test worker] o.h.type.descriptor.sql.BasicExtractor   : extracted value ([price3_3_] : [INTEGER]) - [8900]
2023-08-02 13:50:58.382 TRACE 48152 --- [    Test worker] o.h.type.descriptor.sql.BasicExtractor   : extracted value ([product_4_3_] : [INTEGER]) - [1]
테스트 : {"success":true,"response":{"id":1,"productName":"기본에 슬라이딩 지퍼백 크리스마스/플라워에디션 에디션 외 주방용품 특가전","description":"","image":"/images/1.jpg","price":1000,"starCount":5,"options":[{"id":1,"optionName":"01. 슬라이딩 지퍼백 크리스마스에디션 4종","price":10000},{"id":2,"optionName":"02. 슬라이딩 지퍼백 플라워에디션 5종","price":10900},{"id":3,"optionName":"고무장갑 베이지 S(소형) 6팩","price":9900},{"id":4,"optionName":"뽑아쓰는 키친타올 130매 12팩","price":16900},{"id":5,"optionName":"2겹 식빵수세미 6매","price":8900}]},"error":null}

MockHttpServletRequest:
      HTTP Method = GET
      Request URI = /products/1
       Parameters = {}
          Headers = []
             Body = null
    Session Attrs = {}

Handler:
             Type = com.example.kakao.product.ProductRestController
           Method = com.example.kakao.product.ProductRestController#findById(int)

Async:
    Async started = false
     Async result = null

Resolved Exception:
             Type = null

ModelAndView:
        View name = null
             View = null
            Model = null

FlashMap:
       Attributes = null

MockHttpServletResponse:
           Status = 200
    Error message = null
          Headers = [Content-Type:"application/json;charset=UTF-8"]
     Content type = application/json;charset=UTF-8
             Body = {"success":true,"response":{"id":1,"productName":"기본에 슬라이딩 지퍼백 크리스마스/플라워에디션 에디션 외 주방용품 특가전","description":"","image":"/images/1.jpg","price":1000,"starCount":5,"options":[{"id":1,"optionName":"01. 슬라이딩 지퍼백 크리스마스에디션 4종","price":10000},{"id":2,"optionName":"02. 슬라이딩 지퍼백 플라워에디션 5종","price":10900},{"id":3,"optionName":"고무장갑 베이지 S(소형) 6팩","price":9900},{"id":4,"optionName":"뽑아쓰는 키친타올 130매 12팩","price":16900},{"id":5,"optionName":"2겹 식빵수세미 6매","price":8900}]},"error":null}
    Forwarded URL = null
   Redirected URL = null
          Cookies = []
2023-08-02 13:50:58.421  INFO 48152 --- [    Test worker] o.s.b.t.m.w.SpringBootMockServletContext : Initializing Spring TestDispatcherServlet ''
2023-08-02 13:50:58.421  INFO 48152 --- [    Test worker] o.s.t.web.servlet.TestDispatcherServlet  : Initializing Servlet ''
2023-08-02 13:50:58.421  INFO 48152 --- [    Test worker] o.s.t.web.servlet.TestDispatcherServlet  : Completed initialization in 0 ms
Hibernate: 
    select
        product0_.id as id1_5_,
        product0_.description as descript2_5_,
        product0_.image as image3_5_,
        product0_.price as price4_5_,
        product0_.product_name as product_5_5_ 
    from
        product_tb product0_ limit ? offset ?
2023-08-02 13:50:58.425 TRACE 48152 --- [    Test worker] o.h.type.descriptor.sql.BasicExtractor   : extracted value ([id1_5_] : [INTEGER]) - [10]
2023-08-02 13:50:58.425 TRACE 48152 --- [    Test worker] o.h.type.descriptor.sql.BasicExtractor   : extracted value ([descript2_5_] : [VARCHAR]) - []
2023-08-02 13:50:58.425 TRACE 48152 --- [    Test worker] o.h.type.descriptor.sql.BasicExtractor   : extracted value ([image3_5_] : [VARCHAR]) - [/images/10.jpg]
2023-08-02 13:50:58.426 TRACE 48152 --- [    Test worker] o.h.type.descriptor.sql.BasicExtractor   : extracted value ([price4_5_] : [INTEGER]) - [8900]
2023-08-02 13:50:58.426 TRACE 48152 --- [    Test worker] o.h.type.descriptor.sql.BasicExtractor   : extracted value ([product_5_5_] : [VARCHAR]) - [통영 홍 가리비 2kg, 2세트 구매시 1kg 추가증정]
2023-08-02 13:50:58.426 TRACE 48152 --- [    Test worker] o.h.type.descriptor.sql.BasicExtractor   : extracted value ([id1_5_] : [INTEGER]) - [11]
2023-08-02 13:50:58.426 TRACE 48152 --- [    Test worker] o.h.type.descriptor.sql.BasicExtractor   : extracted value ([descript2_5_] : [VARCHAR]) - []
2023-08-02 13:50:58.426 TRACE 48152 --- [    Test worker] o.h.type.descriptor.sql.BasicExtractor   : extracted value ([image3_5_] : [VARCHAR]) - [/images/11.jpg]
2023-08-02 13:50:58.426 TRACE 48152 --- [    Test worker] o.h.type.descriptor.sql.BasicExtractor   : extracted value ([price4_5_] : [INTEGER]) - [6900]
2023-08-02 13:50:58.426 TRACE 48152 --- [    Test worker] o.h.type.descriptor.sql.BasicExtractor   : extracted value ([product_5_5_] : [VARCHAR]) - [아삭한 궁채 장아찌 1kg 외 인기 반찬 모음전]
2023-08-02 13:50:58.426 TRACE 48152 --- [    Test worker] o.h.type.descriptor.sql.BasicExtractor   : extracted value ([id1_5_] : [INTEGER]) - [12]
2023-08-02 13:50:58.426 TRACE 48152 --- [    Test worker] o.h.type.descriptor.sql.BasicExtractor   : extracted value ([descript2_5_] : [VARCHAR]) - []
2023-08-02 13:50:58.426 TRACE 48152 --- [    Test worker] o.h.type.descriptor.sql.BasicExtractor   : extracted value ([image3_5_] : [VARCHAR]) - [/images/12.jpg]
2023-08-02 13:50:58.426 TRACE 48152 --- [    Test worker] o.h.type.descriptor.sql.BasicExtractor   : extracted value ([price4_5_] : [INTEGER]) - [28900]
2023-08-02 13:50:58.426 TRACE 48152 --- [    Test worker] o.h.type.descriptor.sql.BasicExtractor   : extracted value ([product_5_5_] : [VARCHAR]) - [깨끗한나라 순수소프트 30롤 2팩. 무형광, 도톰 3겹]
2023-08-02 13:50:58.426 TRACE 48152 --- [    Test worker] o.h.type.descriptor.sql.BasicExtractor   : extracted value ([id1_5_] : [INTEGER]) - [13]
2023-08-02 13:50:58.426 TRACE 48152 --- [    Test worker] o.h.type.descriptor.sql.BasicExtractor   : extracted value ([descript2_5_] : [VARCHAR]) - []
2023-08-02 13:50:58.426 TRACE 48152 --- [    Test worker] o.h.type.descriptor.sql.BasicExtractor   : extracted value ([image3_5_] : [VARCHAR]) - [/images/13.jpg]
2023-08-02 13:50:58.426 TRACE 48152 --- [    Test worker] o.h.type.descriptor.sql.BasicExtractor   : extracted value ([price4_5_] : [INTEGER]) - [9900]
2023-08-02 13:50:58.426 TRACE 48152 --- [    Test worker] o.h.type.descriptor.sql.BasicExtractor   : extracted value ([product_5_5_] : [VARCHAR]) - [생활공작소 초미세모 칫솔 12입 2개+가글 증정]
2023-08-02 13:50:58.426 TRACE 48152 --- [    Test worker] o.h.type.descriptor.sql.BasicExtractor   : extracted value ([id1_5_] : [INTEGER]) - [14]
2023-08-02 13:50:58.426 TRACE 48152 --- [    Test worker] o.h.type.descriptor.sql.BasicExtractor   : extracted value ([descript2_5_] : [VARCHAR]) - []
2023-08-02 13:50:58.426 TRACE 48152 --- [    Test worker] o.h.type.descriptor.sql.BasicExtractor   : extracted value ([image3_5_] : [VARCHAR]) - [/images/14.jpg]
2023-08-02 13:50:58.426 TRACE 48152 --- [    Test worker] o.h.type.descriptor.sql.BasicExtractor   : extracted value ([price4_5_] : [INTEGER]) - [9900]
2023-08-02 13:50:58.426 TRACE 48152 --- [    Test worker] o.h.type.descriptor.sql.BasicExtractor   : extracted value ([product_5_5_] : [VARCHAR]) - [경북 영천 샤인머스켓 가정용 1kg 2수 내외]
2023-08-02 13:50:58.426 TRACE 48152 --- [    Test worker] o.h.type.descriptor.sql.BasicExtractor   : extracted value ([id1_5_] : [INTEGER]) - [15]
2023-08-02 13:50:58.426 TRACE 48152 --- [    Test worker] o.h.type.descriptor.sql.BasicExtractor   : extracted value ([descript2_5_] : [VARCHAR]) - []
2023-08-02 13:50:58.426 TRACE 48152 --- [    Test worker] o.h.type.descriptor.sql.BasicExtractor   : extracted value ([image3_5_] : [VARCHAR]) - [/images/15.jpg]
2023-08-02 13:50:58.426 TRACE 48152 --- [    Test worker] o.h.type.descriptor.sql.BasicExtractor   : extracted value ([price4_5_] : [INTEGER]) - [148000]
2023-08-02 13:50:58.426 TRACE 48152 --- [    Test worker] o.h.type.descriptor.sql.BasicExtractor   : extracted value ([product_5_5_] : [VARCHAR]) - [[LIVE][5%쿠폰] 홈카페 Y3.3 캡슐머신 베이직 세트]
테스트 : {"success":true,"response":[{"id":10,"productName":"통영 홍 가리비 2kg, 2세트 구매시 1kg 추가증정","description":"","image":"/images/10.jpg","price":8900},{"id":11,"productName":"아삭한 궁채 장아찌 1kg 외 인기 반찬 모음전","description":"","image":"/images/11.jpg","price":6900},{"id":12,"productName":"깨끗한나라 순수소프트 30롤 2팩. 무형광, 도톰 3겹","description":"","image":"/images/12.jpg","price":28900},{"id":13,"productName":"생활공작소 초미세모 칫솔 12입 2개+가글 증정","description":"","image":"/images/13.jpg","price":9900},{"id":14,"productName":"경북 영천 샤인머스켓 가정용 1kg 2수 내외","description":"","image":"/images/14.jpg","price":9900},{"id":15,"productName":"[LIVE][5%쿠폰] 홈카페 Y3.3 캡슐머신 베이직 세트","description":"","image":"/images/15.jpg","price":148000}],"error":null}

MockHttpServletRequest:
      HTTP Method = GET
      Request URI = /products
       Parameters = {page=[1]}
          Headers = []
             Body = null
    Session Attrs = {}

Handler:
             Type = com.example.kakao.product.ProductRestController
           Method = com.example.kakao.product.ProductRestController#findAll(Integer)

Async:
    Async started = false
     Async result = null

Resolved Exception:
             Type = null

ModelAndView:
        View name = null
             View = null
            Model = null

FlashMap:
       Attributes = null

MockHttpServletResponse:
           Status = 200
    Error message = null
          Headers = [Content-Type:"application/json;charset=UTF-8"]
     Content type = application/json;charset=UTF-8
             Body = {"success":true,"response":[{"id":10,"productName":"통영 홍 가리비 2kg, 2세트 구매시 1kg 추가증정","description":"","image":"/images/10.jpg","price":8900},{"id":11,"productName":"아삭한 궁채 장아찌 1kg 외 인기 반찬 모음전","description":"","image":"/images/11.jpg","price":6900},{"id":12,"productName":"깨끗한나라 순수소프트 30롤 2팩. 무형광, 도톰 3겹","description":"","image":"/images/12.jpg","price":28900},{"id":13,"productName":"생활공작소 초미세모 칫솔 12입 2개+가글 증정","description":"","image":"/images/13.jpg","price":9900},{"id":14,"productName":"경북 영천 샤인머스켓 가정용 1kg 2수 내외","description":"","image":"/images/14.jpg","price":9900},{"id":15,"productName":"[LIVE][5%쿠폰] 홈카페 Y3.3 캡슐머신 베이직 세트","description":"","image":"/images/15.jpg","price":148000}],"error":null}
    Forwarded URL = null
   Redirected URL = null
          Cookies = []
2023-08-02 13:50:58.445  INFO 48152 --- [    Test worker] o.s.b.t.m.w.SpringBootMockServletContext : Initializing Spring TestDispatcherServlet ''
2023-08-02 13:50:58.445  INFO 48152 --- [    Test worker] o.s.t.web.servlet.TestDispatcherServlet  : Initializing Servlet ''
2023-08-02 13:50:58.445  INFO 48152 --- [    Test worker] o.s.t.web.servlet.TestDispatcherServlet  : Completed initialization in 0 ms
Hibernate: 
    select
        product0_.id as id1_5_,
        product0_.description as descript2_5_,
        product0_.image as image3_5_,
        product0_.price as price4_5_,
        product0_.product_name as product_5_5_ 
    from
        product_tb product0_ limit ?
2023-08-02 13:50:58.446 TRACE 48152 --- [    Test worker] o.h.type.descriptor.sql.BasicExtractor   : extracted value ([id1_5_] : [INTEGER]) - [1]
2023-08-02 13:50:58.447 TRACE 48152 --- [    Test worker] o.h.type.descriptor.sql.BasicExtractor   : extracted value ([descript2_5_] : [VARCHAR]) - []
2023-08-02 13:50:58.447 TRACE 48152 --- [    Test worker] o.h.type.descriptor.sql.BasicExtractor   : extracted value ([image3_5_] : [VARCHAR]) - [/images/1.jpg]
2023-08-02 13:50:58.447 TRACE 48152 --- [    Test worker] o.h.type.descriptor.sql.BasicExtractor   : extracted value ([price4_5_] : [INTEGER]) - [1000]
2023-08-02 13:50:58.447 TRACE 48152 --- [    Test worker] o.h.type.descriptor.sql.BasicExtractor   : extracted value ([product_5_5_] : [VARCHAR]) - [기본에 슬라이딩 지퍼백 크리스마스/플라워에디션 에디션 외 주방용품 특가전]
2023-08-02 13:50:58.447 TRACE 48152 --- [    Test worker] o.h.type.descriptor.sql.BasicExtractor   : extracted value ([id1_5_] : [INTEGER]) - [2]
2023-08-02 13:50:58.447 TRACE 48152 --- [    Test worker] o.h.type.descriptor.sql.BasicExtractor   : extracted value ([descript2_5_] : [VARCHAR]) - []
2023-08-02 13:50:58.447 TRACE 48152 --- [    Test worker] o.h.type.descriptor.sql.BasicExtractor   : extracted value ([image3_5_] : [VARCHAR]) - [/images/2.jpg]
2023-08-02 13:50:58.447 TRACE 48152 --- [    Test worker] o.h.type.descriptor.sql.BasicExtractor   : extracted value ([price4_5_] : [INTEGER]) - [2000]
2023-08-02 13:50:58.447 TRACE 48152 --- [    Test worker] o.h.type.descriptor.sql.BasicExtractor   : extracted value ([product_5_5_] : [VARCHAR]) - [[황금약단밤 골드]2022년산 햇밤 칼집밤700g외/군밤용/생율]
2023-08-02 13:50:58.447 TRACE 48152 --- [    Test worker] o.h.type.descriptor.sql.BasicExtractor   : extracted value ([id1_5_] : [INTEGER]) - [3]
2023-08-02 13:50:58.447 TRACE 48152 --- [    Test worker] o.h.type.descriptor.sql.BasicExtractor   : extracted value ([descript2_5_] : [VARCHAR]) - []
2023-08-02 13:50:58.447 TRACE 48152 --- [    Test worker] o.h.type.descriptor.sql.BasicExtractor   : extracted value ([image3_5_] : [VARCHAR]) - [/images/3.jpg]
2023-08-02 13:50:58.447 TRACE 48152 --- [    Test worker] o.h.type.descriptor.sql.BasicExtractor   : extracted value ([price4_5_] : [INTEGER]) - [30000]
2023-08-02 13:50:58.447 TRACE 48152 --- [    Test worker] o.h.type.descriptor.sql.BasicExtractor   : extracted value ([product_5_5_] : [VARCHAR]) - [삼성전자 JBL JR310 외 어린이용/성인용 헤드셋 3종!]
2023-08-02 13:50:58.447 TRACE 48152 --- [    Test worker] o.h.type.descriptor.sql.BasicExtractor   : extracted value ([id1_5_] : [INTEGER]) - [4]
2023-08-02 13:50:58.447 TRACE 48152 --- [    Test worker] o.h.type.descriptor.sql.BasicExtractor   : extracted value ([descript2_5_] : [VARCHAR]) - []
2023-08-02 13:50:58.447 TRACE 48152 --- [    Test worker] o.h.type.descriptor.sql.BasicExtractor   : extracted value ([image3_5_] : [VARCHAR]) - [/images/4.jpg]
2023-08-02 13:50:58.447 TRACE 48152 --- [    Test worker] o.h.type.descriptor.sql.BasicExtractor   : extracted value ([price4_5_] : [INTEGER]) - [4000]
2023-08-02 13:50:58.447 TRACE 48152 --- [    Test worker] o.h.type.descriptor.sql.BasicExtractor   : extracted value ([product_5_5_] : [VARCHAR]) - [바른 누룽지맛 발효효소 2박스 역가수치보장 / 외 7종]
2023-08-02 13:50:58.447 TRACE 48152 --- [    Test worker] o.h.type.descriptor.sql.BasicExtractor   : extracted value ([id1_5_] : [INTEGER]) - [5]
2023-08-02 13:50:58.447 TRACE 48152 --- [    Test worker] o.h.type.descriptor.sql.BasicExtractor   : extracted value ([descript2_5_] : [VARCHAR]) - []
2023-08-02 13:50:58.447 TRACE 48152 --- [    Test worker] o.h.type.descriptor.sql.BasicExtractor   : extracted value ([image3_5_] : [VARCHAR]) - [/images/5.jpg]
2023-08-02 13:50:58.447 TRACE 48152 --- [    Test worker] o.h.type.descriptor.sql.BasicExtractor   : extracted value ([price4_5_] : [INTEGER]) - [5000]
2023-08-02 13:50:58.448 TRACE 48152 --- [    Test worker] o.h.type.descriptor.sql.BasicExtractor   : extracted value ([product_5_5_] : [VARCHAR]) - [[더주] 컷팅말랑장족, 숏다리 100g/300g 외 주전부리 모음 /중독성 최고/마른안주]
2023-08-02 13:50:58.448 TRACE 48152 --- [    Test worker] o.h.type.descriptor.sql.BasicExtractor   : extracted value ([id1_5_] : [INTEGER]) - [6]
2023-08-02 13:50:58.448 TRACE 48152 --- [    Test worker] o.h.type.descriptor.sql.BasicExtractor   : extracted value ([descript2_5_] : [VARCHAR]) - []
2023-08-02 13:50:58.448 TRACE 48152 --- [    Test worker] o.h.type.descriptor.sql.BasicExtractor   : extracted value ([image3_5_] : [VARCHAR]) - [/images/6.jpg]
2023-08-02 13:50:58.448 TRACE 48152 --- [    Test worker] o.h.type.descriptor.sql.BasicExtractor   : extracted value ([price4_5_] : [INTEGER]) - [15900]
2023-08-02 13:50:58.448 TRACE 48152 --- [    Test worker] o.h.type.descriptor.sql.BasicExtractor   : extracted value ([product_5_5_] : [VARCHAR]) - [굳지않는 앙금절편 1,050g 2팩 외 우리쌀떡 모음전]
2023-08-02 13:50:58.448 TRACE 48152 --- [    Test worker] o.h.type.descriptor.sql.BasicExtractor   : extracted value ([id1_5_] : [INTEGER]) - [7]
2023-08-02 13:50:58.448 TRACE 48152 --- [    Test worker] o.h.type.descriptor.sql.BasicExtractor   : extracted value ([descript2_5_] : [VARCHAR]) - []
2023-08-02 13:50:58.448 TRACE 48152 --- [    Test worker] o.h.type.descriptor.sql.BasicExtractor   : extracted value ([image3_5_] : [VARCHAR]) - [/images/7.jpg]
2023-08-02 13:50:58.448 TRACE 48152 --- [    Test worker] o.h.type.descriptor.sql.BasicExtractor   : extracted value ([price4_5_] : [INTEGER]) - [26800]
2023-08-02 13:50:58.448 TRACE 48152 --- [    Test worker] o.h.type.descriptor.sql.BasicExtractor   : extracted value ([product_5_5_] : [VARCHAR]) - [eoe 이너딜리티 30포, 오렌지맛 고 식이섬유 보충제]
2023-08-02 13:50:58.448 TRACE 48152 --- [    Test worker] o.h.type.descriptor.sql.BasicExtractor   : extracted value ([id1_5_] : [INTEGER]) - [8]
2023-08-02 13:50:58.448 TRACE 48152 --- [    Test worker] o.h.type.descriptor.sql.BasicExtractor   : extracted value ([descript2_5_] : [VARCHAR]) - []
2023-08-02 13:50:58.448 TRACE 48152 --- [    Test worker] o.h.type.descriptor.sql.BasicExtractor   : extracted value ([image3_5_] : [VARCHAR]) - [/images/8.jpg]
2023-08-02 13:50:58.448 TRACE 48152 --- [    Test worker] o.h.type.descriptor.sql.BasicExtractor   : extracted value ([price4_5_] : [INTEGER]) - [25900]
2023-08-02 13:50:58.448 TRACE 48152 --- [    Test worker] o.h.type.descriptor.sql.BasicExtractor   : extracted value ([product_5_5_] : [VARCHAR]) - [제나벨 PDRN 크림 2개. 피부보습/진정 케어]
2023-08-02 13:50:58.448 TRACE 48152 --- [    Test worker] o.h.type.descriptor.sql.BasicExtractor   : extracted value ([id1_5_] : [INTEGER]) - [9]
2023-08-02 13:50:58.448 TRACE 48152 --- [    Test worker] o.h.type.descriptor.sql.BasicExtractor   : extracted value ([descript2_5_] : [VARCHAR]) - []
2023-08-02 13:50:58.448 TRACE 48152 --- [    Test worker] o.h.type.descriptor.sql.BasicExtractor   : extracted value ([image3_5_] : [VARCHAR]) - [/images/9.jpg]
2023-08-02 13:50:58.448 TRACE 48152 --- [    Test worker] o.h.type.descriptor.sql.BasicExtractor   : extracted value ([price4_5_] : [INTEGER]) - [797000]
2023-08-02 13:50:58.448 TRACE 48152 --- [    Test worker] o.h.type.descriptor.sql.BasicExtractor   : extracted value ([product_5_5_] : [VARCHAR]) - [플레이스테이션 VR2 호라이즌 번들. 생생한 몰입감]
Hibernate: 
    select
        count(product0_.id) as col_0_0_ 
    from
        product_tb product0_
2023-08-02 13:50:58.450 TRACE 48152 --- [    Test worker] o.h.type.descriptor.sql.BasicExtractor   : extracted value ([col_0_0_] : [BIGINT]) - [15]

MockHttpServletRequest:
      HTTP Method = GET
      Request URI = /products
       Parameters = {}
          Headers = []
             Body = null
    Session Attrs = {}

Handler:
             Type = com.example.kakao.product.ProductRestController
           Method = com.example.kakao.product.ProductRestController#findAll(Integer)

Async:
    Async started = false
     Async result = null

Resolved Exception:
             Type = null

ModelAndView:
        View name = null
             View = null
            Model = null

FlashMap:
       Attributes = null

MockHttpServletResponse:
           Status = 200
    Error message = null
          Headers = [Content-Type:"application/json;charset=UTF-8"]
     Content type = application/json;charset=UTF-8
             Body = {"success":true,"response":[{"id":1,"productName":"기본에 슬라이딩 지퍼백 크리스마스/플라워에디션 에디션 외 주방용품 특가전","description":"","image":"/images/1.jpg","price":1000},{"id":2,"productName":"[황금약단밤 골드]2022년산 햇밤 칼집밤700g외/군밤용/생율","description":"","image":"/images/2.jpg","price":2000},{"id":3,"productName":"삼성전자 JBL JR310 외 어린이용/성인용 헤드셋 3종!","description":"","image":"/images/3.jpg","price":30000},{"id":4,"productName":"바른 누룽지맛 발효효소 2박스 역가수치보장 / 외 7종","description":"","image":"/images/4.jpg","price":4000},{"id":5,"productName":"[더주] 컷팅말랑장족, 숏다리 100g/300g 외 주전부리 모음 /중독성 최고/마른안주","description":"","image":"/images/5.jpg","price":5000},{"id":6,"productName":"굳지않는 앙금절편 1,050g 2팩 외 우리쌀떡 모음전","description":"","image":"/images/6.jpg","price":15900},{"id":7,"productName":"eoe 이너딜리티 30포, 오렌지맛 고 식이섬유 보충제","description":"","image":"/images/7.jpg","price":26800},{"id":8,"productName":"제나벨 PDRN 크림 2개. 피부보습/진정 케어","description":"","image":"/images/8.jpg","price":25900},{"id":9,"productName":"플레이스테이션 VR2 호라이즌 번들. 생생한 몰입감","description":"","image":"/images/9.jpg","price":797000}],"error":null}
    Forwarded URL = null
   Redirected URL = null
          Cookies = []
]]></system-out>
  <system-err><![CDATA[]]></system-err>
</testsuite>
