<?xml version="1.0" encoding="UTF-8"?>
<testsuite name="com.example.kakao.user.UserRestControllerTest" tests="12" skipped="0" failures="0" errors="0" timestamp="2023-08-02T03:44:58" hostname="MacBook-Pro.local" time="0.404">
  <properties/>
  <testcase name="로그인" classname="com.example.kakao.user.UserRestControllerTest" time="0.15"/>
  <testcase name="회원가입 - 유효하지않은 이메일" classname="com.example.kakao.user.UserRestControllerTest" time="0.028"/>
  <testcase name="로그인 - 유효하지않은 비밀번호(글자수)" classname="com.example.kakao.user.UserRestControllerTest" time="0.031"/>
  <testcase name="이메일 중복확인" classname="com.example.kakao.user.UserRestControllerTest" time="0.016"/>
  <testcase name="회원가입" classname="com.example.kakao.user.UserRestControllerTest" time="0.096"/>
  <testcase name="이메일 중복확인 - 유효하지않은 이메일" classname="com.example.kakao.user.UserRestControllerTest" time="0.012"/>
  <testcase name="회원가입 - 유효하지않은 비밀번호(모든 문자종류 포함X)" classname="com.example.kakao.user.UserRestControllerTest" time="0.011"/>
  <testcase name="회원가입 - 유효하지않은 비밀번호(글자수)" classname="com.example.kakao.user.UserRestControllerTest" time="0.01"/>
  <testcase name="로그인 - 유효하지 않은 비밀번호(문자종류 포함X)" classname="com.example.kakao.user.UserRestControllerTest" time="0.01"/>
  <testcase name="이메일 중복확인 - 중복된 이메일" classname="com.example.kakao.user.UserRestControllerTest" time="0.014"/>
  <testcase name="로그인 - 유효하지 않은 이메일" classname="com.example.kakao.user.UserRestControllerTest" time="0.011"/>
  <testcase name="회원가입 - 동일한 이메일 존재" classname="com.example.kakao.user.UserRestControllerTest" time="0.011"/>
  <system-out><![CDATA[2023-08-02 12:44:58.392  INFO 47053 --- [    Test worker] .b.t.c.SpringBootTestContextBootstrapper : Neither @ContextConfiguration nor @ContextHierarchy found for test class [com.example.kakao.user.UserRestControllerTest], using SpringBootContextLoader
2023-08-02 12:44:58.392  INFO 47053 --- [    Test worker] o.s.t.c.support.AbstractContextLoader    : Could not detect default resource locations for test class [com.example.kakao.user.UserRestControllerTest]: no resource found for suffixes {-context.xml, Context.groovy}.
2023-08-02 12:44:58.392  INFO 47053 --- [    Test worker] t.c.s.AnnotationConfigContextLoaderUtils : Could not detect default configuration classes for test class [com.example.kakao.user.UserRestControllerTest]: UserRestControllerTest does not declare any static, non-private, non-final, nested classes annotated with @Configuration.
2023-08-02 12:44:58.395  INFO 47053 --- [    Test worker] .b.t.c.SpringBootTestContextBootstrapper : Found @SpringBootConfiguration com.example.kakao.KakaoApplication for test class com.example.kakao.user.UserRestControllerTest
2023-08-02 12:44:58.395  INFO 47053 --- [    Test worker] .b.t.c.SpringBootTestContextBootstrapper : Loaded default TestExecutionListener class names from location [META-INF/spring.factories]: [org.springframework.security.test.context.support.WithSecurityContextTestExecutionListener, org.springframework.security.test.context.support.ReactorContextTestExecutionListener, org.springframework.boot.test.autoconfigure.restdocs.RestDocsTestExecutionListener, org.springframework.boot.test.autoconfigure.web.client.MockRestServiceServerResetTestExecutionListener, org.springframework.boot.test.autoconfigure.web.servlet.MockMvcPrintOnlyOnFailureTestExecutionListener, org.springframework.boot.test.autoconfigure.web.servlet.WebDriverTestExecutionListener, org.springframework.boot.test.autoconfigure.webservices.client.MockWebServiceServerTestExecutionListener, org.springframework.boot.test.mock.mockito.MockitoTestExecutionListener, org.springframework.boot.test.mock.mockito.ResetMocksTestExecutionListener, org.springframework.test.context.web.ServletTestExecutionListener, org.springframework.test.context.support.DirtiesContextBeforeModesTestExecutionListener, org.springframework.test.context.event.ApplicationEventsTestExecutionListener, org.springframework.test.context.support.DependencyInjectionTestExecutionListener, org.springframework.test.context.support.DirtiesContextTestExecutionListener, org.springframework.test.context.transaction.TransactionalTestExecutionListener, org.springframework.test.context.jdbc.SqlScriptsTestExecutionListener, org.springframework.test.context.event.EventPublishingTestExecutionListener]
2023-08-02 12:44:58.395  INFO 47053 --- [    Test worker] .b.t.c.SpringBootTestContextBootstrapper : Using TestExecutionListeners: [org.springframework.test.context.web.ServletTestExecutionListener@1b0709e7, org.springframework.test.context.support.DirtiesContextBeforeModesTestExecutionListener@1e368085, org.springframework.test.context.event.ApplicationEventsTestExecutionListener@1703e50d, org.springframework.boot.test.mock.mockito.MockitoTestExecutionListener@4f1150f5, org.springframework.boot.test.autoconfigure.SpringBootDependencyInjectionTestExecutionListener@6cfa20c1, org.springframework.test.context.support.DirtiesContextTestExecutionListener@46e2a773, org.springframework.test.context.transaction.TransactionalTestExecutionListener@4ec1192f, org.springframework.test.context.jdbc.SqlScriptsTestExecutionListener@b926efa, org.springframework.security.test.context.support.WithSecurityContextTestExecutionListener@3653bb61, org.springframework.test.context.event.EventPublishingTestExecutionListener@65595be7, org.springframework.security.test.context.support.ReactorContextTestExecutionListener@23972e02, org.springframework.boot.test.autoconfigure.restdocs.RestDocsTestExecutionListener@3bea7134, org.springframework.boot.test.autoconfigure.web.client.MockRestServiceServerResetTestExecutionListener@10c95d9b, org.springframework.boot.test.autoconfigure.web.servlet.MockMvcPrintOnlyOnFailureTestExecutionListener@3f60ba06, org.springframework.boot.test.autoconfigure.web.servlet.WebDriverTestExecutionListener@251d64d6, org.springframework.boot.test.autoconfigure.webservices.client.MockWebServiceServerTestExecutionListener@4d96c290, org.springframework.boot.test.mock.mockito.ResetMocksTestExecutionListener@17e96b3c]
2023-08-02 12:44:58.402  INFO 47053 --- [    Test worker] o.s.b.t.m.w.SpringBootMockServletContext : Initializing Spring TestDispatcherServlet ''
2023-08-02 12:44:58.402  INFO 47053 --- [    Test worker] o.s.t.web.servlet.TestDispatcherServlet  : Initializing Servlet ''
2023-08-02 12:44:58.403  INFO 47053 --- [    Test worker] o.s.t.web.servlet.TestDispatcherServlet  : Completed initialization in 0 ms
요청 데이터 : {"email":"user1@nate.com","password":"user1234!"}
Hibernate: 
    select
        user0_.id as id1_6_,
        user0_.email as email2_6_,
        user0_.password as password3_6_,
        user0_.roles as roles4_6_,
        user0_.username as username5_6_ 
    from
        user_tb user0_ 
    where
        user0_.email=?
2023-08-02 12:44:58.433 TRACE 47053 --- [    Test worker] o.h.type.descriptor.sql.BasicBinder      : binding parameter [1] as [VARCHAR] - [user1@nate.com]
2023-08-02 12:44:58.433 TRACE 47053 --- [    Test worker] o.h.type.descriptor.sql.BasicExtractor   : extracted value ([id1_6_] : [INTEGER]) - [2]
2023-08-02 12:44:58.434 TRACE 47053 --- [    Test worker] o.h.type.descriptor.sql.BasicExtractor   : extracted value ([email2_6_] : [VARCHAR]) - [user1@nate.com]
2023-08-02 12:44:58.434 TRACE 47053 --- [    Test worker] o.h.type.descriptor.sql.BasicExtractor   : extracted value ([password3_6_] : [VARCHAR]) - [{bcrypt}$2a$10$nfm1CxFC6mYT2zivOTJUNedyfMRFImsQKmqw2Tl6llK4mTAl0wq8y]
2023-08-02 12:44:58.434 TRACE 47053 --- [    Test worker] o.h.type.descriptor.sql.BasicExtractor   : extracted value ([roles4_6_] : [VARCHAR]) - [ROLE_USER]
2023-08-02 12:44:58.434 TRACE 47053 --- [    Test worker] o.h.type.descriptor.sql.BasicExtractor   : extracted value ([username5_6_] : [VARCHAR]) - [user1mango]
테스트 : {"success":true,"response":null,"error":null}

MockHttpServletRequest:
      HTTP Method = POST
      Request URI = /login
       Parameters = {}
          Headers = [Content-Type:"application/json;charset=UTF-8", Content-Length:"49"]
             Body = {"email":"user1@nate.com","password":"user1234!"}
    Session Attrs = {}

Handler:
             Type = com.example.kakao.user.UserRestController
           Method = com.example.kakao.user.UserRestController#login(LoginDTO, Errors)

Async:
    Async started = false
     Async result = null

Resolved Exception:
             Type = null

ModelAndView:
        View name = null
             View = null
            Model = null

FlashMap:
       Attributes = null

MockHttpServletResponse:
           Status = 200
    Error message = null
          Headers = [Authorization:"Bearer eyJ0eXAiOiJKV1QiLCJhbGciOiJIUzUxMiJ9.eyJzdWIiOiJ1c2VyMUBuYXRlLmNvbSIsInJvbGUiOiJST0xFX1VTRVIiLCJpZCI6MiwiZXhwIjoxNjkxMTIwNjk4fQ.wh2IhaBrgNucPCOQRxfAOkxF2HxVVBTctWTPtBeHhblft4Fp7DYrCP90GNh565GE9hlSWEMen9bi2B16SGe0RA", Content-Type:"application/json;charset=UTF-8"]
     Content type = application/json;charset=UTF-8
             Body = {"success":true,"response":null,"error":null}
    Forwarded URL = null
   Redirected URL = null
          Cookies = []
2023-08-02 12:44:58.555  INFO 47053 --- [    Test worker] o.s.b.t.m.w.SpringBootMockServletContext : Initializing Spring TestDispatcherServlet ''
2023-08-02 12:44:58.555  INFO 47053 --- [    Test worker] o.s.t.web.servlet.TestDispatcherServlet  : Initializing Servlet ''
2023-08-02 12:44:58.555  INFO 47053 --- [    Test worker] o.s.t.web.servlet.TestDispatcherServlet  : Completed initialization in 0 ms
요청 데이터 : {"email":"newusernate.com","password":"user1234!","username":"newusermango"}
테스트 : {"success":false,"response":null,"error":{"message":"이메일 형식으로 작성해주세요:email","status":400}}

MockHttpServletRequest:
      HTTP Method = POST
      Request URI = /join
       Parameters = {}
          Headers = [Content-Type:"application/json;charset=UTF-8", Content-Length:"76"]
             Body = {"email":"newusernate.com","password":"user1234!","username":"newusermango"}
    Session Attrs = {}

Handler:
             Type = com.example.kakao.user.UserRestController
           Method = com.example.kakao.user.UserRestController#join(JoinDTO, Errors)

Async:
    Async started = false
     Async result = null

Resolved Exception:
             Type = com.example.kakao._core.errors.exception.Exception400

ModelAndView:
        View name = null
             View = null
            Model = null

FlashMap:
       Attributes = null

MockHttpServletResponse:
           Status = 400
    Error message = null
          Headers = [Content-Type:"application/json;charset=UTF-8"]
     Content type = application/json;charset=UTF-8
             Body = {"success":false,"response":null,"error":{"message":"이메일 형식으로 작성해주세요:email","status":400}}
    Forwarded URL = null
   Redirected URL = null
          Cookies = []
2023-08-02 12:44:58.579  INFO 47053 --- [    Test worker] o.s.b.t.m.w.SpringBootMockServletContext : Initializing Spring TestDispatcherServlet ''
2023-08-02 12:44:58.579  INFO 47053 --- [    Test worker] o.s.t.web.servlet.TestDispatcherServlet  : Initializing Servlet ''
2023-08-02 12:44:58.579  INFO 47053 --- [    Test worker] o.s.t.web.servlet.TestDispatcherServlet  : Completed initialization in 0 ms
요청 데이터 : {"email":"user1@nate.com","password":"user12!"}
테스트 : {"success":false,"response":null,"error":{"message":"8에서 20자 이내여야 합니다.:password","status":400}}

MockHttpServletRequest:
      HTTP Method = POST
      Request URI = /login
       Parameters = {}
          Headers = [Content-Type:"application/json;charset=UTF-8", Content-Length:"47"]
             Body = {"email":"user1@nate.com","password":"user12!"}
    Session Attrs = {}

Handler:
             Type = com.example.kakao.user.UserRestController
           Method = com.example.kakao.user.UserRestController#login(LoginDTO, Errors)

Async:
    Async started = false
     Async result = null

Resolved Exception:
             Type = com.example.kakao._core.errors.exception.Exception400

ModelAndView:
        View name = null
             View = null
            Model = null

FlashMap:
       Attributes = null

MockHttpServletResponse:
           Status = 400
    Error message = null
          Headers = [Content-Type:"application/json;charset=UTF-8"]
     Content type = application/json;charset=UTF-8
             Body = {"success":false,"response":null,"error":{"message":"8에서 20자 이내여야 합니다.:password","status":400}}
    Forwarded URL = null
   Redirected URL = null
          Cookies = []
2023-08-02 12:44:58.611  INFO 47053 --- [    Test worker] o.s.b.t.m.w.SpringBootMockServletContext : Initializing Spring TestDispatcherServlet ''
2023-08-02 12:44:58.611  INFO 47053 --- [    Test worker] o.s.t.web.servlet.TestDispatcherServlet  : Initializing Servlet ''
2023-08-02 12:44:58.612  INFO 47053 --- [    Test worker] o.s.t.web.servlet.TestDispatcherServlet  : Completed initialization in 1 ms
요청 데이터 : {"email":"newuser@nate.com"}
Hibernate: 
    select
        user0_.id as id1_6_,
        user0_.email as email2_6_,
        user0_.password as password3_6_,
        user0_.roles as roles4_6_,
        user0_.username as username5_6_ 
    from
        user_tb user0_ 
    where
        user0_.email=?
2023-08-02 12:44:58.614 TRACE 47053 --- [    Test worker] o.h.type.descriptor.sql.BasicBinder      : binding parameter [1] as [VARCHAR] - [newuser@nate.com]
테스트 : {"success":true,"response":null,"error":null}

MockHttpServletRequest:
      HTTP Method = POST
      Request URI = /check
       Parameters = {}
          Headers = [Content-Type:"application/json;charset=UTF-8", Content-Length:"28"]
             Body = {"email":"newuser@nate.com"}
    Session Attrs = {}

Handler:
             Type = com.example.kakao.user.UserRestController
           Method = com.example.kakao.user.UserRestController#check(EmailCheckDTO, Errors)

Async:
    Async started = false
     Async result = null

Resolved Exception:
             Type = null

ModelAndView:
        View name = null
             View = null
            Model = null

FlashMap:
       Attributes = null

MockHttpServletResponse:
           Status = 200
    Error message = null
          Headers = [Content-Type:"application/json;charset=UTF-8"]
     Content type = application/json;charset=UTF-8
             Body = {"success":true,"response":null,"error":null}
    Forwarded URL = null
   Redirected URL = null
          Cookies = []
2023-08-02 12:44:58.627  INFO 47053 --- [    Test worker] o.s.b.t.m.w.SpringBootMockServletContext : Initializing Spring TestDispatcherServlet ''
2023-08-02 12:44:58.627  INFO 47053 --- [    Test worker] o.s.t.web.servlet.TestDispatcherServlet  : Initializing Servlet ''
2023-08-02 12:44:58.627  INFO 47053 --- [    Test worker] o.s.t.web.servlet.TestDispatcherServlet  : Completed initialization in 0 ms
요청 데이터 : {"email":"newuser@nate.com","password":"user1234!","username":"newusermango"}
Hibernate: 
    select
        user0_.id as id1_6_,
        user0_.email as email2_6_,
        user0_.password as password3_6_,
        user0_.roles as roles4_6_,
        user0_.username as username5_6_ 
    from
        user_tb user0_ 
    where
        user0_.email=?
2023-08-02 12:44:58.629 TRACE 47053 --- [    Test worker] o.h.type.descriptor.sql.BasicBinder      : binding parameter [1] as [VARCHAR] - [newuser@nate.com]
Hibernate: 
    insert 
    into
        user_tb
        (id, email, password, roles, username) 
    values
        (default, ?, ?, ?, ?)
2023-08-02 12:44:58.711 TRACE 47053 --- [    Test worker] o.h.type.descriptor.sql.BasicBinder      : binding parameter [1] as [VARCHAR] - [newuser@nate.com]
2023-08-02 12:44:58.711 TRACE 47053 --- [    Test worker] o.h.type.descriptor.sql.BasicBinder      : binding parameter [2] as [VARCHAR] - [{bcrypt}$2a$10$lX1KaWgL0bjRHgYjtsCTYOWGw3nRk7c.gQc0QM8cI5RR/XZzoZ4ci]
2023-08-02 12:44:58.711 TRACE 47053 --- [    Test worker] o.h.type.descriptor.sql.BasicBinder      : binding parameter [3] as [VARCHAR] - [ROLE_USER]
2023-08-02 12:44:58.711 TRACE 47053 --- [    Test worker] o.h.type.descriptor.sql.BasicBinder      : binding parameter [4] as [VARCHAR] - [newusermango]
테스트 : {"success":true,"response":null,"error":null}

MockHttpServletRequest:
      HTTP Method = POST
      Request URI = /join
       Parameters = {}
          Headers = [Content-Type:"application/json;charset=UTF-8", Content-Length:"77"]
             Body = {"email":"newuser@nate.com","password":"user1234!","username":"newusermango"}
    Session Attrs = {}

Handler:
             Type = com.example.kakao.user.UserRestController
           Method = com.example.kakao.user.UserRestController#join(JoinDTO, Errors)

Async:
    Async started = false
     Async result = null

Resolved Exception:
             Type = null

ModelAndView:
        View name = null
             View = null
            Model = null

FlashMap:
       Attributes = null

MockHttpServletResponse:
           Status = 200
    Error message = null
          Headers = [Content-Type:"application/json;charset=UTF-8"]
     Content type = application/json;charset=UTF-8
             Body = {"success":true,"response":null,"error":null}
    Forwarded URL = null
   Redirected URL = null
          Cookies = []
2023-08-02 12:44:58.723  INFO 47053 --- [    Test worker] o.s.b.t.m.w.SpringBootMockServletContext : Initializing Spring TestDispatcherServlet ''
2023-08-02 12:44:58.723  INFO 47053 --- [    Test worker] o.s.t.web.servlet.TestDispatcherServlet  : Initializing Servlet ''
2023-08-02 12:44:58.723  INFO 47053 --- [    Test worker] o.s.t.web.servlet.TestDispatcherServlet  : Completed initialization in 0 ms
요청 데이터 : {"email":"newusernate.com"}
테스트 : {"success":false,"response":null,"error":{"message":"이메일 형식으로 작성해주세요:email","status":400}}

MockHttpServletRequest:
      HTTP Method = POST
      Request URI = /check
       Parameters = {}
          Headers = [Content-Type:"application/json;charset=UTF-8", Content-Length:"27"]
             Body = {"email":"newusernate.com"}
    Session Attrs = {}

Handler:
             Type = com.example.kakao.user.UserRestController
           Method = com.example.kakao.user.UserRestController#check(EmailCheckDTO, Errors)

Async:
    Async started = false
     Async result = null

Resolved Exception:
             Type = com.example.kakao._core.errors.exception.Exception400

ModelAndView:
        View name = null
             View = null
            Model = null

FlashMap:
       Attributes = null

MockHttpServletResponse:
           Status = 400
    Error message = null
          Headers = [Content-Type:"application/json;charset=UTF-8"]
     Content type = application/json;charset=UTF-8
             Body = {"success":false,"response":null,"error":{"message":"이메일 형식으로 작성해주세요:email","status":400}}
    Forwarded URL = null
   Redirected URL = null
          Cookies = []
2023-08-02 12:44:58.734  INFO 47053 --- [    Test worker] o.s.b.t.m.w.SpringBootMockServletContext : Initializing Spring TestDispatcherServlet ''
2023-08-02 12:44:58.734  INFO 47053 --- [    Test worker] o.s.t.web.servlet.TestDispatcherServlet  : Initializing Servlet ''
2023-08-02 12:44:58.734  INFO 47053 --- [    Test worker] o.s.t.web.servlet.TestDispatcherServlet  : Completed initialization in 0 ms
요청 데이터 : {"email":"newuser@nate.com","password":"user1234","username":"newusermango"}
테스트 : {"success":false,"response":null,"error":{"message":"영문, 숫자, 특수문자가 포함되어야하고 공백이 포함될 수 없습니다.:password","status":400}}

MockHttpServletRequest:
      HTTP Method = POST
      Request URI = /join
       Parameters = {}
          Headers = [Content-Type:"application/json;charset=UTF-8", Content-Length:"76"]
             Body = {"email":"newuser@nate.com","password":"user1234","username":"newusermango"}
    Session Attrs = {}

Handler:
             Type = com.example.kakao.user.UserRestController
           Method = com.example.kakao.user.UserRestController#join(JoinDTO, Errors)

Async:
    Async started = false
     Async result = null

Resolved Exception:
             Type = com.example.kakao._core.errors.exception.Exception400

ModelAndView:
        View name = null
             View = null
            Model = null

FlashMap:
       Attributes = null

MockHttpServletResponse:
           Status = 400
    Error message = null
          Headers = [Content-Type:"application/json;charset=UTF-8"]
     Content type = application/json;charset=UTF-8
             Body = {"success":false,"response":null,"error":{"message":"영문, 숫자, 특수문자가 포함되어야하고 공백이 포함될 수 없습니다.:password","status":400}}
    Forwarded URL = null
   Redirected URL = null
          Cookies = []
2023-08-02 12:44:58.745  INFO 47053 --- [    Test worker] o.s.b.t.m.w.SpringBootMockServletContext : Initializing Spring TestDispatcherServlet ''
2023-08-02 12:44:58.745  INFO 47053 --- [    Test worker] o.s.t.web.servlet.TestDispatcherServlet  : Initializing Servlet ''
2023-08-02 12:44:58.746  INFO 47053 --- [    Test worker] o.s.t.web.servlet.TestDispatcherServlet  : Completed initialization in 1 ms
요청 데이터 : {"email":"newuser@nate.com","password":"user12!","username":"newusermango"}
테스트 : {"success":false,"response":null,"error":{"message":"8에서 20자 이내여야 합니다.:password","status":400}}

MockHttpServletRequest:
      HTTP Method = POST
      Request URI = /join
       Parameters = {}
          Headers = [Content-Type:"application/json;charset=UTF-8", Content-Length:"75"]
             Body = {"email":"newuser@nate.com","password":"user12!","username":"newusermango"}
    Session Attrs = {}

Handler:
             Type = com.example.kakao.user.UserRestController
           Method = com.example.kakao.user.UserRestController#join(JoinDTO, Errors)

Async:
    Async started = false
     Async result = null

Resolved Exception:
             Type = com.example.kakao._core.errors.exception.Exception400

ModelAndView:
        View name = null
             View = null
            Model = null

FlashMap:
       Attributes = null

MockHttpServletResponse:
           Status = 400
    Error message = null
          Headers = [Content-Type:"application/json;charset=UTF-8"]
     Content type = application/json;charset=UTF-8
             Body = {"success":false,"response":null,"error":{"message":"8에서 20자 이내여야 합니다.:password","status":400}}
    Forwarded URL = null
   Redirected URL = null
          Cookies = []
2023-08-02 12:44:58.756  INFO 47053 --- [    Test worker] o.s.b.t.m.w.SpringBootMockServletContext : Initializing Spring TestDispatcherServlet ''
2023-08-02 12:44:58.756  INFO 47053 --- [    Test worker] o.s.t.web.servlet.TestDispatcherServlet  : Initializing Servlet ''
2023-08-02 12:44:58.756  INFO 47053 --- [    Test worker] o.s.t.web.servlet.TestDispatcherServlet  : Completed initialization in 0 ms
요청 데이터 : {"email":"user1@nate.com","password":"user1234"}
테스트 : {"success":false,"response":null,"error":{"message":"영문, 숫자, 특수문자가 포함되어야하고 공백이 포함될 수 없습니다.:password","status":400}}

MockHttpServletRequest:
      HTTP Method = POST
      Request URI = /login
       Parameters = {}
          Headers = [Content-Type:"application/json;charset=UTF-8", Content-Length:"48"]
             Body = {"email":"user1@nate.com","password":"user1234"}
    Session Attrs = {}

Handler:
             Type = com.example.kakao.user.UserRestController
           Method = com.example.kakao.user.UserRestController#login(LoginDTO, Errors)

Async:
    Async started = false
     Async result = null

Resolved Exception:
             Type = com.example.kakao._core.errors.exception.Exception400

ModelAndView:
        View name = null
             View = null
            Model = null

FlashMap:
       Attributes = null

MockHttpServletResponse:
           Status = 400
    Error message = null
          Headers = [Content-Type:"application/json;charset=UTF-8"]
     Content type = application/json;charset=UTF-8
             Body = {"success":false,"response":null,"error":{"message":"영문, 숫자, 특수문자가 포함되어야하고 공백이 포함될 수 없습니다.:password","status":400}}
    Forwarded URL = null
   Redirected URL = null
          Cookies = []
2023-08-02 12:44:58.767  INFO 47053 --- [    Test worker] o.s.b.t.m.w.SpringBootMockServletContext : Initializing Spring TestDispatcherServlet ''
2023-08-02 12:44:58.767  INFO 47053 --- [    Test worker] o.s.t.web.servlet.TestDispatcherServlet  : Initializing Servlet ''
2023-08-02 12:44:58.767  INFO 47053 --- [    Test worker] o.s.t.web.servlet.TestDispatcherServlet  : Completed initialization in 0 ms
요청 데이터 : {"email":"user1@nate.com"}
Hibernate: 
    select
        user0_.id as id1_6_,
        user0_.email as email2_6_,
        user0_.password as password3_6_,
        user0_.roles as roles4_6_,
        user0_.username as username5_6_ 
    from
        user_tb user0_ 
    where
        user0_.email=?
2023-08-02 12:44:58.769 TRACE 47053 --- [    Test worker] o.h.type.descriptor.sql.BasicBinder      : binding parameter [1] as [VARCHAR] - [user1@nate.com]
2023-08-02 12:44:58.769 TRACE 47053 --- [    Test worker] o.h.type.descriptor.sql.BasicExtractor   : extracted value ([id1_6_] : [INTEGER]) - [2]
2023-08-02 12:44:58.769 TRACE 47053 --- [    Test worker] o.h.type.descriptor.sql.BasicExtractor   : extracted value ([email2_6_] : [VARCHAR]) - [user1@nate.com]
2023-08-02 12:44:58.769 TRACE 47053 --- [    Test worker] o.h.type.descriptor.sql.BasicExtractor   : extracted value ([password3_6_] : [VARCHAR]) - [{bcrypt}$2a$10$nfm1CxFC6mYT2zivOTJUNedyfMRFImsQKmqw2Tl6llK4mTAl0wq8y]
2023-08-02 12:44:58.769 TRACE 47053 --- [    Test worker] o.h.type.descriptor.sql.BasicExtractor   : extracted value ([roles4_6_] : [VARCHAR]) - [ROLE_USER]
2023-08-02 12:44:58.769 TRACE 47053 --- [    Test worker] o.h.type.descriptor.sql.BasicExtractor   : extracted value ([username5_6_] : [VARCHAR]) - [user1mango]
테스트 : {"success":false,"response":null,"error":{"message":"동일한 이메일이 존재합니다 : user1@nate.com","status":400}}

MockHttpServletRequest:
      HTTP Method = POST
      Request URI = /check
       Parameters = {}
          Headers = [Content-Type:"application/json;charset=UTF-8", Content-Length:"26"]
             Body = {"email":"user1@nate.com"}
    Session Attrs = {}

Handler:
             Type = com.example.kakao.user.UserRestController
           Method = com.example.kakao.user.UserRestController#check(EmailCheckDTO, Errors)

Async:
    Async started = false
     Async result = null

Resolved Exception:
             Type = com.example.kakao._core.errors.exception.Exception400

ModelAndView:
        View name = null
             View = null
            Model = null

FlashMap:
       Attributes = null

MockHttpServletResponse:
           Status = 400
    Error message = null
          Headers = [Content-Type:"application/json;charset=UTF-8"]
     Content type = application/json;charset=UTF-8
             Body = {"success":false,"response":null,"error":{"message":"동일한 이메일이 존재합니다 : user1@nate.com","status":400}}
    Forwarded URL = null
   Redirected URL = null
          Cookies = []
2023-08-02 12:44:58.781  INFO 47053 --- [    Test worker] o.s.b.t.m.w.SpringBootMockServletContext : Initializing Spring TestDispatcherServlet ''
2023-08-02 12:44:58.781  INFO 47053 --- [    Test worker] o.s.t.web.servlet.TestDispatcherServlet  : Initializing Servlet ''
2023-08-02 12:44:58.782  INFO 47053 --- [    Test worker] o.s.t.web.servlet.TestDispatcherServlet  : Completed initialization in 1 ms
요청 데이터 : {"email":"user1nate.com","password":"user1234!"}
테스트 : {"success":false,"response":null,"error":{"message":"이메일 형식으로 작성해주세요:email","status":400}}

MockHttpServletRequest:
      HTTP Method = POST
      Request URI = /login
       Parameters = {}
          Headers = [Content-Type:"application/json;charset=UTF-8", Content-Length:"48"]
             Body = {"email":"user1nate.com","password":"user1234!"}
    Session Attrs = {}

Handler:
             Type = com.example.kakao.user.UserRestController
           Method = com.example.kakao.user.UserRestController#login(LoginDTO, Errors)

Async:
    Async started = false
     Async result = null

Resolved Exception:
             Type = com.example.kakao._core.errors.exception.Exception400

ModelAndView:
        View name = null
             View = null
            Model = null

FlashMap:
       Attributes = null

MockHttpServletResponse:
           Status = 400
    Error message = null
          Headers = [Content-Type:"application/json;charset=UTF-8"]
     Content type = application/json;charset=UTF-8
             Body = {"success":false,"response":null,"error":{"message":"이메일 형식으로 작성해주세요:email","status":400}}
    Forwarded URL = null
   Redirected URL = null
          Cookies = []
2023-08-02 12:44:58.793  INFO 47053 --- [    Test worker] o.s.b.t.m.w.SpringBootMockServletContext : Initializing Spring TestDispatcherServlet ''
2023-08-02 12:44:58.793  INFO 47053 --- [    Test worker] o.s.t.web.servlet.TestDispatcherServlet  : Initializing Servlet ''
2023-08-02 12:44:58.793  INFO 47053 --- [    Test worker] o.s.t.web.servlet.TestDispatcherServlet  : Completed initialization in 0 ms
요청 데이터 : {"email":"user1@nate.com","password":"user1234!","username":"newusermango"}
Hibernate: 
    select
        user0_.id as id1_6_,
        user0_.email as email2_6_,
        user0_.password as password3_6_,
        user0_.roles as roles4_6_,
        user0_.username as username5_6_ 
    from
        user_tb user0_ 
    where
        user0_.email=?
2023-08-02 12:44:58.794 TRACE 47053 --- [    Test worker] o.h.type.descriptor.sql.BasicBinder      : binding parameter [1] as [VARCHAR] - [user1@nate.com]
2023-08-02 12:44:58.794 TRACE 47053 --- [    Test worker] o.h.type.descriptor.sql.BasicExtractor   : extracted value ([id1_6_] : [INTEGER]) - [2]
2023-08-02 12:44:58.795 TRACE 47053 --- [    Test worker] o.h.type.descriptor.sql.BasicExtractor   : extracted value ([email2_6_] : [VARCHAR]) - [user1@nate.com]
2023-08-02 12:44:58.795 TRACE 47053 --- [    Test worker] o.h.type.descriptor.sql.BasicExtractor   : extracted value ([password3_6_] : [VARCHAR]) - [{bcrypt}$2a$10$nfm1CxFC6mYT2zivOTJUNedyfMRFImsQKmqw2Tl6llK4mTAl0wq8y]
2023-08-02 12:44:58.795 TRACE 47053 --- [    Test worker] o.h.type.descriptor.sql.BasicExtractor   : extracted value ([roles4_6_] : [VARCHAR]) - [ROLE_USER]
2023-08-02 12:44:58.795 TRACE 47053 --- [    Test worker] o.h.type.descriptor.sql.BasicExtractor   : extracted value ([username5_6_] : [VARCHAR]) - [user1mango]
테스트 : {"success":false,"response":null,"error":{"message":"동일한 이메일이 존재합니다 : user1@nate.com","status":400}}

MockHttpServletRequest:
      HTTP Method = POST
      Request URI = /join
       Parameters = {}
          Headers = [Content-Type:"application/json;charset=UTF-8", Content-Length:"75"]
             Body = {"email":"user1@nate.com","password":"user1234!","username":"newusermango"}
    Session Attrs = {}

Handler:
             Type = com.example.kakao.user.UserRestController
           Method = com.example.kakao.user.UserRestController#join(JoinDTO, Errors)

Async:
    Async started = false
     Async result = null

Resolved Exception:
             Type = com.example.kakao._core.errors.exception.Exception400

ModelAndView:
        View name = null
             View = null
            Model = null

FlashMap:
       Attributes = null

MockHttpServletResponse:
           Status = 400
    Error message = null
          Headers = [Content-Type:"application/json;charset=UTF-8"]
     Content type = application/json;charset=UTF-8
             Body = {"success":false,"response":null,"error":{"message":"동일한 이메일이 존재합니다 : user1@nate.com","status":400}}
    Forwarded URL = null
   Redirected URL = null
          Cookies = []
]]></system-out>
  <system-err><![CDATA[]]></system-err>
</testsuite>
